#
# There is insufficient memory for the Java Runtime Environment to continue.
# Native memory allocation (malloc) failed to allocate 1350016 bytes for Chunk::new
# Possible reasons:
#   The system is out of physical RAM or swap space
#   In 32 bit mode, the process size limit was hit
# Possible solutions:
#   Reduce memory load on the system
#   Increase physical memory or swap space
#   Check if swap backing store is full
#   Use 64 bit Java on a 64 bit OS
#   Decrease Java heap size (-Xmx/-Xms)
#   Decrease number of Java threads
#   Decrease Java thread stack sizes (-Xss)
#   Set larger code cache with -XX:ReservedCodeCacheSize=
# This output file may be truncated or incomplete.
#
#  Out of Memory Error (allocation.cpp:390), pid=2552, tid=14652
#
# JRE version: Java(TM) SE Runtime Environment (8.0_60-b27) (build 1.8.0_60-b27)
# Java VM: Java HotSpot(TM) 64-Bit Server VM (25.60-b23 mixed mode windows-amd64 compressed oops)
# Failed to write core dump. Minidumps are not enabled by default on client versions of Windows
#

---------------  T H R E A D  ---------------

Current thread (0x0000000014dbc000):  JavaThread "C2 CompilerThread0" daemon [_thread_in_native, id=14652, stack(0x0000000016410000,0x0000000016510000)]

Stack: [0x0000000016410000,0x0000000016510000]
[error occurred during error reporting (printing stack bounds), id 0xc0000005]

Native frames: (J=compiled Java code, j=interpreted, Vv=VM code, C=native code)


Current CompileTask:
C2:   1789 1360   !   4       com.android.dx.cf.cst.ConstantPoolParser::parse0 (731 bytes)


---------------  P R O C E S S  ---------------

Java Threads: ( => current thread )
  0x00000000169b7000 JavaThread "pool-1-thread-4" [_thread_in_Java, id=10452, stack(0x0000000017110000,0x0000000017210000)]
  0x000000001698d800 JavaThread "pool-1-thread-3" [_thread_blocked, id=3880, stack(0x0000000017010000,0x0000000017110000)]
  0x0000000016967800 JavaThread "pool-1-thread-2" [_thread_blocked, id=10724, stack(0x0000000016f10000,0x0000000017010000)]
  0x0000000016967000 JavaThread "pool-2-thread-1" [_thread_blocked, id=6972, stack(0x0000000016e10000,0x0000000016f10000)]
  0x000000001696b000 JavaThread "pool-1-thread-1" [_thread_in_Java, id=5256, stack(0x0000000016d10000,0x0000000016e10000)]
  0x0000000016714000 JavaThread "Service Thread" daemon [_thread_blocked, id=8016, stack(0x0000000016b10000,0x0000000016c10000)]
  0x0000000014e1c000 JavaThread "C1 CompilerThread2" daemon [_thread_blocked, id=15468, stack(0x0000000016610000,0x0000000016710000)]
  0x0000000014e19000 JavaThread "C2 CompilerThread1" daemon [_thread_in_native, id=12176, stack(0x0000000016510000,0x0000000016610000)]
=>0x0000000014dbc000 JavaThread "C2 CompilerThread0" daemon [_thread_in_native, id=14652, stack(0x0000000016410000,0x0000000016510000)]
  0x0000000014dba800 JavaThread "Attach Listener" daemon [_thread_blocked, id=15456, stack(0x0000000016310000,0x0000000016410000)]
  0x0000000014db9800 JavaThread "Signal Dispatcher" daemon [_thread_blocked, id=14800, stack(0x0000000016210000,0x0000000016310000)]
  0x00000000026e6000 JavaThread "Finalizer" daemon [_thread_blocked, id=14952, stack(0x0000000016020000,0x0000000016120000)]
  0x00000000026dd000 JavaThread "Reference Handler" daemon [_thread_blocked, id=8096, stack(0x0000000015f20000,0x0000000016020000)]
  0x000000000246d800 JavaThread "main" [_thread_in_Java, id=4108, stack(0x00000000024f0000,0x00000000025f0000)]

Other Threads:
  0x0000000014d87800 VMThread [stack: 0x0000000015e20000,0x0000000015f20000] [id=13320]
  0x000000001672f800 WatcherThread [stack: 0x0000000016c10000,0x0000000016d10000] [id=4172]

VM state:not at safepoint (normal execution)

VM Mutex/Monitor currently owned by a thread: None

Heap:
 PSYoungGen      total 18944K, used 11095K [0x00000000eab00000, 0x00000000ec000000, 0x0000000100000000)
  eden space 16384K, 52% used [0x00000000eab00000,0x00000000eb358230,0x00000000ebb00000)
  from space 2560K, 99% used [0x00000000ebd80000,0x00000000ebffdc88,0x00000000ec000000)
  to   space 2560K, 0% used [0x00000000ebb00000,0x00000000ebb00000,0x00000000ebd80000)
 ParOldGen       total 44032K, used 4024K [0x00000000c0000000, 0x00000000c2b00000, 0x00000000eab00000)
  object space 44032K, 9% used [0x00000000c0000000,0x00000000c03ee260,0x00000000c2b00000)
 Metaspace       used 6087K, capacity 7088K, committed 7296K, reserved 1056768K
  class space    used 594K, capacity 616K, committed 640K, reserved 1048576K

Card table byte_map: [0x0000000011ab0000,0x0000000011cc0000] byte_map_base: 0x00000000114b0000

Marking Bits: (ParMarkBitMap*) 0x0000000070e7a5b0
 Begin Bits: [0x0000000012220000, 0x0000000013220000)
 End Bits:   [0x0000000013220000, 0x0000000014220000)

Polling page: 0x0000000002490000

CodeCache: size=245760Kb used=5654Kb max_used=5654Kb free=240106Kb
 bounds [0x00000000026f0000, 0x0000000002c80000, 0x00000000116f0000]
 total_blobs=1680 nmethods=1411 adapters=182
 compilation: enabled

Compilation events (10 events):
Event: 1.781 Thread 0x0000000014e1c000 1414       3       java.util.HashMap$EntryIterator::<init> (11 bytes)
Event: 1.781 Thread 0x0000000014e1c000 nmethod 1414 0x0000000002c79cd0 code [0x0000000002c79e40, 0x0000000002c79fe8]
Event: 1.781 Thread 0x0000000014e1c000 1415       3       java.util.Arrays$LegacyMergeSort::access$000 (4 bytes)
Event: 1.781 Thread 0x0000000014e1c000 nmethod 1415 0x0000000002c7a090 code [0x0000000002c7a1e0, 0x0000000002c7a310]
Event: 1.781 Thread 0x0000000014e1c000 1416       3       com.android.dx.rop.code.LocalVariableExtractor::extract (14 bytes)
Event: 1.781 Thread 0x0000000014e1c000 nmethod 1416 0x0000000002c7a390 code [0x0000000002c7a500, 0x0000000002c7a6f8]
Event: 1.781 Thread 0x0000000014e1c000 1417       3       com.android.dx.dex.code.RopTranslator::translateAndGetResult (48 bytes)
Event: 1.782 Thread 0x0000000014e1c000 nmethod 1417 0x0000000002c7a7d0 code [0x0000000002c7a9a0, 0x0000000002c7aed8]
Event: 1.783 Thread 0x0000000014e1c000 1418       3       java.util.ArrayList::sort (48 bytes)
Event: 1.784 Thread 0x0000000014e1c000 nmethod 1418 0x0000000002c7b190 code [0x0000000002c7b300, 0x0000000002c7b558]

GC Heap History (4 events):
Event: 1.153 GC heap before
{Heap before GC invocations=1 (full 0):
 PSYoungGen      total 18944K, used 16384K [0x00000000eab00000, 0x00000000ec000000, 0x0000000100000000)
  eden space 16384K, 100% used [0x00000000eab00000,0x00000000ebb00000,0x00000000ebb00000)
  from space 2560K, 0% used [0x00000000ebd80000,0x00000000ebd80000,0x00000000ec000000)
  to   space 2560K, 0% used [0x00000000ebb00000,0x00000000ebb00000,0x00000000ebd80000)
 ParOldGen       total 44032K, used 0K [0x00000000c0000000, 0x00000000c2b00000, 0x00000000eab00000)
  object space 44032K, 0% used [0x00000000c0000000,0x00000000c0000000,0x00000000c2b00000)
 Metaspace       used 5735K, capacity 6768K, committed 7040K, reserved 1056768K
  class space    used 592K, capacity 616K, committed 640K, reserved 1048576K
Event: 1.162 GC heap after
Heap after GC invocations=1 (full 0):
 PSYoungGen      total 18944K, used 2551K [0x00000000eab00000, 0x00000000ec000000, 0x0000000100000000)
  eden space 16384K, 0% used [0x00000000eab00000,0x00000000eab00000,0x00000000ebb00000)
  from space 2560K, 99% used [0x00000000ebb00000,0x00000000ebd7dc98,0x00000000ebd80000)
  to   space 2560K, 0% used [0x00000000ebd80000,0x00000000ebd80000,0x00000000ec000000)
 ParOldGen       total 44032K, used 1620K [0x00000000c0000000, 0x00000000c2b00000, 0x00000000eab00000)
  object space 44032K, 3% used [0x00000000c0000000,0x00000000c0195090,0x00000000c2b00000)
 Metaspace       used 5735K, capacity 6768K, committed 7040K, reserved 1056768K
  class space    used 592K, capacity 616K, committed 640K, reserved 1048576K
}
Event: 1.609 GC heap before
{Heap before GC invocations=2 (full 0):
 PSYoungGen      total 18944K, used 18935K [0x00000000eab00000, 0x00000000ec000000, 0x0000000100000000)
  eden space 16384K, 100% used [0x00000000eab00000,0x00000000ebb00000,0x00000000ebb00000)
  from space 2560K, 99% used [0x00000000ebb00000,0x00000000ebd7dc98,0x00000000ebd80000)
  to   space 2560K, 0% used [0x00000000ebd80000,0x00000000ebd80000,0x00000000ec000000)
 ParOldGen       total 44032K, used 1620K [0x00000000c0000000, 0x00000000c2b00000, 0x00000000eab00000)
  object space 44032K, 3% used [0x00000000c0000000,0x00000000c0195090,0x00000000c2b00000)
 Metaspace       used 5994K, capacity 7024K, committed 7296K, reserved 1056768K
  class space    used 594K, capacity 616K, committed 640K, reserved 1048576K
Event: 1.623 GC heap after
Heap after GC invocations=2 (full 0):
 PSYoungGen      total 18944K, used 2551K [0x00000000eab00000, 0x00000000ec000000, 0x0000000100000000)
  eden space 16384K, 0% used [0x00000000eab00000,0x00000000eab00000,0x00000000ebb00000)
  from space 2560K, 99% used [0x00000000ebd80000,0x00000000ebffdc88,0x00000000ec000000)
  to   space 2560K, 0% used [0x00000000ebb00000,0x00000000ebb00000,0x00000000ebd80000)
 ParOldGen       total 44032K, used 4024K [0x00000000c0000000, 0x00000000c2b00000, 0x00000000eab00000)
  object space 44032K, 9% used [0x00000000c0000000,0x00000000c03ee260,0x00000000c2b00000)
 Metaspace       used 5994K, capacity 7024K, committed 7296K, reserved 1056768K
  class space    used 594K, capacity 616K, committed 640K, reserved 1048576K
}

Deoptimization events (10 events):
Event: 0.926 Thread 0x0000000016967800 Uncommon trap: reason=unstable_if action=reinterpret pc=0x0000000002909cdc method=java.util.HashMap.getNode(ILjava/lang/Object;)Ljava/util/HashMap$Node; @ 129
Event: 1.055 Thread 0x000000000246d800 Uncommon trap: reason=class_check action=maybe_recompile pc=0x000000000299d770 method=com.android.dx.ssa.NormalSsaInsn.accept(Lcom/android/dx/ssa/SsaInsn$Visitor;)V @ 9
Event: 1.055 Thread 0x000000000246d800 Uncommon trap: reason=class_check action=maybe_recompile pc=0x000000000299d770 method=com.android.dx.ssa.NormalSsaInsn.accept(Lcom/android/dx/ssa/SsaInsn$Visitor;)V @ 9
Event: 1.055 Thread 0x000000000246d800 Uncommon trap: reason=class_check action=maybe_recompile pc=0x000000000299d770 method=com.android.dx.ssa.NormalSsaInsn.accept(Lcom/android/dx/ssa/SsaInsn$Visitor;)V @ 9
Event: 1.055 Thread 0x000000000246d800 Uncommon trap: reason=class_check action=maybe_recompile pc=0x000000000299d770 method=com.android.dx.ssa.NormalSsaInsn.accept(Lcom/android/dx/ssa/SsaInsn$Visitor;)V @ 9
Event: 1.055 Thread 0x000000000246d800 Uncommon trap: reason=class_check action=maybe_recompile pc=0x00000000029427b0 method=com.android.dx.ssa.NormalSsaInsn.accept(Lcom/android/dx/ssa/SsaInsn$Visitor;)V @ 9
Event: 1.143 Thread 0x000000000246d800 Uncommon trap: reason=unstable_if action=reinterpret pc=0x00000000028d401c method=java.lang.String.<init>([CII)V @ 18
Event: 1.352 Thread 0x000000001698d800 Uncommon trap: reason=unstable_if action=reinterpret pc=0x0000000002a2e1d8 method=com.android.dx.rop.code.LocalItem.hashCode()I @ 25
Event: 1.353 Thread 0x000000001698d800 Uncommon trap: reason=unstable_if action=reinterpret pc=0x00000000029f6018 method=com.android.dx.rop.code.LocalItem.hashCode()I @ 25
Event: 1.577 Thread 0x000000001698d800 Uncommon trap: reason=unstable_if action=reinterpret pc=0x0000000002a4ba84 method=com.android.dx.rop.code.RegisterSpecSet.<init>(I)V @ 2

Internal exceptions (2 events):
Event: 0.134 Thread 0x000000000246d800 Exception <a 'java/lang/NoSuchMethodError': Method sun.misc.Unsafe.defineClass(Ljava/lang/String;[BII)Ljava/lang/Class; name or signature does not match> (0x00000000eab0d448) thrown at [C:\re\workspace\8-2-build-windows-amd64-cygwin\jdk8u60\4407\hotspot\sr.ÁI∞#¡?
Event: 0.134 Thread 0x000000000246d800 Exception <a 'java/lang/NoSuchMethodError': Method sun.misc.Unsafe.prefetchRead(Ljava/lang/Object;J)V name or signature does not match> (0x00000000eab0d730) thrown at [C:\re\workspace\8-2-build-windows-amd64-cygwin\jdk8u60\4407\hotspot\src\share\vm\prims\j

Events (10 events):
Event: 1.353 Thread 0x000000001698d800 DEOPT UNPACKING pc=0x000000000273582a sp=0x000000001710e8e0 mode 2
Event: 1.574 loading class com/android/dx/cf/attrib/AttExceptions
Event: 1.574 loading class com/android/dx/cf/attrib/AttExceptions done
Event: 1.577 Thread 0x000000001698d800 Uncommon trap: trap_request=0xffffff65 fr.pc=0x0000000002a4ba84
Event: 1.577 Thread 0x000000001698d800 DEOPT PACKING pc=0x0000000002a4ba84 sp=0x000000001710eb10
Event: 1.577 Thread 0x000000001698d800 DEOPT UNPACKING pc=0x000000000273582a sp=0x000000001710ea40 mode 2
Event: 1.590 Executing VM operation: ForceSafepoint
Event: 1.592 Executing VM operation: ForceSafepoint done
Event: 1.608 Executing VM operation: ParallelGCFailedAllocation
Event: 1.623 Executing VM operation: ParallelGCFailedAllocation done


Dynamic libraries:
0x00007ff7f22e0000 - 0x00007ff7f2317000 	C:\Program Files\Java\jdk1.8.0_60\bin\java.exe
0x00007ffe033e0000 - 0x00007ffe035a1000 	C:\WINDOWS\SYSTEM32\ntdll.dll
0x00007ffe019a0000 - 0x00007ffe01a4d000 	C:\WINDOWS\system32\KERNEL32.DLL
0x00007ffdfff00000 - 0x00007ffe000dd000 	C:\WINDOWS\system32\KERNELBASE.dll
0x00007ffe01a50000 - 0x00007ffe01af6000 	C:\WINDOWS\system32\ADVAPI32.dll
0x00007ffe01880000 - 0x00007ffe0191d000 	C:\WINDOWS\system32\msvcrt.dll
0x00007ffe014a0000 - 0x00007ffe014fb000 	C:\WINDOWS\system32\sechost.dll
0x00007ffe03160000 - 0x00007ffe03286000 	C:\WINDOWS\system32\RPCRT4.dll
0x00007ffe03290000 - 0x00007ffe033de000 	C:\WINDOWS\system32\USER32.dll
0x00007ffe01310000 - 0x00007ffe01496000 	C:\WINDOWS\system32\GDI32.dll
0x00007ffdfa000000 - 0x00007ffdfa274000 	C:\WINDOWS\WinSxS\amd64_microsoft.windows.common-controls_6595b64144ccf1df_6.0.10240.16384_none_f41f7b285750ef43\COMCTL32.dll
0x00007ffe00ad0000 - 0x00007ffe00b06000 	C:\WINDOWS\system32\IMM32.DLL
0x00007ffe011b0000 - 0x00007ffe0130c000 	C:\WINDOWS\system32\MSCTF.dll
0x00000000701f0000 - 0x00000000702c2000 	C:\Program Files\Java\jdk1.8.0_60\jre\bin\msvcr100.dll
0x0000000070670000 - 0x0000000070ef9000 	C:\Program Files\Java\jdk1.8.0_60\jre\bin\server\jvm.dll
0x00007ffe016d0000 - 0x00007ffe016d8000 	C:\WINDOWS\system32\PSAPI.DLL
0x00007ffdf9b00000 - 0x00007ffdf9b09000 	C:\WINDOWS\SYSTEM32\WSOCK32.dll
0x00007ffe00c60000 - 0x00007ffe00cc9000 	C:\WINDOWS\system32\WS2_32.dll
0x00007ffe00ab0000 - 0x00007ffe00ab8000 	C:\WINDOWS\system32\NSI.dll
0x00007ffdfe0a0000 - 0x00007ffdfe0c3000 	C:\WINDOWS\SYSTEM32\WINMM.dll
0x00007ffdfce00000 - 0x00007ffdfce0a000 	C:\WINDOWS\SYSTEM32\VERSION.dll
0x00007ffdfbbe0000 - 0x00007ffdfbc0c000 	C:\WINDOWS\SYSTEM32\WINMMBASE.dll
0x00007ffdffeb0000 - 0x00007ffdffef4000 	C:\WINDOWS\system32\cfgmgr32.dll
0x00007ffdfe780000 - 0x00007ffdfe7a7000 	C:\WINDOWS\SYSTEM32\DEVOBJ.dll
0x0000000070660000 - 0x000000007066f000 	C:\Program Files\Java\jdk1.8.0_60\jre\bin\verify.dll
0x0000000070630000 - 0x0000000070659000 	C:\Program Files\Java\jdk1.8.0_60\jre\bin\java.dll
0x0000000070610000 - 0x0000000070626000 	C:\Program Files\Java\jdk1.8.0_60\jre\bin\zip.dll
0x00007ffe01b70000 - 0x00007ffe03092000 	C:\WINDOWS\system32\SHELL32.dll
0x00007ffe000e0000 - 0x00007ffe00708000 	C:\WINDOWS\system32\windows.storage.dll
0x00007ffe00e80000 - 0x00007ffe010fc000 	C:\WINDOWS\system32\combase.dll
0x00007ffe016e0000 - 0x00007ffe01731000 	C:\WINDOWS\system32\shlwapi.dll
0x00007ffdffe10000 - 0x00007ffdffe1f000 	C:\WINDOWS\system32\kernel.appcore.dll
0x00007ffe009f0000 - 0x00007ffe00aa3000 	C:\WINDOWS\system32\shcore.dll
0x00007ffdffe60000 - 0x00007ffdffeaa000 	C:\WINDOWS\system32\powrprof.dll
0x00007ffdffe20000 - 0x00007ffdffe33000 	C:\WINDOWS\system32\profapi.dll

VM Arguments:
jvm_args: -Djava.awt.headless=true -Xmx1024M -Dfile.encoding=windows-1252 -Duser.country=US -Duser.language=en -Duser.variant 
java_command: com.android.dx.command.Main --dex --num-threads=4 --output C:\Users\Murlli Maraati\Desktop\FMR\steller16-12-2015-6pm\StellarFMR\app\build\intermediates\pre-dexed\debug\internal_impl-23.1.1_a37e78232af9067cf20cd7396ccc95846fbd716d.jar C:\Users\Murlli Maraati\Desktop\FMR\steller16-12-2015-6pm\StellarFMR\app\build\intermediates\exploded-aar\com.android.support\support-v4\23.1.1\jars\libs\internal_impl-23.1.1.jar
java_class_path (initial): D:\Azahar\sdk\build-tools\23.0.1\lib\dx.jar
Launcher Type: SUN_STANDARD

Environment Variables:
PATH=C:\ProgramData\Oracle\Java\javapath;C:\WINDOWS\system32;C:\WINDOWS;C:\WINDOWS\System32\Wbem;C:\WINDOWS\System32\WindowsPowerShell\v1.0\;C:\Program Files (x86)\Skype\Phone\;C:\Program Files (x86)\Windows Kits\8.1\Windows Performance Toolkit\;C:\Program Files (x86)\Microsoft SDKs\TypeScript\1.0\;C:\Program Files\Microsoft SQL Server\110\Tools\Binn\
USERNAME=Murlli Maraati
OS=Windows_NT
PROCESSOR_IDENTIFIER=Intel64 Family 6 Model 42 Stepping 7, GenuineIntel



---------------  S Y S T E M  ---------------

OS: Windows 10.0 , 64 bit Build 10240 (10.0.10240.16384)

CPU:total 4 (2 cores per cpu, 2 threads per core) family 6 model 42 stepping 7, cmov, cx8, fxsr, mmx, sse, sse2, sse3, ssse3, sse4.1, sse4.2, popcnt, avx, aes, clmul, ht, tsc, tscinvbit

Memory: 4k page, physical 4175724k(286428k free), swap 16758636k(5864k free)

vm_info: Java HotSpot(TM) 64-Bit Server VM (25.60-b23) for windows-amd64 JRE (1.8.0_60-b27), built on Aug  4 2015 11:06:27 by "java_re" with MS VC++ 10.0 (VS2010)

time: Tue Jan 05 19:19:46 2016
elapsed time: 1 seconds (0d 0h 0m 1s)

