#
# There is insufficient memory for the Java Runtime Environment to continue.
# Native memory allocation (malloc) failed to allocate 87536 bytes for Chunk::new
# Possible reasons:
#   The system is out of physical RAM or swap space
#   In 32 bit mode, the process size limit was hit
# Possible solutions:
#   Reduce memory load on the system
#   Increase physical memory or swap space
#   Check if swap backing store is full
#   Use 64 bit Java on a 64 bit OS
#   Decrease Java heap size (-Xmx/-Xms)
#   Decrease number of Java threads
#   Decrease Java thread stack sizes (-Xss)
#   Set larger code cache with -XX:ReservedCodeCacheSize=
# This output file may be truncated or incomplete.
#
#  Out of Memory Error (allocation.cpp:390), pid=3356, tid=14932
#
# JRE version: Java(TM) SE Runtime Environment (8.0_60-b27) (build 1.8.0_60-b27)
# Java VM: Java HotSpot(TM) 64-Bit Server VM (25.60-b23 mixed mode windows-amd64 compressed oops)
# Failed to write core dump. Minidumps are not enabled by default on client versions of Windows
#

---------------  T H R E A D  ---------------

Current thread (0x000000001521f800):  JavaThread "C2 CompilerThread1" daemon [_thread_in_native, id=14932, stack(0x0000000016960000,0x0000000016a60000)]

Stack: [0x0000000016960000,0x0000000016a60000]
[error occurred during error reporting (printing stack bounds), id 0xc0000005]

Native frames: (J=compiled Java code, j=interpreted, Vv=VM code, C=native code)


Current CompileTask:
C2:  11891 1472       4       com.android.dx.ssa.SsaMethod::forEachInsn (36 bytes)


---------------  P R O C E S S  ---------------

Java Threads: ( => current thread )
  0x0000000016d5a000 JavaThread "pool-1-thread-4" [_thread_blocked, id=7736, stack(0x0000000017560000,0x0000000017660000)]
  0x0000000016d3f800 JavaThread "pool-1-thread-3" [_thread_blocked, id=15008, stack(0x0000000017460000,0x0000000017560000)]
  0x0000000016cc5000 JavaThread "pool-1-thread-2" [_thread_in_vm, id=8032, stack(0x0000000017360000,0x0000000017460000)]
  0x0000000016c9b000 JavaThread "pool-2-thread-1" [_thread_blocked, id=14780, stack(0x0000000017260000,0x0000000017360000)]
  0x0000000016c98800 JavaThread "pool-1-thread-1" [_thread_blocked, id=10088, stack(0x0000000017160000,0x0000000017260000)]
  0x0000000016b64000 JavaThread "Service Thread" daemon [_thread_blocked, id=12308, stack(0x0000000016f60000,0x0000000017060000)]
  0x0000000015270800 JavaThread "C1 CompilerThread2" daemon [_thread_in_vm, id=1916, stack(0x0000000016a60000,0x0000000016b60000)]
=>0x000000001521f800 JavaThread "C2 CompilerThread1" daemon [_thread_in_native, id=14932, stack(0x0000000016960000,0x0000000016a60000)]
  0x000000001521c000 JavaThread "C2 CompilerThread0" daemon [_thread_in_native, id=4816, stack(0x0000000016860000,0x0000000016960000)]
  0x000000001521a800 JavaThread "Attach Listener" daemon [_thread_blocked, id=4412, stack(0x0000000016760000,0x0000000016860000)]
  0x0000000015219000 JavaThread "Signal Dispatcher" daemon [_thread_blocked, id=5612, stack(0x0000000016660000,0x0000000016760000)]
  0x0000000002b41000 JavaThread "Finalizer" daemon [_thread_blocked, id=10748, stack(0x0000000016480000,0x0000000016580000)]
  0x00000000151e8800 JavaThread "Reference Handler" daemon [_thread_blocked, id=14876, stack(0x0000000016380000,0x0000000016480000)]
  0x000000000288d800 JavaThread "main" [_thread_in_Java, id=2392, stack(0x0000000002950000,0x0000000002a50000)]

Other Threads:
  0x00000000151e6800 VMThread [stack: 0x0000000016280000,0x0000000016380000] [id=10220]
  0x0000000016b77800 WatcherThread [stack: 0x0000000017060000,0x0000000017160000] [id=4744]

VM state:not at safepoint (normal execution)

VM Mutex/Monitor currently owned by a thread:  ([mutex/lock_event])
[0x0000000002a508d0] CompiledIC_lock - owner thread: 0x0000000000000000

Heap:
 PSYoungGen      total 18944K, used 3151K [0x00000000eab00000, 0x00000000ec000000, 0x0000000100000000)
  eden space 16384K, 3% used [0x00000000eab00000,0x00000000eab9af08,0x00000000ebb00000)
  from space 2560K, 98% used [0x00000000ebd80000,0x00000000ebff8e78,0x00000000ec000000)
  to   space 2560K, 0% used [0x00000000ebb00000,0x00000000ebb00000,0x00000000ebd80000)
 ParOldGen       total 44032K, used 6084K [0x00000000c0000000, 0x00000000c2b00000, 0x00000000eab00000)
  object space 44032K, 13% used [0x00000000c0000000,0x00000000c05f1170,0x00000000c2b00000)
 Metaspace       used 5861K, capacity 7024K, committed 7296K, reserved 1056768K
  class space    used 575K, capacity 616K, committed 640K, reserved 1048576K

Card table byte_map: [0x0000000011f10000,0x0000000012120000] byte_map_base: 0x0000000011910000

Marking Bits: (ParMarkBitMap*) 0x0000000070e7a5b0
 Begin Bits: [0x0000000012680000, 0x0000000013680000)
 End Bits:   [0x0000000013680000, 0x0000000014680000)

Polling page: 0x0000000002860000

CodeCache: size=245760Kb used=6092Kb max_used=6104Kb free=239667Kb
 bounds [0x0000000002b50000, 0x0000000003150000, 0x0000000011b50000]
 total_blobs=1734 nmethods=1470 adapters=175
 compilation: disabled (not enough contiguous free space left)

Compilation events (10 events):
Event: 11.813 Thread 0x000000001521f800 1468       4       com.android.dx.rop.code.RopMethod::labelToPredecessors (54 bytes)
Event: 11.856 Thread 0x000000001521f800 nmethod 1468 0x00000000031488d0 code [0x0000000003148ac0, 0x0000000003149fb8]
Event: 11.857 Thread 0x0000000015270800 1469       3       java.util.ArrayList::rangeCheckForAdd (26 bytes)
Event: 11.857 Thread 0x0000000015270800 nmethod 1469 0x0000000003143e90 code [0x00000000031440a0, 0x0000000003144bd8]
Event: 11.858 Thread 0x000000001521f800 1470       4       com.android.dx.ssa.SsaRenamer$BlockRenamer::addMapping (143 bytes)
Event: 11.869 Thread 0x000000001521f800 nmethod 1470 0x0000000003142fd0 code [0x0000000003143140, 0x00000000031437b8]
Event: 11.884 Thread 0x0000000015270800 1471       1       com.android.dx.ssa.SsaInsn::isNormalMoveInsn (2 bytes)
Event: 11.884 Thread 0x0000000015270800 nmethod 1471 0x00000000030dbfd0 code [0x00000000030dc120, 0x00000000030dc230]
Event: 11.884 Thread 0x000000001521f800 1472       4       com.android.dx.ssa.SsaMethod::forEachInsn (36 bytes)
Event: 11.884 Thread 0x0000000015270800 1473       3       com.android.dx.cf.direct.StdAttributeFactory::parse0 (532 bytes)

GC Heap History (4 events):
Event: 1.622 GC heap before
{Heap before GC invocations=1 (full 0):
 PSYoungGen      total 18944K, used 16384K [0x00000000eab00000, 0x00000000ec000000, 0x0000000100000000)
  eden space 16384K, 100% used [0x00000000eab00000,0x00000000ebb00000,0x00000000ebb00000)
  from space 2560K, 0% used [0x00000000ebd80000,0x00000000ebd80000,0x00000000ec000000)
  to   space 2560K, 0% used [0x00000000ebb00000,0x00000000ebb00000,0x00000000ebd80000)
 ParOldGen       total 44032K, used 0K [0x00000000c0000000, 0x00000000c2b00000, 0x00000000eab00000)
  object space 44032K, 0% used [0x00000000c0000000,0x00000000c0000000,0x00000000c2b00000)
 Metaspace       used 5497K, capacity 6768K, committed 7040K, reserved 1056768K
  class space    used 565K, capacity 616K, committed 640K, reserved 1048576K
Event: 1.630 GC heap after
Heap after GC invocations=1 (full 0):
 PSYoungGen      total 18944K, used 2533K [0x00000000eab00000, 0x00000000ec000000, 0x0000000100000000)
  eden space 16384K, 0% used [0x00000000eab00000,0x00000000eab00000,0x00000000ebb00000)
  from space 2560K, 98% used [0x00000000ebb00000,0x00000000ebd79538,0x00000000ebd80000)
  to   space 2560K, 0% used [0x00000000ebd80000,0x00000000ebd80000,0x00000000ec000000)
 ParOldGen       total 44032K, used 2307K [0x00000000c0000000, 0x00000000c2b00000, 0x00000000eab00000)
  object space 44032K, 5% used [0x00000000c0000000,0x00000000c0240ce8,0x00000000c2b00000)
 Metaspace       used 5497K, capacity 6768K, committed 7040K, reserved 1056768K
  class space    used 565K, capacity 616K, committed 640K, reserved 1048576K
}
Event: 11.715 GC heap before
{Heap before GC invocations=2 (full 0):
 PSYoungGen      total 18944K, used 18917K [0x00000000eab00000, 0x00000000ec000000, 0x0000000100000000)
  eden space 16384K, 100% used [0x00000000eab00000,0x00000000ebb00000,0x00000000ebb00000)
  from space 2560K, 98% used [0x00000000ebb00000,0x00000000ebd79538,0x00000000ebd80000)
  to   space 2560K, 0% used [0x00000000ebd80000,0x00000000ebd80000,0x00000000ec000000)
 ParOldGen       total 44032K, used 2307K [0x00000000c0000000, 0x00000000c2b00000, 0x00000000eab00000)
  object space 44032K, 5% used [0x00000000c0000000,0x00000000c0240ce8,0x00000000c2b00000)
 Metaspace       used 5841K, capacity 7024K, committed 7296K, reserved 1056768K
  class space    used 574K, capacity 616K, committed 640K, reserved 1048576K
Event: 11.792 GC heap after
Heap after GC invocations=2 (full 0):
 PSYoungGen      total 18944K, used 2531K [0x00000000eab00000, 0x00000000ec000000, 0x0000000100000000)
  eden space 16384K, 0% used [0x00000000eab00000,0x00000000eab00000,0x00000000ebb00000)
  from space 2560K, 98% used [0x00000000ebd80000,0x00000000ebff8e78,0x00000000ec000000)
  to   space 2560K, 0% used [0x00000000ebb00000,0x00000000ebb00000,0x00000000ebd80000)
 ParOldGen       total 44032K, used 6084K [0x00000000c0000000, 0x00000000c2b00000, 0x00000000eab00000)
  object space 44032K, 13% used [0x00000000c0000000,0x00000000c05f1170,0x00000000c2b00000)
 Metaspace       used 5841K, capacity 7024K, committed 7296K, reserved 1056768K
  class space    used 574K, capacity 616K, committed 640K, reserved 1048576K
}

Deoptimization events (10 events):
Event: 11.490 Thread 0x0000000016cc5000 Uncommon trap: reason=class_check action=maybe_recompile pc=0x000000000309bcb0 method=com.android.dx.ssa.SsaBasicBlock.getCountPhiInsns()I @ 23
Event: 11.623 Thread 0x0000000016cc5000 Uncommon trap: reason=unstable_if action=reinterpret pc=0x00000000030d2d98 method=com.android.dx.rop.code.LocalItem.hashCode()I @ 25
Event: 11.626 Thread 0x0000000016cc5000 Uncommon trap: reason=unstable_if action=reinterpret pc=0x00000000030e7d4c method=com.android.dx.rop.code.RegisterSpecSet.put(Lcom/android/dx/rop/code/RegisterSpec;)V @ 77
Event: 11.626 Thread 0x0000000016cc5000 Uncommon trap: reason=unstable_if action=reinterpret pc=0x0000000003108a0c method=com.android.dx.rop.code.RegisterSpecSet.put(Lcom/android/dx/rop/code/RegisterSpec;)V @ 77
Event: 11.629 Thread 0x0000000016cc5000 Uncommon trap: reason=class_check action=maybe_recompile pc=0x00000000030e6c30 method=com.android.dx.ssa.NormalSsaInsn.accept(Lcom/android/dx/ssa/SsaInsn$Visitor;)V @ 9
Event: 11.792 Thread 0x0000000016cc5000 Uncommon trap: reason=class_check action=maybe_recompile pc=0x00000000030d9798 method=com.android.dx.ssa.NormalSsaInsn.accept(Lcom/android/dx/ssa/SsaInsn$Visitor;)V @ 9
Event: 11.792 Thread 0x0000000016cc5000 Uncommon trap: reason=class_check action=maybe_recompile pc=0x00000000030d9798 method=com.android.dx.ssa.NormalSsaInsn.accept(Lcom/android/dx/ssa/SsaInsn$Visitor;)V @ 9
Event: 11.793 Thread 0x0000000016cc5000 Uncommon trap: reason=class_check action=maybe_recompile pc=0x00000000030e6c30 method=com.android.dx.ssa.NormalSsaInsn.accept(Lcom/android/dx/ssa/SsaInsn$Visitor;)V @ 9
Event: 11.793 Thread 0x0000000016cc5000 Uncommon trap: reason=class_check action=maybe_recompile pc=0x00000000030d9798 method=com.android.dx.ssa.NormalSsaInsn.accept(Lcom/android/dx/ssa/SsaInsn$Visitor;)V @ 9
Event: 11.793 Thread 0x0000000016cc5000 Uncommon trap: reason=class_check action=maybe_recompile pc=0x0000000002dd8cb0 method=com.android.dx.ssa.NormalSsaInsn.accept(Lcom/android/dx/ssa/SsaInsn$Visitor;)V @ 9

Internal exceptions (3 events):
Event: 0.135 Thread 0x000000000288d800 Exception <a 'java/lang/NoSuchMethodError': Method sun.misc.Unsafe.defineClass(Ljava/lang/String;[BII)Ljava/lang/Class; name or signature does not match> (0x00000000eab0d3a0) thrown at [C:\re\workspace\8-2-build-windows-amd64-cygwin\jdk8u60\4407\hotspot\srÀ)Å-=¡?
Event: 0.135 Thread 0x000000000288d800 Exception <a 'java/lang/NoSuchMethodError': Method sun.misc.Unsafe.prefetchRead(Ljava/lang/Object;J)V name or signature does not match> (0x00000000eab0d688) thrown at [C:\re\workspace\8-2-build-windows-amd64-cygwin\jdk8u60\4407\hotspot\src\share\vm\prims\jcÆ±¿˝™&@
Event: 11.334 Thread 0x0000000016c98800 Implicit null exception at 0x0000000002f19822 to 0x0000000002f19921

Events (10 events):
Event: 11.793 Thread 0x0000000016cc5000 DEOPT PACKING pc=0x00000000030e6c30 sp=0x000000001745e2d0
Event: 11.793 Thread 0x0000000016cc5000 DEOPT UNPACKING pc=0x0000000002b9582a sp=0x000000001745e1c0 mode 2
Event: 11.793 Thread 0x0000000016cc5000 Uncommon trap: trap_request=0xffffffde fr.pc=0x00000000030d9798
Event: 11.793 Thread 0x0000000016cc5000 DEOPT PACKING pc=0x00000000030d9798 sp=0x000000001745e260
Event: 11.793 Thread 0x0000000016cc5000 DEOPT UNPACKING pc=0x0000000002b9582a sp=0x000000001745e1b0 mode 2
Event: 11.793 Thread 0x0000000016cc5000 Uncommon trap: trap_request=0xffffffde fr.pc=0x0000000002dd8cb0
Event: 11.793 Thread 0x0000000016cc5000 DEOPT PACKING pc=0x0000000002dd8cb0 sp=0x000000001745e210
Event: 11.793 Thread 0x0000000016cc5000 DEOPT UNPACKING pc=0x0000000002b9582a sp=0x000000001745e1b0 mode 2
Event: 11.812 loading class java/util/DualPivotQuicksort
Event: 11.813 loading class java/util/DualPivotQuicksort done


Dynamic libraries:
0x00007ff7f22e0000 - 0x00007ff7f2317000 	C:\Program Files\Java\jdk1.8.0_60\bin\java.exe
0x00007ffe033e0000 - 0x00007ffe035a1000 	C:\WINDOWS\SYSTEM32\ntdll.dll
0x00007ffe019a0000 - 0x00007ffe01a4d000 	C:\WINDOWS\system32\KERNEL32.DLL
0x00007ffdfff00000 - 0x00007ffe000dd000 	C:\WINDOWS\system32\KERNELBASE.dll
0x00007ffe01a50000 - 0x00007ffe01af6000 	C:\WINDOWS\system32\ADVAPI32.dll
0x00007ffe01880000 - 0x00007ffe0191d000 	C:\WINDOWS\system32\msvcrt.dll
0x00007ffe014a0000 - 0x00007ffe014fb000 	C:\WINDOWS\system32\sechost.dll
0x00007ffe03160000 - 0x00007ffe03286000 	C:\WINDOWS\system32\RPCRT4.dll
0x00007ffe03290000 - 0x00007ffe033de000 	C:\WINDOWS\system32\USER32.dll
0x00007ffe01310000 - 0x00007ffe01496000 	C:\WINDOWS\system32\GDI32.dll
0x00007ffdfa000000 - 0x00007ffdfa274000 	C:\WINDOWS\WinSxS\amd64_microsoft.windows.common-controls_6595b64144ccf1df_6.0.10240.16384_none_f41f7b285750ef43\COMCTL32.dll
0x00007ffe00ad0000 - 0x00007ffe00b06000 	C:\WINDOWS\system32\IMM32.DLL
0x00007ffe011b0000 - 0x00007ffe0130c000 	C:\WINDOWS\system32\MSCTF.dll
0x00000000701f0000 - 0x00000000702c2000 	C:\Program Files\Java\jdk1.8.0_60\jre\bin\msvcr100.dll
0x0000000070670000 - 0x0000000070ef9000 	C:\Program Files\Java\jdk1.8.0_60\jre\bin\server\jvm.dll
0x00007ffe016d0000 - 0x00007ffe016d8000 	C:\WINDOWS\system32\PSAPI.DLL
0x00007ffdf9b00000 - 0x00007ffdf9b09000 	C:\WINDOWS\SYSTEM32\WSOCK32.dll
0x00007ffe00c60000 - 0x00007ffe00cc9000 	C:\WINDOWS\system32\WS2_32.dll
0x00007ffe00ab0000 - 0x00007ffe00ab8000 	C:\WINDOWS\system32\NSI.dll
0x00007ffdfe0a0000 - 0x00007ffdfe0c3000 	C:\WINDOWS\SYSTEM32\WINMM.dll
0x00007ffdfce00000 - 0x00007ffdfce0a000 	C:\WINDOWS\SYSTEM32\VERSION.dll
0x00007ffdfbbe0000 - 0x00007ffdfbc0c000 	C:\WINDOWS\SYSTEM32\WINMMBASE.dll
0x00007ffdffeb0000 - 0x00007ffdffef4000 	C:\WINDOWS\system32\cfgmgr32.dll
0x00007ffdfe780000 - 0x00007ffdfe7a7000 	C:\WINDOWS\SYSTEM32\DEVOBJ.dll
0x0000000070660000 - 0x000000007066f000 	C:\Program Files\Java\jdk1.8.0_60\jre\bin\verify.dll
0x0000000070630000 - 0x0000000070659000 	C:\Program Files\Java\jdk1.8.0_60\jre\bin\java.dll
0x0000000070610000 - 0x0000000070626000 	C:\Program Files\Java\jdk1.8.0_60\jre\bin\zip.dll
0x00007ffe01b70000 - 0x00007ffe03092000 	C:\WINDOWS\system32\SHELL32.dll
0x00007ffe000e0000 - 0x00007ffe00708000 	C:\WINDOWS\system32\windows.storage.dll
0x00007ffe00e80000 - 0x00007ffe010fc000 	C:\WINDOWS\system32\combase.dll
0x00007ffe016e0000 - 0x00007ffe01731000 	C:\WINDOWS\system32\shlwapi.dll
0x00007ffdffe10000 - 0x00007ffdffe1f000 	C:\WINDOWS\system32\kernel.appcore.dll
0x00007ffe009f0000 - 0x00007ffe00aa3000 	C:\WINDOWS\system32\shcore.dll
0x00007ffdffe60000 - 0x00007ffdffeaa000 	C:\WINDOWS\system32\powrprof.dll
0x00007ffdffe20000 - 0x00007ffdffe33000 	C:\WINDOWS\system32\profapi.dll

VM Arguments:
jvm_args: -Djava.awt.headless=true -Xmx1024M -Dfile.encoding=windows-1252 -Duser.country=US -Duser.language=en -Duser.variant 
java_command: com.android.dx.command.Main --dex --num-threads=4 --output C:\Users\Murlli Maraati\Desktop\FMR\steller16-12-2015-6pm\StellarFMR\app\build\intermediates\pre-dexed\debug\debug_9956397adaddd5e4e68ba89fe0cb1e4ed7293a87.jar C:\Users\Murlli Maraati\Desktop\FMR\steller16-12-2015-6pm\StellarFMR\app\build\intermediates\classes\debug
java_class_path (initial): D:\Azahar\sdk\build-tools\23.0.1\lib\dx.jar
Launcher Type: SUN_STANDARD

Environment Variables:
PATH=C:\ProgramData\Oracle\Java\javapath;C:\WINDOWS\system32;C:\WINDOWS;C:\WINDOWS\System32\Wbem;C:\WINDOWS\System32\WindowsPowerShell\v1.0\;C:\Program Files (x86)\Skype\Phone\;C:\Program Files (x86)\Windows Kits\8.1\Windows Performance Toolkit\;C:\Program Files (x86)\Microsoft SDKs\TypeScript\1.0\;C:\Program Files\Microsoft SQL Server\110\Tools\Binn\
USERNAME=Murlli Maraati
OS=Windows_NT
PROCESSOR_IDENTIFIER=Intel64 Family 6 Model 42 Stepping 7, GenuineIntel



---------------  S Y S T E M  ---------------

OS: Windows 10.0 , 64 bit Build 10240 (10.0.10240.16384)

CPU:total 4 (2 cores per cpu, 2 threads per core) family 6 model 42 stepping 7, cmov, cx8, fxsr, mmx, sse, sse2, sse3, ssse3, sse4.1, sse4.2, popcnt, avx, aes, clmul, ht, tsc, tscinvbit

Memory: 4k page, physical 4175724k(349400k free), swap 16758636k(3296k free)

vm_info: Java HotSpot(TM) 64-Bit Server VM (25.60-b23) for windows-amd64 JRE (1.8.0_60-b27), built on Aug  4 2015 11:06:27 by "java_re" with MS VC++ 10.0 (VS2010)

time: Tue Jan 05 19:07:23 2016
elapsed time: 11 seconds (0d 0h 0m 11s)

