#
# There is insufficient memory for the Java Runtime Environment to continue.
# Native memory allocation (malloc) failed to allocate 78416 bytes for Chunk::new
# Possible reasons:
#   The system is out of physical RAM or swap space
#   In 32 bit mode, the process size limit was hit
# Possible solutions:
#   Reduce memory load on the system
#   Increase physical memory or swap space
#   Check if swap backing store is full
#   Use 64 bit Java on a 64 bit OS
#   Decrease Java heap size (-Xmx/-Xms)
#   Decrease number of Java threads
#   Decrease Java thread stack sizes (-Xss)
#   Set larger code cache with -XX:ReservedCodeCacheSize=
# This output file may be truncated or incomplete.
#
#  Out of Memory Error (allocation.cpp:390), pid=16012, tid=13968
#
# JRE version: Java(TM) SE Runtime Environment (8.0_60-b27) (build 1.8.0_60-b27)
# Java VM: Java HotSpot(TM) 64-Bit Server VM (25.60-b23 mixed mode windows-amd64 compressed oops)
# Failed to write core dump. Minidumps are not enabled by default on client versions of Windows
#

---------------  T H R E A D  ---------------

Current thread (0x000000001477b800):  JavaThread "C2 CompilerThread1" daemon [_thread_in_native, id=13968, stack(0x0000000015ee0000,0x0000000015fe0000)]

Stack: [0x0000000015ee0000,0x0000000015fe0000]
[error occurred during error reporting (printing stack bounds), id 0xc0000005]

Native frames: (J=compiled Java code, j=interpreted, Vv=VM code, C=native code)


Current CompileTask:
C2:   2093 1117   !   4       com.android.dx.rop.code.BasicBlock::<init> (273 bytes)


---------------  P R O C E S S  ---------------

Java Threads: ( => current thread )
  0x0000000016345800 JavaThread "pool-1-thread-4" [_thread_in_Java, id=492, stack(0x0000000016ae0000,0x0000000016be0000)]
  0x0000000016341800 JavaThread "pool-1-thread-3" [_thread_in_Java, id=11880, stack(0x00000000169e0000,0x0000000016ae0000)]
  0x0000000016341000 JavaThread "pool-1-thread-2" [_thread_in_Java, id=5632, stack(0x00000000168e0000,0x00000000169e0000)]
  0x000000001633a000 JavaThread "pool-2-thread-1" [_thread_blocked, id=15920, stack(0x00000000167e0000,0x00000000168e0000)]
  0x0000000016339000 JavaThread "pool-1-thread-1" [_thread_in_vm, id=6608, stack(0x00000000166e0000,0x00000000167e0000)]
  0x00000000160f4800 JavaThread "Service Thread" daemon [_thread_blocked, id=4372, stack(0x00000000164e0000,0x00000000165e0000)]
  0x00000000147d1000 JavaThread "C1 CompilerThread2" daemon [_thread_in_native, id=14964, stack(0x0000000015fe0000,0x00000000160e0000)]
=>0x000000001477b800 JavaThread "C2 CompilerThread1" daemon [_thread_in_native, id=13968, stack(0x0000000015ee0000,0x0000000015fe0000)]
  0x0000000014788000 JavaThread "C2 CompilerThread0" daemon [_thread_in_native, id=11656, stack(0x0000000015de0000,0x0000000015ee0000)]
  0x0000000014786800 JavaThread "Attach Listener" daemon [_thread_blocked, id=4892, stack(0x0000000015ce0000,0x0000000015de0000)]
  0x0000000014785000 JavaThread "Signal Dispatcher" daemon [_thread_blocked, id=12388, stack(0x0000000015be0000,0x0000000015ce0000)]
  0x0000000002070800 JavaThread "Finalizer" daemon [_thread_blocked, id=12396, stack(0x00000000159f0000,0x0000000015af0000)]
  0x000000000206d000 JavaThread "Reference Handler" daemon [_thread_blocked, id=12612, stack(0x00000000158f0000,0x00000000159f0000)]
  0x0000000001d7d800 JavaThread "main" [_thread_in_vm, id=8136, stack(0x0000000001e80000,0x0000000001f80000)]

Other Threads:
  0x0000000014747800 VMThread [stack: 0x00000000157f0000,0x00000000158f0000] [id=6656]
  0x0000000016100000 WatcherThread [stack: 0x00000000165e0000,0x00000000166e0000] [id=16048]

VM state:not at safepoint (normal execution)

VM Mutex/Monitor currently owned by a thread:  ([mutex/lock_event])
[0x0000000001d7c100] CodeCache_lock - owner thread: 0x00000000147d1000
[0x0000000001f80350] Compile_lock - owner thread: 0x00000000147d1000
[0x0000000001f81850] MethodCompileQueue_lock - owner thread: 0x00000000147d1000

Heap:
 PSYoungGen      total 18944K, used 11929K [0x00000000eab00000, 0x00000000ed000000, 0x0000000100000000)
  eden space 16384K, 57% used [0x00000000eab00000,0x00000000eb427b60,0x00000000ebb00000)
  from space 2560K, 99% used [0x00000000ebb00000,0x00000000ebd7eab8,0x00000000ebd80000)
  to   space 2560K, 0% used [0x00000000ecd80000,0x00000000ecd80000,0x00000000ed000000)
 ParOldGen       total 44032K, used 1903K [0x00000000c0000000, 0x00000000c2b00000, 0x00000000eab00000)
  object space 44032K, 4% used [0x00000000c0000000,0x00000000c01dbf08,0x00000000c2b00000)
 Metaspace       used 5828K, capacity 6896K, committed 7040K, reserved 1056768K
  class space    used 593K, capacity 616K, committed 640K, reserved 1048576K

Card table byte_map: [0x0000000011450000,0x0000000011660000] byte_map_base: 0x0000000010e50000

Marking Bits: (ParMarkBitMap*) 0x0000000070e7a5b0
 Begin Bits: [0x0000000011bc0000, 0x0000000012bc0000)
 End Bits:   [0x0000000012bc0000, 0x0000000013bc0000)

Polling page: 0x0000000001d50000

CodeCache: size=245760Kb used=4433Kb max_used=4433Kb free=241326Kb
 bounds [0x0000000002090000, 0x00000000024f0000, 0x0000000011090000]
 total_blobs=1375 nmethods=1104 adapters=182
 compilation: enabled

Compilation events (10 events):
Event: 2.089 Thread 0x00000000147d1000 nmethod 1112 0x00000000024da9d0 code [0x00000000024daf80, 0x00000000024de5c8]
Event: 2.089 Thread 0x00000000147d1000 1110       3       com.android.dx.ssa.DomFront::calcDomFronts (154 bytes)
Event: 2.089 Thread 0x000000001477b800 nmethod 1114 0x00000000024d46d0 code [0x00000000024d4820, 0x00000000024d4ab8]
Event: 2.089 Thread 0x000000001477b800 1117   !   4       com.android.dx.rop.code.BasicBlock::<init> (273 bytes)
Event: 2.090 Thread 0x00000000147d1000 nmethod 1110 0x00000000024e1d90 code [0x00000000024e2020, 0x00000000024e2fc8]
Event: 2.090 Thread 0x00000000147d1000 1121       3       com.android.dx.cf.code.ConcreteMethod::getEffectiveDescriptor (10 bytes)
Event: 2.091 Thread 0x00000000147d1000 nmethod 1121 0x00000000024ccd50 code [0x00000000024ccec0, 0x00000000024cd0e8]
Event: 2.091 Thread 0x00000000147d1000 1107       3       java.util.TreeMap$PrivateEntryIterator::<init> (28 bytes)
Event: 2.091 Thread 0x00000000147d1000 nmethod 1107 0x00000000024d4250 code [0x00000000024d43c0, 0x00000000024d45d0]
Event: 2.091 Thread 0x00000000147d1000 1122       3       com.android.dx.ssa.SsaBasicBlock::replaceSuccessor (125 bytes)

GC Heap History (2 events):
Event: 1.471 GC heap before
{Heap before GC invocations=1 (full 0):
 PSYoungGen      total 18944K, used 16384K [0x00000000eab00000, 0x00000000ec000000, 0x0000000100000000)
  eden space 16384K, 100% used [0x00000000eab00000,0x00000000ebb00000,0x00000000ebb00000)
  from space 2560K, 0% used [0x00000000ebd80000,0x00000000ebd80000,0x00000000ec000000)
  to   space 2560K, 0% used [0x00000000ebb00000,0x00000000ebb00000,0x00000000ebd80000)
 ParOldGen       total 44032K, used 0K [0x00000000c0000000, 0x00000000c2b00000, 0x00000000eab00000)
  object space 44032K, 0% used [0x00000000c0000000,0x00000000c0000000,0x00000000c2b00000)
 Metaspace       used 5701K, capacity 6768K, committed 7040K, reserved 1056768K
  class space    used 590K, capacity 616K, committed 640K, reserved 1048576K
Event: 1.699 GC heap after
Heap after GC invocations=1 (full 0):
 PSYoungGen      total 18944K, used 2554K [0x00000000eab00000, 0x00000000ed000000, 0x0000000100000000)
  eden space 16384K, 0% used [0x00000000eab00000,0x00000000eab00000,0x00000000ebb00000)
  from space 2560K, 99% used [0x00000000ebb00000,0x00000000ebd7eab8,0x00000000ebd80000)
  to   space 2560K, 0% used [0x00000000ecd80000,0x00000000ecd80000,0x00000000ed000000)
 ParOldGen       total 44032K, used 1903K [0x00000000c0000000, 0x00000000c2b00000, 0x00000000eab00000)
  object space 44032K, 4% used [0x00000000c0000000,0x00000000c01dbf08,0x00000000c2b00000)
 Metaspace       used 5701K, capacity 6768K, committed 7040K, reserved 1056768K
  class space    used 590K, capacity 616K, committed 640K, reserved 1048576K
}

Deoptimization events (6 events):
Event: 0.914 Thread 0x0000000001d7d800 Uncommon trap: reason=unstable_if action=reinterpret pc=0x0000000002296320 method=java.util.HashMap.getNode(ILjava/lang/Object;)Ljava/util/HashMap$Node; @ 129
Event: 0.943 Thread 0x0000000016345800 Uncommon trap: reason=class_check action=maybe_recompile pc=0x00000000022cce70 method=com.android.dx.ssa.NormalSsaInsn.accept(Lcom/android/dx/ssa/SsaInsn$Visitor;)V @ 9
Event: 1.413 Thread 0x0000000016341800 Uncommon trap: reason=unstable_if action=reinterpret pc=0x00000000023715ec method=com.android.dx.rop.code.RegisterSpecSet.put(Lcom/android/dx/rop/code/RegisterSpec;)V @ 77
Event: 1.431 Thread 0x0000000016345800 Uncommon trap: reason=unstable_if action=reinterpret pc=0x00000000022cee94 method=java.util.HashMap.getNode(ILjava/lang/Object;)Ljava/util/HashMap$Node; @ 129
Event: 1.750 Thread 0x0000000016341000 Uncommon trap: reason=unstable_if action=reinterpret pc=0x00000000022c0f34 method=java.util.BitSet.ensureCapacity(I)V @ 6
Event: 1.828 Thread 0x0000000001d7d800 Uncommon trap: reason=unstable_if action=reinterpret pc=0x00000000023d7b10 method=com.android.dx.ssa.SsaRenamer$BlockRenamer.addMapping(ILcom/android/dx/rop/code/RegisterSpec;)V @ 120

Internal exceptions (2 events):
Event: 0.101 Thread 0x0000000001d7d800 Exception <a 'java/lang/NoSuchMethodError': Method sun.misc.Unsafe.defineClass(Ljava/lang/String;[BII)Ljava/lang/Class; name or signature does not match> (0x00000000eab0d458) thrown at [C:\re\workspace\8-2-build-windows-amd64-cygwin\jdk8u60\4407\hotspot\srt8
m´ù¹?
Event: 0.101 Thread 0x0000000001d7d800 Exception <a 'java/lang/NoSuchMethodError': Method sun.misc.Unsafe.prefetchRead(Ljava/lang/Object;J)V name or signature does not match> (0x00000000eab0d740) thrown at [C:\re\workspace\8-2-build-windows-amd64-cygwin\jdk8u60\4407\hotspot\src\share\vm\prims\j

Events (10 events):
Event: 1.749 loading class com/android/dx/dex/file/UniformListItem
Event: 1.749 loading class com/android/dx/dex/file/UniformListItem done
Event: 1.749 loading class com/android/dx/dex/file/AnnotationSetRefItem
Event: 1.749 loading class com/android/dx/dex/file/AnnotationSetRefItem done
Event: 1.750 Thread 0x0000000016341000 Uncommon trap: trap_request=0xffffff65 fr.pc=0x00000000022c0f34
Event: 1.750 Thread 0x0000000016341000 DEOPT PACKING pc=0x00000000022c0f34 sp=0x00000000169deca0
Event: 1.750 Thread 0x0000000016341000 DEOPT UNPACKING pc=0x00000000020d582a sp=0x00000000169deb88 mode 2
Event: 1.828 Thread 0x0000000001d7d800 Uncommon trap: trap_request=0xffffff65 fr.pc=0x00000000023d7b10
Event: 1.828 Thread 0x0000000001d7d800 DEOPT PACKING pc=0x00000000023d7b10 sp=0x0000000001f7e280
Event: 1.828 Thread 0x0000000001d7d800 DEOPT UNPACKING pc=0x00000000020d582a sp=0x0000000001f7e210 mode 2


Dynamic libraries:
0x00007ff7f22e0000 - 0x00007ff7f2317000 	C:\Program Files\Java\jdk1.8.0_60\bin\java.exe
0x00007ffe033e0000 - 0x00007ffe035a1000 	C:\WINDOWS\SYSTEM32\ntdll.dll
0x00007ffe019a0000 - 0x00007ffe01a4d000 	C:\WINDOWS\system32\KERNEL32.DLL
0x00007ffdfff00000 - 0x00007ffe000dd000 	C:\WINDOWS\system32\KERNELBASE.dll
0x00007ffe01a50000 - 0x00007ffe01af6000 	C:\WINDOWS\system32\ADVAPI32.dll
0x00007ffe01880000 - 0x00007ffe0191d000 	C:\WINDOWS\system32\msvcrt.dll
0x00007ffe014a0000 - 0x00007ffe014fb000 	C:\WINDOWS\system32\sechost.dll
0x00007ffe03160000 - 0x00007ffe03286000 	C:\WINDOWS\system32\RPCRT4.dll
0x00007ffe03290000 - 0x00007ffe033de000 	C:\WINDOWS\system32\USER32.dll
0x00007ffe01310000 - 0x00007ffe01496000 	C:\WINDOWS\system32\GDI32.dll
0x00007ffdfa000000 - 0x00007ffdfa274000 	C:\WINDOWS\WinSxS\amd64_microsoft.windows.common-controls_6595b64144ccf1df_6.0.10240.16384_none_f41f7b285750ef43\COMCTL32.dll
0x00007ffe00ad0000 - 0x00007ffe00b06000 	C:\WINDOWS\system32\IMM32.DLL
0x00007ffe011b0000 - 0x00007ffe0130c000 	C:\WINDOWS\system32\MSCTF.dll
0x00000000701f0000 - 0x00000000702c2000 	C:\Program Files\Java\jdk1.8.0_60\jre\bin\msvcr100.dll
0x0000000070670000 - 0x0000000070ef9000 	C:\Program Files\Java\jdk1.8.0_60\jre\bin\server\jvm.dll
0x00007ffe016d0000 - 0x00007ffe016d8000 	C:\WINDOWS\system32\PSAPI.DLL
0x00007ffdf9b00000 - 0x00007ffdf9b09000 	C:\WINDOWS\SYSTEM32\WSOCK32.dll
0x00007ffe00c60000 - 0x00007ffe00cc9000 	C:\WINDOWS\system32\WS2_32.dll
0x00007ffe00ab0000 - 0x00007ffe00ab8000 	C:\WINDOWS\system32\NSI.dll
0x00007ffdfce00000 - 0x00007ffdfce0a000 	C:\WINDOWS\SYSTEM32\VERSION.dll
0x00007ffdfe0a0000 - 0x00007ffdfe0c3000 	C:\WINDOWS\SYSTEM32\WINMM.dll
0x00007ffdfbbe0000 - 0x00007ffdfbc0c000 	C:\WINDOWS\SYSTEM32\WINMMBASE.dll
0x00007ffdffeb0000 - 0x00007ffdffef4000 	C:\WINDOWS\system32\cfgmgr32.dll
0x00007ffdfe780000 - 0x00007ffdfe7a7000 	C:\WINDOWS\SYSTEM32\DEVOBJ.dll
0x0000000070660000 - 0x000000007066f000 	C:\Program Files\Java\jdk1.8.0_60\jre\bin\verify.dll
0x0000000070630000 - 0x0000000070659000 	C:\Program Files\Java\jdk1.8.0_60\jre\bin\java.dll
0x0000000070610000 - 0x0000000070626000 	C:\Program Files\Java\jdk1.8.0_60\jre\bin\zip.dll
0x00007ffe01b70000 - 0x00007ffe03092000 	C:\WINDOWS\system32\SHELL32.dll
0x00007ffe000e0000 - 0x00007ffe00708000 	C:\WINDOWS\system32\windows.storage.dll
0x00007ffe00e80000 - 0x00007ffe010fc000 	C:\WINDOWS\system32\combase.dll
0x00007ffe016e0000 - 0x00007ffe01731000 	C:\WINDOWS\system32\shlwapi.dll
0x00007ffdffe10000 - 0x00007ffdffe1f000 	C:\WINDOWS\system32\kernel.appcore.dll
0x00007ffe009f0000 - 0x00007ffe00aa3000 	C:\WINDOWS\system32\shcore.dll
0x00007ffdffe60000 - 0x00007ffdffeaa000 	C:\WINDOWS\system32\powrprof.dll
0x00007ffdffe20000 - 0x00007ffdffe33000 	C:\WINDOWS\system32\profapi.dll

VM Arguments:
jvm_args: -Djava.awt.headless=true -Xmx1024M -Dfile.encoding=windows-1252 -Duser.country=US -Duser.language=en -Duser.variant 
java_command: com.android.dx.command.Main --dex --num-threads=4 --output C:\Users\Murlli Maraati\Desktop\FMR\steller16-12-2015-6pm\StellarFMR\app\build\intermediates\pre-dexed\debug\com.android.support-mediarouter-v7-22.2.0_83e59fbe49dde69e128f8f28adf593d55fa0c2d5.jar C:\Users\Murlli Maraati\Desktop\FMR\steller16-12-2015-6pm\StellarFMR\app\build\intermediates\exploded-aar\com.android.support\mediarouter-v7\22.2.0\jars\classes.jar
java_class_path (initial): D:\Azahar\sdk\build-tools\23.0.1\lib\dx.jar
Launcher Type: SUN_STANDARD

Environment Variables:
PATH=C:\ProgramData\Oracle\Java\javapath;C:\WINDOWS\system32;C:\WINDOWS;C:\WINDOWS\System32\Wbem;C:\WINDOWS\System32\WindowsPowerShell\v1.0\;C:\Program Files (x86)\Skype\Phone\;C:\Program Files (x86)\Windows Kits\8.1\Windows Performance Toolkit\;C:\Program Files (x86)\Microsoft SDKs\TypeScript\1.0\;C:\Program Files\Microsoft SQL Server\110\Tools\Binn\
USERNAME=Murlli Maraati
OS=Windows_NT
PROCESSOR_IDENTIFIER=Intel64 Family 6 Model 42 Stepping 7, GenuineIntel



---------------  S Y S T E M  ---------------

OS: Windows 10.0 , 64 bit Build 10240 (10.0.10240.16384)

CPU:total 4 (2 cores per cpu, 2 threads per core) family 6 model 42 stepping 7, cmov, cx8, fxsr, mmx, sse, sse2, sse3, ssse3, sse4.1, sse4.2, popcnt, avx, aes, clmul, ht, tsc, tscinvbit

Memory: 4k page, physical 4175724k(302884k free), swap 16758636k(2620k free)

vm_info: Java HotSpot(TM) 64-Bit Server VM (25.60-b23) for windows-amd64 JRE (1.8.0_60-b27), built on Aug  4 2015 11:06:27 by "java_re" with MS VC++ 10.0 (VS2010)

time: Tue Jan 05 19:06:53 2016
elapsed time: 2 seconds (0d 0h 0m 2s)

