#
# There is insufficient memory for the Java Runtime Environment to continue.
# Native memory allocation (malloc) failed to allocate 281296 bytes for Chunk::new
# Possible reasons:
#   The system is out of physical RAM or swap space
#   In 32 bit mode, the process size limit was hit
# Possible solutions:
#   Reduce memory load on the system
#   Increase physical memory or swap space
#   Check if swap backing store is full
#   Use 64 bit Java on a 64 bit OS
#   Decrease Java heap size (-Xmx/-Xms)
#   Decrease number of Java threads
#   Decrease Java thread stack sizes (-Xss)
#   Set larger code cache with -XX:ReservedCodeCacheSize=
# This output file may be truncated or incomplete.
#
#  Out of Memory Error (allocation.cpp:390), pid=6992, tid=11544
#
# JRE version: Java(TM) SE Runtime Environment (8.0_60-b27) (build 1.8.0_60-b27)
# Java VM: Java HotSpot(TM) 64-Bit Server VM (25.60-b23 mixed mode windows-amd64 compressed oops)
# Failed to write core dump. Minidumps are not enabled by default on client versions of Windows
#

---------------  T H R E A D  ---------------

Current thread (0x0000000015511000):  JavaThread "C2 CompilerThread1" daemon [_thread_in_native, id=11544, stack(0x0000000016c60000,0x0000000016d60000)]

Stack: [0x0000000016c60000,0x0000000016d60000]
[error occurred during error reporting (printing stack bounds), id 0xc0000005]

Native frames: (J=compiled Java code, j=interpreted, Vv=VM code, C=native code)


Current CompileTask:
C2:   5484  990   !   4       com.android.dx.cf.code.BytecodeArray::parseInstruction (2764 bytes)


---------------  P R O C E S S  ---------------

Java Threads: ( => current thread )
  0x00000000170c9800 JavaThread "pool-1-thread-4" [_thread_in_Java, id=12204, stack(0x0000000017860000,0x0000000017960000)]
  0x00000000170c9000 JavaThread "pool-1-thread-3" [_thread_in_vm, id=7248, stack(0x0000000017760000,0x0000000017860000)]
  0x00000000170c6800 JavaThread "pool-1-thread-2" [_thread_in_Java, id=3576, stack(0x0000000017660000,0x0000000017760000)]
  0x00000000170c4000 JavaThread "pool-2-thread-1" [_thread_blocked, id=800, stack(0x0000000017560000,0x0000000017660000)]
  0x00000000170b8800 JavaThread "pool-1-thread-1" [_thread_in_Java, id=4928, stack(0x0000000017460000,0x0000000017560000)]
  0x0000000016e90800 JavaThread "Service Thread" daemon [_thread_blocked, id=10748, stack(0x0000000017260000,0x0000000017360000)]
  0x0000000015514000 JavaThread "C1 CompilerThread2" daemon [_thread_blocked, id=7680, stack(0x0000000016d60000,0x0000000016e60000)]
=>0x0000000015511000 JavaThread "C2 CompilerThread1" daemon [_thread_in_native, id=11544, stack(0x0000000016c60000,0x0000000016d60000)]
  0x000000001550d000 JavaThread "C2 CompilerThread0" daemon [_thread_in_native, id=13768, stack(0x0000000016b60000,0x0000000016c60000)]
  0x000000001550b800 JavaThread "Attach Listener" daemon [_thread_blocked, id=11972, stack(0x0000000016a60000,0x0000000016b60000)]
  0x000000001550a000 JavaThread "Signal Dispatcher" daemon [_thread_blocked, id=3972, stack(0x0000000016960000,0x0000000016a60000)]
  0x0000000002e06000 JavaThread "Finalizer" daemon [_thread_blocked, id=6916, stack(0x0000000016770000,0x0000000016870000)]
  0x0000000002dfd000 JavaThread "Reference Handler" daemon [_thread_blocked, id=14484, stack(0x0000000016670000,0x0000000016770000)]
  0x0000000002c0d800 JavaThread "main" [_thread_in_Java, id=12772, stack(0x0000000002c10000,0x0000000002d10000)]

Other Threads:
  0x00000000154d7800 VMThread [stack: 0x0000000016570000,0x0000000016670000] [id=10928]
  0x0000000016eb2000 WatcherThread [stack: 0x0000000017360000,0x0000000017460000] [id=14332]

VM state:not at safepoint (normal execution)

VM Mutex/Monitor currently owned by a thread: None

Heap:
 PSYoungGen      total 18944K, used 14694K [0x00000000eab00000, 0x00000000ed000000, 0x0000000100000000)
  eden space 16384K, 74% used [0x00000000eab00000,0x00000000eb6dfc90,0x00000000ebb00000)
  from space 2560K, 99% used [0x00000000ebb00000,0x00000000ebd79c50,0x00000000ebd80000)
  to   space 2560K, 0% used [0x00000000ecd80000,0x00000000ecd80000,0x00000000ed000000)
 ParOldGen       total 44032K, used 1719K [0x00000000c0000000, 0x00000000c2b00000, 0x00000000eab00000)
  object space 44032K, 3% used [0x00000000c0000000,0x00000000c01adfb8,0x00000000c2b00000)
 Metaspace       used 5872K, capacity 6896K, committed 7040K, reserved 1056768K
  class space    used 589K, capacity 616K, committed 640K, reserved 1048576K

Card table byte_map: [0x00000000121e0000,0x00000000123f0000] byte_map_base: 0x0000000011be0000

Marking Bits: (ParMarkBitMap*) 0x0000000070e7a5b0
 Begin Bits: [0x0000000012950000, 0x0000000013950000)
 End Bits:   [0x0000000013950000, 0x0000000014950000)

Polling page: 0x0000000002bb0000

CodeCache: size=245760Kb used=4597Kb max_used=4597Kb free=241162Kb
 bounds [0x0000000002e20000, 0x00000000032b0000, 0x0000000011e20000]
 total_blobs=1389 nmethods=1120 adapters=182
 compilation: enabled

Compilation events (10 events):
Event: 5.441 Thread 0x0000000015514000 1133       3       com.android.dx.rop.code.PlainCstInsn::withNewRegisters (22 bytes)
Event: 5.442 Thread 0x0000000015514000 nmethod 1133 0x000000000329d4d0 code [0x000000000329d680, 0x000000000329ddc8]
Event: 5.442 Thread 0x0000000015514000 1125       3       com.android.dx.dex.cf.AttributeTranslator::getAnnotations0 (62 bytes)
Event: 5.443 Thread 0x0000000015514000 nmethod 1125 0x000000000329e110 code [0x000000000329e340, 0x000000000329f118]
Event: 5.443 Thread 0x0000000015514000 1126       3       com.android.dx.dex.cf.AttributeTranslator::getSignature (26 bytes)
Event: 5.443 Thread 0x0000000015514000 nmethod 1126 0x000000000329f6d0 code [0x000000000329f860, 0x000000000329fc18]
Event: 5.443 Thread 0x0000000015514000 1123       3       com.android.dx.cf.direct.DirectClassFile::parseToEndIfNecessary (12 bytes)
Event: 5.443 Thread 0x0000000015514000 nmethod 1123 0x000000000329fd50 code [0x000000000329fec0, 0x00000000032a0088]
Event: 5.445 Thread 0x0000000015514000 1134       3       java.lang.Float::isNaN (12 bytes)
Event: 5.445 Thread 0x0000000015514000 nmethod 1134 0x00000000032a0110 code [0x00000000032a0260, 0x00000000032a0410]

GC Heap History (2 events):
Event: 3.935 GC heap before
{Heap before GC invocations=1 (full 0):
 PSYoungGen      total 18944K, used 16384K [0x00000000eab00000, 0x00000000ec000000, 0x0000000100000000)
  eden space 16384K, 100% used [0x00000000eab00000,0x00000000ebb00000,0x00000000ebb00000)
  from space 2560K, 0% used [0x00000000ebd80000,0x00000000ebd80000,0x00000000ec000000)
  to   space 2560K, 0% used [0x00000000ebb00000,0x00000000ebb00000,0x00000000ebd80000)
 ParOldGen       total 44032K, used 0K [0x00000000c0000000, 0x00000000c2b00000, 0x00000000eab00000)
  object space 44032K, 0% used [0x00000000c0000000,0x00000000c0000000,0x00000000c2b00000)
 Metaspace       used 5662K, capacity 6704K, committed 6784K, reserved 1056768K
  class space    used 589K, capacity 616K, committed 640K, reserved 1048576K
Event: 4.755 GC heap after
Heap after GC invocations=1 (full 0):
 PSYoungGen      total 18944K, used 2535K [0x00000000eab00000, 0x00000000ed000000, 0x0000000100000000)
  eden space 16384K, 0% used [0x00000000eab00000,0x00000000eab00000,0x00000000ebb00000)
  from space 2560K, 99% used [0x00000000ebb00000,0x00000000ebd79c50,0x00000000ebd80000)
  to   space 2560K, 0% used [0x00000000ecd80000,0x00000000ecd80000,0x00000000ed000000)
 ParOldGen       total 44032K, used 1719K [0x00000000c0000000, 0x00000000c2b00000, 0x00000000eab00000)
  object space 44032K, 3% used [0x00000000c0000000,0x00000000c01adfb8,0x00000000c2b00000)
 Metaspace       used 5662K, capacity 6704K, committed 6784K, reserved 1056768K
  class space    used 589K, capacity 616K, committed 640K, reserved 1048576K
}

Deoptimization events (4 events):
Event: 3.464 Thread 0x00000000170c9000 Uncommon trap: reason=bimorphic action=maybe_recompile pc=0x00000000030111a8 method=java.util.HashMap.getNode(ILjava/lang/Object;)Ljava/util/HashMap$Node; @ 126
Event: 3.718 Thread 0x0000000002c0d800 Uncommon trap: reason=unloaded action=reinterpret pc=0x00000000030ed3f8 method=com.android.dx.ssa.SsaRenamer$BlockRenamer.visitMoveInsn(Lcom/android/dx/ssa/NormalSsaInsn;)V @ 208
Event: 4.906 Thread 0x00000000170c9000 Uncommon trap: reason=bimorphic action=maybe_recompile pc=0x00000000030111a8 method=java.util.HashMap.getNode(ILjava/lang/Object;)Ljava/util/HashMap$Node; @ 126
Event: 4.918 Thread 0x00000000170c9000 Uncommon trap: reason=bimorphic action=maybe_recompile pc=0x00000000030111a8 method=java.util.HashMap.getNode(ILjava/lang/Object;)Ljava/util/HashMap$Node; @ 126

Internal exceptions (2 events):
Event: 0.037 Thread 0x0000000002c0d800 Exception <a 'java/lang/NoSuchMethodError': Method sun.misc.Unsafe.defineClass(Ljava/lang/String;[BII)Ljava/lang/Class; name or signature does not match> (0x00000000eab0d480) thrown at [C:\re\workspace\8-2-build-windows-amd64-cygwin\jdk8u60\4407\hotspot\sròË¥™ñ£?
Event: 0.037 Thread 0x0000000002c0d800 Exception <a 'java/lang/NoSuchMethodError': Method sun.misc.Unsafe.prefetchRead(Ljava/lang/Object;J)V name or signature does not match> (0x00000000eab0d768) thrown at [C:\re\workspace\8-2-build-windows-amd64-cygwin\jdk8u60\4407\hotspot\src\share\vm\prims\j

Events (10 events):
Event: 3.718 Thread 0x0000000002c0d800 DEOPT PACKING pc=0x00000000030ed3f8 sp=0x0000000002d0e1f0
Event: 3.718 Thread 0x0000000002c0d800 DEOPT UNPACKING pc=0x0000000002e6582a sp=0x0000000002d0e100 mode 2
Event: 3.740 Executing VM operation: ParallelGCFailedAllocation
Event: 4.755 Executing VM operation: ParallelGCFailedAllocation done
Event: 4.906 Thread 0x00000000170c9000 Uncommon trap: trap_request=0xffffffc6 fr.pc=0x00000000030111a8
Event: 4.906 Thread 0x00000000170c9000 DEOPT PACKING pc=0x00000000030111a8 sp=0x000000001785ea10
Event: 4.906 Thread 0x00000000170c9000 DEOPT UNPACKING pc=0x0000000002e6582a sp=0x000000001785e928 mode 2
Event: 4.918 Thread 0x00000000170c9000 Uncommon trap: trap_request=0xffffffc6 fr.pc=0x00000000030111a8
Event: 4.918 Thread 0x00000000170c9000 DEOPT PACKING pc=0x00000000030111a8 sp=0x000000001785ea00
Event: 4.918 Thread 0x00000000170c9000 DEOPT UNPACKING pc=0x0000000002e6582a sp=0x000000001785e918 mode 2


Dynamic libraries:
0x00007ff7f22e0000 - 0x00007ff7f2317000 	C:\Program Files\Java\jdk1.8.0_60\bin\java.exe
0x00007ffe033e0000 - 0x00007ffe035a1000 	C:\WINDOWS\SYSTEM32\ntdll.dll
0x00007ffe019a0000 - 0x00007ffe01a4d000 	C:\WINDOWS\system32\KERNEL32.DLL
0x00007ffdfff00000 - 0x00007ffe000dd000 	C:\WINDOWS\system32\KERNELBASE.dll
0x00007ffe01a50000 - 0x00007ffe01af6000 	C:\WINDOWS\system32\ADVAPI32.dll
0x00007ffe01880000 - 0x00007ffe0191d000 	C:\WINDOWS\system32\msvcrt.dll
0x00007ffe014a0000 - 0x00007ffe014fb000 	C:\WINDOWS\system32\sechost.dll
0x00007ffe03160000 - 0x00007ffe03286000 	C:\WINDOWS\system32\RPCRT4.dll
0x00007ffe03290000 - 0x00007ffe033de000 	C:\WINDOWS\system32\USER32.dll
0x00007ffe01310000 - 0x00007ffe01496000 	C:\WINDOWS\system32\GDI32.dll
0x00007ffdfa000000 - 0x00007ffdfa274000 	C:\WINDOWS\WinSxS\amd64_microsoft.windows.common-controls_6595b64144ccf1df_6.0.10240.16384_none_f41f7b285750ef43\COMCTL32.dll
0x00007ffe00ad0000 - 0x00007ffe00b06000 	C:\WINDOWS\system32\IMM32.DLL
0x00007ffe011b0000 - 0x00007ffe0130c000 	C:\WINDOWS\system32\MSCTF.dll
0x00000000701f0000 - 0x00000000702c2000 	C:\Program Files\Java\jdk1.8.0_60\jre\bin\msvcr100.dll
0x0000000070670000 - 0x0000000070ef9000 	C:\Program Files\Java\jdk1.8.0_60\jre\bin\server\jvm.dll
0x00007ffe016d0000 - 0x00007ffe016d8000 	C:\WINDOWS\system32\PSAPI.DLL
0x00007ffdfe0a0000 - 0x00007ffdfe0c3000 	C:\WINDOWS\SYSTEM32\WINMM.dll
0x00007ffdf9b00000 - 0x00007ffdf9b09000 	C:\WINDOWS\SYSTEM32\WSOCK32.dll
0x00007ffdfce00000 - 0x00007ffdfce0a000 	C:\WINDOWS\SYSTEM32\VERSION.dll
0x00007ffe00c60000 - 0x00007ffe00cc9000 	C:\WINDOWS\system32\WS2_32.dll
0x00007ffe00ab0000 - 0x00007ffe00ab8000 	C:\WINDOWS\system32\NSI.dll
0x00007ffdfbbe0000 - 0x00007ffdfbc0c000 	C:\WINDOWS\SYSTEM32\WINMMBASE.dll
0x00007ffdffeb0000 - 0x00007ffdffef4000 	C:\WINDOWS\system32\cfgmgr32.dll
0x00007ffdfe780000 - 0x00007ffdfe7a7000 	C:\WINDOWS\SYSTEM32\DEVOBJ.dll
0x0000000070660000 - 0x000000007066f000 	C:\Program Files\Java\jdk1.8.0_60\jre\bin\verify.dll
0x0000000070630000 - 0x0000000070659000 	C:\Program Files\Java\jdk1.8.0_60\jre\bin\java.dll
0x0000000070610000 - 0x0000000070626000 	C:\Program Files\Java\jdk1.8.0_60\jre\bin\zip.dll
0x00007ffe01b70000 - 0x00007ffe03092000 	C:\WINDOWS\system32\SHELL32.dll
0x00007ffe000e0000 - 0x00007ffe00708000 	C:\WINDOWS\system32\windows.storage.dll
0x00007ffe00e80000 - 0x00007ffe010fc000 	C:\WINDOWS\system32\combase.dll
0x00007ffe016e0000 - 0x00007ffe01731000 	C:\WINDOWS\system32\shlwapi.dll
0x00007ffdffe10000 - 0x00007ffdffe1f000 	C:\WINDOWS\system32\kernel.appcore.dll
0x00007ffe009f0000 - 0x00007ffe00aa3000 	C:\WINDOWS\system32\shcore.dll
0x00007ffdffe60000 - 0x00007ffdffeaa000 	C:\WINDOWS\system32\powrprof.dll
0x00007ffdffe20000 - 0x00007ffdffe33000 	C:\WINDOWS\system32\profapi.dll

VM Arguments:
jvm_args: -Djava.awt.headless=true -Xmx1024M -Dfile.encoding=windows-1252 -Duser.country=US -Duser.language=en -Duser.variant 
java_command: com.android.dx.command.Main --dex --num-threads=4 --output C:\Users\Murlli Maraati\Desktop\FMR\steller16-12-2015-6pm\StellarFMR\app\build\intermediates\pre-dexed\debug\com.google.android.gms-play-services-location-8.3.0_1776df31d4d905e7ced55e78e1a780768d697988.jar C:\Users\Murlli Maraati\Desktop\FMR\steller16-12-2015-6pm\StellarFMR\app\build\intermediates\exploded-aar\com.google.android.gms\play-services-location\8.3.0\jars\classes.jar
java_class_path (initial): D:\Azahar\sdk\build-tools\23.0.1\lib\dx.jar
Launcher Type: SUN_STANDARD

Environment Variables:
PATH=C:\ProgramData\Oracle\Java\javapath;C:\WINDOWS\system32;C:\WINDOWS;C:\WINDOWS\System32\Wbem;C:\WINDOWS\System32\WindowsPowerShell\v1.0\;C:\Program Files (x86)\Skype\Phone\;C:\Program Files (x86)\Windows Kits\8.1\Windows Performance Toolkit\;C:\Program Files (x86)\Microsoft SDKs\TypeScript\1.0\;C:\Program Files\Microsoft SQL Server\110\Tools\Binn\
USERNAME=Murlli Maraati
OS=Windows_NT
PROCESSOR_IDENTIFIER=Intel64 Family 6 Model 42 Stepping 7, GenuineIntel



---------------  S Y S T E M  ---------------

OS: Windows 10.0 , 64 bit Build 10240 (10.0.10240.16384)

CPU:total 4 (2 cores per cpu, 2 threads per core) family 6 model 42 stepping 7, cmov, cx8, fxsr, mmx, sse, sse2, sse3, ssse3, sse4.1, sse4.2, popcnt, avx, aes, clmul, ht, tsc, tscinvbit

Memory: 4k page, physical 4175724k(312864k free), swap 16758636k(5396k free)

vm_info: Java HotSpot(TM) 64-Bit Server VM (25.60-b23) for windows-amd64 JRE (1.8.0_60-b27), built on Aug  4 2015 11:06:27 by "java_re" with MS VC++ 10.0 (VS2010)

time: Tue Jan 05 19:19:41 2016
elapsed time: 5 seconds (0d 0h 0m 5s)

