#
# There is insufficient memory for the Java Runtime Environment to continue.
# Native memory allocation (malloc) failed to allocate 633456 bytes for Chunk::new
# Possible reasons:
#   The system is out of physical RAM or swap space
#   In 32 bit mode, the process size limit was hit
# Possible solutions:
#   Reduce memory load on the system
#   Increase physical memory or swap space
#   Check if swap backing store is full
#   Use 64 bit Java on a 64 bit OS
#   Decrease Java heap size (-Xmx/-Xms)
#   Decrease number of Java threads
#   Decrease Java thread stack sizes (-Xss)
#   Set larger code cache with -XX:ReservedCodeCacheSize=
# This output file may be truncated or incomplete.
#
#  Out of Memory Error (allocation.cpp:390), pid=8268, tid=7576
#
# JRE version: Java(TM) SE Runtime Environment (8.0_60-b27) (build 1.8.0_60-b27)
# Java VM: Java HotSpot(TM) 64-Bit Server VM (25.60-b23 mixed mode windows-amd64 compressed oops)
# Failed to write core dump. Minidumps are not enabled by default on client versions of Windows
#

---------------  T H R E A D  ---------------

Current thread (0x00000000155d6000):  JavaThread "C2 CompilerThread1" daemon [_thread_in_native, id=7576, stack(0x0000000016cd0000,0x0000000016dd0000)]

Stack: [0x0000000016cd0000,0x0000000016dd0000]
[error occurred during error reporting (printing stack bounds), id 0xc0000005]

Native frames: (J=compiled Java code, j=interpreted, Vv=VM code, C=native code)


Current CompileTask:
C2:  19036 2569       4       java.util.Arrays::sort (47 bytes)


---------------  P R O C E S S  ---------------

Java Threads: ( => current thread )
  0x0000000016edb800 JavaThread "Service Thread" daemon [_thread_blocked, id=7396, stack(0x00000000172d0000,0x00000000173d0000)]
  0x00000000155dc000 JavaThread "C1 CompilerThread2" daemon [_thread_blocked, id=12252, stack(0x0000000016dd0000,0x0000000016ed0000)]
=>0x00000000155d6000 JavaThread "C2 CompilerThread1" daemon [_thread_in_native, id=7576, stack(0x0000000016cd0000,0x0000000016dd0000)]
  0x000000001557c000 JavaThread "C2 CompilerThread0" daemon [_thread_in_native, id=15668, stack(0x0000000016bd0000,0x0000000016cd0000)]
  0x000000001557a800 JavaThread "Attach Listener" daemon [_thread_blocked, id=7172, stack(0x0000000016ad0000,0x0000000016bd0000)]
  0x0000000015579800 JavaThread "Signal Dispatcher" daemon [_thread_blocked, id=12428, stack(0x00000000169d0000,0x0000000016ad0000)]
  0x0000000002ea0800 JavaThread "Finalizer" daemon [_thread_blocked, id=10376, stack(0x00000000167f0000,0x00000000168f0000)]
  0x0000000002e9d000 JavaThread "Reference Handler" daemon [_thread_blocked, id=11156, stack(0x00000000166f0000,0x00000000167f0000)]
  0x000000000141d800 JavaThread "main" [_thread_in_native, id=14940, stack(0x0000000002bb0000,0x0000000002cb0000)]

Other Threads:
  0x0000000015547800 VMThread [stack: 0x00000000165f0000,0x00000000166f0000] [id=13192]
  0x0000000016ed4800 WatcherThread [stack: 0x00000000173d0000,0x00000000174d0000] [id=16072]

VM state:not at safepoint (normal execution)

VM Mutex/Monitor currently owned by a thread: None

Heap:
 PSYoungGen      total 68096K, used 49663K [0x00000000eab00000, 0x00000000f1780000, 0x0000000100000000)
  eden space 50176K, 76% used [0x00000000eab00000,0x00000000ed0b0640,0x00000000edc00000)
  from space 17920K, 61% used [0x00000000edc00000,0x00000000ee6cf630,0x00000000eed80000)
  to   space 17408K, 0% used [0x00000000f0680000,0x00000000f0680000,0x00000000f1780000)
 ParOldGen       total 67584K, used 38962K [0x00000000c0000000, 0x00000000c4200000, 0x00000000eab00000)
  object space 67584K, 57% used [0x00000000c0000000,0x00000000c260cbf8,0x00000000c4200000)
 Metaspace       used 6812K, capacity 7634K, committed 7936K, reserved 1056768K
  class space    used 617K, capacity 650K, committed 768K, reserved 1048576K

Card table byte_map: [0x0000000012270000,0x0000000012480000] byte_map_base: 0x0000000011c70000

Marking Bits: (ParMarkBitMap*) 0x0000000070e7a5b0
 Begin Bits: [0x00000000129e0000, 0x00000000139e0000)
 End Bits:   [0x00000000139e0000, 0x00000000149e0000)

Polling page: 0x00000000013e0000

CodeCache: size=245760Kb used=12332Kb max_used=12332Kb free=233427Kb
 bounds [0x0000000002eb0000, 0x0000000003ad0000, 0x0000000011eb0000]
 total_blobs=2860 nmethods=2589 adapters=183
 compilation: enabled

Compilation events (10 events):
Event: 18.848 Thread 0x00000000155dc000 2580       3       com.android.dx.dex.file.DebugInfoEncoder::emitHeader (530 bytes)
Event: 18.855 Thread 0x00000000155dc000 nmethod 2580 0x0000000003a23dd0 code [0x0000000003a24420, 0x0000000003a28d98]
Event: 18.855 Thread 0x00000000155dc000 2581       3       com.android.dx.dex.file.DebugInfoEncoder::emitEndSequence (30 bytes)
Event: 18.855 Thread 0x00000000155dc000 nmethod 2581 0x0000000003a2bb10 code [0x0000000003a2bc80, 0x0000000003a2bf58]
Event: 18.857 Thread 0x00000000155dc000 2583       3       com.android.dx.dex.file.DebugInfoItem::encode0 (102 bytes)
Event: 18.859 Thread 0x00000000155dc000 nmethod 2583 0x0000000003a2c050 code [0x0000000003a2c2e0, 0x0000000003a2d648]
Event: 18.859 Thread 0x00000000155dc000 2584       3       com.android.dx.dex.file.DebugInfoEncoder::convert0 (246 bytes)
Event: 18.862 Thread 0x00000000155dc000 nmethod 2584 0x0000000003a2e190 code [0x0000000003a2e560, 0x0000000003a30428]
Event: 18.868 Thread 0x00000000155dc000 2587       3       com.android.dx.rop.annotation.Annotation::getNameValuePairs (11 bytes)
Event: 18.869 Thread 0x00000000155dc000 nmethod 2587 0x0000000003a318d0 code [0x0000000003a31a80, 0x0000000003a320a8]

GC Heap History (10 events):
Event: 8.832 GC heap before
{Heap before GC invocations=4 (full 0):
 PSYoungGen      total 35328K, used 35296K [0x00000000eab00000, 0x00000000ef000000, 0x0000000100000000)
  eden space 32768K, 100% used [0x00000000eab00000,0x00000000ecb00000,0x00000000ecb00000)
  from space 2560K, 98% used [0x00000000ecb00000,0x00000000ecd78018,0x00000000ecd80000)
  to   space 2560K, 0% used [0x00000000eed80000,0x00000000eed80000,0x00000000ef000000)
 ParOldGen       total 44032K, used 8578K [0x00000000c0000000, 0x00000000c2b00000, 0x00000000eab00000)
  object space 44032K, 19% used [0x00000000c0000000,0x00000000c0860908,0x00000000c2b00000)
 Metaspace       used 6156K, capacity 7088K, committed 7296K, reserved 1056768K
  class space    used 590K, capacity 616K, committed 640K, reserved 1048576K
Event: 8.977 GC heap after
Heap after GC invocations=4 (full 0):
 PSYoungGen      total 68096K, used 2536K [0x00000000eab00000, 0x00000000ef000000, 0x0000000100000000)
  eden space 65536K, 0% used [0x00000000eab00000,0x00000000eab00000,0x00000000eeb00000)
  from space 2560K, 99% used [0x00000000eed80000,0x00000000eeffa2d0,0x00000000ef000000)
  to   space 2560K, 0% used [0x00000000eeb00000,0x00000000eeb00000,0x00000000eed80000)
 ParOldGen       total 44032K, used 15848K [0x00000000c0000000, 0x00000000c2b00000, 0x00000000eab00000)
  object space 44032K, 35% used [0x00000000c0000000,0x00000000c0f7a238,0x00000000c2b00000)
 Metaspace       used 6156K, capacity 7088K, committed 7296K, reserved 1056768K
  class space    used 590K, capacity 616K, committed 640K, reserved 1048576K
}
Event: 12.419 GC heap before
{Heap before GC invocations=5 (full 0):
 PSYoungGen      total 68096K, used 68072K [0x00000000eab00000, 0x00000000ef000000, 0x0000000100000000)
  eden space 65536K, 100% used [0x00000000eab00000,0x00000000eeb00000,0x00000000eeb00000)
  from space 2560K, 99% used [0x00000000eed80000,0x00000000eeffa2d0,0x00000000ef000000)
  to   space 2560K, 0% used [0x00000000eeb00000,0x00000000eeb00000,0x00000000eed80000)
 ParOldGen       total 44032K, used 15848K [0x00000000c0000000, 0x00000000c2b00000, 0x00000000eab00000)
  object space 44032K, 35% used [0x00000000c0000000,0x00000000c0f7a238,0x00000000c2b00000)
 Metaspace       used 6249K, capacity 7152K, committed 7296K, reserved 1056768K
  class space    used 591K, capacity 616K, committed 640K, reserved 1048576K
Event: 12.720 GC heap after
Heap after GC invocations=5 (full 0):
 PSYoungGen      total 68096K, used 2541K [0x00000000eab00000, 0x00000000ef000000, 0x0000000100000000)
  eden space 65536K, 0% used [0x00000000eab00000,0x00000000eab00000,0x00000000eeb00000)
  from space 2560K, 99% used [0x00000000eeb00000,0x00000000eed7b580,0x00000000eed80000)
  to   space 2560K, 0% used [0x00000000eed80000,0x00000000eed80000,0x00000000ef000000)
 ParOldGen       total 44032K, used 30797K [0x00000000c0000000, 0x00000000c2b00000, 0x00000000eab00000)
  object space 44032K, 69% used [0x00000000c0000000,0x00000000c1e13590,0x00000000c2b00000)
 Metaspace       used 6249K, capacity 7152K, committed 7296K, reserved 1056768K
  class space    used 591K, capacity 616K, committed 640K, reserved 1048576K
}
Event: 12.720 GC heap before
{Heap before GC invocations=6 (full 1):
 PSYoungGen      total 68096K, used 2541K [0x00000000eab00000, 0x00000000ef000000, 0x0000000100000000)
  eden space 65536K, 0% used [0x00000000eab00000,0x00000000eab00000,0x00000000eeb00000)
  from space 2560K, 99% used [0x00000000eeb00000,0x00000000eed7b580,0x00000000eed80000)
  to   space 2560K, 0% used [0x00000000eed80000,0x00000000eed80000,0x00000000ef000000)
 ParOldGen       total 44032K, used 30797K [0x00000000c0000000, 0x00000000c2b00000, 0x00000000eab00000)
  object space 44032K, 69% used [0x00000000c0000000,0x00000000c1e13590,0x00000000c2b00000)
 Metaspace       used 6249K, capacity 7152K, committed 7296K, reserved 1056768K
  class space    used 591K, capacity 616K, committed 640K, reserved 1048576K
Event: 13.728 GC heap after
Heap after GC invocations=6 (full 1):
 PSYoungGen      total 68096K, used 0K [0x00000000eab00000, 0x00000000ef000000, 0x0000000100000000)
  eden space 65536K, 0% used [0x00000000eab00000,0x00000000eab00000,0x00000000eeb00000)
  from space 2560K, 0% used [0x00000000eeb00000,0x00000000eeb00000,0x00000000eed80000)
  to   space 2560K, 0% used [0x00000000eed80000,0x00000000eed80000,0x00000000ef000000)
 ParOldGen       total 67584K, used 29441K [0x00000000c0000000, 0x00000000c4200000, 0x00000000eab00000)
  object space 67584K, 43% used [0x00000000c0000000,0x00000000c1cc0468,0x00000000c4200000)
 Metaspace       used 6249K, capacity 7152K, committed 7296K, reserved 1056768K
  class space    used 591K, capacity 616K, committed 640K, reserved 1048576K
}
Event: 15.057 GC heap before
{Heap before GC invocations=7 (full 1):
 PSYoungGen      total 68096K, used 65536K [0x00000000eab00000, 0x00000000ef000000, 0x0000000100000000)
  eden space 65536K, 100% used [0x00000000eab00000,0x00000000eeb00000,0x00000000eeb00000)
  from space 2560K, 0% used [0x00000000eeb00000,0x00000000eeb00000,0x00000000eed80000)
  to   space 2560K, 0% used [0x00000000eed80000,0x00000000eed80000,0x00000000ef000000)
 ParOldGen       total 67584K, used 29441K [0x00000000c0000000, 0x00000000c4200000, 0x00000000eab00000)
  object space 67584K, 43% used [0x00000000c0000000,0x00000000c1cc0468,0x00000000c4200000)
 Metaspace       used 6286K, capacity 7152K, committed 7296K, reserved 1056768K
  class space    used 591K, capacity 616K, committed 640K, reserved 1048576K
Event: 15.156 GC heap after
Heap after GC invocations=7 (full 1):
 PSYoungGen      total 52736K, used 2557K [0x00000000eab00000, 0x00000000f3000000, 0x0000000100000000)
  eden space 50176K, 0% used [0x00000000eab00000,0x00000000eab00000,0x00000000edc00000)
  from space 2560K, 99% used [0x00000000eed80000,0x00000000eefff630,0x00000000ef000000)
  to   space 17920K, 0% used [0x00000000edc00000,0x00000000edc00000,0x00000000eed80000)
 ParOldGen       total 67584K, used 38954K [0x00000000c0000000, 0x00000000c4200000, 0x00000000eab00000)
  object space 67584K, 57% used [0x00000000c0000000,0x00000000c260abf8,0x00000000c4200000)
 Metaspace       used 6286K, capacity 7152K, committed 7296K, reserved 1056768K
  class space    used 591K, capacity 616K, committed 640K, reserved 1048576K
}
Event: 15.803 GC heap before
{Heap before GC invocations=8 (full 1):
 PSYoungGen      total 52736K, used 52733K [0x00000000eab00000, 0x00000000f3000000, 0x0000000100000000)
  eden space 50176K, 100% used [0x00000000eab00000,0x00000000edc00000,0x00000000edc00000)
  from space 2560K, 99% used [0x00000000eed80000,0x00000000eefff630,0x00000000ef000000)
  to   space 17920K, 0% used [0x00000000edc00000,0x00000000edc00000,0x00000000eed80000)
 ParOldGen       total 67584K, used 38954K [0x00000000c0000000, 0x00000000c4200000, 0x00000000eab00000)
  object space 67584K, 57% used [0x00000000c0000000,0x00000000c260abf8,0x00000000c4200000)
 Metaspace       used 6290K, capacity 7216K, committed 7296K, reserved 1056768K
  class space    used 591K, capacity 616K, committed 640K, reserved 1048576K
Event: 15.848 GC heap after
Heap after GC invocations=8 (full 1):
 PSYoungGen      total 68096K, used 11069K [0x00000000eab00000, 0x00000000f1780000, 0x0000000100000000)
  eden space 50176K, 0% used [0x00000000eab00000,0x00000000eab00000,0x00000000edc00000)
  from space 17920K, 61% used [0x00000000edc00000,0x00000000ee6cf630,0x00000000eed80000)
  to   space 17408K, 0% used [0x00000000f0680000,0x00000000f0680000,0x00000000f1780000)
 ParOldGen       total 67584K, used 38962K [0x00000000c0000000, 0x00000000c4200000, 0x00000000eab00000)
  object space 67584K, 57% used [0x00000000c0000000,0x00000000c260cbf8,0x00000000c4200000)
 Metaspace       used 6290K, capacity 7216K, committed 7296K, reserved 1056768K
  class space    used 591K, capacity 616K, committed 640K, reserved 1048576K
}

Deoptimization events (10 events):
Event: 18.338 Thread 0x000000000141d800 Uncommon trap: reason=class_check action=maybe_recompile pc=0x000000000323d45c method=java.util.Arrays.equals([Ljava/lang/Object;[Ljava/lang/Object;)Z @ 62
Event: 18.338 Thread 0x000000000141d800 Uncommon trap: reason=speculate_class_check action=maybe_recompile pc=0x000000000323f0c8 method=com.android.dx.util.FixedSizeList.equals(Ljava/lang/Object;)Z @ 25
Event: 18.338 Thread 0x000000000141d800 Uncommon trap: reason=class_check action=maybe_recompile pc=0x000000000323d45c method=java.util.Arrays.equals([Ljava/lang/Object;[Ljava/lang/Object;)Z @ 62
Event: 18.338 Thread 0x000000000141d800 Uncommon trap: reason=speculate_class_check action=maybe_recompile pc=0x000000000323f0c8 method=com.android.dx.util.FixedSizeList.equals(Ljava/lang/Object;)Z @ 25
Event: 18.338 Thread 0x000000000141d800 Uncommon trap: reason=class_check action=maybe_recompile pc=0x000000000323d45c method=java.util.Arrays.equals([Ljava/lang/Object;[Ljava/lang/Object;)Z @ 62
Event: 18.338 Thread 0x000000000141d800 Uncommon trap: reason=speculate_class_check action=maybe_recompile pc=0x000000000323f0c8 method=com.android.dx.util.FixedSizeList.equals(Ljava/lang/Object;)Z @ 25
Event: 18.338 Thread 0x000000000141d800 Uncommon trap: reason=class_check action=maybe_recompile pc=0x000000000323d45c method=java.util.Arrays.equals([Ljava/lang/Object;[Ljava/lang/Object;)Z @ 62
Event: 18.464 Thread 0x000000000141d800 Uncommon trap: reason=unstable_if action=reinterpret pc=0x000000000375df6c method=java.util.TreeMap.put(Ljava/lang/Object;Ljava/lang/Object;)Ljava/lang/Object; @ 163
Event: 18.819 Thread 0x000000000141d800 Uncommon trap: reason=class_check action=maybe_recompile pc=0x00000000039ce384 method=com.android.dx.dex.code.OutputFinisher.massageInstructions([Lcom/android/dx/dex/code/Dop;)V @ 63
Event: 18.828 Thread 0x000000000141d800 Uncommon trap: reason=unstable_if action=reinterpret pc=0x00000000038174e0 method=java.util.ArrayList.<init>(I)V @ 5

Internal exceptions (4 events):
Event: 0.210 Thread 0x000000000141d800 Exception <a 'java/lang/NoSuchMethodError': Method sun.misc.Unsafe.defineClass(Ljava/lang/String;[BII)Ljava/lang/Class; name or signature does not match> (0x00000000eab0d340) thrown at [C:\re\workspace\8-2-build-windows-amd64-cygwin\jdk8u60\4407\hotspot\sr£ª­”>ðÊ?
Event: 0.210 Thread 0x000000000141d800 Exception <a 'java/lang/NoSuchMethodError': Method sun.misc.Unsafe.prefetchRead(Ljava/lang/Object;J)V name or signature does not match> (0x00000000eab0d628) thrown at [C:\re\workspace\8-2-build-windows-amd64-cygwin\jdk8u60\4407\hotspot\src\share\vm\prims\j›‚\‰s,@
Event: 14.061 Thread 0x0000000017138800 Implicit null exception at 0x000000000319bc20 to 0x000000000319d385
Event: 18.157 Thread 0x000000000141d800 Implicit null exception at 0x000000000398ed44 to 0x000000000398f6ed

Events (10 events):
Event: 18.826 loading class com/android/dx/dex/file/DebugInfoEncoder done
Event: 18.828 Thread 0x000000000141d800 Uncommon trap: trap_request=0xffffff65 fr.pc=0x00000000038174e0
Event: 18.828 Thread 0x000000000141d800 DEOPT PACKING pc=0x00000000038174e0 sp=0x0000000002caf050
Event: 18.828 Thread 0x000000000141d800 DEOPT UNPACKING pc=0x0000000002ef582a sp=0x0000000002caeff8 mode 2
Event: 18.828 loading class com/android/dx/dex/file/DebugInfoEncoder$1
Event: 18.828 loading class com/android/dx/dex/file/DebugInfoEncoder$1 done
Event: 18.828 loading class com/android/dx/dex/file/DebugInfoEncoder$2
Event: 18.828 loading class com/android/dx/dex/file/DebugInfoEncoder$2 done
Event: 18.867 loading class com/android/dex/EncodedValueCodec
Event: 18.867 loading class com/android/dex/EncodedValueCodec done


Dynamic libraries:
0x00007ff7f22e0000 - 0x00007ff7f2317000 	C:\Program Files\Java\jdk1.8.0_60\bin\java.exe
0x00007ffe033e0000 - 0x00007ffe035a1000 	C:\WINDOWS\SYSTEM32\ntdll.dll
0x00007ffe019a0000 - 0x00007ffe01a4d000 	C:\WINDOWS\system32\KERNEL32.DLL
0x00007ffdfff00000 - 0x00007ffe000dd000 	C:\WINDOWS\system32\KERNELBASE.dll
0x00007ffe01a50000 - 0x00007ffe01af6000 	C:\WINDOWS\system32\ADVAPI32.dll
0x00007ffe01880000 - 0x00007ffe0191d000 	C:\WINDOWS\system32\msvcrt.dll
0x00007ffe014a0000 - 0x00007ffe014fb000 	C:\WINDOWS\system32\sechost.dll
0x00007ffe03160000 - 0x00007ffe03286000 	C:\WINDOWS\system32\RPCRT4.dll
0x00007ffe03290000 - 0x00007ffe033de000 	C:\WINDOWS\system32\USER32.dll
0x00007ffe01310000 - 0x00007ffe01496000 	C:\WINDOWS\system32\GDI32.dll
0x00007ffdfa000000 - 0x00007ffdfa274000 	C:\WINDOWS\WinSxS\amd64_microsoft.windows.common-controls_6595b64144ccf1df_6.0.10240.16384_none_f41f7b285750ef43\COMCTL32.dll
0x00007ffe00ad0000 - 0x00007ffe00b06000 	C:\WINDOWS\system32\IMM32.DLL
0x00007ffe011b0000 - 0x00007ffe0130c000 	C:\WINDOWS\system32\MSCTF.dll
0x00000000701f0000 - 0x00000000702c2000 	C:\Program Files\Java\jdk1.8.0_60\jre\bin\msvcr100.dll
0x0000000070670000 - 0x0000000070ef9000 	C:\Program Files\Java\jdk1.8.0_60\jre\bin\server\jvm.dll
0x00007ffe016d0000 - 0x00007ffe016d8000 	C:\WINDOWS\system32\PSAPI.DLL
0x00007ffdf9b00000 - 0x00007ffdf9b09000 	C:\WINDOWS\SYSTEM32\WSOCK32.dll
0x00007ffe00c60000 - 0x00007ffe00cc9000 	C:\WINDOWS\system32\WS2_32.dll
0x00007ffe00ab0000 - 0x00007ffe00ab8000 	C:\WINDOWS\system32\NSI.dll
0x00007ffdfe0a0000 - 0x00007ffdfe0c3000 	C:\WINDOWS\SYSTEM32\WINMM.dll
0x00007ffdfce00000 - 0x00007ffdfce0a000 	C:\WINDOWS\SYSTEM32\VERSION.dll
0x00007ffdfbbe0000 - 0x00007ffdfbc0c000 	C:\WINDOWS\SYSTEM32\WINMMBASE.dll
0x00007ffdffeb0000 - 0x00007ffdffef4000 	C:\WINDOWS\system32\cfgmgr32.dll
0x00007ffdfe780000 - 0x00007ffdfe7a7000 	C:\WINDOWS\SYSTEM32\DEVOBJ.dll
0x0000000070660000 - 0x000000007066f000 	C:\Program Files\Java\jdk1.8.0_60\jre\bin\verify.dll
0x0000000070630000 - 0x0000000070659000 	C:\Program Files\Java\jdk1.8.0_60\jre\bin\java.dll
0x0000000070610000 - 0x0000000070626000 	C:\Program Files\Java\jdk1.8.0_60\jre\bin\zip.dll
0x00007ffe01b70000 - 0x00007ffe03092000 	C:\WINDOWS\system32\SHELL32.dll
0x00007ffe000e0000 - 0x00007ffe00708000 	C:\WINDOWS\system32\windows.storage.dll
0x00007ffe00e80000 - 0x00007ffe010fc000 	C:\WINDOWS\system32\combase.dll
0x00007ffe016e0000 - 0x00007ffe01731000 	C:\WINDOWS\system32\shlwapi.dll
0x00007ffdffe10000 - 0x00007ffdffe1f000 	C:\WINDOWS\system32\kernel.appcore.dll
0x00007ffe009f0000 - 0x00007ffe00aa3000 	C:\WINDOWS\system32\shcore.dll
0x00007ffdffe60000 - 0x00007ffdffeaa000 	C:\WINDOWS\system32\powrprof.dll
0x00007ffdffe20000 - 0x00007ffdffe33000 	C:\WINDOWS\system32\profapi.dll

VM Arguments:
jvm_args: -Djava.awt.headless=true -Xmx1024M -Dfile.encoding=windows-1252 -Duser.country=US -Duser.language=en -Duser.variant 
java_command: com.android.dx.command.Main --dex --num-threads=4 --output C:\Users\Murlli Maraati\Desktop\FMR\steller16-12-2015-6pm\StellarFMR\app\build\intermediates\pre-dexed\debug\com.google.android.gms-play-services-games-8.3.0_02f3c3e4848fff39b618da9a549c5155afdd4ead.jar C:\Users\Murlli Maraati\Desktop\FMR\steller16-12-2015-6pm\StellarFMR\app\build\intermediates\exploded-aar\com.google.android.gms\play-services-games\8.3.0\jars\classes.jar
java_class_path (initial): D:\Azahar\sdk\build-tools\23.0.1\lib\dx.jar
Launcher Type: SUN_STANDARD

Environment Variables:
PATH=C:\ProgramData\Oracle\Java\javapath;C:\WINDOWS\system32;C:\WINDOWS;C:\WINDOWS\System32\Wbem;C:\WINDOWS\System32\WindowsPowerShell\v1.0\;C:\Program Files (x86)\Skype\Phone\;C:\Program Files (x86)\Windows Kits\8.1\Windows Performance Toolkit\;C:\Program Files (x86)\Microsoft SDKs\TypeScript\1.0\;C:\Program Files\Microsoft SQL Server\110\Tools\Binn\
USERNAME=Murlli Maraati
OS=Windows_NT
PROCESSOR_IDENTIFIER=Intel64 Family 6 Model 42 Stepping 7, GenuineIntel



---------------  S Y S T E M  ---------------

OS: Windows 10.0 , 64 bit Build 10240 (10.0.10240.16384)

CPU:total 4 (2 cores per cpu, 2 threads per core) family 6 model 42 stepping 7, cmov, cx8, fxsr, mmx, sse, sse2, sse3, ssse3, sse4.1, sse4.2, popcnt, avx, aes, clmul, ht, tsc, tscinvbit

Memory: 4k page, physical 4175724k(495012k free), swap 16758636k(117292k free)

vm_info: Java HotSpot(TM) 64-Bit Server VM (25.60-b23) for windows-amd64 JRE (1.8.0_60-b27), built on Aug  4 2015 11:06:27 by "java_re" with MS VC++ 10.0 (VS2010)

time: Tue Jan 05 18:57:25 2016
elapsed time: 19 seconds (0d 0h 0m 19s)

