#
# There is insufficient memory for the Java Runtime Environment to continue.
# Native memory allocation (malloc) failed to allocate 32744 bytes for ChunkPool::allocate
# Possible reasons:
#   The system is out of physical RAM or swap space
#   In 32 bit mode, the process size limit was hit
# Possible solutions:
#   Reduce memory load on the system
#   Increase physical memory or swap space
#   Check if swap backing store is full
#   Use 64 bit Java on a 64 bit OS
#   Decrease Java heap size (-Xmx/-Xms)
#   Decrease number of Java threads
#   Decrease Java thread stack sizes (-Xss)
#   Set larger code cache with -XX:ReservedCodeCacheSize=
# This output file may be truncated or incomplete.
#
#  Out of Memory Error (allocation.cpp:273), pid=10836, tid=6432
#
# JRE version: Java(TM) SE Runtime Environment (8.0_60-b27) (build 1.8.0_60-b27)
# Java VM: Java HotSpot(TM) 64-Bit Server VM (25.60-b23 mixed mode windows-amd64 compressed oops)
# Failed to write core dump. Minidumps are not enabled by default on client versions of Windows
#

---------------  T H R E A D  ---------------

Current thread (0x000000001538d000):  JavaThread "C1 CompilerThread2" daemon [_thread_in_native, id=6432, stack(0x0000000016b80000,0x0000000016c80000)]

Stack: [0x0000000016b80000,0x0000000016c80000]
[error occurred during error reporting (printing stack bounds), id 0xc0000005]

Native frames: (J=compiled Java code, j=interpreted, Vv=VM code, C=native code)


Current CompileTask:
C1:    932   87       3       sun.nio.cs.UTF_8$Decoder::decode (779 bytes)


---------------  P R O C E S S  ---------------

Java Threads: ( => current thread )
  0x000000001538e800 JavaThread "Service Thread" daemon [_thread_blocked, id=5228, stack(0x0000000017080000,0x0000000017180000)]
=>0x000000001538d000 JavaThread "C1 CompilerThread2" daemon [_thread_in_native, id=6432, stack(0x0000000016b80000,0x0000000016c80000)]
  0x0000000015330800 JavaThread "C2 CompilerThread1" daemon [_thread_blocked, id=3940, stack(0x0000000016a80000,0x0000000016b80000)]
  0x000000001532d000 JavaThread "C2 CompilerThread0" daemon [_thread_blocked, id=10324, stack(0x0000000016980000,0x0000000016a80000)]
  0x000000001532b800 JavaThread "Attach Listener" daemon [_thread_blocked, id=8216, stack(0x0000000016880000,0x0000000016980000)]
  0x000000001532a000 JavaThread "Signal Dispatcher" daemon [_thread_blocked, id=5736, stack(0x0000000016780000,0x0000000016880000)]
  0x0000000002c51800 JavaThread "Finalizer" daemon [_thread_blocked, id=8168, stack(0x00000000165a0000,0x00000000166a0000)]
  0x0000000002c4e800 JavaThread "Reference Handler" daemon [_thread_blocked, id=11508, stack(0x00000000164a0000,0x00000000165a0000)]
  0x000000000288d800 JavaThread "main" [_thread_in_native, id=4712, stack(0x00000000028d0000,0x00000000029d0000)]

Other Threads:
  0x00000000152f6800 VMThread [stack: 0x00000000163a0000,0x00000000164a0000] [id=4172]
  0x0000000016c8a800 WatcherThread [stack: 0x0000000017180000,0x0000000017280000] [id=6360]

VM state:not at safepoint (normal execution)

VM Mutex/Monitor currently owned by a thread: None

Heap:
 PSYoungGen      total 18944K, used 2318K [0x00000000eab00000, 0x00000000ec000000, 0x0000000100000000)
  eden space 16384K, 14% used [0x00000000eab00000,0x00000000ead43b58,0x00000000ebb00000)
  from space 2560K, 0% used [0x00000000ebd80000,0x00000000ebd80000,0x00000000ec000000)
  to   space 2560K, 0% used [0x00000000ebb00000,0x00000000ebb00000,0x00000000ebd80000)
 ParOldGen       total 44032K, used 0K [0x00000000c0000000, 0x00000000c2b00000, 0x00000000eab00000)
  object space 44032K, 0% used [0x00000000c0000000,0x00000000c0000000,0x00000000c2b00000)
 Metaspace       used 3248K, capacity 4720K, committed 4864K, reserved 1056768K
  class space    used 361K, capacity 424K, committed 512K, reserved 1048576K

Card table byte_map: [0x0000000012020000,0x0000000012230000] byte_map_base: 0x0000000011a20000

Marking Bits: (ParMarkBitMap*) 0x0000000070e7a5b0
 Begin Bits: [0x0000000012790000, 0x0000000013790000)
 End Bits:   [0x0000000013790000, 0x0000000014790000)

Polling page: 0x0000000002870000

CodeCache: size=245760Kb used=1211Kb max_used=1211Kb free=244548Kb
 bounds [0x0000000002c60000, 0x0000000002ed0000, 0x0000000011c60000]
 total_blobs=329 nmethods=89 adapters=153
 compilation: enabled

Compilation events (10 events):
Event: 0.851 Thread 0x000000001538d000 nmethod 79 0x0000000002d8c790 code [0x0000000002d8c900, 0x0000000002d8cb08]
Event: 0.921 Thread 0x000000001538d000   81       3       java.util.zip.ZipFile::access$400 (5 bytes)
Event: 0.921 Thread 0x000000001538d000 nmethod 81 0x0000000002d8cf90 code [0x0000000002d8d0e0, 0x0000000002d8d210]
Event: 0.922 Thread 0x000000001538d000   83       1       java.util.zip.ZipFile::access$300 (5 bytes)
Event: 0.922 Thread 0x000000001538d000 nmethod 83 0x0000000002d8d690 code [0x0000000002d8d7e0, 0x0000000002d8d8d0]
Event: 0.922 Thread 0x000000001538d000   84       3       java.util.zip.ZipFile::ensureOpen (37 bytes)
Event: 0.922 Thread 0x000000001538d000 nmethod 84 0x0000000002d8d950 code [0x0000000002d8dae0, 0x0000000002d8ddb8]
Event: 0.922 Thread 0x000000001538d000   85       1       java.util.zip.ZipCoder::isUTF8 (5 bytes)
Event: 0.923 Thread 0x000000001538d000 nmethod 85 0x0000000002d8ded0 code [0x0000000002d8e020, 0x0000000002d8e130]
Event: 0.924 Thread 0x000000001538d000   87       3       sun.nio.cs.UTF_8$Decoder::decode (779 bytes)

GC Heap History (0 events):
No events

Deoptimization events (0 events):
No events

Internal exceptions (2 events):
Event: 0.136 Thread 0x000000000288d800 Exception <a 'java/lang/NoSuchMethodError': Method sun.misc.Unsafe.defineClass(Ljava/lang/String;[BII)Ljava/lang/Class; name or signature does not match> (0x00000000eab0d3f0) thrown at [C:\re\workspace\8-2-build-windows-amd64-cygwin\jdk8u60\4407\hotspot\srk±?-ÿeÁ?
Event: 0.136 Thread 0x000000000288d800 Exception <a 'java/lang/NoSuchMethodError': Method sun.misc.Unsafe.prefetchRead(Ljava/lang/Object;J)V name or signature does not match> (0x00000000eab0d6d8) thrown at [C:\re\workspace\8-2-build-windows-amd64-cygwin\jdk8u60\4407\hotspot\src\share\vm\prims\j

Events (10 events):
Event: 0.848 loading class java/util/concurrent/LinkedBlockingQueue$Node
Event: 0.848 loading class java/util/concurrent/LinkedBlockingQueue$Node done
Event: 0.849 loading class com/android/dx/cf/direct/ClassPathOpener
Event: 0.849 loading class com/android/dx/cf/direct/ClassPathOpener done
Event: 0.850 loading class com/android/dx/cf/direct/ClassPathOpener$1
Event: 0.850 loading class com/android/dx/cf/direct/ClassPathOpener$1 done
Event: 0.850 loading class com/android/dx/command/dexer/Main$FileBytesConsumer
Event: 0.850 loading class com/android/dx/command/dexer/Main$FileBytesConsumer done
Event: 0.852 loading class java/util/zip/ZipFile$ZipEntryIterator
Event: 0.920 loading class java/util/zip/ZipFile$ZipEntryIterator done


Dynamic libraries:
0x00007ff7f22e0000 - 0x00007ff7f2317000 	C:\Program Files\Java\jdk1.8.0_60\bin\java.exe
0x00007ffe033e0000 - 0x00007ffe035a1000 	C:\WINDOWS\SYSTEM32\ntdll.dll
0x00007ffe019a0000 - 0x00007ffe01a4d000 	C:\WINDOWS\system32\KERNEL32.DLL
0x00007ffdfff00000 - 0x00007ffe000dd000 	C:\WINDOWS\system32\KERNELBASE.dll
0x00007ffe01a50000 - 0x00007ffe01af6000 	C:\WINDOWS\system32\ADVAPI32.dll
0x00007ffe01880000 - 0x00007ffe0191d000 	C:\WINDOWS\system32\msvcrt.dll
0x00007ffe014a0000 - 0x00007ffe014fb000 	C:\WINDOWS\system32\sechost.dll
0x00007ffe03160000 - 0x00007ffe03286000 	C:\WINDOWS\system32\RPCRT4.dll
0x00007ffe03290000 - 0x00007ffe033de000 	C:\WINDOWS\system32\USER32.dll
0x00007ffe01310000 - 0x00007ffe01496000 	C:\WINDOWS\system32\GDI32.dll
0x00007ffdfa000000 - 0x00007ffdfa274000 	C:\WINDOWS\WinSxS\amd64_microsoft.windows.common-controls_6595b64144ccf1df_6.0.10240.16384_none_f41f7b285750ef43\COMCTL32.dll
0x00007ffe00ad0000 - 0x00007ffe00b06000 	C:\WINDOWS\system32\IMM32.DLL
0x00007ffe011b0000 - 0x00007ffe0130c000 	C:\WINDOWS\system32\MSCTF.dll
0x00000000701f0000 - 0x00000000702c2000 	C:\Program Files\Java\jdk1.8.0_60\jre\bin\msvcr100.dll
0x0000000070670000 - 0x0000000070ef9000 	C:\Program Files\Java\jdk1.8.0_60\jre\bin\server\jvm.dll
0x00007ffe016d0000 - 0x00007ffe016d8000 	C:\WINDOWS\system32\PSAPI.DLL
0x00007ffdf9b00000 - 0x00007ffdf9b09000 	C:\WINDOWS\SYSTEM32\WSOCK32.dll
0x00007ffe00c60000 - 0x00007ffe00cc9000 	C:\WINDOWS\system32\WS2_32.dll
0x00007ffe00ab0000 - 0x00007ffe00ab8000 	C:\WINDOWS\system32\NSI.dll
0x00007ffdfe0a0000 - 0x00007ffdfe0c3000 	C:\WINDOWS\SYSTEM32\WINMM.dll
0x00007ffdfce00000 - 0x00007ffdfce0a000 	C:\WINDOWS\SYSTEM32\VERSION.dll
0x00007ffdfbbe0000 - 0x00007ffdfbc0c000 	C:\WINDOWS\SYSTEM32\WINMMBASE.dll
0x00007ffdffeb0000 - 0x00007ffdffef4000 	C:\WINDOWS\system32\cfgmgr32.dll
0x00007ffdfe780000 - 0x00007ffdfe7a7000 	C:\WINDOWS\SYSTEM32\DEVOBJ.dll
0x0000000070660000 - 0x000000007066f000 	C:\Program Files\Java\jdk1.8.0_60\jre\bin\verify.dll
0x0000000070630000 - 0x0000000070659000 	C:\Program Files\Java\jdk1.8.0_60\jre\bin\java.dll
0x0000000070610000 - 0x0000000070626000 	C:\Program Files\Java\jdk1.8.0_60\jre\bin\zip.dll
0x00007ffe01b70000 - 0x00007ffe03092000 	C:\WINDOWS\system32\SHELL32.dll
0x00007ffe000e0000 - 0x00007ffe00708000 	C:\WINDOWS\system32\windows.storage.dll
0x00007ffe00e80000 - 0x00007ffe010fc000 	C:\WINDOWS\system32\combase.dll
0x00007ffe016e0000 - 0x00007ffe01731000 	C:\WINDOWS\system32\shlwapi.dll
0x00007ffdffe10000 - 0x00007ffdffe1f000 	C:\WINDOWS\system32\kernel.appcore.dll
0x00007ffe009f0000 - 0x00007ffe00aa3000 	C:\WINDOWS\system32\shcore.dll
0x00007ffdffe60000 - 0x00007ffdffeaa000 	C:\WINDOWS\system32\powrprof.dll
0x00007ffdffe20000 - 0x00007ffdffe33000 	C:\WINDOWS\system32\profapi.dll

VM Arguments:
jvm_args: -Djava.awt.headless=true -Xmx1024M -Dfile.encoding=windows-1252 -Duser.country=US -Duser.language=en -Duser.variant 
java_command: com.android.dx.command.Main --dex --num-threads=4 --output C:\Users\Murlli Maraati\Desktop\FMR\steller16-12-2015-6pm\StellarFMR\app\build\intermediates\pre-dexed\debug\ion-2.1.6_77b39823c22e12975415961ab27afb0d36c2024b.jar C:\Users\Murlli Maraati\.gradle\caches\modules-2\files-2.1\com.koushikdutta.ion\ion\2.1.6\cd55ef3ba6d8b62838b658ba2507b019dffb3a08\ion-2.1.6.jar
java_class_path (initial): D:\Azahar\sdk\build-tools\23.0.1\lib\dx.jar
Launcher Type: SUN_STANDARD

Environment Variables:
PATH=C:\ProgramData\Oracle\Java\javapath;C:\WINDOWS\system32;C:\WINDOWS;C:\WINDOWS\System32\Wbem;C:\WINDOWS\System32\WindowsPowerShell\v1.0\;C:\Program Files (x86)\Skype\Phone\;C:\Program Files (x86)\Windows Kits\8.1\Windows Performance Toolkit\;C:\Program Files (x86)\Microsoft SDKs\TypeScript\1.0\;C:\Program Files\Microsoft SQL Server\110\Tools\Binn\
USERNAME=Murlli Maraati
OS=Windows_NT
PROCESSOR_IDENTIFIER=Intel64 Family 6 Model 42 Stepping 7, GenuineIntel



---------------  S Y S T E M  ---------------

OS: Windows 10.0 , 64 bit Build 10240 (10.0.10240.16384)

CPU:total 4 (2 cores per cpu, 2 threads per core) family 6 model 42 stepping 7, cmov, cx8, fxsr, mmx, sse, sse2, sse3, ssse3, sse4.1, sse4.2, popcnt, avx, aes, clmul, ht, tsc, tscinvbit

Memory: 4k page, physical 4175724k(163372k free), swap 16758636k(3800k free)

vm_info: Java HotSpot(TM) 64-Bit Server VM (25.60-b23) for windows-amd64 JRE (1.8.0_60-b27), built on Aug  4 2015 11:06:27 by "java_re" with MS VC++ 10.0 (VS2010)

time: Tue Jan 05 18:55:41 2016
elapsed time: 1 seconds (0d 0h 0m 1s)

