#
# There is insufficient memory for the Java Runtime Environment to continue.
# Native memory allocation (malloc) failed to allocate 32744 bytes for ChunkPool::allocate
# Possible reasons:
#   The system is out of physical RAM or swap space
#   In 32 bit mode, the process size limit was hit
# Possible solutions:
#   Reduce memory load on the system
#   Increase physical memory or swap space
#   Check if swap backing store is full
#   Use 64 bit Java on a 64 bit OS
#   Decrease Java heap size (-Xmx/-Xms)
#   Decrease number of Java threads
#   Decrease Java thread stack sizes (-Xss)
#   Set larger code cache with -XX:ReservedCodeCacheSize=
# This output file may be truncated or incomplete.
#
#  Out of Memory Error (allocation.cpp:273), pid=12772, tid=11520
#
# JRE version: Java(TM) SE Runtime Environment (8.0_60-b27) (build 1.8.0_60-b27)
# Java VM: Java HotSpot(TM) 64-Bit Server VM (25.60-b23 mixed mode windows-amd64 compressed oops)
# Failed to write core dump. Minidumps are not enabled by default on client versions of Windows
#

---------------  T H R E A D  ---------------

Current thread (0x0000000014a3d800):  JavaThread "C1 CompilerThread2" daemon [_thread_in_native, id=11520, stack(0x0000000016210000,0x0000000016310000)]

Stack: [0x0000000016210000,0x0000000016310000]
[error occurred during error reporting (printing stack bounds), id 0xc0000005]

Native frames: (J=compiled Java code, j=interpreted, Vv=VM code, C=native code)


Current CompileTask:
C1:   1103   84       3       sun.nio.cs.UTF_8$Decoder::decode (779 bytes)


---------------  P R O C E S S  ---------------

Java Threads: ( => current thread )
  0x0000000016312800 JavaThread "Service Thread" daemon [_thread_blocked, id=8112, stack(0x0000000016710000,0x0000000016810000)]
=>0x0000000014a3d800 JavaThread "C1 CompilerThread2" daemon [_thread_in_native, id=11520, stack(0x0000000016210000,0x0000000016310000)]
  0x00000000149e1000 JavaThread "C2 CompilerThread1" daemon [_thread_blocked, id=14640, stack(0x0000000016110000,0x0000000016210000)]
  0x00000000149dd800 JavaThread "C2 CompilerThread0" daemon [_thread_blocked, id=2328, stack(0x0000000016010000,0x0000000016110000)]
  0x00000000149dc800 JavaThread "Attach Listener" daemon [_thread_blocked, id=15604, stack(0x0000000015f10000,0x0000000016010000)]
  0x00000000149db000 JavaThread "Signal Dispatcher" daemon [_thread_blocked, id=3320, stack(0x0000000015e10000,0x0000000015f10000)]
  0x0000000002302000 JavaThread "Finalizer" daemon [_thread_blocked, id=15680, stack(0x0000000015c30000,0x0000000015d30000)]
  0x00000000022ff000 JavaThread "Reference Handler" daemon [_thread_blocked, id=5032, stack(0x0000000015b30000,0x0000000015c30000)]
  0x000000000220d800 JavaThread "main" [_thread_in_native, id=11104, stack(0x00000000020b0000,0x00000000021b0000)]

Other Threads:
  0x00000000149a6800 VMThread [stack: 0x0000000015a30000,0x0000000015b30000] [id=3020]
  0x0000000016315800 WatcherThread [stack: 0x0000000016810000,0x0000000016910000] [id=6068]

VM state:not at safepoint (normal execution)

VM Mutex/Monitor currently owned by a thread: None

Heap:
 PSYoungGen      total 18944K, used 2311K [0x00000000eab00000, 0x00000000ec000000, 0x0000000100000000)
  eden space 16384K, 14% used [0x00000000eab00000,0x00000000ead41cc0,0x00000000ebb00000)
  from space 2560K, 0% used [0x00000000ebd80000,0x00000000ebd80000,0x00000000ec000000)
  to   space 2560K, 0% used [0x00000000ebb00000,0x00000000ebb00000,0x00000000ebd80000)
 ParOldGen       total 44032K, used 0K [0x00000000c0000000, 0x00000000c2b00000, 0x00000000eab00000)
  object space 44032K, 0% used [0x00000000c0000000,0x00000000c0000000,0x00000000c2b00000)
 Metaspace       used 3251K, capacity 4720K, committed 4864K, reserved 1056768K
  class space    used 362K, capacity 424K, committed 512K, reserved 1048576K

Card table byte_map: [0x00000000116d0000,0x00000000118e0000] byte_map_base: 0x00000000110d0000

Marking Bits: (ParMarkBitMap*) 0x0000000070e7a5b0
 Begin Bits: [0x0000000011e40000, 0x0000000012e40000)
 End Bits:   [0x0000000012e40000, 0x0000000013e40000)

Polling page: 0x00000000005f0000

CodeCache: size=245760Kb used=1210Kb max_used=1210Kb free=244549Kb
 bounds [0x0000000002310000, 0x0000000002580000, 0x0000000011310000]
 total_blobs=326 nmethods=86 adapters=153
 compilation: enabled

Compilation events (10 events):
Event: 1.030 Thread 0x0000000014a3d800 nmethod 76 0x000000000243b950 code [0x000000000243bb00, 0x000000000243c150]
Event: 1.079 Thread 0x0000000014a3d800   78       3       java.util.zip.ZipFile::access$400 (5 bytes)
Event: 1.079 Thread 0x0000000014a3d800 nmethod 78 0x000000000243c8d0 code [0x000000000243ca20, 0x000000000243cb50]
Event: 1.080 Thread 0x0000000014a3d800   80       1       java.util.zip.ZipFile::access$300 (5 bytes)
Event: 1.080 Thread 0x0000000014a3d800 nmethod 80 0x000000000243cfd0 code [0x000000000243d120, 0x000000000243d210]
Event: 1.081 Thread 0x0000000014a3d800   81       3       java.util.zip.ZipFile::ensureOpen (37 bytes)
Event: 1.081 Thread 0x0000000014a3d800 nmethod 81 0x000000000243d290 code [0x000000000243d420, 0x000000000243d6f8]
Event: 1.081 Thread 0x0000000014a3d800   82       1       java.util.zip.ZipCoder::isUTF8 (5 bytes)
Event: 1.081 Thread 0x0000000014a3d800 nmethod 82 0x000000000243d810 code [0x000000000243d960, 0x000000000243da70]
Event: 1.083 Thread 0x0000000014a3d800   84       3       sun.nio.cs.UTF_8$Decoder::decode (779 bytes)

GC Heap History (0 events):
No events

Deoptimization events (0 events):
No events

Internal exceptions (2 events):
Event: 0.283 Thread 0x000000000220d800 Exception <a 'java/lang/NoSuchMethodError': Method sun.misc.Unsafe.defineClass(Ljava/lang/String;[BII)Ljava/lang/Class; name or signature does not match> (0x00000000eab0d480) thrown at [C:\re\workspace\8-2-build-windows-amd64-cygwin\jdk8u60\4407\hotspot\sr€=7ûA“?
Event: 0.283 Thread 0x000000000220d800 Exception <a 'java/lang/NoSuchMethodError': Method sun.misc.Unsafe.prefetchRead(Ljava/lang/Object;J)V name or signature does not match> (0x00000000eab0d768) thrown at [C:\re\workspace\8-2-build-windows-amd64-cygwin\jdk8u60\4407\hotspot\src\share\vm\prims\j

Events (10 events):
Event: 1.027 loading class java/util/concurrent/LinkedBlockingQueue$Node
Event: 1.027 loading class java/util/concurrent/LinkedBlockingQueue$Node done
Event: 1.027 loading class com/android/dx/cf/direct/ClassPathOpener
Event: 1.027 loading class com/android/dx/cf/direct/ClassPathOpener done
Event: 1.028 loading class com/android/dx/cf/direct/ClassPathOpener$1
Event: 1.028 loading class com/android/dx/cf/direct/ClassPathOpener$1 done
Event: 1.029 loading class com/android/dx/command/dexer/Main$FileBytesConsumer
Event: 1.029 loading class com/android/dx/command/dexer/Main$FileBytesConsumer done
Event: 1.031 loading class java/util/zip/ZipFile$ZipEntryIterator
Event: 1.078 loading class java/util/zip/ZipFile$ZipEntryIterator done


Dynamic libraries:
0x00007ff7f22e0000 - 0x00007ff7f2317000 	C:\Program Files\Java\jdk1.8.0_60\bin\java.exe
0x00007ffe033e0000 - 0x00007ffe035a1000 	C:\WINDOWS\SYSTEM32\ntdll.dll
0x00007ffe019a0000 - 0x00007ffe01a4d000 	C:\WINDOWS\system32\KERNEL32.DLL
0x00007ffdfff00000 - 0x00007ffe000dd000 	C:\WINDOWS\system32\KERNELBASE.dll
0x00007ffe01a50000 - 0x00007ffe01af6000 	C:\WINDOWS\system32\ADVAPI32.dll
0x00007ffe01880000 - 0x00007ffe0191d000 	C:\WINDOWS\system32\msvcrt.dll
0x00007ffe014a0000 - 0x00007ffe014fb000 	C:\WINDOWS\system32\sechost.dll
0x00007ffe03160000 - 0x00007ffe03286000 	C:\WINDOWS\system32\RPCRT4.dll
0x00007ffe03290000 - 0x00007ffe033de000 	C:\WINDOWS\system32\USER32.dll
0x00007ffe01310000 - 0x00007ffe01496000 	C:\WINDOWS\system32\GDI32.dll
0x00007ffdfa000000 - 0x00007ffdfa274000 	C:\WINDOWS\WinSxS\amd64_microsoft.windows.common-controls_6595b64144ccf1df_6.0.10240.16384_none_f41f7b285750ef43\COMCTL32.dll
0x00007ffe00ad0000 - 0x00007ffe00b06000 	C:\WINDOWS\system32\IMM32.DLL
0x00007ffe011b0000 - 0x00007ffe0130c000 	C:\WINDOWS\system32\MSCTF.dll
0x00000000701f0000 - 0x00000000702c2000 	C:\Program Files\Java\jdk1.8.0_60\jre\bin\msvcr100.dll
0x0000000070670000 - 0x0000000070ef9000 	C:\Program Files\Java\jdk1.8.0_60\jre\bin\server\jvm.dll
0x00007ffe016d0000 - 0x00007ffe016d8000 	C:\WINDOWS\system32\PSAPI.DLL
0x00007ffdf9b00000 - 0x00007ffdf9b09000 	C:\WINDOWS\SYSTEM32\WSOCK32.dll
0x00007ffe00c60000 - 0x00007ffe00cc9000 	C:\WINDOWS\system32\WS2_32.dll
0x00007ffe00ab0000 - 0x00007ffe00ab8000 	C:\WINDOWS\system32\NSI.dll
0x00007ffdfe0a0000 - 0x00007ffdfe0c3000 	C:\WINDOWS\SYSTEM32\WINMM.dll
0x00007ffdfce00000 - 0x00007ffdfce0a000 	C:\WINDOWS\SYSTEM32\VERSION.dll
0x00007ffdfbbe0000 - 0x00007ffdfbc0c000 	C:\WINDOWS\SYSTEM32\WINMMBASE.dll
0x00007ffdffeb0000 - 0x00007ffdffef4000 	C:\WINDOWS\system32\cfgmgr32.dll
0x00007ffdfe780000 - 0x00007ffdfe7a7000 	C:\WINDOWS\SYSTEM32\DEVOBJ.dll
0x0000000070660000 - 0x000000007066f000 	C:\Program Files\Java\jdk1.8.0_60\jre\bin\verify.dll
0x0000000070630000 - 0x0000000070659000 	C:\Program Files\Java\jdk1.8.0_60\jre\bin\java.dll
0x0000000070610000 - 0x0000000070626000 	C:\Program Files\Java\jdk1.8.0_60\jre\bin\zip.dll
0x00007ffe01b70000 - 0x00007ffe03092000 	C:\WINDOWS\system32\SHELL32.dll
0x00007ffe000e0000 - 0x00007ffe00708000 	C:\WINDOWS\system32\windows.storage.dll
0x00007ffe00e80000 - 0x00007ffe010fc000 	C:\WINDOWS\system32\combase.dll
0x00007ffe016e0000 - 0x00007ffe01731000 	C:\WINDOWS\system32\shlwapi.dll
0x00007ffdffe10000 - 0x00007ffdffe1f000 	C:\WINDOWS\system32\kernel.appcore.dll
0x00007ffe009f0000 - 0x00007ffe00aa3000 	C:\WINDOWS\system32\shcore.dll
0x00007ffdffe60000 - 0x00007ffdffeaa000 	C:\WINDOWS\system32\powrprof.dll
0x00007ffdffe20000 - 0x00007ffdffe33000 	C:\WINDOWS\system32\profapi.dll

VM Arguments:
jvm_args: -Djava.awt.headless=true -Xmx1024M -Dfile.encoding=windows-1252 -Duser.country=US -Duser.language=en -Duser.variant 
java_command: com.android.dx.command.Main --dex --num-threads=4 --output C:\Users\Murlli Maraati\Desktop\FMR\steller16-12-2015-6pm\StellarFMR\app\build\intermediates\pre-dexed\debug\com.google.android.gms-play-services-fitness-8.3.0_e435f61dbc48576ace52a5aa5cd2a60c24107f54.jar C:\Users\Murlli Maraati\Desktop\FMR\steller16-12-2015-6pm\StellarFMR\app\build\intermediates\exploded-aar\com.google.android.gms\play-services-fitness\8.3.0\jars\classes.jar
java_class_path (initial): D:\Azahar\sdk\build-tools\23.0.1\lib\dx.jar
Launcher Type: SUN_STANDARD

Environment Variables:
PATH=C:\ProgramData\Oracle\Java\javapath;C:\WINDOWS\system32;C:\WINDOWS;C:\WINDOWS\System32\Wbem;C:\WINDOWS\System32\WindowsPowerShell\v1.0\;C:\Program Files (x86)\Skype\Phone\;C:\Program Files (x86)\Windows Kits\8.1\Windows Performance Toolkit\;C:\Program Files (x86)\Microsoft SDKs\TypeScript\1.0\;C:\Program Files\Microsoft SQL Server\110\Tools\Binn\
USERNAME=Murlli Maraati
OS=Windows_NT
PROCESSOR_IDENTIFIER=Intel64 Family 6 Model 42 Stepping 7, GenuineIntel



---------------  S Y S T E M  ---------------

OS: Windows 10.0 , 64 bit Build 10240 (10.0.10240.16384)

CPU:total 4 (2 cores per cpu, 2 threads per core) family 6 model 42 stepping 7, cmov, cx8, fxsr, mmx, sse, sse2, sse3, ssse3, sse4.1, sse4.2, popcnt, avx, aes, clmul, ht, tsc, tscinvbit

Memory: 4k page, physical 4175724k(163372k free), swap 16758636k(3800k free)

vm_info: Java HotSpot(TM) 64-Bit Server VM (25.60-b23) for windows-amd64 JRE (1.8.0_60-b27), built on Aug  4 2015 11:06:27 by "java_re" with MS VC++ 10.0 (VS2010)

time: Tue Jan 05 18:55:41 2016
elapsed time: 1 seconds (0d 0h 0m 1s)

