#
# There is insufficient memory for the Java Runtime Environment to continue.
# Native memory allocation (malloc) failed to allocate 267776 bytes for Chunk::new
# Possible reasons:
#   The system is out of physical RAM or swap space
#   In 32 bit mode, the process size limit was hit
# Possible solutions:
#   Reduce memory load on the system
#   Increase physical memory or swap space
#   Check if swap backing store is full
#   Use 64 bit Java on a 64 bit OS
#   Decrease Java heap size (-Xmx/-Xms)
#   Decrease number of Java threads
#   Decrease Java thread stack sizes (-Xss)
#   Set larger code cache with -XX:ReservedCodeCacheSize=
# This output file may be truncated or incomplete.
#
#  Out of Memory Error (allocation.cpp:390), pid=212, tid=6216
#
# JRE version: Java(TM) SE Runtime Environment (8.0_60-b27) (build 1.8.0_60-b27)
# Java VM: Java HotSpot(TM) 64-Bit Server VM (25.60-b23 mixed mode windows-amd64 compressed oops)
# Failed to write core dump. Minidumps are not enabled by default on client versions of Windows
#

---------------  T H R E A D  ---------------

Current thread (0x0000000015461000):  JavaThread "C2 CompilerThread1" daemon [_thread_in_native, id=6216, stack(0x0000000016b40000,0x0000000016c40000)]

Stack: [0x0000000016b40000,0x0000000016c40000]
[error occurred during error reporting (printing stack bounds), id 0xc0000005]

Native frames: (J=compiled Java code, j=interpreted, Vv=VM code, C=native code)


Current CompileTask:
C2:   2927 1142       4       com.android.dx.ssa.NormalSsaInsn::accept (25 bytes)


---------------  P R O C E S S  ---------------

Java Threads: ( => current thread )
  0x0000000016fac800 JavaThread "pool-1-thread-4" [_thread_blocked, id=14308, stack(0x0000000017740000,0x0000000017840000)]
  0x0000000016fac000 JavaThread "pool-1-thread-3" [_thread_in_Java, id=14544, stack(0x0000000017640000,0x0000000017740000)]
  0x0000000016fa7000 JavaThread "pool-1-thread-2" [_thread_in_vm, id=13800, stack(0x0000000017540000,0x0000000017640000)]
  0x0000000016fa6800 JavaThread "pool-2-thread-1" [_thread_blocked, id=8908, stack(0x0000000017440000,0x0000000017540000)]
  0x0000000016f9e800 JavaThread "pool-1-thread-1" [_thread_blocked, id=7288, stack(0x0000000017340000,0x0000000017440000)]
  0x0000000016d44000 JavaThread "Service Thread" daemon [_thread_blocked, id=9212, stack(0x0000000017140000,0x0000000017240000)]
  0x000000001546c000 JavaThread "C1 CompilerThread2" daemon [_thread_blocked, id=10244, stack(0x0000000016c40000,0x0000000016d40000)]
=>0x0000000015461000 JavaThread "C2 CompilerThread1" daemon [_thread_in_native, id=6216, stack(0x0000000016b40000,0x0000000016c40000)]
  0x000000001540c000 JavaThread "C2 CompilerThread0" daemon [_thread_in_native, id=10472, stack(0x0000000016a40000,0x0000000016b40000)]
  0x000000001540a800 JavaThread "Attach Listener" daemon [_thread_blocked, id=6852, stack(0x0000000016940000,0x0000000016a40000)]
  0x0000000015409800 JavaThread "Signal Dispatcher" daemon [_thread_blocked, id=14672, stack(0x0000000016840000,0x0000000016940000)]
  0x0000000002d31000 JavaThread "Finalizer" daemon [_thread_blocked, id=4988, stack(0x0000000016660000,0x0000000016760000)]
  0x00000000153d9000 JavaThread "Reference Handler" daemon [_thread_blocked, id=3684, stack(0x0000000016560000,0x0000000016660000)]
  0x0000000002b3d800 JavaThread "main" [_thread_in_Java, id=3880, stack(0x0000000002b40000,0x0000000002c40000)]

Other Threads:
  0x00000000153d6800 VMThread [stack: 0x0000000016460000,0x0000000016560000] [id=9924]
  0x0000000016d48000 WatcherThread [stack: 0x0000000017240000,0x0000000017340000] [id=5244]

VM state:not at safepoint (normal execution)

VM Mutex/Monitor currently owned by a thread: None

Heap:
 PSYoungGen      total 18944K, used 11703K [0x00000000eab00000, 0x00000000ed000000, 0x0000000100000000)
  eden space 16384K, 55% used [0x00000000eab00000,0x00000000eb3f42d8,0x00000000ebb00000)
  from space 2560K, 99% used [0x00000000ebb00000,0x00000000ebd79c88,0x00000000ebd80000)
  to   space 2560K, 0% used [0x00000000ecd80000,0x00000000ecd80000,0x00000000ed000000)
 ParOldGen       total 44032K, used 1751K [0x00000000c0000000, 0x00000000c2b00000, 0x00000000eab00000)
  object space 44032K, 3% used [0x00000000c0000000,0x00000000c01b5fd8,0x00000000c2b00000)
 Metaspace       used 5882K, capacity 6896K, committed 7040K, reserved 1056768K
  class space    used 588K, capacity 616K, committed 640K, reserved 1048576K

Card table byte_map: [0x0000000012100000,0x0000000012310000] byte_map_base: 0x0000000011b00000

Marking Bits: (ParMarkBitMap*) 0x0000000070e7a5b0
 Begin Bits: [0x0000000012870000, 0x0000000013870000)
 End Bits:   [0x0000000013870000, 0x0000000014870000)

Polling page: 0x0000000001230000

CodeCache: size=245760Kb used=4816Kb max_used=4816Kb free=240943Kb
 bounds [0x0000000002d40000, 0x0000000003200000, 0x0000000011d40000]
 total_blobs=1465 nmethods=1196 adapters=182
 compilation: enabled

Compilation events (10 events):
Event: 2.913 Thread 0x000000001540c000 nmethod 1154 0x00000000031ea010 code [0x00000000031ea1a0, 0x00000000031ea828]
Event: 2.913 Thread 0x000000001540c000 1172       4       java.util.HashMap::<init> (11 bytes)
Event: 2.914 Thread 0x000000001546c000 nmethod 1176 0x00000000031e90d0 code [0x00000000031e92a0, 0x00000000031e9b18]
Event: 2.914 Thread 0x000000001546c000 1166       3       com.android.dx.rop.code.AccessFlags::isPrivate (12 bytes)
Event: 2.914 Thread 0x000000001546c000 nmethod 1166 0x00000000031e8d50 code [0x00000000031e8ea0, 0x00000000031e9030]
Event: 2.914 Thread 0x000000001546c000 1163       3       com.android.dx.cf.direct.DirectClassFile::parseToEndIfNecessary (12 bytes)
Event: 2.914 Thread 0x000000001540c000 nmethod 1172 0x00000000031344d0 code [0x0000000003134600, 0x0000000003134658]
Event: 2.914 Thread 0x000000001540c000 1169       4       java.util.Collections$UnmodifiableCollection::iterator (9 bytes)
Event: 2.914 Thread 0x000000001546c000 nmethod 1163 0x00000000031ec250 code [0x00000000031ec3c0, 0x00000000031ec588]
Event: 2.914 Thread 0x000000001546c000 1179       3       com.android.dx.cf.code.BasicBlocker::visitNoArgs (298 bytes)

GC Heap History (2 events):
Event: 2.298 GC heap before
{Heap before GC invocations=1 (full 0):
 PSYoungGen      total 18944K, used 16384K [0x00000000eab00000, 0x00000000ec000000, 0x0000000100000000)
  eden space 16384K, 100% used [0x00000000eab00000,0x00000000ebb00000,0x00000000ebb00000)
  from space 2560K, 0% used [0x00000000ebd80000,0x00000000ebd80000,0x00000000ec000000)
  to   space 2560K, 0% used [0x00000000ebb00000,0x00000000ebb00000,0x00000000ebd80000)
 ParOldGen       total 44032K, used 0K [0x00000000c0000000, 0x00000000c2b00000, 0x00000000eab00000)
  object space 44032K, 0% used [0x00000000c0000000,0x00000000c0000000,0x00000000c2b00000)
 Metaspace       used 5708K, capacity 6768K, committed 7040K, reserved 1056768K
  class space    used 585K, capacity 616K, committed 640K, reserved 1048576K
Event: 2.403 GC heap after
Heap after GC invocations=1 (full 0):
 PSYoungGen      total 18944K, used 2535K [0x00000000eab00000, 0x00000000ed000000, 0x0000000100000000)
  eden space 16384K, 0% used [0x00000000eab00000,0x00000000eab00000,0x00000000ebb00000)
  from space 2560K, 99% used [0x00000000ebb00000,0x00000000ebd79c88,0x00000000ebd80000)
  to   space 2560K, 0% used [0x00000000ecd80000,0x00000000ecd80000,0x00000000ed000000)
 ParOldGen       total 44032K, used 1751K [0x00000000c0000000, 0x00000000c2b00000, 0x00000000eab00000)
  object space 44032K, 3% used [0x00000000c0000000,0x00000000c01b5fd8,0x00000000c2b00000)
 Metaspace       used 5708K, capacity 6768K, committed 7040K, reserved 1056768K
  class space    used 585K, capacity 616K, committed 640K, reserved 1048576K
}

Deoptimization events (6 events):
Event: 1.593 Thread 0x0000000016f9e800 Uncommon trap: reason=null_assert action=make_not_entrant pc=0x0000000002f2deec method=com.android.dx.rop.code.RegisterSpec$ForComparison.equals(Ljava/lang/Object;)Z @ 27
Event: 1.651 Thread 0x0000000016f9e800 Uncommon trap: reason=null_assert action=make_not_entrant pc=0x0000000002fbb938 method=com.android.dx.ssa.SsaRenamer$BlockRenamer.visitMoveInsn(Lcom/android/dx/ssa/NormalSsaInsn;)V @ 54
Event: 1.662 Thread 0x0000000002b3d800 Uncommon trap: reason=unstable_if action=reinterpret pc=0x0000000002f83748 method=java.util.HashMap.getNode(ILjava/lang/Object;)Ljava/util/HashMap$Node; @ 62
Event: 2.057 Thread 0x0000000016fac800 Uncommon trap: reason=unstable_if action=reinterpret pc=0x0000000002ff5cc8 method=java.util.HashMap.getNode(ILjava/lang/Object;)Ljava/util/HashMap$Node; @ 129
Event: 2.437 Thread 0x0000000016fac000 Uncommon trap: reason=unstable_if action=reinterpret pc=0x000000000303ef94 method=java.util.HashMap.getNode(ILjava/lang/Object;)Ljava/util/HashMap$Node; @ 129
Event: 2.861 Thread 0x0000000016fac800 Uncommon trap: reason=unstable_if action=reinterpret pc=0x00000000030361ec method=java.util.HashMap.getNode(ILjava/lang/Object;)Ljava/util/HashMap$Node; @ 129

Internal exceptions (2 events):
Event: 0.077 Thread 0x0000000002b3d800 Exception <a 'java/lang/NoSuchMethodError': Method sun.misc.Unsafe.defineClass(Ljava/lang/String;[BII)Ljava/lang/Class; name or signature does not match> (0x00000000eab0d478) thrown at [C:\re\workspace\8-2-build-windows-amd64-cygwin\jdk8u60\4407\hotspot\srÁ;ò°Ä³?
Event: 0.077 Thread 0x0000000002b3d800 Exception <a 'java/lang/NoSuchMethodError': Method sun.misc.Unsafe.prefetchRead(Ljava/lang/Object;J)V name or signature does not match> (0x00000000eab0d760) thrown at [C:\re\workspace\8-2-build-windows-amd64-cygwin\jdk8u60\4407\hotspot\src\share\vm\prims\j

Events (10 events):
Event: 2.482 loading class com/android/dx/cf/attrib/AttLocalVariableTypeTable done
Event: 2.819 loading class com/android/dx/cf/direct/AnnotationParser
Event: 2.819 loading class com/android/dx/cf/direct/AnnotationParser done
Event: 2.830 loading class com/android/dx/cf/attrib/AttRuntimeVisibleAnnotations
Event: 2.830 loading class com/android/dx/cf/attrib/AttRuntimeVisibleAnnotations done
Event: 2.830 loading class com/android/dx/cf/attrib/BaseAnnotations
Event: 2.830 loading class com/android/dx/cf/attrib/BaseAnnotations done
Event: 2.860 Thread 0x0000000016fac800 Uncommon trap: trap_request=0xffffff65 fr.pc=0x00000000030361ec
Event: 2.861 Thread 0x0000000016fac800 DEOPT PACKING pc=0x00000000030361ec sp=0x000000001783e490
Event: 2.861 Thread 0x0000000016fac800 DEOPT UNPACKING pc=0x0000000002d8582a sp=0x000000001783e208 mode 2


Dynamic libraries:
0x00007ff7f22e0000 - 0x00007ff7f2317000 	C:\Program Files\Java\jdk1.8.0_60\bin\java.exe
0x00007ffe033e0000 - 0x00007ffe035a1000 	C:\WINDOWS\SYSTEM32\ntdll.dll
0x00007ffe019a0000 - 0x00007ffe01a4d000 	C:\WINDOWS\system32\KERNEL32.DLL
0x00007ffdfff00000 - 0x00007ffe000dd000 	C:\WINDOWS\system32\KERNELBASE.dll
0x00007ffe01a50000 - 0x00007ffe01af6000 	C:\WINDOWS\system32\ADVAPI32.dll
0x00007ffe01880000 - 0x00007ffe0191d000 	C:\WINDOWS\system32\msvcrt.dll
0x00007ffe014a0000 - 0x00007ffe014fb000 	C:\WINDOWS\system32\sechost.dll
0x00007ffe03160000 - 0x00007ffe03286000 	C:\WINDOWS\system32\RPCRT4.dll
0x00007ffe03290000 - 0x00007ffe033de000 	C:\WINDOWS\system32\USER32.dll
0x00007ffe01310000 - 0x00007ffe01496000 	C:\WINDOWS\system32\GDI32.dll
0x00007ffdfa000000 - 0x00007ffdfa274000 	C:\WINDOWS\WinSxS\amd64_microsoft.windows.common-controls_6595b64144ccf1df_6.0.10240.16384_none_f41f7b285750ef43\COMCTL32.dll
0x00007ffe00ad0000 - 0x00007ffe00b06000 	C:\WINDOWS\system32\IMM32.DLL
0x00007ffe011b0000 - 0x00007ffe0130c000 	C:\WINDOWS\system32\MSCTF.dll
0x00000000701f0000 - 0x00000000702c2000 	C:\Program Files\Java\jdk1.8.0_60\jre\bin\msvcr100.dll
0x0000000070670000 - 0x0000000070ef9000 	C:\Program Files\Java\jdk1.8.0_60\jre\bin\server\jvm.dll
0x00007ffe016d0000 - 0x00007ffe016d8000 	C:\WINDOWS\system32\PSAPI.DLL
0x00007ffdf9b00000 - 0x00007ffdf9b09000 	C:\WINDOWS\SYSTEM32\WSOCK32.dll
0x00007ffe00c60000 - 0x00007ffe00cc9000 	C:\WINDOWS\system32\WS2_32.dll
0x00007ffe00ab0000 - 0x00007ffe00ab8000 	C:\WINDOWS\system32\NSI.dll
0x00007ffdfe0a0000 - 0x00007ffdfe0c3000 	C:\WINDOWS\SYSTEM32\WINMM.dll
0x00007ffdfce00000 - 0x00007ffdfce0a000 	C:\WINDOWS\SYSTEM32\VERSION.dll
0x00007ffdfbbe0000 - 0x00007ffdfbc0c000 	C:\WINDOWS\SYSTEM32\WINMMBASE.dll
0x00007ffdffeb0000 - 0x00007ffdffef4000 	C:\WINDOWS\system32\cfgmgr32.dll
0x00007ffdfe780000 - 0x00007ffdfe7a7000 	C:\WINDOWS\SYSTEM32\DEVOBJ.dll
0x0000000070660000 - 0x000000007066f000 	C:\Program Files\Java\jdk1.8.0_60\jre\bin\verify.dll
0x0000000070630000 - 0x0000000070659000 	C:\Program Files\Java\jdk1.8.0_60\jre\bin\java.dll
0x0000000070610000 - 0x0000000070626000 	C:\Program Files\Java\jdk1.8.0_60\jre\bin\zip.dll
0x00007ffe01b70000 - 0x00007ffe03092000 	C:\WINDOWS\system32\SHELL32.dll
0x00007ffe000e0000 - 0x00007ffe00708000 	C:\WINDOWS\system32\windows.storage.dll
0x00007ffe00e80000 - 0x00007ffe010fc000 	C:\WINDOWS\system32\combase.dll
0x00007ffe016e0000 - 0x00007ffe01731000 	C:\WINDOWS\system32\shlwapi.dll
0x00007ffdffe10000 - 0x00007ffdffe1f000 	C:\WINDOWS\system32\kernel.appcore.dll
0x00007ffe009f0000 - 0x00007ffe00aa3000 	C:\WINDOWS\system32\shcore.dll
0x00007ffdffe60000 - 0x00007ffdffeaa000 	C:\WINDOWS\system32\powrprof.dll
0x00007ffdffe20000 - 0x00007ffdffe33000 	C:\WINDOWS\system32\profapi.dll

VM Arguments:
jvm_args: -Djava.awt.headless=true -Xmx1024M -Dfile.encoding=windows-1252 -Duser.country=US -Duser.language=en -Duser.variant 
java_command: com.android.dx.command.Main --dex --num-threads=4 --output C:\Users\Murlli Maraati\Desktop\FMR\steller16-12-2015-6pm\StellarFMR\app\build\intermediates\pre-dexed\debug\com.google.android.gms-play-services-drive-8.3.0_dd2ba78b64e190ef90d4f16e5a0ec50e2ad63b92.jar C:\Users\Murlli Maraati\Desktop\FMR\steller16-12-2015-6pm\StellarFMR\app\build\intermediates\exploded-aar\com.google.android.gms\play-services-drive\8.3.0\jars\classes.jar
java_class_path (initial): D:\Azahar\sdk\build-tools\23.0.1\lib\dx.jar
Launcher Type: SUN_STANDARD

Environment Variables:
PATH=C:\ProgramData\Oracle\Java\javapath;C:\WINDOWS\system32;C:\WINDOWS;C:\WINDOWS\System32\Wbem;C:\WINDOWS\System32\WindowsPowerShell\v1.0\;C:\Program Files (x86)\Skype\Phone\;C:\Program Files (x86)\Windows Kits\8.1\Windows Performance Toolkit\;C:\Program Files (x86)\Microsoft SDKs\TypeScript\1.0\;C:\Program Files\Microsoft SQL Server\110\Tools\Binn\
USERNAME=Murlli Maraati
OS=Windows_NT
PROCESSOR_IDENTIFIER=Intel64 Family 6 Model 42 Stepping 7, GenuineIntel



---------------  S Y S T E M  ---------------

OS: Windows 10.0 , 64 bit Build 10240 (10.0.10240.16384)

CPU:total 4 (2 cores per cpu, 2 threads per core) family 6 model 42 stepping 7, cmov, cx8, fxsr, mmx, sse, sse2, sse3, ssse3, sse4.1, sse4.2, popcnt, avx, aes, clmul, ht, tsc, tscinvbit

Memory: 4k page, physical 4175724k(198240k free), swap 16758636k(4292k free)

vm_info: Java HotSpot(TM) 64-Bit Server VM (25.60-b23) for windows-amd64 JRE (1.8.0_60-b27), built on Aug  4 2015 11:06:27 by "java_re" with MS VC++ 10.0 (VS2010)

time: Tue Jan 05 19:06:39 2016
elapsed time: 2 seconds (0d 0h 0m 2s)

