#
# There is insufficient memory for the Java Runtime Environment to continue.
# Native memory allocation (malloc) failed to allocate 32744 bytes for ChunkPool::allocate
# Possible reasons:
#   The system is out of physical RAM or swap space
#   In 32 bit mode, the process size limit was hit
# Possible solutions:
#   Reduce memory load on the system
#   Increase physical memory or swap space
#   Check if swap backing store is full
#   Use 64 bit Java on a 64 bit OS
#   Decrease Java heap size (-Xmx/-Xms)
#   Decrease number of Java threads
#   Decrease Java thread stack sizes (-Xss)
#   Set larger code cache with -XX:ReservedCodeCacheSize=
# This output file may be truncated or incomplete.
#
#  Out of Memory Error (allocation.cpp:273), pid=6700, tid=16028
#
# JRE version: Java(TM) SE Runtime Environment (8.0_60-b27) (build 1.8.0_60-b27)
# Java VM: Java HotSpot(TM) 64-Bit Server VM (25.60-b23 mixed mode windows-amd64 compressed oops)
# Failed to write core dump. Minidumps are not enabled by default on client versions of Windows
#

---------------  T H R E A D  ---------------

Current thread (0x0000000015440800):  JavaThread "C1 CompilerThread2" daemon [_thread_in_native, id=16028, stack(0x0000000016c30000,0x0000000016d30000)]

Stack: [0x0000000016c30000,0x0000000016d30000]
[error occurred during error reporting (printing stack bounds), id 0xc0000005]

Native frames: (J=compiled Java code, j=interpreted, Vv=VM code, C=native code)


Current CompileTask:
C1:   3959 1271       3       com.android.dx.dex.code.OutputCollector::appendSuffixToOutput (45 bytes)


---------------  P R O C E S S  ---------------

Java Threads: ( => current thread )
  0x0000000016f9d800 JavaThread "pool-1-thread-4" [_thread_blocked, id=10372, stack(0x0000000017730000,0x0000000017830000)]
  0x0000000016f9c800 JavaThread "pool-1-thread-3" [_thread_blocked, id=12792, stack(0x0000000017630000,0x0000000017730000)]
  0x0000000016e73800 JavaThread "pool-1-thread-2" [_thread_blocked, id=4700, stack(0x0000000017530000,0x0000000017630000)]
  0x0000000016e72800 JavaThread "pool-2-thread-1" [_thread_blocked, id=3056, stack(0x0000000017430000,0x0000000017530000)]
  0x0000000016e95000 JavaThread "pool-1-thread-1" [_thread_in_Java, id=15032, stack(0x0000000017330000,0x0000000017430000)]
  0x0000000016d44000 JavaThread "Service Thread" daemon [_thread_blocked, id=11268, stack(0x0000000017130000,0x0000000017230000)]
=>0x0000000015440800 JavaThread "C1 CompilerThread2" daemon [_thread_in_native, id=16028, stack(0x0000000016c30000,0x0000000016d30000)]
  0x00000000153ef800 JavaThread "C2 CompilerThread1" daemon [_thread_in_native, id=4216, stack(0x0000000016b30000,0x0000000016c30000)]
  0x00000000153ec000 JavaThread "C2 CompilerThread0" daemon [_thread_in_native, id=7416, stack(0x0000000016a30000,0x0000000016b30000)]
  0x00000000153ea800 JavaThread "Attach Listener" daemon [_thread_blocked, id=14960, stack(0x0000000016930000,0x0000000016a30000)]
  0x00000000153e9800 JavaThread "Signal Dispatcher" daemon [_thread_blocked, id=816, stack(0x0000000016830000,0x0000000016930000)]
  0x0000000002d10800 JavaThread "Finalizer" daemon [_thread_blocked, id=13860, stack(0x0000000016650000,0x0000000016750000)]
  0x0000000002d0d000 JavaThread "Reference Handler" daemon [_thread_blocked, id=12740, stack(0x0000000016550000,0x0000000016650000)]
  0x0000000002a7d800 JavaThread "main" [_thread_in_Java, id=8980, stack(0x0000000002b20000,0x0000000002c20000)]

Other Threads:
  0x00000000153b7800 VMThread [stack: 0x0000000016450000,0x0000000016550000] [id=14980]
  0x0000000016d48000 WatcherThread [stack: 0x0000000017230000,0x0000000017330000] [id=14100]

VM state:not at safepoint (normal execution)

VM Mutex/Monitor currently owned by a thread: None

Heap:
 PSYoungGen      total 18944K, used 9360K [0x00000000eab00000, 0x00000000ec000000, 0x0000000100000000)
  eden space 16384K, 42% used [0x00000000eab00000,0x00000000eb1d7b98,0x00000000ebb00000)
  from space 2560K, 98% used [0x00000000ebd80000,0x00000000ebff8028,0x00000000ec000000)
  to   space 2560K, 0% used [0x00000000ebb00000,0x00000000ebb00000,0x00000000ebd80000)
 ParOldGen       total 44032K, used 4151K [0x00000000c0000000, 0x00000000c2b00000, 0x00000000eab00000)
  object space 44032K, 9% used [0x00000000c0000000,0x00000000c040df20,0x00000000c2b00000)
 Metaspace       used 5923K, capacity 6960K, committed 7040K, reserved 1056768K
  class space    used 589K, capacity 616K, committed 640K, reserved 1048576K

Card table byte_map: [0x00000000120e0000,0x00000000122f0000] byte_map_base: 0x0000000011ae0000

Marking Bits: (ParMarkBitMap*) 0x0000000070e7a5b0
 Begin Bits: [0x0000000012850000, 0x0000000013850000)
 End Bits:   [0x0000000013850000, 0x0000000014850000)

Polling page: 0x00000000029e0000

CodeCache: size=245760Kb used=5047Kb max_used=5047Kb free=240712Kb
 bounds [0x0000000002d20000, 0x0000000003220000, 0x0000000011d20000]
 total_blobs=1520 nmethods=1251 adapters=182
 compilation: enabled

Compilation events (10 events):
Event: 3.954 Thread 0x0000000015440800 nmethod 1266 0x000000000320ea10 code [0x000000000320ec60, 0x000000000320f9e8]
Event: 3.954 Thread 0x0000000015440800 1267       3       com.android.dx.dex.cf.AttributeTranslator::getParameterAnnotations (69 bytes)
Event: 3.955 Thread 0x0000000015440800 nmethod 1267 0x000000000320ff90 code [0x00000000032101a0, 0x0000000003210b18]
Event: 3.955 Thread 0x0000000015440800 1268       3       com.android.dx.ssa.back.SsaToRop::convertToRopMethod (13 bytes)
Event: 3.956 Thread 0x0000000015440800 nmethod 1268 0x0000000003210e50 code [0x0000000003210fe0, 0x00000000032112b8]
Event: 3.956 Thread 0x0000000015440800 1269       3       com.android.dx.ssa.back.FirstFitLocalCombiningAllocator::analyzeInstructions (16 bytes)
Event: 3.956 Thread 0x0000000015440800 nmethod 1269 0x0000000003211410 code [0x0000000003211580, 0x00000000032118c8]
Event: 3.956 Thread 0x0000000015440800 1270       3       com.android.dx.dex.code.OutputCollector::getFinisher (26 bytes)
Event: 3.957 Thread 0x0000000015440800 nmethod 1270 0x0000000003211a10 code [0x0000000003211ba0, 0x0000000003211e38]
Event: 3.957 Thread 0x0000000015440800 1271       3       com.android.dx.dex.code.OutputCollector::appendSuffixToOutput (45 bytes)

GC Heap History (4 events):
Event: 2.541 GC heap before
{Heap before GC invocations=1 (full 0):
 PSYoungGen      total 18944K, used 16384K [0x00000000eab00000, 0x00000000ec000000, 0x0000000100000000)
  eden space 16384K, 100% used [0x00000000eab00000,0x00000000ebb00000,0x00000000ebb00000)
  from space 2560K, 0% used [0x00000000ebd80000,0x00000000ebd80000,0x00000000ec000000)
  to   space 2560K, 0% used [0x00000000ebb00000,0x00000000ebb00000,0x00000000ebd80000)
 ParOldGen       total 44032K, used 0K [0x00000000c0000000, 0x00000000c2b00000, 0x00000000eab00000)
  object space 44032K, 0% used [0x00000000c0000000,0x00000000c0000000,0x00000000c2b00000)
 Metaspace       used 5713K, capacity 6768K, committed 7040K, reserved 1056768K
  class space    used 589K, capacity 616K, committed 640K, reserved 1048576K
Event: 3.009 GC heap after
Heap after GC invocations=1 (full 0):
 PSYoungGen      total 18944K, used 2538K [0x00000000eab00000, 0x00000000ec000000, 0x0000000100000000)
  eden space 16384K, 0% used [0x00000000eab00000,0x00000000eab00000,0x00000000ebb00000)
  from space 2560K, 99% used [0x00000000ebb00000,0x00000000ebd7aaa8,0x00000000ebd80000)
  to   space 2560K, 0% used [0x00000000ebd80000,0x00000000ebd80000,0x00000000ec000000)
 ParOldGen       total 44032K, used 1811K [0x00000000c0000000, 0x00000000c2b00000, 0x00000000eab00000)
  object space 44032K, 4% used [0x00000000c0000000,0x00000000c01c4d58,0x00000000c2b00000)
 Metaspace       used 5713K, capacity 6768K, committed 7040K, reserved 1056768K
  class space    used 589K, capacity 616K, committed 640K, reserved 1048576K
}
Event: 3.847 GC heap before
{Heap before GC invocations=2 (full 0):
 PSYoungGen      total 18944K, used 18922K [0x00000000eab00000, 0x00000000ec000000, 0x0000000100000000)
  eden space 16384K, 100% used [0x00000000eab00000,0x00000000ebb00000,0x00000000ebb00000)
  from space 2560K, 99% used [0x00000000ebb00000,0x00000000ebd7aaa8,0x00000000ebd80000)
  to   space 2560K, 0% used [0x00000000ebd80000,0x00000000ebd80000,0x00000000ec000000)
 ParOldGen       total 44032K, used 1811K [0x00000000c0000000, 0x00000000c2b00000, 0x00000000eab00000)
  object space 44032K, 4% used [0x00000000c0000000,0x00000000c01c4d58,0x00000000c2b00000)
 Metaspace       used 5868K, capacity 6896K, committed 7040K, reserved 1056768K
  class space    used 589K, capacity 616K, committed 640K, reserved 1048576K
Event: 3.881 GC heap after
Heap after GC invocations=2 (full 0):
 PSYoungGen      total 18944K, used 2528K [0x00000000eab00000, 0x00000000ec000000, 0x0000000100000000)
  eden space 16384K, 0% used [0x00000000eab00000,0x00000000eab00000,0x00000000ebb00000)
  from space 2560K, 98% used [0x00000000ebd80000,0x00000000ebff8028,0x00000000ec000000)
  to   space 2560K, 0% used [0x00000000ebb00000,0x00000000ebb00000,0x00000000ebd80000)
 ParOldGen       total 44032K, used 4151K [0x00000000c0000000, 0x00000000c2b00000, 0x00000000eab00000)
  object space 44032K, 9% used [0x00000000c0000000,0x00000000c040df20,0x00000000c2b00000)
 Metaspace       used 5868K, capacity 6896K, committed 7040K, reserved 1056768K
  class space    used 589K, capacity 616K, committed 640K, reserved 1048576K
}

Deoptimization events (10 events):
Event: 1.640 Thread 0x0000000016f9d800 Uncommon trap: reason=unstable_if action=reinterpret pc=0x0000000002f0f854 method=java.util.HashMap.getNode(ILjava/lang/Object;)Ljava/util/HashMap$Node; @ 129
Event: 2.531 Thread 0x0000000016f9d800 Uncommon trap: reason=null_check action=make_not_entrant pc=0x0000000003031de0 method=com.android.dx.rop.type.Type.equals(Ljava/lang/Object;)Z @ 8
Event: 3.017 Thread 0x0000000016f9d800 Uncommon trap: reason=class_check action=maybe_recompile pc=0x000000000302d380 method=com.android.dx.ssa.NormalSsaInsn.accept(Lcom/android/dx/ssa/SsaInsn$Visitor;)V @ 9
Event: 3.074 Thread 0x0000000016e73800 Uncommon trap: reason=unloaded action=reinterpret pc=0x000000000302d06c method=com.android.dx.ssa.SsaRenamer$BlockRenamer.visitMoveInsn(Lcom/android/dx/ssa/NormalSsaInsn;)V @ 208
Event: 3.075 Thread 0x0000000016e73800 Uncommon trap: reason=unstable_if action=reinterpret pc=0x0000000003026528 method=com.android.dx.ssa.NormalSsaInsn.getLocalAssignment()Lcom/android/dx/rop/code/RegisterSpec; @ 12
Event: 3.076 Thread 0x0000000016e73800 Uncommon trap: reason=unstable_if action=reinterpret pc=0x000000000305a930 method=com.android.dx.ssa.NormalSsaInsn.getLocalAssignment()Lcom/android/dx/rop/code/RegisterSpec; @ 12
Event: 3.077 Thread 0x0000000016e73800 Uncommon trap: reason=class_check action=maybe_recompile pc=0x0000000002f91ef0 method=com.android.dx.ssa.NormalSsaInsn.accept(Lcom/android/dx/ssa/SsaInsn$Visitor;)V @ 9
Event: 3.077 Thread 0x0000000016e73800 Uncommon trap: reason=class_check action=maybe_recompile pc=0x0000000002f91ef0 method=com.android.dx.ssa.NormalSsaInsn.accept(Lcom/android/dx/ssa/SsaInsn$Visitor;)V @ 9
Event: 3.187 Thread 0x0000000016e73800 Uncommon trap: reason=unstable_if action=reinterpret pc=0x00000000030837f8 method=com.android.dx.rop.code.RegisterSpecSet.put(Lcom/android/dx/rop/code/RegisterSpec;)V @ 77
Event: 3.927 Thread 0x0000000002a7d800 Uncommon trap: reason=unstable_if action=reinterpret pc=0x00000000030fdd68 method=com.android.dx.util.IntList.binarysearch(I)I @ 105

Internal exceptions (3 events):
Event: 0.063 Thread 0x0000000002a7d800 Exception <a 'java/lang/NoSuchMethodError': Method sun.misc.Unsafe.defineClass(Ljava/lang/String;[BII)Ljava/lang/Class; name or signature does not match> (0x00000000eab0d470) thrown at [C:\re\workspace\8-2-build-windows-amd64-cygwin\jdk8u60\4407\hotspot\sr]œ¤ÿD°?
Event: 0.064 Thread 0x0000000002a7d800 Exception <a 'java/lang/NoSuchMethodError': Method sun.misc.Unsafe.prefetchRead(Ljava/lang/Object;J)V name or signature does not match> (0x00000000eab0d758) thrown at [C:\re\workspace\8-2-build-windows-amd64-cygwin\jdk8u60\4407\hotspot\src\share\vm\prims\j=%-‚‰?@
Event: 2.531 Thread 0x0000000016f9d800 Implicit null exception at 0x0000000003031ce2 to 0x0000000003031dd2

Events (10 events):
Event: 3.833 Executing VM operation: ForceSafepoint done
Event: 3.835 Thread 0x0000000016f9c800 DEOPT PACKING pc=0x000000000305facf sp=0x000000001772eb00
Event: 3.835 Thread 0x0000000016f9c800 DEOPT UNPACKING pc=0x0000000002d6787f sp=0x000000001772e8e0 mode 0
Event: 3.847 Executing VM operation: ParallelGCFailedAllocation
Event: 3.881 Executing VM operation: ParallelGCFailedAllocation done
Event: 3.889 Thread 0x0000000016f9c800 DEOPT PACKING pc=0x000000000305facf sp=0x000000001772eb00
Event: 3.889 Thread 0x0000000016f9c800 DEOPT UNPACKING pc=0x0000000002d6787f sp=0x000000001772e8e0 mode 0
Event: 3.927 Thread 0x0000000002a7d800 Uncommon trap: trap_request=0xffffff65 fr.pc=0x00000000030fdd68
Event: 3.927 Thread 0x0000000002a7d800 DEOPT PACKING pc=0x00000000030fdd68 sp=0x0000000002c1e0b0
Event: 3.927 Thread 0x0000000002a7d800 DEOPT UNPACKING pc=0x0000000002d6582a sp=0x0000000002c1e028 mode 2


Dynamic libraries:
0x00007ff7f22e0000 - 0x00007ff7f2317000 	C:\Program Files\Java\jdk1.8.0_60\bin\java.exe
0x00007ffe033e0000 - 0x00007ffe035a1000 	C:\WINDOWS\SYSTEM32\ntdll.dll
0x00007ffe019a0000 - 0x00007ffe01a4d000 	C:\WINDOWS\system32\KERNEL32.DLL
0x00007ffdfff00000 - 0x00007ffe000dd000 	C:\WINDOWS\system32\KERNELBASE.dll
0x00007ffe01a50000 - 0x00007ffe01af6000 	C:\WINDOWS\system32\ADVAPI32.dll
0x00007ffe01880000 - 0x00007ffe0191d000 	C:\WINDOWS\system32\msvcrt.dll
0x00007ffe014a0000 - 0x00007ffe014fb000 	C:\WINDOWS\system32\sechost.dll
0x00007ffe03160000 - 0x00007ffe03286000 	C:\WINDOWS\system32\RPCRT4.dll
0x00007ffe03290000 - 0x00007ffe033de000 	C:\WINDOWS\system32\USER32.dll
0x00007ffe01310000 - 0x00007ffe01496000 	C:\WINDOWS\system32\GDI32.dll
0x00007ffdfa000000 - 0x00007ffdfa274000 	C:\WINDOWS\WinSxS\amd64_microsoft.windows.common-controls_6595b64144ccf1df_6.0.10240.16384_none_f41f7b285750ef43\COMCTL32.dll
0x00007ffe00ad0000 - 0x00007ffe00b06000 	C:\WINDOWS\system32\IMM32.DLL
0x00007ffe011b0000 - 0x00007ffe0130c000 	C:\WINDOWS\system32\MSCTF.dll
0x00000000701f0000 - 0x00000000702c2000 	C:\Program Files\Java\jdk1.8.0_60\jre\bin\msvcr100.dll
0x0000000070670000 - 0x0000000070ef9000 	C:\Program Files\Java\jdk1.8.0_60\jre\bin\server\jvm.dll
0x00007ffe016d0000 - 0x00007ffe016d8000 	C:\WINDOWS\system32\PSAPI.DLL
0x00007ffdf9b00000 - 0x00007ffdf9b09000 	C:\WINDOWS\SYSTEM32\WSOCK32.dll
0x00007ffe00c60000 - 0x00007ffe00cc9000 	C:\WINDOWS\system32\WS2_32.dll
0x00007ffe00ab0000 - 0x00007ffe00ab8000 	C:\WINDOWS\system32\NSI.dll
0x00007ffdfe0a0000 - 0x00007ffdfe0c3000 	C:\WINDOWS\SYSTEM32\WINMM.dll
0x00007ffdfce00000 - 0x00007ffdfce0a000 	C:\WINDOWS\SYSTEM32\VERSION.dll
0x00007ffdfbbe0000 - 0x00007ffdfbc0c000 	C:\WINDOWS\SYSTEM32\WINMMBASE.dll
0x00007ffdffeb0000 - 0x00007ffdffef4000 	C:\WINDOWS\system32\cfgmgr32.dll
0x00007ffdfe780000 - 0x00007ffdfe7a7000 	C:\WINDOWS\SYSTEM32\DEVOBJ.dll
0x0000000070660000 - 0x000000007066f000 	C:\Program Files\Java\jdk1.8.0_60\jre\bin\verify.dll
0x0000000070630000 - 0x0000000070659000 	C:\Program Files\Java\jdk1.8.0_60\jre\bin\java.dll
0x0000000070610000 - 0x0000000070626000 	C:\Program Files\Java\jdk1.8.0_60\jre\bin\zip.dll
0x00007ffe01b70000 - 0x00007ffe03092000 	C:\WINDOWS\system32\SHELL32.dll
0x00007ffe000e0000 - 0x00007ffe00708000 	C:\WINDOWS\system32\windows.storage.dll
0x00007ffe00e80000 - 0x00007ffe010fc000 	C:\WINDOWS\system32\combase.dll
0x00007ffe016e0000 - 0x00007ffe01731000 	C:\WINDOWS\system32\shlwapi.dll
0x00007ffdffe10000 - 0x00007ffdffe1f000 	C:\WINDOWS\system32\kernel.appcore.dll
0x00007ffe009f0000 - 0x00007ffe00aa3000 	C:\WINDOWS\system32\shcore.dll
0x00007ffdffe60000 - 0x00007ffdffeaa000 	C:\WINDOWS\system32\powrprof.dll
0x00007ffdffe20000 - 0x00007ffdffe33000 	C:\WINDOWS\system32\profapi.dll

VM Arguments:
jvm_args: -Djava.awt.headless=true -Xmx1024M -Dfile.encoding=windows-1252 -Duser.country=US -Duser.language=en -Duser.variant 
java_command: com.android.dx.command.Main --dex --num-threads=4 --output C:\Users\Murlli Maraati\Desktop\FMR\steller16-12-2015-6pm\StellarFMR\app\build\intermediates\pre-dexed\debug\com.google.android.gms-play-services-gcm-8.3.0_d1e0d252a02c70a3543ad750958140956f2aa290.jar C:\Users\Murlli Maraati\Desktop\FMR\steller16-12-2015-6pm\StellarFMR\app\build\intermediates\exploded-aar\com.google.android.gms\play-services-gcm\8.3.0\jars\classes.jar
java_class_path (initial): D:\Azahar\sdk\build-tools\23.0.1\lib\dx.jar
Launcher Type: SUN_STANDARD

Environment Variables:
PATH=C:\ProgramData\Oracle\Java\javapath;C:\WINDOWS\system32;C:\WINDOWS;C:\WINDOWS\System32\Wbem;C:\WINDOWS\System32\WindowsPowerShell\v1.0\;C:\Program Files (x86)\Skype\Phone\;C:\Program Files (x86)\Windows Kits\8.1\Windows Performance Toolkit\;C:\Program Files (x86)\Microsoft SDKs\TypeScript\1.0\;C:\Program Files\Microsoft SQL Server\110\Tools\Binn\
USERNAME=Murlli Maraati
OS=Windows_NT
PROCESSOR_IDENTIFIER=Intel64 Family 6 Model 42 Stepping 7, GenuineIntel



---------------  S Y S T E M  ---------------

OS: Windows 10.0 , 64 bit Build 10240 (10.0.10240.16384)

CPU:total 4 (2 cores per cpu, 2 threads per core) family 6 model 42 stepping 7, cmov, cx8, fxsr, mmx, sse, sse2, sse3, ssse3, sse4.1, sse4.2, popcnt, avx, aes, clmul, ht, tsc, tscinvbit

Memory: 4k page, physical 4175724k(278968k free), swap 16758636k(3580k free)

vm_info: Java HotSpot(TM) 64-Bit Server VM (25.60-b23) for windows-amd64 JRE (1.8.0_60-b27), built on Aug  4 2015 11:06:27 by "java_re" with MS VC++ 10.0 (VS2010)

time: Tue Jan 05 19:06:58 2016
elapsed time: 3 seconds (0d 0h 0m 3s)

