#
# There is insufficient memory for the Java Runtime Environment to continue.
# Native memory allocation (malloc) failed to allocate 2199056 bytes for Chunk::new
# Possible reasons:
#   The system is out of physical RAM or swap space
#   In 32 bit mode, the process size limit was hit
# Possible solutions:
#   Reduce memory load on the system
#   Increase physical memory or swap space
#   Check if swap backing store is full
#   Use 64 bit Java on a 64 bit OS
#   Decrease Java heap size (-Xmx/-Xms)
#   Decrease number of Java threads
#   Decrease Java thread stack sizes (-Xss)
#   Set larger code cache with -XX:ReservedCodeCacheSize=
# This output file may be truncated or incomplete.
#
#  Out of Memory Error (allocation.cpp:390), pid=1652, tid=14936
#
# JRE version: Java(TM) SE Runtime Environment (8.0_60-b27) (build 1.8.0_60-b27)
# Java VM: Java HotSpot(TM) 64-Bit Server VM (25.60-b23 mixed mode windows-amd64 compressed oops)
# Failed to write core dump. Minidumps are not enabled by default on client versions of Windows
#

---------------  T H R E A D  ---------------

Current thread (0x0000000014b60000):  JavaThread "C2 CompilerThread1" daemon [_thread_in_native, id=14936, stack(0x00000000162a0000,0x00000000163a0000)]

Stack: [0x00000000162a0000,0x00000000163a0000]
[error occurred during error reporting (printing stack bounds), id 0xc0000005]

Native frames: (J=compiled Java code, j=interpreted, Vv=VM code, C=native code)


Current CompileTask:
C2:   4747 1330   !   4       com.android.dx.cf.cst.ConstantPoolParser::parse0 (731 bytes)


---------------  P R O C E S S  ---------------

Java Threads: ( => current thread )
  0x000000001674f000 JavaThread "pool-1-thread-4" [_thread_in_Java, id=10352, stack(0x0000000016ea0000,0x0000000016fa0000)]
  0x0000000016716800 JavaThread "pool-1-thread-3" [_thread_blocked, id=9716, stack(0x0000000016da0000,0x0000000016ea0000)]
  0x000000001671a800 JavaThread "pool-1-thread-2" [_thread_blocked, id=8432, stack(0x0000000016ca0000,0x0000000016da0000)]
  0x0000000016718000 JavaThread "pool-2-thread-1" [_thread_blocked, id=8748, stack(0x0000000016ba0000,0x0000000016ca0000)]
  0x0000000016700800 JavaThread "pool-1-thread-1" [_thread_blocked, id=9836, stack(0x0000000016aa0000,0x0000000016ba0000)]
  0x00000000164d2800 JavaThread "Service Thread" daemon [_thread_blocked, id=14716, stack(0x00000000168a0000,0x00000000169a0000)]
  0x0000000014b66800 JavaThread "C1 CompilerThread2" daemon [_thread_blocked, id=8224, stack(0x00000000163a0000,0x00000000164a0000)]
=>0x0000000014b60000 JavaThread "C2 CompilerThread1" daemon [_thread_in_native, id=14936, stack(0x00000000162a0000,0x00000000163a0000)]
  0x0000000014b5c800 JavaThread "C2 CompilerThread0" daemon [_thread_in_native, id=3476, stack(0x00000000161a0000,0x00000000162a0000)]
  0x0000000014b5b800 JavaThread "Attach Listener" daemon [_thread_blocked, id=6600, stack(0x00000000160a0000,0x00000000161a0000)]
  0x0000000014b5a000 JavaThread "Signal Dispatcher" daemon [_thread_blocked, id=2696, stack(0x0000000015fa0000,0x00000000160a0000)]
  0x0000000002457800 JavaThread "Finalizer" daemon [_thread_blocked, id=12836, stack(0x0000000015db0000,0x0000000015eb0000)]
  0x000000000244f000 JavaThread "Reference Handler" daemon [_thread_blocked, id=4712, stack(0x0000000015cb0000,0x0000000015db0000)]
  0x000000000223d800 JavaThread "main" [_thread_blocked, id=11856, stack(0x0000000002260000,0x0000000002360000)]

Other Threads:
  0x0000000014b27000 VMThread [stack: 0x0000000015bb0000,0x0000000015cb0000] [id=1304]
  0x00000000164d6800 WatcherThread [stack: 0x00000000169a0000,0x0000000016aa0000] [id=7120]

VM state:not at safepoint (normal execution)

VM Mutex/Monitor currently owned by a thread: None

Heap:
 PSYoungGen      total 18944K, used 3500K [0x00000000eab00000, 0x00000000ed000000, 0x0000000100000000)
  eden space 16384K, 5% used [0x00000000eab00000,0x00000000eabf3170,0x00000000ebb00000)
  from space 2560K, 98% used [0x00000000ebb00000,0x00000000ebd78028,0x00000000ebd80000)
  to   space 2560K, 0% used [0x00000000ecd80000,0x00000000ecd80000,0x00000000ed000000)
 ParOldGen       total 44032K, used 6795K [0x00000000c0000000, 0x00000000c2b00000, 0x00000000eab00000)
  object space 44032K, 15% used [0x00000000c0000000,0x00000000c06a2d10,0x00000000c2b00000)
 Metaspace       used 6099K, capacity 7088K, committed 7296K, reserved 1056768K
  class space    used 594K, capacity 616K, committed 640K, reserved 1048576K

Card table byte_map: [0x0000000011830000,0x0000000011a40000] byte_map_base: 0x0000000011230000

Marking Bits: (ParMarkBitMap*) 0x0000000070e7a5b0
 Begin Bits: [0x0000000011fa0000, 0x0000000012fa0000)
 End Bits:   [0x0000000012fa0000, 0x0000000013fa0000)

Polling page: 0x0000000000c40000

CodeCache: size=245760Kb used=6177Kb max_used=6177Kb free=239582Kb
 bounds [0x0000000002470000, 0x0000000002a80000, 0x0000000011470000]
 total_blobs=1737 nmethods=1466 adapters=182
 compilation: enabled

Compilation events (10 events):
Event: 4.672 Thread 0x0000000014b5c800 nmethod 1430 0x0000000002a6ff10 code [0x0000000002a70080, 0x0000000002a70508]
Event: 4.672 Thread 0x0000000014b5c800 1431   !   4       com.android.dx.rop.code.BasicBlock::<init> (273 bytes)
Event: 4.683 Thread 0x0000000014b5c800 nmethod 1431 0x0000000002a6bdd0 code [0x0000000002a6bf40, 0x0000000002a6c598]
Event: 4.683 Thread 0x0000000014b5c800 1411       4       com.android.dx.ssa.SsaMethod::mapRegisters (87 bytes)
Event: 4.736 Thread 0x0000000014b5c800 nmethod 1411 0x0000000002a7d990 code [0x0000000002a7db60, 0x0000000002a7e6f0]
Event: 4.736 Thread 0x0000000014b5c800 1439       4       java.lang.StringBuilder::append (8 bytes)
Event: 4.743 Thread 0x0000000014b5c800 nmethod 1439 0x0000000002a6b410 code [0x0000000002a6b560, 0x0000000002a6b918]
Event: 4.743 Thread 0x0000000014b5c800 1335       4       com.android.dx.rop.code.PlainInsn::withNewRegisters (18 bytes)
Event: 4.745 Thread 0x0000000014b5c800 nmethod 1335 0x0000000002a6fa10 code [0x0000000002a6fb60, 0x0000000002a6fd18]
Event: 4.745 Thread 0x0000000014b5c800 1458       4       com.android.dx.rop.code.LocalItem::compareTo (32 bytes)

GC Heap History (6 events):
Event: 2.838 GC heap before
{Heap before GC invocations=1 (full 0):
 PSYoungGen      total 18944K, used 16384K [0x00000000eab00000, 0x00000000ec000000, 0x0000000100000000)
  eden space 16384K, 100% used [0x00000000eab00000,0x00000000ebb00000,0x00000000ebb00000)
  from space 2560K, 0% used [0x00000000ebd80000,0x00000000ebd80000,0x00000000ec000000)
  to   space 2560K, 0% used [0x00000000ebb00000,0x00000000ebb00000,0x00000000ebd80000)
 ParOldGen       total 44032K, used 0K [0x00000000c0000000, 0x00000000c2b00000, 0x00000000eab00000)
  object space 44032K, 0% used [0x00000000c0000000,0x00000000c0000000,0x00000000c2b00000)
 Metaspace       used 5708K, capacity 6768K, committed 7040K, reserved 1056768K
  class space    used 592K, capacity 616K, committed 640K, reserved 1048576K
Event: 2.866 GC heap after
Heap after GC invocations=1 (full 0):
 PSYoungGen      total 18944K, used 2551K [0x00000000eab00000, 0x00000000ec000000, 0x0000000100000000)
  eden space 16384K, 0% used [0x00000000eab00000,0x00000000eab00000,0x00000000ebb00000)
  from space 2560K, 99% used [0x00000000ebb00000,0x00000000ebd7dc78,0x00000000ebd80000)
  to   space 2560K, 0% used [0x00000000ebd80000,0x00000000ebd80000,0x00000000ec000000)
 ParOldGen       total 44032K, used 1674K [0x00000000c0000000, 0x00000000c2b00000, 0x00000000eab00000)
  object space 44032K, 3% used [0x00000000c0000000,0x00000000c01a2a60,0x00000000c2b00000)
 Metaspace       used 5708K, capacity 6768K, committed 7040K, reserved 1056768K
  class space    used 592K, capacity 616K, committed 640K, reserved 1048576K
}
Event: 3.543 GC heap before
{Heap before GC invocations=2 (full 0):
 PSYoungGen      total 18944K, used 18935K [0x00000000eab00000, 0x00000000ec000000, 0x0000000100000000)
  eden space 16384K, 100% used [0x00000000eab00000,0x00000000ebb00000,0x00000000ebb00000)
  from space 2560K, 99% used [0x00000000ebb00000,0x00000000ebd7dc78,0x00000000ebd80000)
  to   space 2560K, 0% used [0x00000000ebd80000,0x00000000ebd80000,0x00000000ec000000)
 ParOldGen       total 44032K, used 1674K [0x00000000c0000000, 0x00000000c2b00000, 0x00000000eab00000)
  object space 44032K, 3% used [0x00000000c0000000,0x00000000c01a2a60,0x00000000c2b00000)
 Metaspace       used 5931K, capacity 6960K, committed 7040K, reserved 1056768K
  class space    used 594K, capacity 616K, committed 640K, reserved 1048576K
Event: 3.622 GC heap after
Heap after GC invocations=2 (full 0):
 PSYoungGen      total 18944K, used 2528K [0x00000000eab00000, 0x00000000ed000000, 0x0000000100000000)
  eden space 16384K, 0% used [0x00000000eab00000,0x00000000eab00000,0x00000000ebb00000)
  from space 2560K, 98% used [0x00000000ebd80000,0x00000000ebff8048,0x00000000ec000000)
  to   space 2560K, 0% used [0x00000000ebb00000,0x00000000ebb00000,0x00000000ebd80000)
 ParOldGen       total 44032K, used 4183K [0x00000000c0000000, 0x00000000c2b00000, 0x00000000eab00000)
  object space 44032K, 9% used [0x00000000c0000000,0x00000000c0415ef0,0x00000000c2b00000)
 Metaspace       used 5931K, capacity 6960K, committed 7040K, reserved 1056768K
  class space    used 594K, capacity 616K, committed 640K, reserved 1048576K
}
Event: 4.713 GC heap before
{Heap before GC invocations=3 (full 0):
 PSYoungGen      total 18944K, used 18912K [0x00000000eab00000, 0x00000000ed000000, 0x0000000100000000)
  eden space 16384K, 100% used [0x00000000eab00000,0x00000000ebb00000,0x00000000ebb00000)
  from space 2560K, 98% used [0x00000000ebd80000,0x00000000ebff8048,0x00000000ec000000)
  to   space 2560K, 0% used [0x00000000ebb00000,0x00000000ebb00000,0x00000000ebd80000)
 ParOldGen       total 44032K, used 4183K [0x00000000c0000000, 0x00000000c2b00000, 0x00000000eab00000)
  object space 44032K, 9% used [0x00000000c0000000,0x00000000c0415ef0,0x00000000c2b00000)
 Metaspace       used 6099K, capacity 7088K, committed 7296K, reserved 1056768K
  class space    used 594K, capacity 616K, committed 640K, reserved 1048576K
Event: 4.735 GC heap after
Heap after GC invocations=3 (full 0):
 PSYoungGen      total 18944K, used 2528K [0x00000000eab00000, 0x00000000ed000000, 0x0000000100000000)
  eden space 16384K, 0% used [0x00000000eab00000,0x00000000eab00000,0x00000000ebb00000)
  from space 2560K, 98% used [0x00000000ebb00000,0x00000000ebd78028,0x00000000ebd80000)
  to   space 2560K, 0% used [0x00000000ecd80000,0x00000000ecd80000,0x00000000ed000000)
 ParOldGen       total 44032K, used 6795K [0x00000000c0000000, 0x00000000c2b00000, 0x00000000eab00000)
  object space 44032K, 15% used [0x00000000c0000000,0x00000000c06a2d10,0x00000000c2b00000)
 Metaspace       used 6099K, capacity 7088K, committed 7296K, reserved 1056768K
  class space    used 594K, capacity 616K, committed 640K, reserved 1048576K
}

Deoptimization events (10 events):
Event: 2.498 Thread 0x000000001671a800 Uncommon trap: reason=unstable_if action=reinterpret pc=0x0000000002670d3c method=java.util.HashMap.getNode(ILjava/lang/Object;)Ljava/util/HashMap$Node; @ 62
Event: 2.501 Thread 0x000000001671a800 Uncommon trap: reason=unstable_if action=reinterpret pc=0x000000000267e070 method=java.util.BitSet.nextSetBit(I)I @ 87
Event: 2.547 Thread 0x000000000223d800 Uncommon trap: reason=class_check action=maybe_recompile pc=0x00000000026c0f70 method=com.android.dx.ssa.NormalSsaInsn.accept(Lcom/android/dx/ssa/SsaInsn$Visitor;)V @ 9
Event: 2.547 Thread 0x000000000223d800 Uncommon trap: reason=class_check action=maybe_recompile pc=0x00000000026c0f70 method=com.android.dx.ssa.NormalSsaInsn.accept(Lcom/android/dx/ssa/SsaInsn$Visitor;)V @ 9
Event: 2.548 Thread 0x000000000223d800 Uncommon trap: reason=class_check action=maybe_recompile pc=0x00000000026c0f70 method=com.android.dx.ssa.NormalSsaInsn.accept(Lcom/android/dx/ssa/SsaInsn$Visitor;)V @ 9
Event: 2.548 Thread 0x000000000223d800 Uncommon trap: reason=class_check action=maybe_recompile pc=0x00000000026c0f70 method=com.android.dx.ssa.NormalSsaInsn.accept(Lcom/android/dx/ssa/SsaInsn$Visitor;)V @ 9
Event: 2.793 Thread 0x000000000223d800 Uncommon trap: reason=unstable_if action=reinterpret pc=0x000000000265219c method=java.lang.String.<init>([CII)V @ 18
Event: 3.417 Thread 0x000000000223d800 Uncommon trap: reason=unstable_if action=reinterpret pc=0x00000000027dfcc4 method=com.android.dx.rop.code.RegisterSpecSet.<init>(I)V @ 2
Event: 3.952 Thread 0x000000000223d800 Uncommon trap: reason=unstable_if action=reinterpret pc=0x0000000002838684 method=com.android.dx.ssa.SsaRenamer$BlockRenamer.addMapping(ILcom/android/dx/rop/code/RegisterSpec;)V @ 120
Event: 4.476 Thread 0x0000000016700800 Uncommon trap: reason=unstable_if action=reinterpret pc=0x000000000293cdf8 method=com.android.dx.ssa.SsaRenamer$BlockRenamer.addMapping(ILcom/android/dx/rop/code/RegisterSpec;)V @ 120

Internal exceptions (2 events):
Event: 0.106 Thread 0x000000000223d800 Exception <a 'java/lang/NoSuchMethodError': Method sun.misc.Unsafe.defineClass(Ljava/lang/String;[BII)Ljava/lang/Class; name or signature does not match> (0x00000000eab0d448) thrown at [C:\re\workspace\8-2-build-windows-amd64-cygwin\jdk8u60\4407\hotspot\sr”^ôo47»?
Event: 0.106 Thread 0x000000000223d800 Exception <a 'java/lang/NoSuchMethodError': Method sun.misc.Unsafe.prefetchRead(Ljava/lang/Object;J)V name or signature does not match> (0x00000000eab0d730) thrown at [C:\re\workspace\8-2-build-windows-amd64-cygwin\jdk8u60\4407\hotspot\src\share\vm\prims\j

Events (10 events):
Event: 3.952 Thread 0x000000000223d800 Uncommon trap: trap_request=0xffffff65 fr.pc=0x0000000002838684
Event: 3.952 Thread 0x000000000223d800 DEOPT PACKING pc=0x0000000002838684 sp=0x000000000235e4e0
Event: 3.952 Thread 0x000000000223d800 DEOPT UNPACKING pc=0x00000000024b582a sp=0x000000000235e470 mode 2
Event: 4.222 Executing VM operation: EnableBiasedLocking
Event: 4.399 Executing VM operation: EnableBiasedLocking done
Event: 4.476 Thread 0x0000000016700800 Uncommon trap: trap_request=0xffffff65 fr.pc=0x000000000293cdf8
Event: 4.476 Thread 0x0000000016700800 DEOPT PACKING pc=0x000000000293cdf8 sp=0x0000000016b9eaf0
Event: 4.476 Thread 0x0000000016700800 DEOPT UNPACKING pc=0x00000000024b582a sp=0x0000000016b9ea10 mode 2
Event: 4.711 Executing VM operation: ParallelGCFailedAllocation
Event: 4.735 Executing VM operation: ParallelGCFailedAllocation done


Dynamic libraries:
0x00007ff705cc0000 - 0x00007ff705cf7000 	C:\Program Files\Java\jdk1.8.0_60\bin\java.exe
0x00007ffe033e0000 - 0x00007ffe035a1000 	C:\WINDOWS\SYSTEM32\ntdll.dll
0x00007ffe019a0000 - 0x00007ffe01a4d000 	C:\WINDOWS\system32\KERNEL32.DLL
0x00007ffdfff00000 - 0x00007ffe000dd000 	C:\WINDOWS\system32\KERNELBASE.dll
0x00007ffe01a50000 - 0x00007ffe01af6000 	C:\WINDOWS\system32\ADVAPI32.dll
0x00007ffe01880000 - 0x00007ffe0191d000 	C:\WINDOWS\system32\msvcrt.dll
0x00007ffe014a0000 - 0x00007ffe014fb000 	C:\WINDOWS\system32\sechost.dll
0x00007ffe03160000 - 0x00007ffe03286000 	C:\WINDOWS\system32\RPCRT4.dll
0x00007ffe03290000 - 0x00007ffe033de000 	C:\WINDOWS\system32\USER32.dll
0x00007ffe01310000 - 0x00007ffe01496000 	C:\WINDOWS\system32\GDI32.dll
0x00007ffdfa000000 - 0x00007ffdfa274000 	C:\WINDOWS\WinSxS\amd64_microsoft.windows.common-controls_6595b64144ccf1df_6.0.10240.16384_none_f41f7b285750ef43\COMCTL32.dll
0x00007ffe00ad0000 - 0x00007ffe00b06000 	C:\WINDOWS\system32\IMM32.DLL
0x00007ffe011b0000 - 0x00007ffe0130c000 	C:\WINDOWS\system32\MSCTF.dll
0x00000000701f0000 - 0x00000000702c2000 	C:\Program Files\Java\jdk1.8.0_60\jre\bin\msvcr100.dll
0x0000000070670000 - 0x0000000070ef9000 	C:\Program Files\Java\jdk1.8.0_60\jre\bin\server\jvm.dll
0x00007ffe016d0000 - 0x00007ffe016d8000 	C:\WINDOWS\system32\PSAPI.DLL
0x00007ffdfe0a0000 - 0x00007ffdfe0c3000 	C:\WINDOWS\SYSTEM32\WINMM.dll
0x00007ffdfce00000 - 0x00007ffdfce0a000 	C:\WINDOWS\SYSTEM32\VERSION.dll
0x00007ffdfbbe0000 - 0x00007ffdfbc0c000 	C:\WINDOWS\SYSTEM32\WINMMBASE.dll
0x00007ffdffeb0000 - 0x00007ffdffef4000 	C:\WINDOWS\system32\cfgmgr32.dll
0x00007ffdfe780000 - 0x00007ffdfe7a7000 	C:\WINDOWS\SYSTEM32\DEVOBJ.dll
0x00007ffdfab40000 - 0x00007ffdfab49000 	C:\WINDOWS\SYSTEM32\WSOCK32.dll
0x00007ffe00c60000 - 0x00007ffe00cc9000 	C:\WINDOWS\system32\WS2_32.dll
0x00007ffe00ab0000 - 0x00007ffe00ab8000 	C:\WINDOWS\system32\NSI.dll
0x0000000070660000 - 0x000000007066f000 	C:\Program Files\Java\jdk1.8.0_60\jre\bin\verify.dll
0x0000000070630000 - 0x0000000070659000 	C:\Program Files\Java\jdk1.8.0_60\jre\bin\java.dll
0x0000000070610000 - 0x0000000070626000 	C:\Program Files\Java\jdk1.8.0_60\jre\bin\zip.dll
0x00007ffe01b70000 - 0x00007ffe03092000 	C:\WINDOWS\system32\SHELL32.dll
0x00007ffe000e0000 - 0x00007ffe00708000 	C:\WINDOWS\system32\windows.storage.dll
0x00007ffe00e80000 - 0x00007ffe010fc000 	C:\WINDOWS\system32\combase.dll
0x00007ffe016e0000 - 0x00007ffe01731000 	C:\WINDOWS\system32\shlwapi.dll
0x00007ffdffe10000 - 0x00007ffdffe1f000 	C:\WINDOWS\system32\kernel.appcore.dll
0x00007ffe009f0000 - 0x00007ffe00aa3000 	C:\WINDOWS\system32\shcore.dll
0x00007ffdffe60000 - 0x00007ffdffeaa000 	C:\WINDOWS\system32\powrprof.dll
0x00007ffdffe20000 - 0x00007ffdffe33000 	C:\WINDOWS\system32\profapi.dll

VM Arguments:
jvm_args: -Djava.awt.headless=true -Xmx1024M -Dfile.encoding=windows-1252 -Duser.country=US -Duser.language=en -Duser.variant 
java_command: com.android.dx.command.Main --dex --num-threads=4 --output C:\Users\Murlli Maraati\Desktop\FMR\steller16-12-2015-6pm\StellarFMR\app\build\intermediates\pre-dexed\debug\internal_impl-23.1.1_a37e78232af9067cf20cd7396ccc95846fbd716d.jar C:\Users\Murlli Maraati\Desktop\FMR\steller16-12-2015-6pm\StellarFMR\app\build\intermediates\exploded-aar\com.android.support\support-v4\23.1.1\jars\libs\internal_impl-23.1.1.jar
java_class_path (initial): D:\Azahar\sdk\build-tools\23.0.1\lib\dx.jar
Launcher Type: SUN_STANDARD

Environment Variables:
PATH=C:\ProgramData\Oracle\Java\javapath;C:\WINDOWS\system32;C:\WINDOWS;C:\WINDOWS\System32\Wbem;C:\WINDOWS\System32\WindowsPowerShell\v1.0\;C:\Program Files (x86)\Skype\Phone\;C:\Program Files (x86)\Windows Kits\8.1\Windows Performance Toolkit\;C:\Program Files (x86)\Microsoft SDKs\TypeScript\1.0\;C:\Program Files\Microsoft SQL Server\110\Tools\Binn\
USERNAME=Murlli Maraati
OS=Windows_NT
PROCESSOR_IDENTIFIER=Intel64 Family 6 Model 42 Stepping 7, GenuineIntel



---------------  S Y S T E M  ---------------

OS: Windows 10.0 , 64 bit Build 10240 (10.0.10240.16384)

CPU:total 4 (2 cores per cpu, 2 threads per core) family 6 model 42 stepping 7, cmov, cx8, fxsr, mmx, sse, sse2, sse3, ssse3, sse4.1, sse4.2, popcnt, avx, aes, clmul, ht, tsc, tscinvbit

Memory: 4k page, physical 4175724k(322496k free), swap 16758636k(7144k free)

vm_info: Java HotSpot(TM) 64-Bit Server VM (25.60-b23) for windows-amd64 JRE (1.8.0_60-b27), built on Aug  4 2015 11:06:27 by "java_re" with MS VC++ 10.0 (VS2010)

time: Tue Jan 05 01:39:34 2016
elapsed time: 4 seconds (0d 0h 0m 4s)

