#
# There is insufficient memory for the Java Runtime Environment to continue.
# Native memory allocation (malloc) failed to allocate 657616 bytes for Chunk::new
# Possible reasons:
#   The system is out of physical RAM or swap space
#   In 32 bit mode, the process size limit was hit
# Possible solutions:
#   Reduce memory load on the system
#   Increase physical memory or swap space
#   Check if swap backing store is full
#   Use 64 bit Java on a 64 bit OS
#   Decrease Java heap size (-Xmx/-Xms)
#   Decrease number of Java threads
#   Decrease Java thread stack sizes (-Xss)
#   Set larger code cache with -XX:ReservedCodeCacheSize=
# This output file may be truncated or incomplete.
#
#  Out of Memory Error (allocation.cpp:390), pid=8924, tid=13524
#
# JRE version: Java(TM) SE Runtime Environment (8.0_60-b27) (build 1.8.0_60-b27)
# Java VM: Java HotSpot(TM) 64-Bit Server VM (25.60-b23 mixed mode windows-amd64 compressed oops)
# Failed to write core dump. Minidumps are not enabled by default on client versions of Windows
#

---------------  T H R E A D  ---------------

Current thread (0x0000000014ae8000):  JavaThread "C2 CompilerThread0" daemon [_thread_in_native, id=13524, stack(0x0000000016130000,0x0000000016230000)]

Stack: [0x0000000016130000,0x0000000016230000]
[error occurred during error reporting (printing stack bounds), id 0xc0000005]

Native frames: (J=compiled Java code, j=interpreted, Vv=VM code, C=native code)


Current CompileTask:
C2:   1933 1048       4       com.android.dx.ssa.SCCP::simulatePhi (169 bytes)


---------------  P R O C E S S  ---------------

Java Threads: ( => current thread )
  0x0000000016699800 JavaThread "pool-1-thread-4" [_thread_blocked, id=704, stack(0x0000000016e30000,0x0000000016f30000)]
  0x0000000016698800 JavaThread "pool-1-thread-3" [_thread_in_Java, id=12068, stack(0x0000000016d30000,0x0000000016e30000)]
  0x0000000016695800 JavaThread "pool-1-thread-2" [_thread_in_Java, id=9644, stack(0x0000000016c30000,0x0000000016d30000)]
  0x0000000016691000 JavaThread "pool-2-thread-1" [_thread_blocked, id=8824, stack(0x0000000016b30000,0x0000000016c30000)]
  0x0000000016690000 JavaThread "pool-1-thread-1" [_thread_blocked, id=6592, stack(0x0000000016a30000,0x0000000016b30000)]
  0x0000000016436800 JavaThread "Service Thread" daemon [_thread_blocked, id=5144, stack(0x0000000016830000,0x0000000016930000)]
  0x0000000014b3c000 JavaThread "C1 CompilerThread2" daemon [_thread_blocked, id=14560, stack(0x0000000016330000,0x0000000016430000)]
  0x0000000014adc000 JavaThread "C2 CompilerThread1" daemon [_thread_in_native, id=4704, stack(0x0000000016230000,0x0000000016330000)]
=>0x0000000014ae8000 JavaThread "C2 CompilerThread0" daemon [_thread_in_native, id=13524, stack(0x0000000016130000,0x0000000016230000)]
  0x0000000014ae6800 JavaThread "Attach Listener" daemon [_thread_blocked, id=10980, stack(0x0000000016030000,0x0000000016130000)]
  0x0000000014ae5000 JavaThread "Signal Dispatcher" daemon [_thread_blocked, id=12304, stack(0x0000000015f30000,0x0000000016030000)]
  0x0000000002400800 JavaThread "Finalizer" daemon [_thread_blocked, id=3816, stack(0x0000000015d50000,0x0000000015e50000)]
  0x00000000023fd000 JavaThread "Reference Handler" daemon [_thread_blocked, id=11224, stack(0x0000000015c50000,0x0000000015d50000)]
  0x00000000022bd800 JavaThread "main" [_thread_blocked, id=8864, stack(0x0000000002110000,0x0000000002210000)]

Other Threads:
  0x0000000014aa7800 VMThread [stack: 0x0000000015b50000,0x0000000015c50000] [id=15908]
  0x0000000016452000 WatcherThread [stack: 0x0000000016930000,0x0000000016a30000] [id=14440]

VM state:not at safepoint (normal execution)

VM Mutex/Monitor currently owned by a thread:  ([mutex/lock_event])
[0x00000000022bc310] Patching_lock - owner thread: 0x0000000000000000

Heap:
 PSYoungGen      total 18944K, used 12078K [0x00000000eab00000, 0x00000000ed000000, 0x0000000100000000)
  eden space 16384K, 58% used [0x00000000eab00000,0x00000000eb44dec8,0x00000000ebb00000)
  from space 2560K, 99% used [0x00000000ebb00000,0x00000000ebd7dc60,0x00000000ebd80000)
  to   space 2560K, 0% used [0x00000000ecd80000,0x00000000ecd80000,0x00000000ed000000)
 ParOldGen       total 44032K, used 1782K [0x00000000c0000000, 0x00000000c2b00000, 0x00000000eab00000)
  object space 44032K, 4% used [0x00000000c0000000,0x00000000c01bd870,0x00000000c2b00000)
 Metaspace       used 5814K, capacity 6832K, committed 7040K, reserved 1056768K
  class space    used 588K, capacity 616K, committed 640K, reserved 1048576K

Card table byte_map: [0x00000000117d0000,0x00000000119e0000] byte_map_base: 0x00000000111d0000

Marking Bits: (ParMarkBitMap*) 0x0000000070e7a5b0
 Begin Bits: [0x0000000011f40000, 0x0000000012f40000)
 End Bits:   [0x0000000012f40000, 0x0000000013f40000)

Polling page: 0x0000000000980000

CodeCache: size=245760Kb used=4474Kb max_used=4474Kb free=241285Kb
 bounds [0x0000000002410000, 0x0000000002880000, 0x0000000011410000]
 total_blobs=1410 nmethods=1141 adapters=182
 compilation: enabled

Compilation events (10 events):
Event: 1.931 Thread 0x0000000014b3c000 nmethod 1139 0x000000000286ed90 code [0x000000000286ef20, 0x000000000286f430]
Event: 1.931 Thread 0x0000000014b3c000 1147       3       com.android.dx.ssa.Optimizer::getAdvice (4 bytes)
Event: 1.931 Thread 0x0000000014b3c000 nmethod 1147 0x000000000286f690 code [0x000000000286f7e0, 0x000000000286f910]
Event: 1.931 Thread 0x0000000014b3c000 1131       3       com.android.dx.cf.direct.AttributeListParser::setObserver (6 bytes)
Event: 1.931 Thread 0x0000000014b3c000 nmethod 1131 0x000000000286f990 code [0x000000000286fae0, 0x000000000286fc50]
Event: 1.931 Thread 0x0000000014b3c000 1132       3       com.android.dx.cf.direct.AttributeListParser::getEndOffset (9 bytes)
Event: 1.932 Thread 0x0000000014b3c000 nmethod 1132 0x000000000286fcd0 code [0x000000000286fe40, 0x0000000002870088]
Event: 1.932 Thread 0x0000000014b3c000 1133       3       com.android.dx.cf.direct.AttributeListParser::getList (9 bytes)
Event: 1.932 Thread 0x0000000014b3c000 nmethod 1133 0x0000000002870150 code [0x00000000028702c0, 0x0000000002870508]
Event: 1.932 Thread 0x0000000014b3c000 1141       3       com.android.dx.rop.type.Type::isReference (15 bytes)

GC Heap History (2 events):
Event: 1.337 GC heap before
{Heap before GC invocations=1 (full 0):
 PSYoungGen      total 18944K, used 16384K [0x00000000eab00000, 0x00000000ec000000, 0x0000000100000000)
  eden space 16384K, 100% used [0x00000000eab00000,0x00000000ebb00000,0x00000000ebb00000)
  from space 2560K, 0% used [0x00000000ebd80000,0x00000000ebd80000,0x00000000ec000000)
  to   space 2560K, 0% used [0x00000000ebb00000,0x00000000ebb00000,0x00000000ebd80000)
 ParOldGen       total 44032K, used 0K [0x00000000c0000000, 0x00000000c2b00000, 0x00000000eab00000)
  object space 44032K, 0% used [0x00000000c0000000,0x00000000c0000000,0x00000000c2b00000)
 Metaspace       used 5657K, capacity 6704K, committed 6784K, reserved 1056768K
  class space    used 586K, capacity 616K, committed 640K, reserved 1048576K
Event: 1.473 GC heap after
Heap after GC invocations=1 (full 0):
 PSYoungGen      total 18944K, used 2551K [0x00000000eab00000, 0x00000000ed000000, 0x0000000100000000)
  eden space 16384K, 0% used [0x00000000eab00000,0x00000000eab00000,0x00000000ebb00000)
  from space 2560K, 99% used [0x00000000ebb00000,0x00000000ebd7dc60,0x00000000ebd80000)
  to   space 2560K, 0% used [0x00000000ecd80000,0x00000000ecd80000,0x00000000ed000000)
 ParOldGen       total 44032K, used 1782K [0x00000000c0000000, 0x00000000c2b00000, 0x00000000eab00000)
  object space 44032K, 4% used [0x00000000c0000000,0x00000000c01bd870,0x00000000c2b00000)
 Metaspace       used 5657K, capacity 6704K, committed 6784K, reserved 1056768K
  class space    used 586K, capacity 616K, committed 640K, reserved 1048576K
}

Deoptimization events (6 events):
Event: 1.138 Thread 0x0000000016699800 Uncommon trap: reason=unstable_if action=reinterpret pc=0x00000000026ccff0 method=java.util.BitSet.ensureCapacity(I)V @ 6
Event: 1.316 Thread 0x00000000022bd800 Uncommon trap: reason=unloaded action=reinterpret pc=0x00000000027317c4 method=com.android.dx.ssa.SsaRenamer$BlockRenamer.visitMoveInsn(Lcom/android/dx/ssa/NormalSsaInsn;)V @ 208
Event: 1.317 Thread 0x00000000022bd800 Uncommon trap: reason=unstable_if action=reinterpret pc=0x0000000002759c68 method=com.android.dx.ssa.NormalSsaInsn.getLocalAssignment()Lcom/android/dx/rop/code/RegisterSpec; @ 12
Event: 1.317 Thread 0x0000000016690000 Uncommon trap: reason=unstable_if action=reinterpret pc=0x0000000002640bb4 method=java.util.BitSet.ensureCapacity(I)V @ 6
Event: 1.317 Thread 0x00000000022bd800 Uncommon trap: reason=unstable_if action=reinterpret pc=0x0000000002745d70 method=com.android.dx.ssa.NormalSsaInsn.getLocalAssignment()Lcom/android/dx/rop/code/RegisterSpec; @ 12
Event: 1.876 Thread 0x0000000016690000 Uncommon trap: reason=unstable_if action=reinterpret pc=0x00000000027ef79c method=com.android.dx.ssa.SsaMethod.onSourcesChanged(Lcom/android/dx/ssa/SsaInsn;Lcom/android/dx/rop/code/RegisterSpecList;)V @ 4

Internal exceptions (2 events):
Event: 0.101 Thread 0x00000000022bd800 Exception <a 'java/lang/NoSuchMethodError': Method sun.misc.Unsafe.defineClass(Ljava/lang/String;[BII)Ljava/lang/Class; name or signature does not match> (0x00000000eab0d470) thrown at [C:\re\workspace\8-2-build-windows-amd64-cygwin\jdk8u60\4407\hotspot\srØô‘€Vÿ¹?
Event: 0.102 Thread 0x00000000022bd800 Exception <a 'java/lang/NoSuchMethodError': Method sun.misc.Unsafe.prefetchRead(Ljava/lang/Object;J)V name or signature does not match> (0x00000000eab0d758) thrown at [C:\re\workspace\8-2-build-windows-amd64-cygwin\jdk8u60\4407\hotspot\src\share\vm\prims\j

Events (10 events):
Event: 1.685 loading class com/android/dx/cf/code/SwitchList done
Event: 1.696 loading class java/util/TreeMap$EntrySet
Event: 1.696 loading class java/util/TreeMap$EntrySet done
Event: 1.696 loading class java/util/TreeMap$EntryIterator
Event: 1.696 loading class java/util/TreeMap$EntryIterator done
Event: 1.696 Executing VM operation: Deoptimize
Event: 1.866 Executing VM operation: Deoptimize done
Event: 1.876 Thread 0x0000000016690000 Uncommon trap: trap_request=0xffffff65 fr.pc=0x00000000027ef79c
Event: 1.876 Thread 0x0000000016690000 DEOPT PACKING pc=0x00000000027ef79c sp=0x0000000016b2e900
Event: 1.876 Thread 0x0000000016690000 DEOPT UNPACKING pc=0x000000000245582a sp=0x0000000016b2e820 mode 2


Dynamic libraries:
0x00007ff7f22e0000 - 0x00007ff7f2317000 	C:\Program Files\Java\jdk1.8.0_60\bin\java.exe
0x00007ffe033e0000 - 0x00007ffe035a1000 	C:\WINDOWS\SYSTEM32\ntdll.dll
0x00007ffe019a0000 - 0x00007ffe01a4d000 	C:\WINDOWS\system32\KERNEL32.DLL
0x00007ffdfff00000 - 0x00007ffe000dd000 	C:\WINDOWS\system32\KERNELBASE.dll
0x00007ffe01a50000 - 0x00007ffe01af6000 	C:\WINDOWS\system32\ADVAPI32.dll
0x00007ffe01880000 - 0x00007ffe0191d000 	C:\WINDOWS\system32\msvcrt.dll
0x00007ffe014a0000 - 0x00007ffe014fb000 	C:\WINDOWS\system32\sechost.dll
0x00007ffe03160000 - 0x00007ffe03286000 	C:\WINDOWS\system32\RPCRT4.dll
0x00007ffe03290000 - 0x00007ffe033de000 	C:\WINDOWS\system32\USER32.dll
0x00007ffe01310000 - 0x00007ffe01496000 	C:\WINDOWS\system32\GDI32.dll
0x00007ffdfa000000 - 0x00007ffdfa274000 	C:\WINDOWS\WinSxS\amd64_microsoft.windows.common-controls_6595b64144ccf1df_6.0.10240.16384_none_f41f7b285750ef43\COMCTL32.dll
0x00007ffe00ad0000 - 0x00007ffe00b06000 	C:\WINDOWS\system32\IMM32.DLL
0x00007ffe011b0000 - 0x00007ffe0130c000 	C:\WINDOWS\system32\MSCTF.dll
0x00000000701f0000 - 0x00000000702c2000 	C:\Program Files\Java\jdk1.8.0_60\jre\bin\msvcr100.dll
0x0000000070670000 - 0x0000000070ef9000 	C:\Program Files\Java\jdk1.8.0_60\jre\bin\server\jvm.dll
0x00007ffe016d0000 - 0x00007ffe016d8000 	C:\WINDOWS\system32\PSAPI.DLL
0x00007ffdfe0a0000 - 0x00007ffdfe0c3000 	C:\WINDOWS\SYSTEM32\WINMM.dll
0x00007ffdfce00000 - 0x00007ffdfce0a000 	C:\WINDOWS\SYSTEM32\VERSION.dll
0x00007ffdfbbe0000 - 0x00007ffdfbc0c000 	C:\WINDOWS\SYSTEM32\WINMMBASE.dll
0x00007ffdffeb0000 - 0x00007ffdffef4000 	C:\WINDOWS\system32\cfgmgr32.dll
0x00007ffdf9b00000 - 0x00007ffdf9b09000 	C:\WINDOWS\SYSTEM32\WSOCK32.dll
0x00007ffdfe780000 - 0x00007ffdfe7a7000 	C:\WINDOWS\SYSTEM32\DEVOBJ.dll
0x00007ffe00c60000 - 0x00007ffe00cc9000 	C:\WINDOWS\system32\WS2_32.dll
0x00007ffe00ab0000 - 0x00007ffe00ab8000 	C:\WINDOWS\system32\NSI.dll
0x0000000070660000 - 0x000000007066f000 	C:\Program Files\Java\jdk1.8.0_60\jre\bin\verify.dll
0x0000000070630000 - 0x0000000070659000 	C:\Program Files\Java\jdk1.8.0_60\jre\bin\java.dll
0x0000000070610000 - 0x0000000070626000 	C:\Program Files\Java\jdk1.8.0_60\jre\bin\zip.dll
0x00007ffe01b70000 - 0x00007ffe03092000 	C:\WINDOWS\system32\SHELL32.dll
0x00007ffe000e0000 - 0x00007ffe00708000 	C:\WINDOWS\system32\windows.storage.dll
0x00007ffe00e80000 - 0x00007ffe010fc000 	C:\WINDOWS\system32\combase.dll
0x00007ffe016e0000 - 0x00007ffe01731000 	C:\WINDOWS\system32\shlwapi.dll
0x00007ffdffe10000 - 0x00007ffdffe1f000 	C:\WINDOWS\system32\kernel.appcore.dll
0x00007ffe009f0000 - 0x00007ffe00aa3000 	C:\WINDOWS\system32\shcore.dll
0x00007ffdffe60000 - 0x00007ffdffeaa000 	C:\WINDOWS\system32\powrprof.dll
0x00007ffdffe20000 - 0x00007ffdffe33000 	C:\WINDOWS\system32\profapi.dll

VM Arguments:
jvm_args: -Djava.awt.headless=true -Xmx1024M -Dfile.encoding=windows-1252 -Duser.country=US -Duser.language=en -Duser.variant 
java_command: com.android.dx.command.Main --dex --num-threads=4 --output C:\Users\Murlli Maraati\Desktop\FMR\steller16-12-2015-6pm\StellarFMR\app\build\intermediates\pre-dexed\debug\com.google.android.gms-play-services-maps-8.3.0_45028ced2941f8a0e623f24f493f60ec2573303f.jar C:\Users\Murlli Maraati\Desktop\FMR\steller16-12-2015-6pm\StellarFMR\app\build\intermediates\exploded-aar\com.google.android.gms\play-services-maps\8.3.0\jars\classes.jar
java_class_path (initial): D:\Azahar\sdk\build-tools\23.0.1\lib\dx.jar
Launcher Type: SUN_STANDARD

Environment Variables:
PATH=C:\ProgramData\Oracle\Java\javapath;C:\WINDOWS\system32;C:\WINDOWS;C:\WINDOWS\System32\Wbem;C:\WINDOWS\System32\WindowsPowerShell\v1.0\;C:\Program Files (x86)\Skype\Phone\;C:\Program Files (x86)\Windows Kits\8.1\Windows Performance Toolkit\;C:\Program Files (x86)\Microsoft SDKs\TypeScript\1.0\;C:\Program Files\Microsoft SQL Server\110\Tools\Binn\
USERNAME=Murlli Maraati
OS=Windows_NT
PROCESSOR_IDENTIFIER=Intel64 Family 6 Model 42 Stepping 7, GenuineIntel



---------------  S Y S T E M  ---------------

OS: Windows 10.0 , 64 bit Build 10240 (10.0.10240.16384)

CPU:total 4 (2 cores per cpu, 2 threads per core) family 6 model 42 stepping 7, cmov, cx8, fxsr, mmx, sse, sse2, sse3, ssse3, sse4.1, sse4.2, popcnt, avx, aes, clmul, ht, tsc, tscinvbit

Memory: 4k page, physical 4175724k(311968k free), swap 16758636k(5696k free)

vm_info: Java HotSpot(TM) 64-Bit Server VM (25.60-b23) for windows-amd64 JRE (1.8.0_60-b27), built on Aug  4 2015 11:06:27 by "java_re" with MS VC++ 10.0 (VS2010)

time: Tue Jan 05 19:06:53 2016
elapsed time: 1 seconds (0d 0h 0m 1s)

