#
# There is insufficient memory for the Java Runtime Environment to continue.
# Native memory allocation (malloc) failed to allocate 1318016 bytes for Chunk::new
# Possible reasons:
#   The system is out of physical RAM or swap space
#   In 32 bit mode, the process size limit was hit
# Possible solutions:
#   Reduce memory load on the system
#   Increase physical memory or swap space
#   Check if swap backing store is full
#   Use 64 bit Java on a 64 bit OS
#   Decrease Java heap size (-Xmx/-Xms)
#   Decrease number of Java threads
#   Decrease Java thread stack sizes (-Xss)
#   Set larger code cache with -XX:ReservedCodeCacheSize=
# This output file may be truncated or incomplete.
#
#  Out of Memory Error (allocation.cpp:390), pid=11520, tid=12624
#
# JRE version: Java(TM) SE Runtime Environment (8.0_60-b27) (build 1.8.0_60-b27)
# Java VM: Java HotSpot(TM) 64-Bit Server VM (25.60-b23 mixed mode windows-amd64 compressed oops)
# Failed to write core dump. Minidumps are not enabled by default on client versions of Windows
#

---------------  T H R E A D  ---------------

Current thread (0x0000000014ffc800):  JavaThread "C2 CompilerThread0" daemon [_thread_in_native, id=12624, stack(0x0000000016630000,0x0000000016730000)]

Stack: [0x0000000016630000,0x0000000016730000]
[error occurred during error reporting (printing stack bounds), id 0xc0000005]

Native frames: (J=compiled Java code, j=interpreted, Vv=VM code, C=native code)


Current CompileTask:
C2:   3806 1143   !   4       com.android.dx.cf.code.BytecodeArray::parseInstruction (2764 bytes)


---------------  P R O C E S S  ---------------

Java Threads: ( => current thread )
  0x0000000016b67800 JavaThread "pool-1-thread-4" [_thread_in_Java, id=10504, stack(0x0000000017330000,0x0000000017430000)]
  0x0000000016aa0000 JavaThread "pool-1-thread-3" [_thread_blocked, id=6408, stack(0x0000000017230000,0x0000000017330000)]
  0x0000000016a9f800 JavaThread "pool-1-thread-2" [_thread_in_vm, id=3708, stack(0x0000000017130000,0x0000000017230000)]
  0x0000000016a9e800 JavaThread "pool-2-thread-1" [_thread_blocked, id=4336, stack(0x0000000017030000,0x0000000017130000)]
  0x0000000016a6a800 JavaThread "pool-1-thread-1" [_thread_in_Java, id=1612, stack(0x0000000016f30000,0x0000000017030000)]
  0x0000000016932800 JavaThread "Service Thread" daemon [_thread_blocked, id=11920, stack(0x0000000016d30000,0x0000000016e30000)]
  0x0000000015058800 JavaThread "C1 CompilerThread2" daemon [_thread_blocked, id=6948, stack(0x0000000016830000,0x0000000016930000)]
  0x0000000015000000 JavaThread "C2 CompilerThread1" daemon [_thread_in_native, id=8832, stack(0x0000000016730000,0x0000000016830000)]
=>0x0000000014ffc800 JavaThread "C2 CompilerThread0" daemon [_thread_in_native, id=12624, stack(0x0000000016630000,0x0000000016730000)]
  0x0000000014ffb000 JavaThread "Attach Listener" daemon [_thread_blocked, id=11768, stack(0x0000000016530000,0x0000000016630000)]
  0x0000000014ff9800 JavaThread "Signal Dispatcher" daemon [_thread_blocked, id=12284, stack(0x0000000016430000,0x0000000016530000)]
  0x0000000002902800 JavaThread "Finalizer" daemon [_thread_blocked, id=6480, stack(0x0000000016250000,0x0000000016350000)]
  0x00000000028ff800 JavaThread "Reference Handler" daemon [_thread_blocked, id=4868, stack(0x0000000016150000,0x0000000016250000)]
  0x0000000000f0d800 JavaThread "main" [_thread_in_vm, id=1616, stack(0x0000000002700000,0x0000000002800000)]

Other Threads:
  0x0000000014fc6000 VMThread [stack: 0x0000000016050000,0x0000000016150000] [id=6580]
  0x000000001693b800 WatcherThread [stack: 0x0000000016e30000,0x0000000016f30000] [id=12492]

VM state:not at safepoint (normal execution)

VM Mutex/Monitor currently owned by a thread: None

Heap:
 PSYoungGen      total 18944K, used 12033K [0x00000000eab00000, 0x00000000ec000000, 0x0000000100000000)
  eden space 16384K, 57% used [0x00000000eab00000,0x00000000eb441cd0,0x00000000ebb00000)
  from space 2560K, 99% used [0x00000000ebb00000,0x00000000ebd7eab8,0x00000000ebd80000)
  to   space 2560K, 0% used [0x00000000ebd80000,0x00000000ebd80000,0x00000000ec000000)
 ParOldGen       total 44032K, used 1569K [0x00000000c0000000, 0x00000000c2b00000, 0x00000000eab00000)
  object space 44032K, 3% used [0x00000000c0000000,0x00000000c01886e8,0x00000000c2b00000)
 Metaspace       used 5826K, capacity 6896K, committed 7040K, reserved 1056768K
  class space    used 589K, capacity 616K, committed 640K, reserved 1048576K

Card table byte_map: [0x0000000011cd0000,0x0000000011ee0000] byte_map_base: 0x00000000116d0000

Marking Bits: (ParMarkBitMap*) 0x0000000070e7a5b0
 Begin Bits: [0x0000000012440000, 0x0000000013440000)
 End Bits:   [0x0000000013440000, 0x0000000014440000)

Polling page: 0x0000000000f90000

CodeCache: size=245760Kb used=4600Kb max_used=4604Kb free=241160Kb
 bounds [0x0000000002910000, 0x0000000002da0000, 0x0000000011910000]
 total_blobs=1410 nmethods=1141 adapters=182
 compilation: enabled

Compilation events (10 events):
Event: 3.776 Thread 0x0000000015058800 nmethod 1145 0x0000000002d87890 code [0x0000000002d87c80, 0x0000000002d89d48]
Event: 3.778 Thread 0x0000000015058800 1146       3       com.android.dx.cf.code.Merger::mergeLocals (122 bytes)
Event: 3.780 Thread 0x0000000015058800 nmethod 1146 0x0000000002d8aa10 code [0x0000000002d8aca0, 0x0000000002d8be08]
Event: 3.781 Thread 0x0000000015000000 1147       4       com.android.dx.ssa.SsaMethod::bitSetFromLabelList (47 bytes)
Event: 3.786 Thread 0x0000000015058800 1148       3       com.android.dx.ssa.DomFront::calcDomFronts (154 bytes)
Event: 3.788 Thread 0x0000000015058800 nmethod 1148 0x0000000002d8ca50 code [0x0000000002d8cce0, 0x0000000002d8dc88]
Event: 3.790 Thread 0x0000000015000000 nmethod 1147 0x0000000002d91a10 code [0x0000000002d91b80, 0x0000000002d92008]
Event: 3.791 Thread 0x0000000015058800 1149       3       com.android.dx.ssa.SsaMethod::buildUseList (112 bytes)
Event: 3.792 Thread 0x0000000015058800 nmethod 1149 0x0000000002d8fa10 code [0x0000000002d8fca0, 0x0000000002d90f98]
Event: 3.794 Thread 0x0000000015000000 1150       4       com.android.dx.rop.code.RopMethod::labelToPredecessors (54 bytes)

GC Heap History (2 events):
Event: 2.556 GC heap before
{Heap before GC invocations=1 (full 0):
 PSYoungGen      total 18944K, used 16384K [0x00000000eab00000, 0x00000000ec000000, 0x0000000100000000)
  eden space 16384K, 100% used [0x00000000eab00000,0x00000000ebb00000,0x00000000ebb00000)
  from space 2560K, 0% used [0x00000000ebd80000,0x00000000ebd80000,0x00000000ec000000)
  to   space 2560K, 0% used [0x00000000ebb00000,0x00000000ebb00000,0x00000000ebd80000)
 ParOldGen       total 44032K, used 0K [0x00000000c0000000, 0x00000000c2b00000, 0x00000000eab00000)
  object space 44032K, 0% used [0x00000000c0000000,0x00000000c0000000,0x00000000c2b00000)
 Metaspace       used 5665K, capacity 6704K, committed 6784K, reserved 1056768K
  class space    used 586K, capacity 616K, committed 640K, reserved 1048576K
Event: 3.240 GC heap after
Heap after GC invocations=1 (full 0):
 PSYoungGen      total 18944K, used 2554K [0x00000000eab00000, 0x00000000ec000000, 0x0000000100000000)
  eden space 16384K, 0% used [0x00000000eab00000,0x00000000eab00000,0x00000000ebb00000)
  from space 2560K, 99% used [0x00000000ebb00000,0x00000000ebd7eab8,0x00000000ebd80000)
  to   space 2560K, 0% used [0x00000000ebd80000,0x00000000ebd80000,0x00000000ec000000)
 ParOldGen       total 44032K, used 1569K [0x00000000c0000000, 0x00000000c2b00000, 0x00000000eab00000)
  object space 44032K, 3% used [0x00000000c0000000,0x00000000c01886e8,0x00000000c2b00000)
 Metaspace       used 5665K, capacity 6704K, committed 6784K, reserved 1056768K
  class space    used 586K, capacity 616K, committed 640K, reserved 1048576K
}

Deoptimization events (10 events):
Event: 2.296 Thread 0x0000000016aa0000 Uncommon trap: reason=class_check action=maybe_recompile pc=0x0000000002ba8338 method=com.android.dx.ssa.NormalSsaInsn.accept(Lcom/android/dx/ssa/SsaInsn$Visitor;)V @ 9
Event: 2.296 Thread 0x0000000016aa0000 Uncommon trap: reason=class_check action=maybe_recompile pc=0x0000000002b1d6b0 method=com.android.dx.ssa.NormalSsaInsn.accept(Lcom/android/dx/ssa/SsaInsn$Visitor;)V @ 9
Event: 2.296 Thread 0x0000000016aa0000 Uncommon trap: reason=class_check action=maybe_recompile pc=0x0000000002b1d6b0 method=com.android.dx.ssa.NormalSsaInsn.accept(Lcom/android/dx/ssa/SsaInsn$Visitor;)V @ 9
Event: 2.296 Thread 0x0000000016aa0000 Uncommon trap: reason=class_check action=maybe_recompile pc=0x0000000002b1d6b0 method=com.android.dx.ssa.NormalSsaInsn.accept(Lcom/android/dx/ssa/SsaInsn$Visitor;)V @ 9
Event: 2.301 Thread 0x0000000016aa0000 Uncommon trap: reason=class_check action=maybe_recompile pc=0x0000000002ba8338 method=com.android.dx.ssa.NormalSsaInsn.accept(Lcom/android/dx/ssa/SsaInsn$Visitor;)V @ 9
Event: 2.305 Thread 0x0000000000f0d800 Uncommon trap: reason=unstable_if action=reinterpret pc=0x0000000002b1e35c method=java.lang.String.<init>([CII)V @ 18
Event: 3.267 Thread 0x0000000016a6a800 Uncommon trap: reason=unstable_if action=reinterpret pc=0x0000000002b9fc84 method=com.android.dx.rop.code.RegisterSpec.equals(ILcom/android/dx/rop/type/TypeBearer;Lcom/android/dx/rop/code/LocalItem;)Z @ 16
Event: 3.392 Thread 0x0000000016b67800 Uncommon trap: reason=bimorphic action=maybe_recompile pc=0x0000000002c510c8 method=java.util.HashMap.getNode(ILjava/lang/Object;)Ljava/util/HashMap$Node; @ 126
Event: 3.430 Thread 0x0000000000f0d800 Uncommon trap: reason=unstable_if action=reinterpret pc=0x0000000002c0de80 method=java.lang.String.<init>([CII)V @ 18
Event: 3.451 Thread 0x0000000000f0d800 Uncommon trap: reason=unstable_if action=reinterpret pc=0x0000000002d0c15c method=com.android.dx.ssa.SsaMethod.updateOneDefinition(Lcom/android/dx/ssa/SsaInsn;Lcom/android/dx/rop/code/RegisterSpec;)V @ 4

Internal exceptions (2 events):
Event: 0.066 Thread 0x0000000000f0d800 Exception <a 'java/lang/NoSuchMethodError': Method sun.misc.Unsafe.defineClass(Ljava/lang/String;[BII)Ljava/lang/Class; name or signature does not match> (0x00000000eab0d490) thrown at [C:\re\workspace\8-2-build-windows-amd64-cygwin\jdk8u60\4407\hotspot\srÚnTFè°?
Event: 0.066 Thread 0x0000000000f0d800 Exception <a 'java/lang/NoSuchMethodError': Method sun.misc.Unsafe.prefetchRead(Ljava/lang/Object;J)V name or signature does not match> (0x00000000eab0d778) thrown at [C:\re\workspace\8-2-build-windows-amd64-cygwin\jdk8u60\4407\hotspot\src\share\vm\prims\j

Events (10 events):
Event: 3.392 Thread 0x0000000016b67800 DEOPT PACKING pc=0x0000000002c510c8 sp=0x000000001742ec90
Event: 3.392 Thread 0x0000000016b67800 DEOPT UNPACKING pc=0x000000000295582a sp=0x000000001742ebc8 mode 2
Event: 3.428 loading class com/android/dx/cf/attrib/AttExceptions
Event: 3.428 loading class com/android/dx/cf/attrib/AttExceptions done
Event: 3.430 Thread 0x0000000000f0d800 Uncommon trap: trap_request=0xffffff65 fr.pc=0x0000000002c0de80
Event: 3.430 Thread 0x0000000000f0d800 DEOPT PACKING pc=0x0000000002c0de80 sp=0x00000000027fe470
Event: 3.430 Thread 0x0000000000f0d800 DEOPT UNPACKING pc=0x000000000295582a sp=0x00000000027fe3a0 mode 2
Event: 3.451 Thread 0x0000000000f0d800 Uncommon trap: trap_request=0xffffff65 fr.pc=0x0000000002d0c15c
Event: 3.451 Thread 0x0000000000f0d800 DEOPT PACKING pc=0x0000000002d0c15c sp=0x00000000027fdfd0
Event: 3.451 Thread 0x0000000000f0d800 DEOPT UNPACKING pc=0x000000000295582a sp=0x00000000027fdf78 mode 2


Dynamic libraries:
0x00007ff7f22e0000 - 0x00007ff7f2317000 	C:\Program Files\Java\jdk1.8.0_60\bin\java.exe
0x00007ffe033e0000 - 0x00007ffe035a1000 	C:\WINDOWS\SYSTEM32\ntdll.dll
0x00007ffe019a0000 - 0x00007ffe01a4d000 	C:\WINDOWS\system32\KERNEL32.DLL
0x00007ffdfff00000 - 0x00007ffe000dd000 	C:\WINDOWS\system32\KERNELBASE.dll
0x00007ffe01a50000 - 0x00007ffe01af6000 	C:\WINDOWS\system32\ADVAPI32.dll
0x00007ffe01880000 - 0x00007ffe0191d000 	C:\WINDOWS\system32\msvcrt.dll
0x00007ffe014a0000 - 0x00007ffe014fb000 	C:\WINDOWS\system32\sechost.dll
0x00007ffe03160000 - 0x00007ffe03286000 	C:\WINDOWS\system32\RPCRT4.dll
0x00007ffe03290000 - 0x00007ffe033de000 	C:\WINDOWS\system32\USER32.dll
0x00007ffe01310000 - 0x00007ffe01496000 	C:\WINDOWS\system32\GDI32.dll
0x00007ffdfa000000 - 0x00007ffdfa274000 	C:\WINDOWS\WinSxS\amd64_microsoft.windows.common-controls_6595b64144ccf1df_6.0.10240.16384_none_f41f7b285750ef43\COMCTL32.dll
0x00007ffe00ad0000 - 0x00007ffe00b06000 	C:\WINDOWS\system32\IMM32.DLL
0x00007ffe011b0000 - 0x00007ffe0130c000 	C:\WINDOWS\system32\MSCTF.dll
0x00000000701f0000 - 0x00000000702c2000 	C:\Program Files\Java\jdk1.8.0_60\jre\bin\msvcr100.dll
0x0000000070670000 - 0x0000000070ef9000 	C:\Program Files\Java\jdk1.8.0_60\jre\bin\server\jvm.dll
0x00007ffe016d0000 - 0x00007ffe016d8000 	C:\WINDOWS\system32\PSAPI.DLL
0x00007ffdf9b00000 - 0x00007ffdf9b09000 	C:\WINDOWS\SYSTEM32\WSOCK32.dll
0x00007ffe00c60000 - 0x00007ffe00cc9000 	C:\WINDOWS\system32\WS2_32.dll
0x00007ffe00ab0000 - 0x00007ffe00ab8000 	C:\WINDOWS\system32\NSI.dll
0x00007ffdfe0a0000 - 0x00007ffdfe0c3000 	C:\WINDOWS\SYSTEM32\WINMM.dll
0x00007ffdfce00000 - 0x00007ffdfce0a000 	C:\WINDOWS\SYSTEM32\VERSION.dll
0x00007ffdfbbe0000 - 0x00007ffdfbc0c000 	C:\WINDOWS\SYSTEM32\WINMMBASE.dll
0x00007ffdffeb0000 - 0x00007ffdffef4000 	C:\WINDOWS\system32\cfgmgr32.dll
0x00007ffdfe780000 - 0x00007ffdfe7a7000 	C:\WINDOWS\SYSTEM32\DEVOBJ.dll
0x0000000070660000 - 0x000000007066f000 	C:\Program Files\Java\jdk1.8.0_60\jre\bin\verify.dll
0x0000000070630000 - 0x0000000070659000 	C:\Program Files\Java\jdk1.8.0_60\jre\bin\java.dll
0x0000000070610000 - 0x0000000070626000 	C:\Program Files\Java\jdk1.8.0_60\jre\bin\zip.dll
0x00007ffe01b70000 - 0x00007ffe03092000 	C:\WINDOWS\system32\SHELL32.dll
0x00007ffe000e0000 - 0x00007ffe00708000 	C:\WINDOWS\system32\windows.storage.dll
0x00007ffe00e80000 - 0x00007ffe010fc000 	C:\WINDOWS\system32\combase.dll
0x00007ffe016e0000 - 0x00007ffe01731000 	C:\WINDOWS\system32\shlwapi.dll
0x00007ffdffe10000 - 0x00007ffdffe1f000 	C:\WINDOWS\system32\kernel.appcore.dll
0x00007ffe009f0000 - 0x00007ffe00aa3000 	C:\WINDOWS\system32\shcore.dll
0x00007ffdffe60000 - 0x00007ffdffeaa000 	C:\WINDOWS\system32\powrprof.dll
0x00007ffdffe20000 - 0x00007ffdffe33000 	C:\WINDOWS\system32\profapi.dll

VM Arguments:
jvm_args: -Djava.awt.headless=true -Xmx1024M -Dfile.encoding=windows-1252 -Duser.country=US -Duser.language=en -Duser.variant 
java_command: com.android.dx.command.Main --dex --num-threads=4 --output C:\Users\Murlli Maraati\Desktop\FMR\steller16-12-2015-6pm\StellarFMR\app\build\intermediates\pre-dexed\debug\com.google.android.gms-play-services-appindexing-8.3.0_cce512120ca44440de304c42e402ebd307d2c91b.jar C:\Users\Murlli Maraati\Desktop\FMR\steller16-12-2015-6pm\StellarFMR\app\build\intermediates\exploded-aar\com.google.android.gms\play-services-appindexing\8.3.0\jars\classes.jar
java_class_path (initial): D:\Azahar\sdk\build-tools\23.0.1\lib\dx.jar
Launcher Type: SUN_STANDARD

Environment Variables:
PATH=C:\ProgramData\Oracle\Java\javapath;C:\WINDOWS\system32;C:\WINDOWS;C:\WINDOWS\System32\Wbem;C:\WINDOWS\System32\WindowsPowerShell\v1.0\;C:\Program Files (x86)\Skype\Phone\;C:\Program Files (x86)\Windows Kits\8.1\Windows Performance Toolkit\;C:\Program Files (x86)\Microsoft SDKs\TypeScript\1.0\;C:\Program Files\Microsoft SQL Server\110\Tools\Binn\
USERNAME=Murlli Maraati
OS=Windows_NT
PROCESSOR_IDENTIFIER=Intel64 Family 6 Model 42 Stepping 7, GenuineIntel



---------------  S Y S T E M  ---------------

OS: Windows 10.0 , 64 bit Build 10240 (10.0.10240.16384)

CPU:total 4 (2 cores per cpu, 2 threads per core) family 6 model 42 stepping 7, cmov, cx8, fxsr, mmx, sse, sse2, sse3, ssse3, sse4.1, sse4.2, popcnt, avx, aes, clmul, ht, tsc, tscinvbit

Memory: 4k page, physical 4175724k(291928k free), swap 16758636k(5420k free)

vm_info: Java HotSpot(TM) 64-Bit Server VM (25.60-b23) for windows-amd64 JRE (1.8.0_60-b27), built on Aug  4 2015 11:06:27 by "java_re" with MS VC++ 10.0 (VS2010)

time: Tue Jan 05 19:06:58 2016
elapsed time: 3 seconds (0d 0h 0m 3s)

