#
# There is insufficient memory for the Java Runtime Environment to continue.
# Native memory allocation (malloc) failed to allocate 55056 bytes for Chunk::new
# Possible reasons:
#   The system is out of physical RAM or swap space
#   In 32 bit mode, the process size limit was hit
# Possible solutions:
#   Reduce memory load on the system
#   Increase physical memory or swap space
#   Check if swap backing store is full
#   Use 64 bit Java on a 64 bit OS
#   Decrease Java heap size (-Xmx/-Xms)
#   Decrease number of Java threads
#   Decrease Java thread stack sizes (-Xss)
#   Set larger code cache with -XX:ReservedCodeCacheSize=
# This output file may be truncated or incomplete.
#
#  Out of Memory Error (allocation.cpp:390), pid=6868, tid=16320
#
# JRE version: Java(TM) SE Runtime Environment (8.0_60-b27) (build 1.8.0_60-b27)
# Java VM: Java HotSpot(TM) 64-Bit Server VM (25.60-b23 mixed mode windows-amd64 compressed oops)
# Failed to write core dump. Minidumps are not enabled by default on client versions of Windows
#

---------------  T H R E A D  ---------------

Current thread (0x00000000155b0000):  JavaThread "C2 CompilerThread1" daemon [_thread_in_native, id=16320, stack(0x0000000016cf0000,0x0000000016df0000)]

Stack: [0x0000000016cf0000,0x0000000016df0000]
[error occurred during error reporting (printing stack bounds), id 0xc0000005]

Native frames: (J=compiled Java code, j=interpreted, Vv=VM code, C=native code)


Current CompileTask:
C2:   7656 1124       4       com.android.dx.util.LabeledList::addLabelIndex (43 bytes)


---------------  P R O C E S S  ---------------

Java Threads: ( => current thread )
  0x000000001718c800 JavaThread "pool-1-thread-4" [_thread_in_Java, id=4072, stack(0x00000000178f0000,0x00000000179f0000)]
  0x000000001718b800 JavaThread "pool-1-thread-3" [_thread_in_vm, id=9220, stack(0x00000000177f0000,0x00000000178f0000)]
  0x0000000017177000 JavaThread "pool-1-thread-2" [_thread_in_vm, id=9512, stack(0x00000000176f0000,0x00000000177f0000)]
  0x000000001714e000 JavaThread "pool-2-thread-1" [_thread_blocked, id=2592, stack(0x00000000175f0000,0x00000000176f0000)]
  0x0000000017149000 JavaThread "pool-1-thread-1" [_thread_in_vm, id=14624, stack(0x00000000174f0000,0x00000000175f0000)]
  0x0000000016eff800 JavaThread "Service Thread" daemon [_thread_blocked, id=7784, stack(0x00000000172f0000,0x00000000173f0000)]
  0x0000000015608800 JavaThread "C1 CompilerThread2" daemon [_thread_in_native, id=5804, stack(0x0000000016df0000,0x0000000016ef0000)]
=>0x00000000155b0000 JavaThread "C2 CompilerThread1" daemon [_thread_in_native, id=16320, stack(0x0000000016cf0000,0x0000000016df0000)]
  0x00000000155ac800 JavaThread "C2 CompilerThread0" daemon [_thread_in_native, id=15688, stack(0x0000000016bf0000,0x0000000016cf0000)]
  0x00000000155ab800 JavaThread "Attach Listener" daemon [_thread_blocked, id=8040, stack(0x0000000016af0000,0x0000000016bf0000)]
  0x00000000155aa000 JavaThread "Signal Dispatcher" daemon [_thread_blocked, id=4160, stack(0x00000000169f0000,0x0000000016af0000)]
  0x0000000002ed2000 JavaThread "Finalizer" daemon [_thread_blocked, id=15056, stack(0x0000000016810000,0x0000000016910000)]
  0x0000000002ecf000 JavaThread "Reference Handler" daemon [_thread_blocked, id=13776, stack(0x0000000016710000,0x0000000016810000)]
  0x0000000002ddd800 JavaThread "main" [_thread_in_Java, id=5896, stack(0x0000000002c10000,0x0000000002d10000)]

Other Threads:
  0x0000000015577000 VMThread [stack: 0x0000000016610000,0x0000000016710000] [id=12820]
  0x0000000016ef4800 WatcherThread [stack: 0x00000000173f0000,0x00000000174f0000] [id=9544]

VM state:not at safepoint (normal execution)

VM Mutex/Monitor currently owned by a thread: None

Heap:
 PSYoungGen      total 18944K, used 9222K [0x00000000eab00000, 0x00000000ec000000, 0x0000000100000000)
  eden space 16384K, 40% used [0x00000000eab00000,0x00000000eb183cf8,0x00000000ebb00000)
  from space 2560K, 99% used [0x00000000ebb00000,0x00000000ebd7dc60,0x00000000ebd80000)
  to   space 2560K, 0% used [0x00000000ebd80000,0x00000000ebd80000,0x00000000ec000000)
 ParOldGen       total 44032K, used 1852K [0x00000000c0000000, 0x00000000c2b00000, 0x00000000eab00000)
  object space 44032K, 4% used [0x00000000c0000000,0x00000000c01cf070,0x00000000c2b00000)
 Metaspace       used 5857K, capacity 6896K, committed 7040K, reserved 1056768K
  class space    used 593K, capacity 616K, committed 640K, reserved 1048576K

Card table byte_map: [0x00000000122a0000,0x00000000124b0000] byte_map_base: 0x0000000011ca0000

Marking Bits: (ParMarkBitMap*) 0x0000000070e7a5b0
 Begin Bits: [0x0000000012a10000, 0x0000000013a10000)
 End Bits:   [0x0000000013a10000, 0x0000000014a10000)

Polling page: 0x0000000002bb0000

CodeCache: size=245760Kb used=4548Kb max_used=4548Kb free=241211Kb
 bounds [0x0000000002ee0000, 0x0000000003360000, 0x0000000011ee0000]
 total_blobs=1383 nmethods=1114 adapters=182
 compilation: enabled

Compilation events (10 events):
Event: 7.650 Thread 0x00000000155b0000 1121       4       com.android.dx.rop.code.PlainInsn::<init> (73 bytes)
Event: 7.651 Thread 0x0000000015608800 nmethod 1120 0x000000000334f610 code [0x000000000334f940, 0x0000000003351a58]
Event: 7.651 Thread 0x0000000015608800 1123       3       com.android.dx.rop.cst.TypedConstant::getBasicFrameType (8 bytes)
Event: 7.651 Thread 0x0000000015608800 nmethod 1123 0x000000000333d250 code [0x000000000333d3c0, 0x000000000333d698]
Event: 7.651 Thread 0x0000000015608800 1122       3       com.android.dx.rop.code.RegisterSpecList::getType (12 bytes)
Event: 7.651 Thread 0x0000000015608800 nmethod 1122 0x0000000003352d50 code [0x0000000003352ee0, 0x0000000003353538]
Event: 7.651 Thread 0x00000000155b0000 nmethod 1121 0x0000000003353710 code [0x0000000003353860, 0x0000000003353998]
Event: 7.652 Thread 0x00000000155b0000 1124       4       com.android.dx.util.LabeledList::addLabelIndex (43 bytes)
Event: 7.652 Thread 0x0000000015608800 1126       3       com.android.dx.cf.code.Ropper::getRopMethod (64 bytes)
Event: 7.653 Thread 0x0000000015608800 nmethod 1126 0x000000000334dd50 code [0x000000000334dfa0, 0x000000000334ed38]

GC Heap History (2 events):
Event: 6.833 GC heap before
{Heap before GC invocations=1 (full 0):
 PSYoungGen      total 18944K, used 16384K [0x00000000eab00000, 0x00000000ec000000, 0x0000000100000000)
  eden space 16384K, 100% used [0x00000000eab00000,0x00000000ebb00000,0x00000000ebb00000)
  from space 2560K, 0% used [0x00000000ebd80000,0x00000000ebd80000,0x00000000ec000000)
  to   space 2560K, 0% used [0x00000000ebb00000,0x00000000ebb00000,0x00000000ebd80000)
 ParOldGen       total 44032K, used 0K [0x00000000c0000000, 0x00000000c2b00000, 0x00000000eab00000)
  object space 44032K, 0% used [0x00000000c0000000,0x00000000c0000000,0x00000000c2b00000)
 Metaspace       used 5746K, capacity 6832K, committed 7040K, reserved 1056768K
  class space    used 589K, capacity 616K, committed 640K, reserved 1048576K
Event: 7.362 GC heap after
Heap after GC invocations=1 (full 0):
 PSYoungGen      total 18944K, used 2551K [0x00000000eab00000, 0x00000000ec000000, 0x0000000100000000)
  eden space 16384K, 0% used [0x00000000eab00000,0x00000000eab00000,0x00000000ebb00000)
  from space 2560K, 99% used [0x00000000ebb00000,0x00000000ebd7dc60,0x00000000ebd80000)
  to   space 2560K, 0% used [0x00000000ebd80000,0x00000000ebd80000,0x00000000ec000000)
 ParOldGen       total 44032K, used 1852K [0x00000000c0000000, 0x00000000c2b00000, 0x00000000eab00000)
  object space 44032K, 4% used [0x00000000c0000000,0x00000000c01cf070,0x00000000c2b00000)
 Metaspace       used 5746K, capacity 6832K, committed 7040K, reserved 1056768K
  class space    used 589K, capacity 616K, committed 640K, reserved 1048576K
}

Deoptimization events (10 events):
Event: 6.183 Thread 0x0000000017177000 Uncommon trap: reason=unstable_if action=reinterpret pc=0x0000000003104594 method=java.util.HashMap.getNode(ILjava/lang/Object;)Ljava/util/HashMap$Node; @ 129
Event: 6.194 Thread 0x0000000017177000 Uncommon trap: reason=unstable_if action=reinterpret pc=0x00000000031be05c method=com.android.dx.rop.cst.Constant.compareTo(Lcom/android/dx/rop/cst/Constant;)I @ 12
Event: 6.298 Thread 0x0000000017149000 Uncommon trap: reason=unstable_if action=reinterpret pc=0x00000000032153b8 method=java.util.HashMap.getNode(ILjava/lang/Object;)Ljava/util/HashMap$Node; @ 129
Event: 6.299 Thread 0x0000000017149000 Uncommon trap: reason=class_check action=maybe_recompile pc=0x00000000031a5054 method=com.android.dx.ssa.NormalSsaInsn.accept(Lcom/android/dx/ssa/SsaInsn$Visitor;)V @ 9
Event: 6.833 Thread 0x000000001718b800 Uncommon trap: reason=unstable_if action=reinterpret pc=0x000000000327c46c method=com.android.dx.rop.code.RegisterSpecSet.put(Lcom/android/dx/rop/code/RegisterSpec;)V @ 77
Event: 7.475 Thread 0x000000001718c800 Uncommon trap: reason=class_check action=maybe_recompile pc=0x00000000031a5054 method=com.android.dx.ssa.NormalSsaInsn.accept(Lcom/android/dx/ssa/SsaInsn$Visitor;)V @ 9
Event: 7.492 Thread 0x000000001718b800 Uncommon trap: reason=class_check action=maybe_recompile pc=0x00000000031a5054 method=com.android.dx.ssa.NormalSsaInsn.accept(Lcom/android/dx/ssa/SsaInsn$Visitor;)V @ 9
Event: 7.492 Thread 0x000000001718b800 Uncommon trap: reason=class_check action=maybe_recompile pc=0x00000000031a5054 method=com.android.dx.ssa.NormalSsaInsn.accept(Lcom/android/dx/ssa/SsaInsn$Visitor;)V @ 9
Event: 7.492 Thread 0x000000001718b800 Uncommon trap: reason=class_check action=maybe_recompile pc=0x0000000003101e30 method=com.android.dx.ssa.NormalSsaInsn.accept(Lcom/android/dx/ssa/SsaInsn$Visitor;)V @ 9
Event: 7.642 Thread 0x000000001718b800 Uncommon trap: reason=unstable_if action=reinterpret pc=0x0000000003106634 method=java.util.BitSet.ensureCapacity(I)V @ 6

Internal exceptions (2 events):
Event: 0.376 Thread 0x0000000002ddd800 Exception <a 'java/lang/NoSuchMethodError': Method sun.misc.Unsafe.defineClass(Ljava/lang/String;[BII)Ljava/lang/Class; name or signature does not match> (0x00000000eab0d450) thrown at [C:\re\workspace\8-2-build-windows-amd64-cygwin\jdk8u60\4407\hotspot\srπã(t‘ÿ?
Event: 0.376 Thread 0x0000000002ddd800 Exception <a 'java/lang/NoSuchMethodError': Method sun.misc.Unsafe.prefetchRead(Ljava/lang/Object;J)V name or signature does not match> (0x00000000eab0d738) thrown at [C:\re\workspace\8-2-build-windows-amd64-cygwin\jdk8u60\4407\hotspot\src\share\vm\prims\j

Events (10 events):
Event: 7.639 Executing VM operation: RevokeBias done
Event: 7.639 loading class com/android/dx/cf/code/Ropper$ExceptionHandlerSetup
Event: 7.639 loading class com/android/dx/cf/code/Ropper$ExceptionHandlerSetup done
Event: 7.641 loading class java/util/HashMap$Values
Event: 7.641 loading class java/util/HashMap$Values done
Event: 7.641 loading class java/util/HashMap$ValueIterator
Event: 7.641 loading class java/util/HashMap$ValueIterator done
Event: 7.642 Thread 0x000000001718b800 Uncommon trap: trap_request=0xffffff65 fr.pc=0x0000000003106634
Event: 7.642 Thread 0x000000001718b800 DEOPT PACKING pc=0x0000000003106634 sp=0x00000000178ee5f0
Event: 7.642 Thread 0x000000001718b800 DEOPT UNPACKING pc=0x0000000002f2582a sp=0x00000000178ee4d8 mode 2


Dynamic libraries:
0x00007ff7f22e0000 - 0x00007ff7f2317000 	C:\Program Files\Java\jdk1.8.0_60\bin\java.exe
0x00007ffe033e0000 - 0x00007ffe035a1000 	C:\WINDOWS\SYSTEM32\ntdll.dll
0x00007ffe019a0000 - 0x00007ffe01a4d000 	C:\WINDOWS\system32\KERNEL32.DLL
0x00007ffdfff00000 - 0x00007ffe000dd000 	C:\WINDOWS\system32\KERNELBASE.dll
0x00007ffe01a50000 - 0x00007ffe01af6000 	C:\WINDOWS\system32\ADVAPI32.dll
0x00007ffe01880000 - 0x00007ffe0191d000 	C:\WINDOWS\system32\msvcrt.dll
0x00007ffe014a0000 - 0x00007ffe014fb000 	C:\WINDOWS\system32\sechost.dll
0x00007ffe03160000 - 0x00007ffe03286000 	C:\WINDOWS\system32\RPCRT4.dll
0x00007ffe03290000 - 0x00007ffe033de000 	C:\WINDOWS\system32\USER32.dll
0x00007ffe01310000 - 0x00007ffe01496000 	C:\WINDOWS\system32\GDI32.dll
0x00007ffdfa000000 - 0x00007ffdfa274000 	C:\WINDOWS\WinSxS\amd64_microsoft.windows.common-controls_6595b64144ccf1df_6.0.10240.16384_none_f41f7b285750ef43\COMCTL32.dll
0x00007ffe00ad0000 - 0x00007ffe00b06000 	C:\WINDOWS\system32\IMM32.DLL
0x00007ffe011b0000 - 0x00007ffe0130c000 	C:\WINDOWS\system32\MSCTF.dll
0x00000000701f0000 - 0x00000000702c2000 	C:\Program Files\Java\jdk1.8.0_60\jre\bin\msvcr100.dll
0x0000000070670000 - 0x0000000070ef9000 	C:\Program Files\Java\jdk1.8.0_60\jre\bin\server\jvm.dll
0x00007ffe016d0000 - 0x00007ffe016d8000 	C:\WINDOWS\system32\PSAPI.DLL
0x00007ffdfe0a0000 - 0x00007ffdfe0c3000 	C:\WINDOWS\SYSTEM32\WINMM.dll
0x00007ffdfce00000 - 0x00007ffdfce0a000 	C:\WINDOWS\SYSTEM32\VERSION.dll
0x00007ffdfbbe0000 - 0x00007ffdfbc0c000 	C:\WINDOWS\SYSTEM32\WINMMBASE.dll
0x00007ffdffeb0000 - 0x00007ffdffef4000 	C:\WINDOWS\system32\cfgmgr32.dll
0x00007ffdfe780000 - 0x00007ffdfe7a7000 	C:\WINDOWS\SYSTEM32\DEVOBJ.dll
0x00007ffdf9b00000 - 0x00007ffdf9b09000 	C:\WINDOWS\SYSTEM32\WSOCK32.dll
0x00007ffe00c60000 - 0x00007ffe00cc9000 	C:\WINDOWS\system32\WS2_32.dll
0x00007ffe00ab0000 - 0x00007ffe00ab8000 	C:\WINDOWS\system32\NSI.dll
0x0000000070660000 - 0x000000007066f000 	C:\Program Files\Java\jdk1.8.0_60\jre\bin\verify.dll
0x0000000070630000 - 0x0000000070659000 	C:\Program Files\Java\jdk1.8.0_60\jre\bin\java.dll
0x0000000070610000 - 0x0000000070626000 	C:\Program Files\Java\jdk1.8.0_60\jre\bin\zip.dll
0x00007ffe01b70000 - 0x00007ffe03092000 	C:\WINDOWS\system32\SHELL32.dll
0x00007ffe000e0000 - 0x00007ffe00708000 	C:\WINDOWS\system32\windows.storage.dll
0x00007ffe00e80000 - 0x00007ffe010fc000 	C:\WINDOWS\system32\combase.dll
0x00007ffe016e0000 - 0x00007ffe01731000 	C:\WINDOWS\system32\shlwapi.dll
0x00007ffdffe10000 - 0x00007ffdffe1f000 	C:\WINDOWS\system32\kernel.appcore.dll
0x00007ffe009f0000 - 0x00007ffe00aa3000 	C:\WINDOWS\system32\shcore.dll
0x00007ffdffe60000 - 0x00007ffdffeaa000 	C:\WINDOWS\system32\powrprof.dll
0x00007ffdffe20000 - 0x00007ffdffe33000 	C:\WINDOWS\system32\profapi.dll

VM Arguments:
jvm_args: -Djava.awt.headless=true -Xmx1024M -Dfile.encoding=windows-1252 -Duser.country=US -Duser.language=en -Duser.variant 
java_command: com.android.dx.command.Main --dex --num-threads=4 --output C:\Users\Murlli Maraati\Desktop\FMR\steller16-12-2015-6pm\StellarFMR\app\build\intermediates\pre-dexed\debug\com.android.support-appcompat-v7-23.1.1_a3f79c19b97c9041b6d596105478a3df599213d5.jar C:\Users\Murlli Maraati\Desktop\FMR\steller16-12-2015-6pm\StellarFMR\app\build\intermediates\exploded-aar\com.android.support\appcompat-v7\23.1.1\jars\classes.jar
java_class_path (initial): D:\Azahar\sdk\build-tools\23.0.1\lib\dx.jar
Launcher Type: SUN_STANDARD

Environment Variables:
PATH=C:\ProgramData\Oracle\Java\javapath;C:\WINDOWS\system32;C:\WINDOWS;C:\WINDOWS\System32\Wbem;C:\WINDOWS\System32\WindowsPowerShell\v1.0\;C:\Program Files (x86)\Skype\Phone\;C:\Program Files (x86)\Windows Kits\8.1\Windows Performance Toolkit\;C:\Program Files (x86)\Microsoft SDKs\TypeScript\1.0\;C:\Program Files\Microsoft SQL Server\110\Tools\Binn\
USERNAME=Murlli Maraati
OS=Windows_NT
PROCESSOR_IDENTIFIER=Intel64 Family 6 Model 42 Stepping 7, GenuineIntel



---------------  S Y S T E M  ---------------

OS: Windows 10.0 , 64 bit Build 10240 (10.0.10240.16384)

CPU:total 4 (2 cores per cpu, 2 threads per core) family 6 model 42 stepping 7, cmov, cx8, fxsr, mmx, sse, sse2, sse3, ssse3, sse4.1, sse4.2, popcnt, avx, aes, clmul, ht, tsc, tscinvbit

Memory: 4k page, physical 4175724k(245996k free), swap 16758636k(3304k free)

vm_info: Java HotSpot(TM) 64-Bit Server VM (25.60-b23) for windows-amd64 JRE (1.8.0_60-b27), built on Aug  4 2015 11:06:27 by "java_re" with MS VC++ 10.0 (VS2010)

time: Tue Jan 05 19:06:49 2016
elapsed time: 7 seconds (0d 0h 0m 7s)

