#
# There is insufficient memory for the Java Runtime Environment to continue.
# Native memory allocation (malloc) failed to allocate 331376 bytes for Chunk::new
# Possible reasons:
#   The system is out of physical RAM or swap space
#   In 32 bit mode, the process size limit was hit
# Possible solutions:
#   Reduce memory load on the system
#   Increase physical memory or swap space
#   Check if swap backing store is full
#   Use 64 bit Java on a 64 bit OS
#   Decrease Java heap size (-Xmx/-Xms)
#   Decrease number of Java threads
#   Decrease Java thread stack sizes (-Xss)
#   Set larger code cache with -XX:ReservedCodeCacheSize=
# This output file may be truncated or incomplete.
#
#  Out of Memory Error (allocation.cpp:390), pid=6232, tid=12376
#
# JRE version: Java(TM) SE Runtime Environment (8.0_60-b27) (build 1.8.0_60-b27)
# Java VM: Java HotSpot(TM) 64-Bit Server VM (25.60-b23 mixed mode windows-amd64 compressed oops)
# Failed to write core dump. Minidumps are not enabled by default on client versions of Windows
#

---------------  T H R E A D  ---------------

Current thread (0x000000001579c000):  JavaThread "C2 CompilerThread0" daemon [_thread_in_native, id=12376, stack(0x0000000016d10000,0x0000000016e10000)]

Stack: [0x0000000016d10000,0x0000000016e10000]
[error occurred during error reporting (printing stack bounds), id 0xc0000005]

Native frames: (J=compiled Java code, j=interpreted, Vv=VM code, C=native code)


Current CompileTask:
C2:   5466 1769   !   4       com.android.dx.cf.code.RopperMachine::run (1550 bytes)


---------------  P R O C E S S  ---------------

Java Threads: ( => current thread )
  0x0000000017196000 JavaThread "pool-1-thread-4" [_thread_blocked, id=15420, stack(0x0000000017a10000,0x0000000017b10000)]
  0x0000000017195800 JavaThread "pool-1-thread-3" [_thread_in_Java, id=13696, stack(0x0000000017910000,0x0000000017a10000)]
  0x0000000017194000 JavaThread "pool-1-thread-2" [_thread_blocked, id=2372, stack(0x0000000017810000,0x0000000017910000)]
  0x000000001718b800 JavaThread "pool-2-thread-1" [_thread_blocked, id=676, stack(0x0000000017710000,0x0000000017810000)]
  0x0000000017187800 JavaThread "pool-1-thread-1" [_thread_blocked, id=4912, stack(0x0000000017610000,0x0000000017710000)]
  0x00000000157fe000 JavaThread "Service Thread" daemon [_thread_blocked, id=7860, stack(0x0000000017410000,0x0000000017510000)]
  0x0000000016f18800 JavaThread "C1 CompilerThread2" daemon [_thread_blocked, id=2916, stack(0x0000000017310000,0x0000000017410000)]
  0x00000000157f5800 JavaThread "C2 CompilerThread1" daemon [_thread_in_native, id=16216, stack(0x0000000016e10000,0x0000000016f10000)]
=>0x000000001579c000 JavaThread "C2 CompilerThread0" daemon [_thread_in_native, id=12376, stack(0x0000000016d10000,0x0000000016e10000)]
  0x000000001579a800 JavaThread "Attach Listener" daemon [_thread_blocked, id=6528, stack(0x0000000016c10000,0x0000000016d10000)]
  0x0000000015799800 JavaThread "Signal Dispatcher" daemon [_thread_blocked, id=5516, stack(0x0000000016b10000,0x0000000016c10000)]
  0x00000000030c0800 JavaThread "Finalizer" daemon [_thread_blocked, id=10932, stack(0x0000000016a10000,0x0000000016b10000)]
  0x00000000030bd000 JavaThread "Reference Handler" daemon [_thread_blocked, id=9976, stack(0x0000000016910000,0x0000000016a10000)]
  0x0000000002fcd800 JavaThread "main" [_thread_in_vm, id=13068, stack(0x0000000002de0000,0x0000000002ee0000)]

Other Threads:
  0x0000000015767800 VMThread [stack: 0x0000000016810000,0x0000000016910000] [id=8464]
  0x0000000016f29000 WatcherThread [stack: 0x0000000017510000,0x0000000017610000] [id=7520]

VM state:not at safepoint (normal execution)

VM Mutex/Monitor currently owned by a thread: None

Heap:
 PSYoungGen      total 72192K, used 51110K [0x00000000eab00000, 0x00000000efc00000, 0x0000000100000000)
  eden space 64512K, 67% used [0x00000000eab00000,0x00000000ed56bb38,0x00000000eea00000)
  from space 7680K, 99% used [0x00000000ef280000,0x00000000ef9fdf28,0x00000000efa00000)
  to   space 8704K, 0% used [0x00000000eea00000,0x00000000eea00000,0x00000000ef280000)
 ParOldGen       total 44032K, used 14542K [0x00000000c0000000, 0x00000000c2b00000, 0x00000000eab00000)
  object space 44032K, 33% used [0x00000000c0000000,0x00000000c0e33b38,0x00000000c2b00000)
 Metaspace       used 6229K, capacity 7152K, committed 7296K, reserved 1056768K
  class space    used 589K, capacity 616K, committed 640K, reserved 1048576K

Card table byte_map: [0x0000000012490000,0x00000000126a0000] byte_map_base: 0x0000000011e90000

Marking Bits: (ParMarkBitMap*) 0x0000000070e7a5b0
 Begin Bits: [0x0000000012c00000, 0x0000000013c00000)
 End Bits:   [0x0000000013c00000, 0x0000000014c00000)

Polling page: 0x00000000015c0000

CodeCache: size=245760Kb used=7434Kb max_used=7434Kb free=238325Kb
 bounds [0x00000000030d0000, 0x0000000003820000, 0x00000000120d0000]
 total_blobs=2043 nmethods=1773 adapters=182
 compilation: enabled

Compilation events (10 events):
Event: 5.413 Thread 0x0000000016f18800 1802       2       com.android.dx.dex.file.AnnotationsDirectoryItem::setClassAnnotations (45 bytes)
Event: 5.413 Thread 0x0000000016f18800 nmethod 1802 0x00000000038154d0 code [0x0000000003815660, 0x00000000038159c8]
Event: 5.448 Thread 0x0000000016f18800 1804       2       com.android.dx.cf.attrib.InnerClassList::<init> (6 bytes)
Event: 5.449 Thread 0x0000000016f18800 nmethod 1804 0x0000000003815b90 code [0x0000000003815d00, 0x0000000003815e68]
Event: 5.449 Thread 0x0000000016f18800 1805   !   2       com.android.dx.cf.attrib.AttInnerClasses::<init> (43 bytes)
Event: 5.450 Thread 0x0000000016f18800 nmethod 1805 0x0000000003815f10 code [0x00000000038160a0, 0x00000000038163b8]
Event: 5.450 Thread 0x0000000016f18800 1806       2       com.android.dx.cf.attrib.AttInnerClasses::byteLength (14 bytes)
Event: 5.450 Thread 0x0000000016f18800 nmethod 1806 0x00000000038165d0 code [0x0000000003816720, 0x0000000003816890]
Event: 5.459 Thread 0x0000000016f18800 1807   !   2       java.util.concurrent.ArrayBlockingQueue::take (46 bytes)
Event: 5.460 Thread 0x0000000016f18800 nmethod 1807 0x0000000003816950 code [0x0000000003816b20, 0x0000000003816f58]

GC Heap History (10 events):
Event: 3.820 GC heap before
{Heap before GC invocations=2 (full 0):
 PSYoungGen      total 18944K, used 18935K [0x00000000eab00000, 0x00000000ec000000, 0x0000000100000000)
  eden space 16384K, 100% used [0x00000000eab00000,0x00000000ebb00000,0x00000000ebb00000)
  from space 2560K, 99% used [0x00000000ebb00000,0x00000000ebd7dc60,0x00000000ebd80000)
  to   space 2560K, 0% used [0x00000000ebd80000,0x00000000ebd80000,0x00000000ec000000)
 ParOldGen       total 44032K, used 1854K [0x00000000c0000000, 0x00000000c2b00000, 0x00000000eab00000)
  object space 44032K, 4% used [0x00000000c0000000,0x00000000c01cfbf8,0x00000000c2b00000)
 Metaspace       used 5939K, capacity 6960K, committed 7040K, reserved 1056768K
  class space    used 589K, capacity 616K, committed 640K, reserved 1048576K
Event: 3.841 GC heap after
Heap after GC invocations=2 (full 0):
 PSYoungGen      total 18944K, used 2554K [0x00000000eab00000, 0x00000000ed000000, 0x0000000100000000)
  eden space 16384K, 0% used [0x00000000eab00000,0x00000000eab00000,0x00000000ebb00000)
  from space 2560K, 99% used [0x00000000ebd80000,0x00000000ebffeab0,0x00000000ec000000)
  to   space 2560K, 0% used [0x00000000ebb00000,0x00000000ebb00000,0x00000000ebd80000)
 ParOldGen       total 44032K, used 4140K [0x00000000c0000000, 0x00000000c2b00000, 0x00000000eab00000)
  object space 44032K, 9% used [0x00000000c0000000,0x00000000c040b0e8,0x00000000c2b00000)
 Metaspace       used 5939K, capacity 6960K, committed 7040K, reserved 1056768K
  class space    used 589K, capacity 616K, committed 640K, reserved 1048576K
}
Event: 4.241 GC heap before
{Heap before GC invocations=3 (full 0):
 PSYoungGen      total 18944K, used 18938K [0x00000000eab00000, 0x00000000ed000000, 0x0000000100000000)
  eden space 16384K, 100% used [0x00000000eab00000,0x00000000ebb00000,0x00000000ebb00000)
  from space 2560K, 99% used [0x00000000ebd80000,0x00000000ebffeab0,0x00000000ec000000)
  to   space 2560K, 0% used [0x00000000ebb00000,0x00000000ebb00000,0x00000000ebd80000)
 ParOldGen       total 44032K, used 4140K [0x00000000c0000000, 0x00000000c2b00000, 0x00000000eab00000)
  object space 44032K, 9% used [0x00000000c0000000,0x00000000c040b0e8,0x00000000c2b00000)
 Metaspace       used 6034K, capacity 7024K, committed 7296K, reserved 1056768K
  class space    used 589K, capacity 616K, committed 640K, reserved 1048576K
Event: 4.261 GC heap after
Heap after GC invocations=3 (full 0):
 PSYoungGen      total 18944K, used 2544K [0x00000000eab00000, 0x00000000ed000000, 0x0000000100000000)
  eden space 16384K, 0% used [0x00000000eab00000,0x00000000eab00000,0x00000000ebb00000)
  from space 2560K, 99% used [0x00000000ebb00000,0x00000000ebd7c010,0x00000000ebd80000)
  to   space 2560K, 0% used [0x00000000ecd80000,0x00000000ecd80000,0x00000000ed000000)
 ParOldGen       total 44032K, used 6729K [0x00000000c0000000, 0x00000000c2b00000, 0x00000000eab00000)
  object space 44032K, 15% used [0x00000000c0000000,0x00000000c06926a8,0x00000000c2b00000)
 Metaspace       used 6034K, capacity 7024K, committed 7296K, reserved 1056768K
  class space    used 589K, capacity 616K, committed 640K, reserved 1048576K
}
Event: 4.416 GC heap before
{Heap before GC invocations=4 (full 0):
 PSYoungGen      total 18944K, used 18928K [0x00000000eab00000, 0x00000000ed000000, 0x0000000100000000)
  eden space 16384K, 100% used [0x00000000eab00000,0x00000000ebb00000,0x00000000ebb00000)
  from space 2560K, 99% used [0x00000000ebb00000,0x00000000ebd7c010,0x00000000ebd80000)
  to   space 2560K, 0% used [0x00000000ecd80000,0x00000000ecd80000,0x00000000ed000000)
 ParOldGen       total 44032K, used 6729K [0x00000000c0000000, 0x00000000c2b00000, 0x00000000eab00000)
  object space 44032K, 15% used [0x00000000c0000000,0x00000000c06926a8,0x00000000c2b00000)
 Metaspace       used 6063K, capacity 7088K, committed 7296K, reserved 1056768K
  class space    used 589K, capacity 616K, committed 640K, reserved 1048576K
Event: 4.433 GC heap after
Heap after GC invocations=4 (full 0):
 PSYoungGen      total 35328K, used 2551K [0x00000000eab00000, 0x00000000ed000000, 0x0000000100000000)
  eden space 32768K, 0% used [0x00000000eab00000,0x00000000eab00000,0x00000000ecb00000)
  from space 2560K, 99% used [0x00000000ecd80000,0x00000000ecffdf18,0x00000000ed000000)
  to   space 2560K, 0% used [0x00000000ecb00000,0x00000000ecb00000,0x00000000ecd80000)
 ParOldGen       total 44032K, used 9456K [0x00000000c0000000, 0x00000000c2b00000, 0x00000000eab00000)
  object space 44032K, 21% used [0x00000000c0000000,0x00000000c093c3b0,0x00000000c2b00000)
 Metaspace       used 6063K, capacity 7088K, committed 7296K, reserved 1056768K
  class space    used 589K, capacity 616K, committed 640K, reserved 1048576K
}
Event: 4.616 GC heap before
{Heap before GC invocations=5 (full 0):
 PSYoungGen      total 35328K, used 35319K [0x00000000eab00000, 0x00000000ed000000, 0x0000000100000000)
  eden space 32768K, 100% used [0x00000000eab00000,0x00000000ecb00000,0x00000000ecb00000)
  from space 2560K, 99% used [0x00000000ecd80000,0x00000000ecffdf18,0x00000000ed000000)
  to   space 2560K, 0% used [0x00000000ecb00000,0x00000000ecb00000,0x00000000ecd80000)
 ParOldGen       total 44032K, used 9456K [0x00000000c0000000, 0x00000000c2b00000, 0x00000000eab00000)
  object space 44032K, 21% used [0x00000000c0000000,0x00000000c093c3b0,0x00000000c2b00000)
 Metaspace       used 6092K, capacity 7088K, committed 7296K, reserved 1056768K
  class space    used 589K, capacity 616K, committed 640K, reserved 1048576K
Event: 4.637 GC heap after
Heap after GC invocations=5 (full 0):
 PSYoungGen      total 35328K, used 2551K [0x00000000eab00000, 0x00000000efa00000, 0x0000000100000000)
  eden space 32768K, 0% used [0x00000000eab00000,0x00000000eab00000,0x00000000ecb00000)
  from space 2560K, 99% used [0x00000000ecb00000,0x00000000ecd7df18,0x00000000ecd80000)
  to   space 7680K, 0% used [0x00000000ef280000,0x00000000ef280000,0x00000000efa00000)
 ParOldGen       total 44032K, used 14323K [0x00000000c0000000, 0x00000000c2b00000, 0x00000000eab00000)
  object space 44032K, 32% used [0x00000000c0000000,0x00000000c0dfcdd8,0x00000000c2b00000)
 Metaspace       used 6092K, capacity 7088K, committed 7296K, reserved 1056768K
  class space    used 589K, capacity 616K, committed 640K, reserved 1048576K
}
Event: 5.029 GC heap before
{Heap before GC invocations=6 (full 0):
 PSYoungGen      total 35328K, used 35319K [0x00000000eab00000, 0x00000000efa00000, 0x0000000100000000)
  eden space 32768K, 100% used [0x00000000eab00000,0x00000000ecb00000,0x00000000ecb00000)
  from space 2560K, 99% used [0x00000000ecb00000,0x00000000ecd7df18,0x00000000ecd80000)
  to   space 7680K, 0% used [0x00000000ef280000,0x00000000ef280000,0x00000000efa00000)
 ParOldGen       total 44032K, used 14323K [0x00000000c0000000, 0x00000000c2b00000, 0x00000000eab00000)
  object space 44032K, 32% used [0x00000000c0000000,0x00000000c0dfcdd8,0x00000000c2b00000)
 Metaspace       used 6120K, capacity 7088K, committed 7296K, reserved 1056768K
  class space    used 589K, capacity 616K, committed 640K, reserved 1048576K
Event: 5.053 GC heap after
Heap after GC invocations=6 (full 0):
 PSYoungGen      total 72192K, used 7671K [0x00000000eab00000, 0x00000000efc00000, 0x0000000100000000)
  eden space 64512K, 0% used [0x00000000eab00000,0x00000000eab00000,0x00000000eea00000)
  from space 7680K, 99% used [0x00000000ef280000,0x00000000ef9fdf28,0x00000000efa00000)
  to   space 8704K, 0% used [0x00000000eea00000,0x00000000eea00000,0x00000000ef280000)
 ParOldGen       total 44032K, used 14542K [0x00000000c0000000, 0x00000000c2b00000, 0x00000000eab00000)
  object space 44032K, 33% used [0x00000000c0000000,0x00000000c0e33b38,0x00000000c2b00000)
 Metaspace       used 6120K, capacity 7088K, committed 7296K, reserved 1056768K
  class space    used 589K, capacity 616K, committed 640K, reserved 1048576K
}

Deoptimization events (10 events):
Event: 4.263 Thread 0x0000000002fcd800 Uncommon trap: reason=unstable_if action=reinterpret pc=0x00000000036aabf4 method=com.android.dx.ssa.SCCP.simulateBranch(Lcom/android/dx/ssa/SsaInsn;)V @ 140
Event: 4.798 Thread 0x0000000017196000 Uncommon trap: reason=class_check action=maybe_recompile pc=0x0000000003748868 method=com.android.dx.cf.code.BytecodeArray.parseInstruction(ILcom/android/dx/cf/code/BytecodeArray$Visitor;)I @ 1003
Event: 4.887 Thread 0x0000000017195800 Uncommon trap: reason=class_check action=maybe_recompile pc=0x0000000003747a70 method=com.android.dx.cf.code.BytecodeArray.parseInstruction(ILcom/android/dx/cf/code/BytecodeArray$Visitor;)I @ 2151
Event: 4.891 Thread 0x0000000017195800 Uncommon trap: reason=unstable_if action=reinterpret pc=0x0000000003749cdc method=com.android.dx.cf.code.BytecodeArray.parseInstruction(ILcom/android/dx/cf/code/BytecodeArray$Visitor;)I @ 1198
Event: 5.167 Thread 0x0000000017187800 Uncommon trap: reason=unstable_if action=reinterpret pc=0x000000000364cab8 method=com.android.dx.ssa.LocalVariableExtractor.processBlock(I)V @ 235
Event: 5.171 Thread 0x0000000017187800 Uncommon trap: reason=unloaded action=reinterpret pc=0x00000000034d0cf8 method=com.android.dx.ssa.SsaRenamer$BlockRenamer.visitMoveInsn(Lcom/android/dx/ssa/NormalSsaInsn;)V @ 208
Event: 5.171 Thread 0x0000000017187800 Uncommon trap: reason=unstable_if action=reinterpret pc=0x000000000373b794 method=com.android.dx.ssa.SsaRenamer$BlockRenamer.process()V @ 59
Event: 5.172 Thread 0x0000000017187800 Uncommon trap: reason=unstable_if action=reinterpret pc=0x000000000345c090 method=com.android.dx.ssa.NormalSsaInsn.getLocalAssignment()Lcom/android/dx/rop/code/RegisterSpec; @ 12
Event: 5.172 Thread 0x0000000017187800 Uncommon trap: reason=unstable_if action=reinterpret pc=0x000000000344a2b0 method=com.android.dx.ssa.NormalSsaInsn.getLocalAssignment()Lcom/android/dx/rop/code/RegisterSpec; @ 12
Event: 5.180 Thread 0x0000000017187800 Uncommon trap: reason=unloaded action=reinterpret pc=0x00000000034b837c method=com.android.dx.ssa.SsaRenamer$BlockRenamer.visitMoveInsn(Lcom/android/dx/ssa/NormalSsaInsn;)V @ 208

Internal exceptions (3 events):
Event: 1.516 Thread 0x0000000002fcd800 Exception <a 'java/lang/NoSuchMethodError': Method sun.misc.Unsafe.defineClass(Ljava/lang/String;[BII)Ljava/lang/Class; name or signature does not match> (0x00000000eab0d480) thrown at [C:\re\workspace\8-2-build-windows-amd64-cygwin\jdk8u60\4407\hotspot\sraþ”ªÍ?ø?
Event: 1.516 Thread 0x0000000002fcd800 Exception <a 'java/lang/NoSuchMethodError': Method sun.misc.Unsafe.prefetchRead(Ljava/lang/Object;J)V name or signature does not match> (0x00000000eab0d768) thrown at [C:\re\workspace\8-2-build-windows-amd64-cygwin\jdk8u60\4407\hotspot\src\share\vm\prims\j[45ñô@@
Event: 3.407 Thread 0x0000000017194000 Implicit null exception at 0x00000000033adae2 to 0x00000000033adbd2

Events (10 events):
Event: 5.171 Thread 0x0000000017187800 DEOPT UNPACKING pc=0x000000000311582a sp=0x000000001770e800 mode 2
Event: 5.172 Thread 0x0000000017187800 Uncommon trap: trap_request=0xffffff65 fr.pc=0x000000000345c090
Event: 5.172 Thread 0x0000000017187800 DEOPT PACKING pc=0x000000000345c090 sp=0x000000001770e7a0
Event: 5.172 Thread 0x0000000017187800 DEOPT UNPACKING pc=0x000000000311582a sp=0x000000001770e5b8 mode 2
Event: 5.172 Thread 0x0000000017187800 Uncommon trap: trap_request=0xffffff65 fr.pc=0x000000000344a2b0
Event: 5.172 Thread 0x0000000017187800 DEOPT PACKING pc=0x000000000344a2b0 sp=0x000000001770e7c0
Event: 5.172 Thread 0x0000000017187800 DEOPT UNPACKING pc=0x000000000311582a sp=0x000000001770e748 mode 2
Event: 5.180 Thread 0x0000000017187800 Uncommon trap: trap_request=0x00000034 fr.pc=0x00000000034b837c
Event: 5.180 Thread 0x0000000017187800 DEOPT PACKING pc=0x00000000034b837c sp=0x000000001770e6d0
Event: 5.180 Thread 0x0000000017187800 DEOPT UNPACKING pc=0x000000000311582a sp=0x000000001770e5e0 mode 2


Dynamic libraries:
0x00007ff705cc0000 - 0x00007ff705cf7000 	C:\Program Files\Java\jdk1.8.0_60\bin\java.exe
0x00007ffe033e0000 - 0x00007ffe035a1000 	C:\WINDOWS\SYSTEM32\ntdll.dll
0x00007ffe019a0000 - 0x00007ffe01a4d000 	C:\WINDOWS\system32\KERNEL32.DLL
0x00007ffdfff00000 - 0x00007ffe000dd000 	C:\WINDOWS\system32\KERNELBASE.dll
0x00007ffe01a50000 - 0x00007ffe01af6000 	C:\WINDOWS\system32\ADVAPI32.dll
0x00007ffe01880000 - 0x00007ffe0191d000 	C:\WINDOWS\system32\msvcrt.dll
0x00007ffe014a0000 - 0x00007ffe014fb000 	C:\WINDOWS\system32\sechost.dll
0x00007ffe03160000 - 0x00007ffe03286000 	C:\WINDOWS\system32\RPCRT4.dll
0x00007ffe03290000 - 0x00007ffe033de000 	C:\WINDOWS\system32\USER32.dll
0x00007ffe01310000 - 0x00007ffe01496000 	C:\WINDOWS\system32\GDI32.dll
0x00007ffdfa000000 - 0x00007ffdfa274000 	C:\WINDOWS\WinSxS\amd64_microsoft.windows.common-controls_6595b64144ccf1df_6.0.10240.16384_none_f41f7b285750ef43\COMCTL32.dll
0x00007ffe00ad0000 - 0x00007ffe00b06000 	C:\WINDOWS\system32\IMM32.DLL
0x00007ffe011b0000 - 0x00007ffe0130c000 	C:\WINDOWS\system32\MSCTF.dll
0x00000000701f0000 - 0x00000000702c2000 	C:\Program Files\Java\jdk1.8.0_60\jre\bin\msvcr100.dll
0x0000000070670000 - 0x0000000070ef9000 	C:\Program Files\Java\jdk1.8.0_60\jre\bin\server\jvm.dll
0x00007ffe016d0000 - 0x00007ffe016d8000 	C:\WINDOWS\system32\PSAPI.DLL
0x00007ffdfab40000 - 0x00007ffdfab49000 	C:\WINDOWS\SYSTEM32\WSOCK32.dll
0x00007ffe00c60000 - 0x00007ffe00cc9000 	C:\WINDOWS\system32\WS2_32.dll
0x00007ffe00ab0000 - 0x00007ffe00ab8000 	C:\WINDOWS\system32\NSI.dll
0x00007ffdfe0a0000 - 0x00007ffdfe0c3000 	C:\WINDOWS\SYSTEM32\WINMM.dll
0x00007ffdfce00000 - 0x00007ffdfce0a000 	C:\WINDOWS\SYSTEM32\VERSION.dll
0x00007ffdfbbe0000 - 0x00007ffdfbc0c000 	C:\WINDOWS\SYSTEM32\WINMMBASE.dll
0x00007ffdffeb0000 - 0x00007ffdffef4000 	C:\WINDOWS\system32\cfgmgr32.dll
0x00007ffdfe780000 - 0x00007ffdfe7a7000 	C:\WINDOWS\SYSTEM32\DEVOBJ.dll
0x0000000070660000 - 0x000000007066f000 	C:\Program Files\Java\jdk1.8.0_60\jre\bin\verify.dll
0x0000000070630000 - 0x0000000070659000 	C:\Program Files\Java\jdk1.8.0_60\jre\bin\java.dll
0x0000000070610000 - 0x0000000070626000 	C:\Program Files\Java\jdk1.8.0_60\jre\bin\zip.dll
0x00007ffe01b70000 - 0x00007ffe03092000 	C:\WINDOWS\system32\SHELL32.dll
0x00007ffe000e0000 - 0x00007ffe00708000 	C:\WINDOWS\system32\windows.storage.dll
0x00007ffe00e80000 - 0x00007ffe010fc000 	C:\WINDOWS\system32\combase.dll
0x00007ffe016e0000 - 0x00007ffe01731000 	C:\WINDOWS\system32\shlwapi.dll
0x00007ffdffe10000 - 0x00007ffdffe1f000 	C:\WINDOWS\system32\kernel.appcore.dll
0x00007ffe009f0000 - 0x00007ffe00aa3000 	C:\WINDOWS\system32\shcore.dll
0x00007ffdffe60000 - 0x00007ffdffeaa000 	C:\WINDOWS\system32\powrprof.dll
0x00007ffdffe20000 - 0x00007ffdffe33000 	C:\WINDOWS\system32\profapi.dll

VM Arguments:
jvm_args: -Djava.awt.headless=true -Xmx1024M -Dfile.encoding=windows-1252 -Duser.country=US -Duser.language=en -Duser.variant 
java_command: com.android.dx.command.Main --dex --num-threads=4 --output C:\Users\Murlli Maraati\Desktop\FMR\steller16-12-2015-6pm\StellarFMR\app\build\intermediates\pre-dexed\debug\com.google.android.gms-play-services-basement-8.3.0_ff2360733b232787f39017e63c9618cc7d7fb3fb.jar C:\Users\Murlli Maraati\Desktop\FMR\steller16-12-2015-6pm\StellarFMR\app\build\intermediates\exploded-aar\com.google.android.gms\play-services-basement\8.3.0\jars\classes.jar
java_class_path (initial): D:\Azahar\sdk\build-tools\23.0.1\lib\dx.jar
Launcher Type: SUN_STANDARD

Environment Variables:
PATH=C:\ProgramData\Oracle\Java\javapath;C:\WINDOWS\system32;C:\WINDOWS;C:\WINDOWS\System32\Wbem;C:\WINDOWS\System32\WindowsPowerShell\v1.0\;C:\Program Files (x86)\Skype\Phone\;C:\Program Files (x86)\Windows Kits\8.1\Windows Performance Toolkit\;C:\Program Files (x86)\Microsoft SDKs\TypeScript\1.0\;C:\Program Files\Microsoft SQL Server\110\Tools\Binn\
USERNAME=Murlli Maraati
OS=Windows_NT
PROCESSOR_IDENTIFIER=Intel64 Family 6 Model 42 Stepping 7, GenuineIntel



---------------  S Y S T E M  ---------------

OS: Windows 10.0 , 64 bit Build 10240 (10.0.10240.16384)

CPU:total 4 (2 cores per cpu, 2 threads per core) family 6 model 42 stepping 7, cmov, cx8, fxsr, mmx, sse, sse2, sse3, ssse3, sse4.1, sse4.2, popcnt, avx, aes, clmul, ht, tsc, tscinvbit

Memory: 4k page, physical 4175724k(383284k free), swap 16758636k(4576k free)

vm_info: Java HotSpot(TM) 64-Bit Server VM (25.60-b23) for windows-amd64 JRE (1.8.0_60-b27), built on Aug  4 2015 11:06:27 by "java_re" with MS VC++ 10.0 (VS2010)

time: Tue Jan 05 01:39:13 2016
elapsed time: 5 seconds (0d 0h 0m 5s)

