#
# There is insufficient memory for the Java Runtime Environment to continue.
# Native memory allocation (malloc) failed to allocate 1524336 bytes for Chunk::new
# Possible reasons:
#   The system is out of physical RAM or swap space
#   In 32 bit mode, the process size limit was hit
# Possible solutions:
#   Reduce memory load on the system
#   Increase physical memory or swap space
#   Check if swap backing store is full
#   Use 64 bit Java on a 64 bit OS
#   Decrease Java heap size (-Xmx/-Xms)
#   Decrease number of Java threads
#   Decrease Java thread stack sizes (-Xss)
#   Set larger code cache with -XX:ReservedCodeCacheSize=
# This output file may be truncated or incomplete.
#
#  Out of Memory Error (allocation.cpp:390), pid=15008, tid=12348
#
# JRE version: Java(TM) SE Runtime Environment (8.0_60-b27) (build 1.8.0_60-b27)
# Java VM: Java HotSpot(TM) 64-Bit Server VM (25.60-b23 mixed mode windows-amd64 compressed oops)
# Failed to write core dump. Minidumps are not enabled by default on client versions of Windows
#

---------------  T H R E A D  ---------------

Current thread (0x000000001538b800):  JavaThread "C2 CompilerThread1" daemon [_thread_in_native, id=12348, stack(0x0000000016ad0000,0x0000000016bd0000)]

Stack: [0x0000000016ad0000,0x0000000016bd0000]
[error occurred during error reporting (printing stack bounds), id 0xc0000005]

Native frames: (J=compiled Java code, j=interpreted, Vv=VM code, C=native code)


Current CompileTask:
C2:   5321 1615   !   4       com.android.dx.cf.cst.ConstantPoolParser::parse0 (731 bytes)


---------------  P R O C E S S  ---------------

Java Threads: ( => current thread )
  0x0000000016f38000 JavaThread "pool-1-thread-4" [_thread_blocked, id=13180, stack(0x00000000176d0000,0x00000000177d0000)]
  0x0000000016f37800 JavaThread "pool-1-thread-3" [_thread_in_Java, id=13944, stack(0x00000000175d0000,0x00000000176d0000)]
  0x0000000016f36800 JavaThread "pool-1-thread-2" [_thread_blocked, id=6008, stack(0x00000000174d0000,0x00000000175d0000)]
  0x0000000016f30000 JavaThread "pool-2-thread-1" [_thread_blocked, id=14956, stack(0x00000000173d0000,0x00000000174d0000)]
  0x0000000016f2f800 JavaThread "pool-1-thread-1" [_thread_in_vm, id=6728, stack(0x00000000172d0000,0x00000000173d0000)]
  0x00000000153ee800 JavaThread "Service Thread" daemon [_thread_blocked, id=3504, stack(0x00000000170d0000,0x00000000171d0000)]
  0x00000000153ec800 JavaThread "C1 CompilerThread2" daemon [_thread_blocked, id=7540, stack(0x0000000016bd0000,0x0000000016cd0000)]
=>0x000000001538b800 JavaThread "C2 CompilerThread1" daemon [_thread_in_native, id=12348, stack(0x0000000016ad0000,0x0000000016bd0000)]
  0x0000000015398000 JavaThread "C2 CompilerThread0" daemon [_thread_in_native, id=4276, stack(0x00000000169d0000,0x0000000016ad0000)]
  0x0000000015396800 JavaThread "Attach Listener" daemon [_thread_blocked, id=8440, stack(0x00000000168d0000,0x00000000169d0000)]
  0x0000000015395000 JavaThread "Signal Dispatcher" daemon [_thread_blocked, id=4588, stack(0x00000000167d0000,0x00000000168d0000)]
  0x0000000002cb0800 JavaThread "Finalizer" daemon [_thread_blocked, id=11844, stack(0x00000000165f0000,0x00000000166f0000)]
  0x0000000002cad000 JavaThread "Reference Handler" daemon [_thread_blocked, id=9420, stack(0x00000000164f0000,0x00000000165f0000)]
  0x0000000002abd800 JavaThread "main" [_thread_blocked, id=5040, stack(0x0000000002ac0000,0x0000000002bc0000)]

Other Threads:
  0x0000000015357800 VMThread [stack: 0x00000000163f0000,0x00000000164f0000] [id=3724]
  0x0000000016cf1000 WatcherThread [stack: 0x00000000171d0000,0x00000000172d0000] [id=3772]

VM state:not at safepoint (normal execution)

VM Mutex/Monitor currently owned by a thread: None

Heap:
 PSYoungGen      total 35328K, used 33989K [0x00000000eab00000, 0x00000000ed000000, 0x0000000100000000)
  eden space 32768K, 95% used [0x00000000eab00000,0x00000000ec9b48c0,0x00000000ecb00000)
  from space 2560K, 99% used [0x00000000ecd80000,0x00000000ecffce78,0x00000000ed000000)
  to   space 2560K, 0% used [0x00000000ecb00000,0x00000000ecb00000,0x00000000ecd80000)
 ParOldGen       total 44032K, used 4489K [0x00000000c0000000, 0x00000000c2b00000, 0x00000000eab00000)
  object space 44032K, 10% used [0x00000000c0000000,0x00000000c0462580,0x00000000c2b00000)
 Metaspace       used 6110K, capacity 7088K, committed 7296K, reserved 1056768K
  class space    used 590K, capacity 616K, committed 640K, reserved 1048576K

Card table byte_map: [0x0000000012080000,0x0000000012290000] byte_map_base: 0x0000000011a80000

Marking Bits: (ParMarkBitMap*) 0x0000000070e7a5b0
 Begin Bits: [0x00000000127f0000, 0x00000000137f0000)
 End Bits:   [0x00000000137f0000, 0x00000000147f0000)

Polling page: 0x0000000001090000

CodeCache: size=245760Kb used=6939Kb max_used=6945Kb free=238820Kb
 bounds [0x0000000002cc0000, 0x0000000003390000, 0x0000000011cc0000]
 total_blobs=1890 nmethods=1620 adapters=182
 compilation: enabled

Compilation events (10 events):
Event: 5.196 Thread 0x00000000153ec800 1625       3       com.android.dx.rop.code.RegisterSpec::withLocalItem (41 bytes)
Event: 5.196 Thread 0x00000000153ec800 nmethod 1625 0x0000000003389710 code [0x00000000033898a0, 0x0000000003389db8]
Event: 5.203 Thread 0x00000000153ec800 1627       3       com.android.dx.rop.code.Insn$BaseVisitor::visitThrowingInsn (1 bytes)
Event: 5.204 Thread 0x00000000153ec800 nmethod 1627 0x000000000337db90 code [0x000000000337dce0, 0x000000000337de30]
Event: 5.205 Thread 0x00000000153ec800 1628       3       com.android.dx.dex.code.RopTranslator$LocalVariableAwareTranslationVisitor::visitThrowingInsn (11 bytes)
Event: 5.205 Thread 0x000000001538b800 nmethod 1624 0x000000000338ced0 code [0x000000000338d040, 0x000000000338d4f8]
Event: 5.205 Thread 0x000000001538b800 1615   !   4       com.android.dx.cf.cst.ConstantPoolParser::parse0 (731 bytes)
Event: 5.206 Thread 0x00000000153ec800 nmethod 1628 0x00000000033882d0 code [0x00000000033884e0, 0x0000000003389058]
Event: 5.208 Thread 0x00000000153ec800 1629       1       com.android.dx.dex.file.ClassDefItem::getThisClass (5 bytes)
Event: 5.208 Thread 0x00000000153ec800 nmethod 1629 0x0000000003388010 code [0x0000000003388160, 0x0000000003388270]

GC Heap History (4 events):
Event: 2.247 GC heap before
{Heap before GC invocations=1 (full 0):
 PSYoungGen      total 18944K, used 16384K [0x00000000eab00000, 0x00000000ec000000, 0x0000000100000000)
  eden space 16384K, 100% used [0x00000000eab00000,0x00000000ebb00000,0x00000000ebb00000)
  from space 2560K, 0% used [0x00000000ebd80000,0x00000000ebd80000,0x00000000ec000000)
  to   space 2560K, 0% used [0x00000000ebb00000,0x00000000ebb00000,0x00000000ebd80000)
 ParOldGen       total 44032K, used 0K [0x00000000c0000000, 0x00000000c2b00000, 0x00000000eab00000)
  object space 44032K, 0% used [0x00000000c0000000,0x00000000c0000000,0x00000000c2b00000)
 Metaspace       used 5693K, capacity 6768K, committed 7040K, reserved 1056768K
  class space    used 586K, capacity 616K, committed 640K, reserved 1048576K
Event: 2.336 GC heap after
Heap after GC invocations=1 (full 0):
 PSYoungGen      total 18944K, used 2535K [0x00000000eab00000, 0x00000000ed000000, 0x0000000100000000)
  eden space 16384K, 0% used [0x00000000eab00000,0x00000000eab00000,0x00000000ebb00000)
  from space 2560K, 99% used [0x00000000ebb00000,0x00000000ebd79c88,0x00000000ebd80000)
  to   space 2560K, 0% used [0x00000000ecd80000,0x00000000ecd80000,0x00000000ed000000)
 ParOldGen       total 44032K, used 1747K [0x00000000c0000000, 0x00000000c2b00000, 0x00000000eab00000)
  object space 44032K, 3% used [0x00000000c0000000,0x00000000c01b4ce0,0x00000000c2b00000)
 Metaspace       used 5693K, capacity 6768K, committed 7040K, reserved 1056768K
  class space    used 586K, capacity 616K, committed 640K, reserved 1048576K
}
Event: 3.520 GC heap before
{Heap before GC invocations=2 (full 0):
 PSYoungGen      total 18944K, used 18919K [0x00000000eab00000, 0x00000000ed000000, 0x0000000100000000)
  eden space 16384K, 100% used [0x00000000eab00000,0x00000000ebb00000,0x00000000ebb00000)
  from space 2560K, 99% used [0x00000000ebb00000,0x00000000ebd79c88,0x00000000ebd80000)
  to   space 2560K, 0% used [0x00000000ecd80000,0x00000000ecd80000,0x00000000ed000000)
 ParOldGen       total 44032K, used 1747K [0x00000000c0000000, 0x00000000c2b00000, 0x00000000eab00000)
  object space 44032K, 3% used [0x00000000c0000000,0x00000000c01b4ce0,0x00000000c2b00000)
 Metaspace       used 5979K, capacity 7024K, committed 7296K, reserved 1056768K
  class space    used 586K, capacity 616K, committed 640K, reserved 1048576K
Event: 3.653 GC heap after
Heap after GC invocations=2 (full 0):
 PSYoungGen      total 35328K, used 2547K [0x00000000eab00000, 0x00000000ed000000, 0x0000000100000000)
  eden space 32768K, 0% used [0x00000000eab00000,0x00000000eab00000,0x00000000ecb00000)
  from space 2560K, 99% used [0x00000000ecd80000,0x00000000ecffce78,0x00000000ed000000)
  to   space 2560K, 0% used [0x00000000ecb00000,0x00000000ecb00000,0x00000000ecd80000)
 ParOldGen       total 44032K, used 4489K [0x00000000c0000000, 0x00000000c2b00000, 0x00000000eab00000)
  object space 44032K, 10% used [0x00000000c0000000,0x00000000c0462580,0x00000000c2b00000)
 Metaspace       used 5979K, capacity 7024K, committed 7296K, reserved 1056768K
  class space    used 586K, capacity 616K, committed 640K, reserved 1048576K
}

Deoptimization events (10 events):
Event: 3.740 Thread 0x0000000016f36800 Uncommon trap: reason=unstable_if action=reinterpret pc=0x000000000319fbec method=com.android.dx.ssa.SCCP.simulateStmt(Lcom/android/dx/ssa/SsaInsn;)V @ 59
Event: 3.820 Thread 0x0000000016f2f800 Uncommon trap: reason=bimorphic action=maybe_recompile pc=0x00000000031b036c method=com.android.dx.cf.code.BytecodeArray.parseInstruction(ILcom/android/dx/cf/code/BytecodeArray$Visitor;)I @ 2135
Event: 3.820 Thread 0x0000000016f2f800 Uncommon trap: reason=bimorphic action=maybe_recompile pc=0x00000000031b036c method=com.android.dx.cf.code.BytecodeArray.parseInstruction(ILcom/android/dx/cf/code/BytecodeArray$Visitor;)I @ 2135
Event: 3.837 Thread 0x0000000016f36800 Uncommon trap: reason=bimorphic action=maybe_recompile pc=0x000000000327262c method=com.android.dx.ssa.LiteralOpUpgrader.tryReplacingWithConstant(Lcom/android/dx/ssa/NormalSsaInsn;)Z @ 62
Event: 3.837 Thread 0x0000000016f36800 Uncommon trap: reason=unstable_if action=reinterpret pc=0x000000000329b93c method=com.android.dx.dex.code.RopToDop.dopFor(Lcom/android/dx/rop/code/Insn;)Lcom/android/dx/dex/code/Dop; @ 747
Event: 4.384 Thread 0x0000000016f37800 Uncommon trap: reason=unstable_if action=reinterpret pc=0x00000000031d0ac4 method=java.util.BitSet.clone()Ljava/lang/Object; @ 4
Event: 4.385 Thread 0x0000000016f37800 Uncommon trap: reason=unstable_if action=reinterpret pc=0x00000000032aec44 method=java.util.BitSet.clone()Ljava/lang/Object; @ 4
Event: 4.407 Thread 0x0000000016f38000 Uncommon trap: reason=unstable_if action=reinterpret pc=0x000000000309a1dc method=com.android.dx.rop.code.RegisterSpecSet.put(Lcom/android/dx/rop/code/RegisterSpec;)V @ 77
Event: 5.071 Thread 0x0000000016f2f800 Uncommon trap: reason=unstable_if action=reinterpret pc=0x000000000333eaec method=com.android.dx.rop.code.RegisterSpecSet.put(Lcom/android/dx/rop/code/RegisterSpec;)V @ 77
Event: 5.110 Thread 0x0000000016f2f800 Uncommon trap: reason=bimorphic action=maybe_recompile pc=0x0000000002effb0c method=java.util.HashMap.getNode(ILjava/lang/Object;)Ljava/util/HashMap$Node; @ 126

Internal exceptions (2 events):
Event: 0.329 Thread 0x0000000002abd800 Exception <a 'java/lang/NoSuchMethodError': Method sun.misc.Unsafe.defineClass(Ljava/lang/String;[BII)Ljava/lang/Class; name or signature does not match> (0x00000000eab0d480) thrown at [C:\re\workspace\8-2-build-windows-amd64-cygwin\jdk8u60\4407\hotspot\sr99?
Event: 0.329 Thread 0x0000000002abd800 Exception <a 'java/lang/NoSuchMethodError': Method sun.misc.Unsafe.prefetchRead(Ljava/lang/Object;J)V name or signature does not match> (0x00000000eab0d768) thrown at [C:\re\workspace\8-2-build-windows-amd64-cygwin\jdk8u60\4407\hotspot\src\share\vm\prims\j

Events (10 events):
Event: 4.743 Executing VM operation: EnableBiasedLocking
Event: 4.744 Executing VM operation: EnableBiasedLocking done
Event: 5.052 loading class com/android/dx/cf/attrib/AttLocalVariableTypeTable
Event: 5.052 loading class com/android/dx/cf/attrib/AttLocalVariableTypeTable done
Event: 5.071 Thread 0x0000000016f2f800 Uncommon trap: trap_request=0xffffff65 fr.pc=0x000000000333eaec
Event: 5.071 Thread 0x0000000016f2f800 DEOPT PACKING pc=0x000000000333eaec sp=0x00000000173ce6b0
Event: 5.071 Thread 0x0000000016f2f800 DEOPT UNPACKING pc=0x0000000002d0582a sp=0x00000000173ce5f0 mode 2
Event: 5.110 Thread 0x0000000016f2f800 Uncommon trap: trap_request=0xffffffc6 fr.pc=0x0000000002effb0c
Event: 5.110 Thread 0x0000000016f2f800 DEOPT PACKING pc=0x0000000002effb0c sp=0x00000000173ce400
Event: 5.110 Thread 0x0000000016f2f800 DEOPT UNPACKING pc=0x0000000002d0582a sp=0x00000000173ce318 mode 2


Dynamic libraries:
0x00007ff7f22e0000 - 0x00007ff7f2317000 	C:\Program Files\Java\jdk1.8.0_60\bin\java.exe
0x00007ffe033e0000 - 0x00007ffe035a1000 	C:\WINDOWS\SYSTEM32\ntdll.dll
0x00007ffe019a0000 - 0x00007ffe01a4d000 	C:\WINDOWS\system32\KERNEL32.DLL
0x00007ffdfff00000 - 0x00007ffe000dd000 	C:\WINDOWS\system32\KERNELBASE.dll
0x00007ffe01a50000 - 0x00007ffe01af6000 	C:\WINDOWS\system32\ADVAPI32.dll
0x00007ffe01880000 - 0x00007ffe0191d000 	C:\WINDOWS\system32\msvcrt.dll
0x00007ffe014a0000 - 0x00007ffe014fb000 	C:\WINDOWS\system32\sechost.dll
0x00007ffe03160000 - 0x00007ffe03286000 	C:\WINDOWS\system32\RPCRT4.dll
0x00007ffe03290000 - 0x00007ffe033de000 	C:\WINDOWS\system32\USER32.dll
0x00007ffe01310000 - 0x00007ffe01496000 	C:\WINDOWS\system32\GDI32.dll
0x00007ffdfa000000 - 0x00007ffdfa274000 	C:\WINDOWS\WinSxS\amd64_microsoft.windows.common-controls_6595b64144ccf1df_6.0.10240.16384_none_f41f7b285750ef43\COMCTL32.dll
0x00007ffe00ad0000 - 0x00007ffe00b06000 	C:\WINDOWS\system32\IMM32.DLL
0x00007ffe011b0000 - 0x00007ffe0130c000 	C:\WINDOWS\system32\MSCTF.dll
0x00000000701f0000 - 0x00000000702c2000 	C:\Program Files\Java\jdk1.8.0_60\jre\bin\msvcr100.dll
0x0000000070670000 - 0x0000000070ef9000 	C:\Program Files\Java\jdk1.8.0_60\jre\bin\server\jvm.dll
0x00007ffe016d0000 - 0x00007ffe016d8000 	C:\WINDOWS\system32\PSAPI.DLL
0x00007ffdf9b00000 - 0x00007ffdf9b09000 	C:\WINDOWS\SYSTEM32\WSOCK32.dll
0x00007ffdfe0a0000 - 0x00007ffdfe0c3000 	C:\WINDOWS\SYSTEM32\WINMM.dll
0x00007ffdfce00000 - 0x00007ffdfce0a000 	C:\WINDOWS\SYSTEM32\VERSION.dll
0x00007ffdfbbe0000 - 0x00007ffdfbc0c000 	C:\WINDOWS\SYSTEM32\WINMMBASE.dll
0x00007ffdffeb0000 - 0x00007ffdffef4000 	C:\WINDOWS\system32\cfgmgr32.dll
0x00007ffdfe780000 - 0x00007ffdfe7a7000 	C:\WINDOWS\SYSTEM32\DEVOBJ.dll
0x00007ffe00c60000 - 0x00007ffe00cc9000 	C:\WINDOWS\system32\WS2_32.dll
0x00007ffe00ab0000 - 0x00007ffe00ab8000 	C:\WINDOWS\system32\NSI.dll
0x0000000070660000 - 0x000000007066f000 	C:\Program Files\Java\jdk1.8.0_60\jre\bin\verify.dll
0x0000000070630000 - 0x0000000070659000 	C:\Program Files\Java\jdk1.8.0_60\jre\bin\java.dll
0x0000000070610000 - 0x0000000070626000 	C:\Program Files\Java\jdk1.8.0_60\jre\bin\zip.dll
0x00007ffe01b70000 - 0x00007ffe03092000 	C:\WINDOWS\system32\SHELL32.dll
0x00007ffe000e0000 - 0x00007ffe00708000 	C:\WINDOWS\system32\windows.storage.dll
0x00007ffe00e80000 - 0x00007ffe010fc000 	C:\WINDOWS\system32\combase.dll
0x00007ffe016e0000 - 0x00007ffe01731000 	C:\WINDOWS\system32\shlwapi.dll
0x00007ffdffe10000 - 0x00007ffdffe1f000 	C:\WINDOWS\system32\kernel.appcore.dll
0x00007ffe009f0000 - 0x00007ffe00aa3000 	C:\WINDOWS\system32\shcore.dll
0x00007ffdffe60000 - 0x00007ffdffeaa000 	C:\WINDOWS\system32\powrprof.dll
0x00007ffdffe20000 - 0x00007ffdffe33000 	C:\WINDOWS\system32\profapi.dll

VM Arguments:
jvm_args: -Djava.awt.headless=true -Xmx1024M -Dfile.encoding=windows-1252 -Duser.country=US -Duser.language=en -Duser.variant 
java_command: com.android.dx.command.Main --dex --num-threads=4 --output C:\Users\Murlli Maraati\Desktop\FMR\steller16-12-2015-6pm\StellarFMR\app\build\intermediates\pre-dexed\debug\com.google.android.gms-play-services-fitness-8.3.0_e435f61dbc48576ace52a5aa5cd2a60c24107f54.jar C:\Users\Murlli Maraati\Desktop\FMR\steller16-12-2015-6pm\StellarFMR\app\build\intermediates\exploded-aar\com.google.android.gms\play-services-fitness\8.3.0\jars\classes.jar
java_class_path (initial): D:\Azahar\sdk\build-tools\23.0.1\lib\dx.jar
Launcher Type: SUN_STANDARD

Environment Variables:
PATH=C:\ProgramData\Oracle\Java\javapath;C:\WINDOWS\system32;C:\WINDOWS;C:\WINDOWS\System32\Wbem;C:\WINDOWS\System32\WindowsPowerShell\v1.0\;C:\Program Files (x86)\Skype\Phone\;C:\Program Files (x86)\Windows Kits\8.1\Windows Performance Toolkit\;C:\Program Files (x86)\Microsoft SDKs\TypeScript\1.0\;C:\Program Files\Microsoft SQL Server\110\Tools\Binn\
USERNAME=Murlli Maraati
OS=Windows_NT
PROCESSOR_IDENTIFIER=Intel64 Family 6 Model 42 Stepping 7, GenuineIntel



---------------  S Y S T E M  ---------------

OS: Windows 10.0 , 64 bit Build 10240 (10.0.10240.16384)

CPU:total 4 (2 cores per cpu, 2 threads per core) family 6 model 42 stepping 7, cmov, cx8, fxsr, mmx, sse, sse2, sse3, ssse3, sse4.1, sse4.2, popcnt, avx, aes, clmul, ht, tsc, tscinvbit

Memory: 4k page, physical 4175724k(189144k free), swap 16758636k(6692k free)

vm_info: Java HotSpot(TM) 64-Bit Server VM (25.60-b23) for windows-amd64 JRE (1.8.0_60-b27), built on Aug  4 2015 11:06:27 by "java_re" with MS VC++ 10.0 (VS2010)

time: Tue Jan 05 19:01:50 2016
elapsed time: 5 seconds (0d 0h 0m 5s)

