#
# There is insufficient memory for the Java Runtime Environment to continue.
# Native memory allocation (malloc) failed to allocate 86096 bytes for Chunk::new
# Possible reasons:
#   The system is out of physical RAM or swap space
#   In 32 bit mode, the process size limit was hit
# Possible solutions:
#   Reduce memory load on the system
#   Increase physical memory or swap space
#   Check if swap backing store is full
#   Use 64 bit Java on a 64 bit OS
#   Decrease Java heap size (-Xmx/-Xms)
#   Decrease number of Java threads
#   Decrease Java thread stack sizes (-Xss)
#   Set larger code cache with -XX:ReservedCodeCacheSize=
# This output file may be truncated or incomplete.
#
#  Out of Memory Error (allocation.cpp:390), pid=8616, tid=2512
#
# JRE version: Java(TM) SE Runtime Environment (8.0_60-b27) (build 1.8.0_60-b27)
# Java VM: Java HotSpot(TM) 64-Bit Server VM (25.60-b23 mixed mode windows-amd64 compressed oops)
# Failed to write core dump. Minidumps are not enabled by default on client versions of Windows
#

---------------  T H R E A D  ---------------

Current thread (0x00000000154af800):  JavaThread "C2 CompilerThread1" daemon [_thread_in_native, id=2512, stack(0x0000000016bf0000,0x0000000016cf0000)]

Stack: [0x0000000016bf0000,0x0000000016cf0000]
[error occurred during error reporting (printing stack bounds), id 0xc0000005]

Native frames: (J=compiled Java code, j=interpreted, Vv=VM code, C=native code)


Current CompileTask:
C2:   3852 1248       4       com.android.dx.ssa.SCCP::simulateStmt (481 bytes)


---------------  P R O C E S S  ---------------

Java Threads: ( => current thread )
  0x0000000017073800 JavaThread "pool-1-thread-4" [_thread_blocked, id=15568, stack(0x00000000177f0000,0x00000000178f0000)]
  0x000000001704b000 JavaThread "pool-1-thread-3" [_thread_in_Java, id=2480, stack(0x00000000176f0000,0x00000000177f0000)]
  0x0000000017054800 JavaThread "pool-1-thread-2" [_thread_blocked, id=14396, stack(0x00000000175f0000,0x00000000176f0000)]
  0x0000000017054000 JavaThread "pool-2-thread-1" [_thread_blocked, id=6968, stack(0x00000000174f0000,0x00000000175f0000)]
  0x000000001704e800 JavaThread "pool-1-thread-1" [_thread_blocked, id=8128, stack(0x00000000173f0000,0x00000000174f0000)]
  0x0000000016dfc000 JavaThread "Service Thread" daemon [_thread_blocked, id=15632, stack(0x00000000171f0000,0x00000000172f0000)]
  0x000000001550c000 JavaThread "C1 CompilerThread2" daemon [_thread_blocked, id=3832, stack(0x0000000016cf0000,0x0000000016df0000)]
=>0x00000000154af800 JavaThread "C2 CompilerThread1" daemon [_thread_in_native, id=2512, stack(0x0000000016bf0000,0x0000000016cf0000)]
  0x00000000154ac000 JavaThread "C2 CompilerThread0" daemon [_thread_in_native, id=1264, stack(0x0000000016af0000,0x0000000016bf0000)]
  0x00000000154aa800 JavaThread "Attach Listener" daemon [_thread_blocked, id=14244, stack(0x00000000169f0000,0x0000000016af0000)]
  0x00000000154a9800 JavaThread "Signal Dispatcher" daemon [_thread_blocked, id=11484, stack(0x00000000168f0000,0x00000000169f0000)]
  0x0000000002dd0800 JavaThread "Finalizer" daemon [_thread_blocked, id=6344, stack(0x0000000016710000,0x0000000016810000)]
  0x0000000002dcd000 JavaThread "Reference Handler" daemon [_thread_blocked, id=11956, stack(0x0000000016610000,0x0000000016710000)]
  0x0000000002cdd800 JavaThread "main" [_thread_blocked, id=5756, stack(0x0000000002b20000,0x0000000002c20000)]

Other Threads:
  0x0000000015477800 VMThread [stack: 0x0000000016510000,0x0000000016610000] [id=10696]
  0x0000000016e02000 WatcherThread [stack: 0x00000000172f0000,0x00000000173f0000] [id=8684]

VM state:not at safepoint (normal execution)

VM Mutex/Monitor currently owned by a thread: None

Heap:
 PSYoungGen      total 18944K, used 3234K [0x00000000eab00000, 0x00000000ec000000, 0x0000000100000000)
  eden space 16384K, 4% used [0x00000000eab00000,0x00000000eabb08c8,0x00000000ebb00000)
  from space 2560K, 98% used [0x00000000ebd80000,0x00000000ebff8018,0x00000000ec000000)
  to   space 2560K, 0% used [0x00000000ebb00000,0x00000000ebb00000,0x00000000ebd80000)
 ParOldGen       total 44032K, used 4440K [0x00000000c0000000, 0x00000000c2b00000, 0x00000000eab00000)
  object space 44032K, 10% used [0x00000000c0000000,0x00000000c0456390,0x00000000c2b00000)
 Metaspace       used 5948K, capacity 6960K, committed 7040K, reserved 1056768K
  class space    used 589K, capacity 616K, committed 640K, reserved 1048576K

Card table byte_map: [0x00000000121a0000,0x00000000123b0000] byte_map_base: 0x0000000011ba0000

Marking Bits: (ParMarkBitMap*) 0x0000000070e7a5b0
 Begin Bits: [0x0000000012910000, 0x0000000013910000)
 End Bits:   [0x0000000013910000, 0x0000000014910000)

Polling page: 0x0000000001380000

CodeCache: size=245760Kb used=5330Kb max_used=5330Kb free=240429Kb
 bounds [0x0000000002de0000, 0x0000000003320000, 0x0000000011de0000]
 total_blobs=1586 nmethods=1317 adapters=182
 compilation: enabled

Compilation events (10 events):
Event: 3.530 Thread 0x000000001550c000 nmethod 1318 0x0000000003312810 code [0x0000000003312a60, 0x00000000033137c8]
Event: 3.530 Thread 0x000000001550c000 1317       3       com.android.dx.rop.code.RegisterSpec::withSimpleType (59 bytes)
Event: 3.530 Thread 0x000000001550c000 nmethod 1317 0x0000000003313e10 code [0x0000000003313fc0, 0x0000000003314728]
Event: 3.530 Thread 0x000000001550c000 1320       3       com.android.dx.cf.code.Frame::mergeWith (80 bytes)
Event: 3.848 Thread 0x000000001550c000 nmethod 1320 0x00000000033148d0 code [0x0000000003314b00, 0x0000000003315ae8]
Event: 3.848 Thread 0x000000001550c000 1321       1       com.android.dx.rop.cst.CstKnownNull::getType (4 bytes)
Event: 3.848 Thread 0x000000001550c000 nmethod 1321 0x0000000003315f90 code [0x00000000033160e0, 0x00000000033161f0]
Event: 3.848 Thread 0x000000001550c000 1315       3       com.android.dx.ssa.ConstCollector::<init> (10 bytes)
Event: 3.848 Thread 0x000000001550c000 nmethod 1315 0x0000000003316250 code [0x00000000033163a0, 0x0000000003316570]
Event: 3.850 Thread 0x000000001550c000 1322       3       com.android.dx.ssa.back.FirstFitLocalCombiningAllocator::findRopRegForLocal (74 bytes)

GC Heap History (4 events):
Event: 2.419 GC heap before
{Heap before GC invocations=1 (full 0):
 PSYoungGen      total 18944K, used 16384K [0x00000000eab00000, 0x00000000ec000000, 0x0000000100000000)
  eden space 16384K, 100% used [0x00000000eab00000,0x00000000ebb00000,0x00000000ebb00000)
  from space 2560K, 0% used [0x00000000ebd80000,0x00000000ebd80000,0x00000000ec000000)
  to   space 2560K, 0% used [0x00000000ebb00000,0x00000000ebb00000,0x00000000ebd80000)
 ParOldGen       total 44032K, used 0K [0x00000000c0000000, 0x00000000c2b00000, 0x00000000eab00000)
  object space 44032K, 0% used [0x00000000c0000000,0x00000000c0000000,0x00000000c2b00000)
 Metaspace       used 5686K, capacity 6768K, committed 7040K, reserved 1056768K
  class space    used 588K, capacity 616K, committed 640K, reserved 1048576K
Event: 2.426 GC heap after
Heap after GC invocations=1 (full 0):
 PSYoungGen      total 18944K, used 2551K [0x00000000eab00000, 0x00000000ec000000, 0x0000000100000000)
  eden space 16384K, 0% used [0x00000000eab00000,0x00000000eab00000,0x00000000ebb00000)
  from space 2560K, 99% used [0x00000000ebb00000,0x00000000ebd7dc78,0x00000000ebd80000)
  to   space 2560K, 0% used [0x00000000ebd80000,0x00000000ebd80000,0x00000000ec000000)
 ParOldGen       total 44032K, used 1671K [0x00000000c0000000, 0x00000000c2b00000, 0x00000000eab00000)
  object space 44032K, 3% used [0x00000000c0000000,0x00000000c01a1e58,0x00000000c2b00000)
 Metaspace       used 5686K, capacity 6768K, committed 7040K, reserved 1056768K
  class space    used 588K, capacity 616K, committed 640K, reserved 1048576K
}
Event: 3.823 GC heap before
{Heap before GC invocations=2 (full 0):
 PSYoungGen      total 18944K, used 18935K [0x00000000eab00000, 0x00000000ec000000, 0x0000000100000000)
  eden space 16384K, 100% used [0x00000000eab00000,0x00000000ebb00000,0x00000000ebb00000)
  from space 2560K, 99% used [0x00000000ebb00000,0x00000000ebd7dc78,0x00000000ebd80000)
  to   space 2560K, 0% used [0x00000000ebd80000,0x00000000ebd80000,0x00000000ec000000)
 ParOldGen       total 44032K, used 1671K [0x00000000c0000000, 0x00000000c2b00000, 0x00000000eab00000)
  object space 44032K, 3% used [0x00000000c0000000,0x00000000c01a1e58,0x00000000c2b00000)
 Metaspace       used 5947K, capacity 6960K, committed 7040K, reserved 1056768K
  class space    used 589K, capacity 616K, committed 640K, reserved 1048576K
Event: 3.834 GC heap after
Heap after GC invocations=2 (full 0):
 PSYoungGen      total 18944K, used 2528K [0x00000000eab00000, 0x00000000ec000000, 0x0000000100000000)
  eden space 16384K, 0% used [0x00000000eab00000,0x00000000eab00000,0x00000000ebb00000)
  from space 2560K, 98% used [0x00000000ebd80000,0x00000000ebff8018,0x00000000ec000000)
  to   space 2560K, 0% used [0x00000000ebb00000,0x00000000ebb00000,0x00000000ebd80000)
 ParOldGen       total 44032K, used 4440K [0x00000000c0000000, 0x00000000c2b00000, 0x00000000eab00000)
  object space 44032K, 10% used [0x00000000c0000000,0x00000000c0456390,0x00000000c2b00000)
 Metaspace       used 5947K, capacity 6960K, committed 7040K, reserved 1056768K
  class space    used 589K, capacity 616K, committed 640K, reserved 1048576K
}

Deoptimization events (10 events):
Event: 1.981 Thread 0x000000001704e800 Uncommon trap: reason=unstable_if action=reinterpret pc=0x0000000002ffa830 method=java.util.BitSet.nextSetBit(I)I @ 87
Event: 2.051 Thread 0x0000000002cdd800 Uncommon trap: reason=unstable_if action=reinterpret pc=0x0000000003063f1c method=com.android.dx.rop.cst.Constant.compareTo(Lcom/android/dx/rop/cst/Constant;)I @ 12
Event: 2.059 Thread 0x0000000017054800 Uncommon trap: reason=unstable_if action=reinterpret pc=0x0000000003009460 method=java.util.HashMap.getNode(ILjava/lang/Object;)Ljava/util/HashMap$Node; @ 62
Event: 2.435 Thread 0x000000001704e800 Uncommon trap: reason=unstable_if action=reinterpret pc=0x0000000003054074 method=java.util.BitSet.ensureCapacity(I)V @ 6
Event: 2.435 Thread 0x000000001704e800 Uncommon trap: reason=unstable_if action=reinterpret pc=0x0000000003014570 method=java.util.BitSet.ensureCapacity(I)V @ 6
Event: 2.451 Thread 0x000000001704e800 Uncommon trap: reason=unstable_if action=reinterpret pc=0x000000000316c7a8 method=java.util.HashMap.getNode(ILjava/lang/Object;)Ljava/util/HashMap$Node; @ 129
Event: 2.910 Thread 0x0000000002cdd800 Uncommon trap: reason=unstable_if action=reinterpret pc=0x00000000031c4f5c method=com.android.dx.ssa.SsaMethod.updateOneDefinition(Lcom/android/dx/ssa/SsaInsn;Lcom/android/dx/rop/code/RegisterSpec;)V @ 4
Event: 3.486 Thread 0x0000000002cdd800 Uncommon trap: reason=unstable_if action=reinterpret pc=0x00000000031cb8bc method=com.android.dx.util.IntList.binarysearch(I)I @ 105
Event: 3.487 Thread 0x000000001704b000 Uncommon trap: reason=unstable_if action=reinterpret pc=0x00000000031d0abc method=com.android.dx.rop.code.RegisterSpecSet.put(Lcom/android/dx/rop/code/RegisterSpec;)V @ 77
Event: 3.487 Thread 0x0000000002cdd800 Uncommon trap: reason=null_check action=make_not_entrant pc=0x0000000003239ca0 method=com.android.dx.rop.type.Type.equals(Ljava/lang/Object;)Z @ 8

Internal exceptions (3 events):
Event: 0.076 Thread 0x0000000002cdd800 Exception <a 'java/lang/NoSuchMethodError': Method sun.misc.Unsafe.defineClass(Ljava/lang/String;[BII)Ljava/lang/Class; name or signature does not match> (0x00000000eab0d470) thrown at [C:\re\workspace\8-2-build-windows-amd64-cygwin\jdk8u60\4407\hotspot\srtw<i³?
Event: 0.076 Thread 0x0000000002cdd800 Exception <a 'java/lang/NoSuchMethodError': Method sun.misc.Unsafe.prefetchRead(Ljava/lang/Object;J)V name or signature does not match> (0x00000000eab0d758) thrown at [C:\re\workspace\8-2-build-windows-amd64-cygwin\jdk8u60\4407\hotspot\src\share\vm\prims\jÏ”„49å@
Event: 3.487 Thread 0x0000000002cdd800 Implicit null exception at 0x0000000003239ba2 to 0x0000000003239c92

Events (10 events):
Event: 3.486 Thread 0x0000000002cdd800 DEOPT PACKING pc=0x00000000031cb8bc sp=0x0000000002c1e450
Event: 3.486 Thread 0x0000000002cdd800 DEOPT UNPACKING pc=0x0000000002e2582a sp=0x0000000002c1e3c8 mode 2
Event: 3.487 Thread 0x000000001704b000 Uncommon trap: trap_request=0xffffff65 fr.pc=0x00000000031d0abc
Event: 3.487 Thread 0x000000001704b000 DEOPT PACKING pc=0x00000000031d0abc sp=0x00000000177eed70
Event: 3.487 Thread 0x0000000002cdd800 Uncommon trap: trap_request=0xfffffff4 fr.pc=0x0000000003239ca0
Event: 3.487 Thread 0x000000001704b000 DEOPT UNPACKING pc=0x0000000002e2582a sp=0x00000000177eec90 mode 2
Event: 3.487 Thread 0x0000000002cdd800 DEOPT PACKING pc=0x0000000003239ca0 sp=0x0000000002c1e140
Event: 3.487 Thread 0x0000000002cdd800 DEOPT UNPACKING pc=0x0000000002e2582a sp=0x0000000002c1e0c8 mode 2
Event: 3.531 Executing VM operation: ParallelGCFailedAllocation
Event: 3.834 Executing VM operation: ParallelGCFailedAllocation done


Dynamic libraries:
0x00007ff7f22e0000 - 0x00007ff7f2317000 	C:\Program Files\Java\jdk1.8.0_60\bin\java.exe
0x00007ffe033e0000 - 0x00007ffe035a1000 	C:\WINDOWS\SYSTEM32\ntdll.dll
0x00007ffe019a0000 - 0x00007ffe01a4d000 	C:\WINDOWS\system32\KERNEL32.DLL
0x00007ffdfff00000 - 0x00007ffe000dd000 	C:\WINDOWS\system32\KERNELBASE.dll
0x00007ffe01a50000 - 0x00007ffe01af6000 	C:\WINDOWS\system32\ADVAPI32.dll
0x00007ffe01880000 - 0x00007ffe0191d000 	C:\WINDOWS\system32\msvcrt.dll
0x00007ffe014a0000 - 0x00007ffe014fb000 	C:\WINDOWS\system32\sechost.dll
0x00007ffe03160000 - 0x00007ffe03286000 	C:\WINDOWS\system32\RPCRT4.dll
0x00007ffe03290000 - 0x00007ffe033de000 	C:\WINDOWS\system32\USER32.dll
0x00007ffe01310000 - 0x00007ffe01496000 	C:\WINDOWS\system32\GDI32.dll
0x00007ffdfa000000 - 0x00007ffdfa274000 	C:\WINDOWS\WinSxS\amd64_microsoft.windows.common-controls_6595b64144ccf1df_6.0.10240.16384_none_f41f7b285750ef43\COMCTL32.dll
0x00007ffe00ad0000 - 0x00007ffe00b06000 	C:\WINDOWS\system32\IMM32.DLL
0x00007ffe011b0000 - 0x00007ffe0130c000 	C:\WINDOWS\system32\MSCTF.dll
0x00000000701f0000 - 0x00000000702c2000 	C:\Program Files\Java\jdk1.8.0_60\jre\bin\msvcr100.dll
0x0000000070670000 - 0x0000000070ef9000 	C:\Program Files\Java\jdk1.8.0_60\jre\bin\server\jvm.dll
0x00007ffe016d0000 - 0x00007ffe016d8000 	C:\WINDOWS\system32\PSAPI.DLL
0x00007ffdf9b00000 - 0x00007ffdf9b09000 	C:\WINDOWS\SYSTEM32\WSOCK32.dll
0x00007ffe00c60000 - 0x00007ffe00cc9000 	C:\WINDOWS\system32\WS2_32.dll
0x00007ffe00ab0000 - 0x00007ffe00ab8000 	C:\WINDOWS\system32\NSI.dll
0x00007ffdfe0a0000 - 0x00007ffdfe0c3000 	C:\WINDOWS\SYSTEM32\WINMM.dll
0x00007ffdfce00000 - 0x00007ffdfce0a000 	C:\WINDOWS\SYSTEM32\VERSION.dll
0x00007ffdfbbe0000 - 0x00007ffdfbc0c000 	C:\WINDOWS\SYSTEM32\WINMMBASE.dll
0x00007ffdffeb0000 - 0x00007ffdffef4000 	C:\WINDOWS\system32\cfgmgr32.dll
0x00007ffdfe780000 - 0x00007ffdfe7a7000 	C:\WINDOWS\SYSTEM32\DEVOBJ.dll
0x0000000070660000 - 0x000000007066f000 	C:\Program Files\Java\jdk1.8.0_60\jre\bin\verify.dll
0x0000000070630000 - 0x0000000070659000 	C:\Program Files\Java\jdk1.8.0_60\jre\bin\java.dll
0x0000000070610000 - 0x0000000070626000 	C:\Program Files\Java\jdk1.8.0_60\jre\bin\zip.dll
0x00007ffe01b70000 - 0x00007ffe03092000 	C:\WINDOWS\system32\SHELL32.dll
0x00007ffe000e0000 - 0x00007ffe00708000 	C:\WINDOWS\system32\windows.storage.dll
0x00007ffe00e80000 - 0x00007ffe010fc000 	C:\WINDOWS\system32\combase.dll
0x00007ffe016e0000 - 0x00007ffe01731000 	C:\WINDOWS\system32\shlwapi.dll
0x00007ffdffe10000 - 0x00007ffdffe1f000 	C:\WINDOWS\system32\kernel.appcore.dll
0x00007ffe009f0000 - 0x00007ffe00aa3000 	C:\WINDOWS\system32\shcore.dll
0x00007ffdffe60000 - 0x00007ffdffeaa000 	C:\WINDOWS\system32\powrprof.dll
0x00007ffdffe20000 - 0x00007ffdffe33000 	C:\WINDOWS\system32\profapi.dll

VM Arguments:
jvm_args: -Djava.awt.headless=true -Xmx1024M -Dfile.encoding=windows-1252 -Duser.country=US -Duser.language=en -Duser.variant 
java_command: com.android.dx.command.Main --dex --num-threads=4 --output C:\Users\Murlli Maraati\Desktop\FMR\steller16-12-2015-6pm\StellarFMR\app\build\intermediates\pre-dexed\debug\com.google.android.gms-play-services-plus-8.3.0_a3f3414cee25734327a17af544c95690faad9b0a.jar C:\Users\Murlli Maraati\Desktop\FMR\steller16-12-2015-6pm\StellarFMR\app\build\intermediates\exploded-aar\com.google.android.gms\play-services-plus\8.3.0\jars\classes.jar
java_class_path (initial): D:\Azahar\sdk\build-tools\23.0.1\lib\dx.jar
Launcher Type: SUN_STANDARD

Environment Variables:
PATH=C:\ProgramData\Oracle\Java\javapath;C:\WINDOWS\system32;C:\WINDOWS;C:\WINDOWS\System32\Wbem;C:\WINDOWS\System32\WindowsPowerShell\v1.0\;C:\Program Files (x86)\Skype\Phone\;C:\Program Files (x86)\Windows Kits\8.1\Windows Performance Toolkit\;C:\Program Files (x86)\Microsoft SDKs\TypeScript\1.0\;C:\Program Files\Microsoft SQL Server\110\Tools\Binn\
USERNAME=Murlli Maraati
OS=Windows_NT
PROCESSOR_IDENTIFIER=Intel64 Family 6 Model 42 Stepping 7, GenuineIntel



---------------  S Y S T E M  ---------------

OS: Windows 10.0 , 64 bit Build 10240 (10.0.10240.16384)

CPU:total 4 (2 cores per cpu, 2 threads per core) family 6 model 42 stepping 7, cmov, cx8, fxsr, mmx, sse, sse2, sse3, ssse3, sse4.1, sse4.2, popcnt, avx, aes, clmul, ht, tsc, tscinvbit

Memory: 4k page, physical 4175724k(285920k free), swap 16758636k(4004k free)

vm_info: Java HotSpot(TM) 64-Bit Server VM (25.60-b23) for windows-amd64 JRE (1.8.0_60-b27), built on Aug  4 2015 11:06:27 by "java_re" with MS VC++ 10.0 (VS2010)

time: Tue Jan 05 19:06:58 2016
elapsed time: 3 seconds (0d 0h 0m 3s)

