#
# There is insufficient memory for the Java Runtime Environment to continue.
# Native memory allocation (malloc) failed to allocate 65552 bytes for Chunk::new
# Possible reasons:
#   The system is out of physical RAM or swap space
#   In 32 bit mode, the process size limit was hit
# Possible solutions:
#   Reduce memory load on the system
#   Increase physical memory or swap space
#   Check if swap backing store is full
#   Use 64 bit Java on a 64 bit OS
#   Decrease Java heap size (-Xmx/-Xms)
#   Decrease number of Java threads
#   Decrease Java thread stack sizes (-Xss)
#   Set larger code cache with -XX:ReservedCodeCacheSize=
# This output file may be truncated or incomplete.
#
#  Out of Memory Error (allocation.cpp:390), pid=15608, tid=4524
#
# JRE version: Java(TM) SE Runtime Environment (8.0_60-b27) (build 1.8.0_60-b27)
# Java VM: Java HotSpot(TM) 64-Bit Server VM (25.60-b23 mixed mode windows-amd64 compressed oops)
# Failed to write core dump. Minidumps are not enabled by default on client versions of Windows
#

---------------  T H R E A D  ---------------

Current thread (0x0000000014b5e800):  JavaThread "C2 CompilerThread0" daemon [_thread_in_native, id=4524, stack(0x00000000161a0000,0x00000000162a0000)]

Stack: [0x00000000161a0000,0x00000000162a0000]
[error occurred during error reporting (printing stack bounds), id 0xc0000005]

Native frames: (J=compiled Java code, j=interpreted, Vv=VM code, C=native code)


Current CompileTask:
C2:   3044 1080       4       com.android.dx.ssa.SCCP::simulatePhi (169 bytes)


---------------  P R O C E S S  ---------------

Java Threads: ( => current thread )
  0x0000000016622800 JavaThread "pool-1-thread-4" [_thread_in_Java, id=6108, stack(0x0000000016ea0000,0x0000000016fa0000)]
  0x0000000016620800 JavaThread "pool-1-thread-3" [_thread_in_vm, id=4560, stack(0x0000000016da0000,0x0000000016ea0000)]
  0x000000001661b800 JavaThread "pool-1-thread-2" [_thread_in_Java, id=7800, stack(0x0000000016ca0000,0x0000000016da0000)]
  0x0000000016618800 JavaThread "pool-2-thread-1" [_thread_blocked, id=1588, stack(0x0000000016ba0000,0x0000000016ca0000)]
  0x0000000016617800 JavaThread "pool-1-thread-1" [_thread_in_Java, id=1972, stack(0x0000000016aa0000,0x0000000016ba0000)]
  0x00000000164a6000 JavaThread "Service Thread" daemon [_thread_blocked, id=10732, stack(0x00000000168a0000,0x00000000169a0000)]
  0x0000000014bba800 JavaThread "C1 CompilerThread2" daemon [_thread_blocked, id=6736, stack(0x00000000163a0000,0x00000000164a0000)]
  0x0000000014b62000 JavaThread "C2 CompilerThread1" daemon [_thread_in_native, id=10324, stack(0x00000000162a0000,0x00000000163a0000)]
=>0x0000000014b5e800 JavaThread "C2 CompilerThread0" daemon [_thread_in_native, id=4524, stack(0x00000000161a0000,0x00000000162a0000)]
  0x0000000014b5d800 JavaThread "Attach Listener" daemon [_thread_blocked, id=9444, stack(0x00000000160a0000,0x00000000161a0000)]
  0x0000000014b5a800 JavaThread "Signal Dispatcher" daemon [_thread_blocked, id=7208, stack(0x0000000015fa0000,0x00000000160a0000)]
  0x0000000002480800 JavaThread "Finalizer" daemon [_thread_blocked, id=15640, stack(0x0000000015dc0000,0x0000000015ec0000)]
  0x000000000247d000 JavaThread "Reference Handler" daemon [_thread_blocked, id=15656, stack(0x0000000015cc0000,0x0000000015dc0000)]
  0x00000000005dd800 JavaThread "main" [_thread_in_vm, id=15820, stack(0x0000000002240000,0x0000000002340000)]

Other Threads:
  0x0000000014b27800 VMThread [stack: 0x0000000015bc0000,0x0000000015cc0000] [id=8232]
  0x00000000164b1800 WatcherThread [stack: 0x00000000169a0000,0x0000000016aa0000] [id=15200]

VM state:not at safepoint (normal execution)

VM Mutex/Monitor currently owned by a thread: None

Heap:
 PSYoungGen      total 18944K, used 10343K [0x00000000eab00000, 0x00000000ed000000, 0x0000000100000000)
  eden space 16384K, 47% used [0x00000000eab00000,0x00000000eb2a0220,0x00000000ebb00000)
  from space 2560K, 99% used [0x00000000ebb00000,0x00000000ebd79c70,0x00000000ebd80000)
  to   space 2560K, 0% used [0x00000000ecd80000,0x00000000ecd80000,0x00000000ed000000)
 ParOldGen       total 44032K, used 1876K [0x00000000c0000000, 0x00000000c2b00000, 0x00000000eab00000)
  object space 44032K, 4% used [0x00000000c0000000,0x00000000c01d5200,0x00000000c2b00000)
 Metaspace       used 5788K, capacity 6832K, committed 7040K, reserved 1056768K
  class space    used 589K, capacity 616K, committed 640K, reserved 1048576K

Card table byte_map: [0x0000000011850000,0x0000000011a60000] byte_map_base: 0x0000000011250000

Marking Bits: (ParMarkBitMap*) 0x0000000070e7a5b0
 Begin Bits: [0x0000000011fc0000, 0x0000000012fc0000)
 End Bits:   [0x0000000012fc0000, 0x0000000013fc0000)

Polling page: 0x0000000000a90000

CodeCache: size=245760Kb used=4286Kb max_used=4286Kb free=241473Kb
 bounds [0x0000000002490000, 0x00000000028d0000, 0x0000000011490000]
 total_blobs=1348 nmethods=1079 adapters=182
 compilation: enabled

Compilation events (10 events):
Event: 2.998 Thread 0x0000000014b62000 1076       4       java.util.HashMap::put (13 bytes)
Event: 3.011 Thread 0x0000000014b62000 nmethod 1076 0x00000000028b8310 code [0x00000000028b84c0, 0x00000000028b8ce8]
Event: 3.017 Thread 0x0000000014bba800 1077       3       com.android.dx.ssa.DomFront::buildDomTree (72 bytes)
Event: 3.018 Thread 0x0000000014bba800 nmethod 1077 0x00000000028b6750 code [0x00000000028b69c0, 0x00000000028b7848]
Event: 3.018 Thread 0x0000000014bba800 1078       3       com.android.dx.ssa.DomFront::run (264 bytes)
Event: 3.023 Thread 0x0000000014bba800 nmethod 1078 0x00000000028b9410 code [0x00000000028b99a0, 0x00000000028bd028]
Event: 3.023 Thread 0x0000000014bba800 1079       3       com.android.dx.ssa.SsaConverter::placePhiFunctions (394 bytes)
Event: 3.023 Thread 0x0000000014b5e800 1080       4       com.android.dx.ssa.SCCP::simulatePhi (169 bytes)
Event: 3.028 Thread 0x0000000014bba800 nmethod 1079 0x00000000028beed0 code [0x00000000028bf480, 0x00000000028c2ac8]
Event: 3.038 Thread 0x0000000014b62000 1081       4       java.util.ArrayList::remove (77 bytes)

GC Heap History (2 events):
Event: 2.369 GC heap before
{Heap before GC invocations=1 (full 0):
 PSYoungGen      total 18944K, used 16384K [0x00000000eab00000, 0x00000000ec000000, 0x0000000100000000)
  eden space 16384K, 100% used [0x00000000eab00000,0x00000000ebb00000,0x00000000ebb00000)
  from space 2560K, 0% used [0x00000000ebd80000,0x00000000ebd80000,0x00000000ec000000)
  to   space 2560K, 0% used [0x00000000ebb00000,0x00000000ebb00000,0x00000000ebd80000)
 ParOldGen       total 44032K, used 0K [0x00000000c0000000, 0x00000000c2b00000, 0x00000000eab00000)
  object space 44032K, 0% used [0x00000000c0000000,0x00000000c0000000,0x00000000c2b00000)
 Metaspace       used 5680K, capacity 6768K, committed 7040K, reserved 1056768K
  class space    used 588K, capacity 616K, committed 640K, reserved 1048576K
Event: 2.519 GC heap after
Heap after GC invocations=1 (full 0):
 PSYoungGen      total 18944K, used 2535K [0x00000000eab00000, 0x00000000ed000000, 0x0000000100000000)
  eden space 16384K, 0% used [0x00000000eab00000,0x00000000eab00000,0x00000000ebb00000)
  from space 2560K, 99% used [0x00000000ebb00000,0x00000000ebd79c70,0x00000000ebd80000)
  to   space 2560K, 0% used [0x00000000ecd80000,0x00000000ecd80000,0x00000000ed000000)
 ParOldGen       total 44032K, used 1876K [0x00000000c0000000, 0x00000000c2b00000, 0x00000000eab00000)
  object space 44032K, 4% used [0x00000000c0000000,0x00000000c01d5200,0x00000000c2b00000)
 Metaspace       used 5680K, capacity 6768K, committed 7040K, reserved 1056768K
  class space    used 588K, capacity 616K, committed 640K, reserved 1048576K
}

Deoptimization events (9 events):
Event: 1.385 Thread 0x00000000005dd800 Uncommon trap: reason=unstable_if action=reinterpret pc=0x0000000002671f28 method=java.util.HashMap.getNode(ILjava/lang/Object;)Ljava/util/HashMap$Node; @ 129
Event: 1.836 Thread 0x0000000016617800 Uncommon trap: reason=unstable_if action=reinterpret pc=0x00000000026b9cb0 method=java.util.BitSet.nextSetBit(I)I @ 87
Event: 1.905 Thread 0x0000000016622800 Uncommon trap: reason=unstable_if action=reinterpret pc=0x00000000026bd57c method=java.util.HashMap.getNode(ILjava/lang/Object;)Ljava/util/HashMap$Node; @ 62
Event: 2.330 Thread 0x0000000016617800 Uncommon trap: reason=class_check action=maybe_recompile pc=0x00000000027b7ea8 method=com.android.dx.ssa.NormalSsaInsn.accept(Lcom/android/dx/ssa/SsaInsn$Visitor;)V @ 9
Event: 2.330 Thread 0x0000000016617800 Uncommon trap: reason=class_check action=maybe_recompile pc=0x00000000026dec30 method=com.android.dx.ssa.NormalSsaInsn.accept(Lcom/android/dx/ssa/SsaInsn$Visitor;)V @ 9
Event: 2.556 Thread 0x00000000005dd800 Uncommon trap: reason=class_check action=maybe_recompile pc=0x00000000027b7ea8 method=com.android.dx.ssa.NormalSsaInsn.accept(Lcom/android/dx/ssa/SsaInsn$Visitor;)V @ 9
Event: 2.556 Thread 0x00000000005dd800 Uncommon trap: reason=class_check action=maybe_recompile pc=0x00000000027b7ea8 method=com.android.dx.ssa.NormalSsaInsn.accept(Lcom/android/dx/ssa/SsaInsn$Visitor;)V @ 9
Event: 2.556 Thread 0x00000000005dd800 Uncommon trap: reason=class_check action=maybe_recompile pc=0x00000000026dec30 method=com.android.dx.ssa.NormalSsaInsn.accept(Lcom/android/dx/ssa/SsaInsn$Visitor;)V @ 9
Event: 2.765 Thread 0x000000001661b800 Uncommon trap: reason=null_check action=make_not_entrant pc=0x00000000027577a0 method=com.android.dx.rop.type.Type.equals(Ljava/lang/Object;)Z @ 8

Internal exceptions (3 events):
Event: 0.074 Thread 0x00000000005dd800 Exception <a 'java/lang/NoSuchMethodError': Method sun.misc.Unsafe.defineClass(Ljava/lang/String;[BII)Ljava/lang/Class; name or signature does not match> (0x00000000eab0d448) thrown at [C:\re\workspace\8-2-build-windows-amd64-cygwin\jdk8u60\4407\hotspot\sr¬èœ¸≤?
Event: 0.074 Thread 0x00000000005dd800 Exception <a 'java/lang/NoSuchMethodError': Method sun.misc.Unsafe.prefetchRead(Ljava/lang/Object;J)V name or signature does not match> (0x00000000eab0d730) thrown at [C:\re\workspace\8-2-build-windows-amd64-cygwin\jdk8u60\4407\hotspot\src\share\vm\prims\j_Búñ«@
Event: 2.765 Thread 0x000000001661b800 Implicit null exception at 0x00000000027576a2 to 0x0000000002757792

Events (10 events):
Event: 2.556 Thread 0x00000000005dd800 Uncommon trap: trap_request=0xffffffde fr.pc=0x00000000026dec30
Event: 2.556 Thread 0x00000000005dd800 DEOPT PACKING pc=0x00000000026dec30 sp=0x000000000233e3b0
Event: 2.556 Thread 0x00000000005dd800 DEOPT UNPACKING pc=0x00000000024d582a sp=0x000000000233e350 mode 2
Event: 2.585 loading class com/android/dx/cf/code/BytecodeArray$ConstantParserVisitor
Event: 2.585 loading class com/android/dx/cf/code/BytecodeArray$ConstantParserVisitor done
Event: 2.663 loading class java/util/DualPivotQuicksort
Event: 2.663 loading class java/util/DualPivotQuicksort done
Event: 2.765 Thread 0x000000001661b800 Uncommon trap: trap_request=0xfffffff4 fr.pc=0x00000000027577a0
Event: 2.765 Thread 0x000000001661b800 DEOPT PACKING pc=0x00000000027577a0 sp=0x0000000016d9eb20
Event: 2.765 Thread 0x000000001661b800 DEOPT UNPACKING pc=0x00000000024d582a sp=0x0000000016d9eaa8 mode 2


Dynamic libraries:
0x00007ff7f22e0000 - 0x00007ff7f2317000 	C:\Program Files\Java\jdk1.8.0_60\bin\java.exe
0x00007ffe033e0000 - 0x00007ffe035a1000 	C:\WINDOWS\SYSTEM32\ntdll.dll
0x00007ffe019a0000 - 0x00007ffe01a4d000 	C:\WINDOWS\system32\KERNEL32.DLL
0x00007ffdfff00000 - 0x00007ffe000dd000 	C:\WINDOWS\system32\KERNELBASE.dll
0x00007ffe01a50000 - 0x00007ffe01af6000 	C:\WINDOWS\system32\ADVAPI32.dll
0x00007ffe01880000 - 0x00007ffe0191d000 	C:\WINDOWS\system32\msvcrt.dll
0x00007ffe014a0000 - 0x00007ffe014fb000 	C:\WINDOWS\system32\sechost.dll
0x00007ffe03160000 - 0x00007ffe03286000 	C:\WINDOWS\system32\RPCRT4.dll
0x00007ffe03290000 - 0x00007ffe033de000 	C:\WINDOWS\system32\USER32.dll
0x00007ffe01310000 - 0x00007ffe01496000 	C:\WINDOWS\system32\GDI32.dll
0x00007ffdfa000000 - 0x00007ffdfa274000 	C:\WINDOWS\WinSxS\amd64_microsoft.windows.common-controls_6595b64144ccf1df_6.0.10240.16384_none_f41f7b285750ef43\COMCTL32.dll
0x00007ffe00ad0000 - 0x00007ffe00b06000 	C:\WINDOWS\system32\IMM32.DLL
0x00007ffe011b0000 - 0x00007ffe0130c000 	C:\WINDOWS\system32\MSCTF.dll
0x00000000701f0000 - 0x00000000702c2000 	C:\Program Files\Java\jdk1.8.0_60\jre\bin\msvcr100.dll
0x0000000070670000 - 0x0000000070ef9000 	C:\Program Files\Java\jdk1.8.0_60\jre\bin\server\jvm.dll
0x00007ffe016d0000 - 0x00007ffe016d8000 	C:\WINDOWS\system32\PSAPI.DLL
0x00007ffdfe0a0000 - 0x00007ffdfe0c3000 	C:\WINDOWS\SYSTEM32\WINMM.dll
0x00007ffdfce00000 - 0x00007ffdfce0a000 	C:\WINDOWS\SYSTEM32\VERSION.dll
0x00007ffdf9b00000 - 0x00007ffdf9b09000 	C:\WINDOWS\SYSTEM32\WSOCK32.dll
0x0000000000a20000 - 0x0000000000a4c000 	C:\WINDOWS\SYSTEM32\WINMMBASE.dll
0x00007ffe00c60000 - 0x00007ffe00cc9000 	C:\WINDOWS\system32\WS2_32.dll
0x00007ffe00ab0000 - 0x00007ffe00ab8000 	C:\WINDOWS\system32\NSI.dll
0x00007ffdffeb0000 - 0x00007ffdffef4000 	C:\WINDOWS\system32\cfgmgr32.dll
0x00007ffdfe780000 - 0x00007ffdfe7a7000 	C:\WINDOWS\SYSTEM32\DEVOBJ.dll
0x0000000070660000 - 0x000000007066f000 	C:\Program Files\Java\jdk1.8.0_60\jre\bin\verify.dll
0x0000000070630000 - 0x0000000070659000 	C:\Program Files\Java\jdk1.8.0_60\jre\bin\java.dll
0x0000000070610000 - 0x0000000070626000 	C:\Program Files\Java\jdk1.8.0_60\jre\bin\zip.dll
0x00007ffe01b70000 - 0x00007ffe03092000 	C:\WINDOWS\system32\SHELL32.dll
0x00007ffe000e0000 - 0x00007ffe00708000 	C:\WINDOWS\system32\windows.storage.dll
0x00007ffe00e80000 - 0x00007ffe010fc000 	C:\WINDOWS\system32\combase.dll
0x00007ffe016e0000 - 0x00007ffe01731000 	C:\WINDOWS\system32\shlwapi.dll
0x00007ffdffe10000 - 0x00007ffdffe1f000 	C:\WINDOWS\system32\kernel.appcore.dll
0x00007ffe009f0000 - 0x00007ffe00aa3000 	C:\WINDOWS\system32\shcore.dll
0x00007ffdffe60000 - 0x00007ffdffeaa000 	C:\WINDOWS\system32\powrprof.dll
0x00007ffdffe20000 - 0x00007ffdffe33000 	C:\WINDOWS\system32\profapi.dll

VM Arguments:
jvm_args: -Djava.awt.headless=true -Xmx1024M -Dfile.encoding=windows-1252 -Duser.country=US -Duser.language=en -Duser.variant 
java_command: com.android.dx.command.Main --dex --num-threads=4 --output C:\Users\Murlli Maraati\Desktop\FMR\steller16-12-2015-6pm\StellarFMR\app\build\intermediates\pre-dexed\debug\com.mcxiaoke.volley-library-aar-1.0.0_7887026eb99036e09ddbc8f0ceb3083a43d51295.jar C:\Users\Murlli Maraati\Desktop\FMR\steller16-12-2015-6pm\StellarFMR\app\build\intermediates\exploded-aar\com.mcxiaoke.volley\library-aar\1.0.0\jars\classes.jar
java_class_path (initial): D:\Azahar\sdk\build-tools\23.0.1\lib\dx.jar
Launcher Type: SUN_STANDARD

Environment Variables:
PATH=C:\ProgramData\Oracle\Java\javapath;C:\WINDOWS\system32;C:\WINDOWS;C:\WINDOWS\System32\Wbem;C:\WINDOWS\System32\WindowsPowerShell\v1.0\;C:\Program Files (x86)\Skype\Phone\;C:\Program Files (x86)\Windows Kits\8.1\Windows Performance Toolkit\;C:\Program Files (x86)\Microsoft SDKs\TypeScript\1.0\;C:\Program Files\Microsoft SQL Server\110\Tools\Binn\
USERNAME=Murlli Maraati
OS=Windows_NT
PROCESSOR_IDENTIFIER=Intel64 Family 6 Model 42 Stepping 7, GenuineIntel



---------------  S Y S T E M  ---------------

OS: Windows 10.0 , 64 bit Build 10240 (10.0.10240.16384)

CPU:total 4 (2 cores per cpu, 2 threads per core) family 6 model 42 stepping 7, cmov, cx8, fxsr, mmx, sse, sse2, sse3, ssse3, sse4.1, sse4.2, popcnt, avx, aes, clmul, ht, tsc, tscinvbit

Memory: 4k page, physical 4175724k(191076k free), swap 16758636k(4364k free)

vm_info: Java HotSpot(TM) 64-Bit Server VM (25.60-b23) for windows-amd64 JRE (1.8.0_60-b27), built on Aug  4 2015 11:06:27 by "java_re" with MS VC++ 10.0 (VS2010)

time: Tue Jan 05 19:06:39 2016
elapsed time: 3 seconds (0d 0h 0m 3s)

