#
# There is insufficient memory for the Java Runtime Environment to continue.
# Native memory allocation (malloc) failed to allocate 778016 bytes for Chunk::new
# Possible reasons:
#   The system is out of physical RAM or swap space
#   In 32 bit mode, the process size limit was hit
# Possible solutions:
#   Reduce memory load on the system
#   Increase physical memory or swap space
#   Check if swap backing store is full
#   Use 64 bit Java on a 64 bit OS
#   Decrease Java heap size (-Xmx/-Xms)
#   Decrease number of Java threads
#   Decrease Java thread stack sizes (-Xss)
#   Set larger code cache with -XX:ReservedCodeCacheSize=
# This output file may be truncated or incomplete.
#
#  Out of Memory Error (allocation.cpp:390), pid=6428, tid=7528
#
# JRE version: Java(TM) SE Runtime Environment (8.0_60-b27) (build 1.8.0_60-b27)
# Java VM: Java HotSpot(TM) 64-Bit Server VM (25.60-b23 mixed mode windows-amd64 compressed oops)
# Failed to write core dump. Minidumps are not enabled by default on client versions of Windows
#

---------------  T H R E A D  ---------------

Current thread (0x00000000147f9000):  JavaThread "C2 CompilerThread1" daemon [_thread_in_native, id=7528, stack(0x0000000015ef0000,0x0000000015ff0000)]

Stack: [0x0000000015ef0000,0x0000000015ff0000]
[error occurred during error reporting (printing stack bounds), id 0xc0000005]

Native frames: (J=compiled Java code, j=interpreted, Vv=VM code, C=native code)


Current CompileTask:
C2:  13706 1313       4       com.android.dx.ssa.SCCP::simulateStmt (481 bytes)


---------------  P R O C E S S  ---------------

Java Threads: ( => current thread )
  0x0000000016356000 JavaThread "pool-1-thread-4" [_thread_blocked, id=14472, stack(0x0000000016af0000,0x0000000016bf0000)]
  0x0000000016351800 JavaThread "pool-1-thread-3" [_thread_blocked, id=11080, stack(0x00000000169f0000,0x0000000016af0000)]
  0x0000000016347000 JavaThread "pool-1-thread-2" [_thread_blocked, id=14508, stack(0x00000000168f0000,0x00000000169f0000)]
  0x0000000016346000 JavaThread "pool-2-thread-1" [_thread_blocked, id=4028, stack(0x00000000167f0000,0x00000000168f0000)]
  0x0000000016341000 JavaThread "pool-1-thread-1" [_thread_blocked, id=11732, stack(0x00000000166f0000,0x00000000167f0000)]
  0x00000000160f4000 JavaThread "Service Thread" daemon [_thread_blocked, id=6292, stack(0x00000000164f0000,0x00000000165f0000)]
  0x00000000147fc000 JavaThread "C1 CompilerThread2" daemon [_thread_blocked, id=11636, stack(0x0000000015ff0000,0x00000000160f0000)]
=>0x00000000147f9000 JavaThread "C2 CompilerThread1" daemon [_thread_in_native, id=7528, stack(0x0000000015ef0000,0x0000000015ff0000)]
  0x000000001479c000 JavaThread "C2 CompilerThread0" daemon [_thread_blocked, id=4924, stack(0x0000000015df0000,0x0000000015ef0000)]
  0x000000001479a800 JavaThread "Attach Listener" daemon [_thread_blocked, id=7752, stack(0x0000000015cf0000,0x0000000015df0000)]
  0x0000000014799800 JavaThread "Signal Dispatcher" daemon [_thread_blocked, id=2196, stack(0x0000000015bf0000,0x0000000015cf0000)]
  0x00000000020c0800 JavaThread "Finalizer" daemon [_thread_blocked, id=10860, stack(0x0000000015a10000,0x0000000015b10000)]
  0x00000000020bd000 JavaThread "Reference Handler" daemon [_thread_blocked, id=10772, stack(0x0000000015910000,0x0000000015a10000)]
  0x0000000001ecd800 JavaThread "main" [_thread_blocked, id=5392, stack(0x0000000001da0000,0x0000000001ea0000)]

Other Threads:
  0x0000000014767800 VMThread [stack: 0x0000000015810000,0x0000000015910000] [id=15400]
  0x0000000016110000 WatcherThread [stack: 0x00000000165f0000,0x00000000166f0000] [id=5264]

VM state:at safepoint (normal execution)

VM Mutex/Monitor currently owned by a thread:  ([mutex/lock_event])
[0x0000000001ecd160] Threads_lock - owner thread: 0x0000000014767800
[0x0000000001ecd2e0] Heap_lock - owner thread: 0x0000000016351800

Heap:
 PSYoungGen      total 18944K, used 18938K [0x00000000eab00000, 0x00000000ed000000, 0x0000000100000000)
  eden space 16384K, 100% used [0x00000000eab00000,0x00000000ebb00000,0x00000000ebb00000)
  from space 2560K, 99% used [0x00000000ebb00000,0x00000000ebd7eab8,0x00000000ebd80000)
  to   space 2560K, 26% used [0x00000000ecd80000,0x00000000ece28028,0x00000000ed000000)
 ParOldGen       total 44032K, used 1565K [0x00000000c0000000, 0x00000000c2b00000, 0x00000000eab00000)
  object space 44032K, 3% used [0x00000000c0000000,0x00000000c0187740,0x00000000c2b00000)
 Metaspace       used 5947K, capacity 6960K, committed 7040K, reserved 1056768K
  class space    used 588K, capacity 616K, committed 640K, reserved 1048576K

Card table byte_map: [0x0000000011490000,0x00000000116a0000] byte_map_base: 0x0000000010e90000

Marking Bits: (ParMarkBitMap*) 0x0000000070e7a5b0
 Begin Bits: [0x0000000011c00000, 0x0000000012c00000)
 End Bits:   [0x0000000012c00000, 0x0000000013c00000)

Polling page: 0x0000000001d40000

CodeCache: size=245760Kb used=5354Kb max_used=5354Kb free=240405Kb
 bounds [0x00000000020d0000, 0x0000000002620000, 0x00000000110d0000]
 total_blobs=1606 nmethods=1337 adapters=182
 compilation: enabled

Compilation events (10 events):
Event: 13.688 Thread 0x00000000147fc000 1338       3       com.android.dx.ssa.PhiTypeResolver::run (179 bytes)
Event: 13.690 Thread 0x00000000147fc000 nmethod 1338 0x0000000002609610 code [0x00000000026098a0, 0x000000000260aa48]
Event: 13.691 Thread 0x00000000147fc000 1339       3       com.android.dx.rop.code.LocalVariableExtractor::doit (49 bytes)
Event: 13.691 Thread 0x00000000147fc000 nmethod 1339 0x00000000025f0c10 code [0x00000000025f0da0, 0x00000000025f1258]
Event: 13.691 Thread 0x00000000147fc000 1340       3       com.android.dx.dex.code.BlockAddresses::setupArrays (113 bytes)
Event: 13.693 Thread 0x00000000147fc000 nmethod 1340 0x000000000260b250 code [0x000000000260b500, 0x000000000260cf58]
Event: 13.693 Thread 0x00000000147fc000 1341       3       com.android.dx.dex.code.RopTranslator::outputInstructions (69 bytes)
Event: 13.693 Thread 0x00000000147fc000 nmethod 1341 0x000000000260dd90 code [0x000000000260df20, 0x000000000260e378]
Event: 13.696 Thread 0x00000000147fc000 1342       3       com.android.dx.dex.file.DexFile::internIfAppropriate (128 bytes)
Event: 13.698 Thread 0x00000000147fc000 nmethod 1342 0x000000000260e550 code [0x000000000260e7e0, 0x000000000260fd58]

GC Heap History (2 events):
Event: 12.807 GC heap before
{Heap before GC invocations=1 (full 0):
 PSYoungGen      total 18944K, used 16384K [0x00000000eab00000, 0x00000000ec000000, 0x0000000100000000)
  eden space 16384K, 100% used [0x00000000eab00000,0x00000000ebb00000,0x00000000ebb00000)
  from space 2560K, 0% used [0x00000000ebd80000,0x00000000ebd80000,0x00000000ec000000)
  to   space 2560K, 0% used [0x00000000ebb00000,0x00000000ebb00000,0x00000000ebd80000)
 ParOldGen       total 44032K, used 0K [0x00000000c0000000, 0x00000000c2b00000, 0x00000000eab00000)
  object space 44032K, 0% used [0x00000000c0000000,0x00000000c0000000,0x00000000c2b00000)
 Metaspace       used 5755K, capacity 6768K, committed 7040K, reserved 1056768K
  class space    used 587K, capacity 616K, committed 640K, reserved 1048576K
Event: 12.959 GC heap after
Heap after GC invocations=1 (full 0):
 PSYoungGen      total 18944K, used 2554K [0x00000000eab00000, 0x00000000ed000000, 0x0000000100000000)
  eden space 16384K, 0% used [0x00000000eab00000,0x00000000eab00000,0x00000000ebb00000)
  from space 2560K, 99% used [0x00000000ebb00000,0x00000000ebd7eab8,0x00000000ebd80000)
  to   space 2560K, 0% used [0x00000000ecd80000,0x00000000ecd80000,0x00000000ed000000)
 ParOldGen       total 44032K, used 1565K [0x00000000c0000000, 0x00000000c2b00000, 0x00000000eab00000)
  object space 44032K, 3% used [0x00000000c0000000,0x00000000c0187740,0x00000000c2b00000)
 Metaspace       used 5755K, capacity 6768K, committed 7040K, reserved 1056768K
  class space    used 587K, capacity 616K, committed 640K, reserved 1048576K
}

Deoptimization events (10 events):
Event: 13.324 Thread 0x0000000016341000 Uncommon trap: reason=bimorphic action=maybe_recompile pc=0x00000000024f3380 method=com.android.dx.cf.code.Merger.mergeType(Lcom/android/dx/rop/type/TypeBearer;Lcom/android/dx/rop/type/TypeBearer;)Lcom/android/dx/rop/type/TypeBearer; @ 6
Event: 13.324 Thread 0x0000000016341000 Uncommon trap: reason=bimorphic action=maybe_recompile pc=0x00000000024f3380 method=com.android.dx.cf.code.Merger.mergeType(Lcom/android/dx/rop/type/TypeBearer;Lcom/android/dx/rop/type/TypeBearer;)Lcom/android/dx/rop/type/TypeBearer; @ 6
Event: 13.333 Thread 0x0000000016341000 Uncommon trap: reason=class_check action=maybe_recompile pc=0x0000000002514764 method=com.android.dx.ssa.SCCP.simulatePhi(Lcom/android/dx/ssa/PhiInsn;)V @ 124
Event: 13.333 Thread 0x0000000016341000 Uncommon trap: reason=class_check action=maybe_recompile pc=0x0000000002514764 method=com.android.dx.ssa.SCCP.simulatePhi(Lcom/android/dx/ssa/PhiInsn;)V @ 124
Event: 13.333 Thread 0x0000000016341000 Uncommon trap: reason=class_check action=maybe_recompile pc=0x0000000002514764 method=com.android.dx.ssa.SCCP.simulatePhi(Lcom/android/dx/ssa/PhiInsn;)V @ 124
Event: 13.333 Thread 0x0000000016341000 Uncommon trap: reason=class_check action=maybe_recompile pc=0x0000000002514764 method=com.android.dx.ssa.SCCP.simulatePhi(Lcom/android/dx/ssa/PhiInsn;)V @ 124
Event: 13.345 Thread 0x0000000001ecd800 Uncommon trap: reason=unstable_if action=reinterpret pc=0x0000000002527348 method=java.lang.String.<init>([CII)V @ 18
Event: 13.355 Thread 0x0000000016356000 Uncommon trap: reason=unstable_if action=reinterpret pc=0x00000000024962bc method=com.android.dx.rop.code.RegisterSpecSet.put(Lcom/android/dx/rop/code/RegisterSpec;)V @ 77
Event: 13.370 Thread 0x0000000016356000 Uncommon trap: reason=bimorphic action=maybe_recompile pc=0x0000000002429d78 method=java.util.HashMap.getNode(ILjava/lang/Object;)Ljava/util/HashMap$Node; @ 126
Event: 13.397 Thread 0x0000000016347000 Uncommon trap: reason=bimorphic action=maybe_recompile pc=0x0000000002429d78 method=java.util.HashMap.getNode(ILjava/lang/Object;)Ljava/util/HashMap$Node; @ 126

Internal exceptions (2 events):
Event: 7.768 Thread 0x0000000001ecd800 Exception <a 'java/lang/NoSuchMethodError': Method sun.misc.Unsafe.defineClass(Ljava/lang/String;[BII)Ljava/lang/Class; name or signature does not match> (0x00000000eab0d470) thrown at [C:\re\workspace\8-2-build-windows-amd64-cygwin\jdk8u60\4407\hotspot\sr∆ûZ®@
Event: 7.768 Thread 0x0000000001ecd800 Exception <a 'java/lang/NoSuchMethodError': Method sun.misc.Unsafe.prefetchRead(Ljava/lang/Object;J)V name or signature does not match> (0x00000000eab0d758) thrown at [C:\re\workspace\8-2-build-windows-amd64-cygwin\jdk8u60\4407\hotspot\src\share\vm\prims\j

Events (10 events):
Event: 13.370 Thread 0x0000000016356000 Uncommon trap: trap_request=0xffffffc6 fr.pc=0x0000000002429d78
Event: 13.370 Thread 0x0000000016356000 DEOPT PACKING pc=0x0000000002429d78 sp=0x0000000016bee7a0
Event: 13.370 Thread 0x0000000016356000 DEOPT UNPACKING pc=0x000000000211582a sp=0x0000000016bee6c8 mode 2
Event: 13.383 loading class com/android/dx/cf/code/BytecodeArray$ConstantParserVisitor
Event: 13.383 loading class com/android/dx/cf/code/BytecodeArray$ConstantParserVisitor done
Event: 13.397 Thread 0x0000000016347000 Uncommon trap: trap_request=0xffffffc6 fr.pc=0x0000000002429d78
Event: 13.397 Thread 0x0000000016347000 DEOPT PACKING pc=0x0000000002429d78 sp=0x00000000169eec60
Event: 13.397 Thread 0x0000000016347000 DEOPT UNPACKING pc=0x000000000211582a sp=0x00000000169eeb88 mode 2
Event: 13.497 Thread 0x0000000016356000 DEOPT PACKING pc=0x000000000236bff5 sp=0x0000000016bee7d0
Event: 13.497 Thread 0x0000000016356000 DEOPT UNPACKING pc=0x000000000211787f sp=0x0000000016bee5c0 mode 0


Dynamic libraries:
0x00007ff7f22e0000 - 0x00007ff7f2317000 	C:\Program Files\Java\jdk1.8.0_60\bin\java.exe
0x00007ffe033e0000 - 0x00007ffe035a1000 	C:\WINDOWS\SYSTEM32\ntdll.dll
0x00007ffe019a0000 - 0x00007ffe01a4d000 	C:\WINDOWS\system32\KERNEL32.DLL
0x00007ffdfff00000 - 0x00007ffe000dd000 	C:\WINDOWS\system32\KERNELBASE.dll
0x00007ffe01a50000 - 0x00007ffe01af6000 	C:\WINDOWS\system32\ADVAPI32.dll
0x00007ffe01880000 - 0x00007ffe0191d000 	C:\WINDOWS\system32\msvcrt.dll
0x00007ffe014a0000 - 0x00007ffe014fb000 	C:\WINDOWS\system32\sechost.dll
0x00007ffe03160000 - 0x00007ffe03286000 	C:\WINDOWS\system32\RPCRT4.dll
0x00007ffe03290000 - 0x00007ffe033de000 	C:\WINDOWS\system32\USER32.dll
0x00007ffe01310000 - 0x00007ffe01496000 	C:\WINDOWS\system32\GDI32.dll
0x00007ffdfa000000 - 0x00007ffdfa274000 	C:\WINDOWS\WinSxS\amd64_microsoft.windows.common-controls_6595b64144ccf1df_6.0.10240.16384_none_f41f7b285750ef43\COMCTL32.dll
0x00007ffe00ad0000 - 0x00007ffe00b06000 	C:\WINDOWS\system32\IMM32.DLL
0x00007ffe011b0000 - 0x00007ffe0130c000 	C:\WINDOWS\system32\MSCTF.dll
0x00000000701f0000 - 0x00000000702c2000 	C:\Program Files\Java\jdk1.8.0_60\jre\bin\msvcr100.dll
0x0000000070670000 - 0x0000000070ef9000 	C:\Program Files\Java\jdk1.8.0_60\jre\bin\server\jvm.dll
0x00007ffe016d0000 - 0x00007ffe016d8000 	C:\WINDOWS\system32\PSAPI.DLL
0x00007ffdf9b00000 - 0x00007ffdf9b09000 	C:\WINDOWS\SYSTEM32\WSOCK32.dll
0x00007ffe00c60000 - 0x00007ffe00cc9000 	C:\WINDOWS\system32\WS2_32.dll
0x00007ffe00ab0000 - 0x00007ffe00ab8000 	C:\WINDOWS\system32\NSI.dll
0x00007ffdfe0a0000 - 0x00007ffdfe0c3000 	C:\WINDOWS\SYSTEM32\WINMM.dll
0x00007ffdfce00000 - 0x00007ffdfce0a000 	C:\WINDOWS\SYSTEM32\VERSION.dll
0x00007ffdfbbe0000 - 0x00007ffdfbc0c000 	C:\WINDOWS\SYSTEM32\WINMMBASE.dll
0x00007ffdffeb0000 - 0x00007ffdffef4000 	C:\WINDOWS\system32\cfgmgr32.dll
0x00007ffdfe780000 - 0x00007ffdfe7a7000 	C:\WINDOWS\SYSTEM32\DEVOBJ.dll
0x0000000070660000 - 0x000000007066f000 	C:\Program Files\Java\jdk1.8.0_60\jre\bin\verify.dll
0x0000000070630000 - 0x0000000070659000 	C:\Program Files\Java\jdk1.8.0_60\jre\bin\java.dll
0x0000000070610000 - 0x0000000070626000 	C:\Program Files\Java\jdk1.8.0_60\jre\bin\zip.dll
0x00007ffe01b70000 - 0x00007ffe03092000 	C:\WINDOWS\system32\SHELL32.dll
0x00007ffe000e0000 - 0x00007ffe00708000 	C:\WINDOWS\system32\windows.storage.dll
0x00007ffe00e80000 - 0x00007ffe010fc000 	C:\WINDOWS\system32\combase.dll
0x00007ffe016e0000 - 0x00007ffe01731000 	C:\WINDOWS\system32\shlwapi.dll
0x00007ffdffe10000 - 0x00007ffdffe1f000 	C:\WINDOWS\system32\kernel.appcore.dll
0x00007ffe009f0000 - 0x00007ffe00aa3000 	C:\WINDOWS\system32\shcore.dll
0x00007ffdffe60000 - 0x00007ffdffeaa000 	C:\WINDOWS\system32\powrprof.dll
0x00007ffdffe20000 - 0x00007ffdffe33000 	C:\WINDOWS\system32\profapi.dll

VM Arguments:
jvm_args: -Djava.awt.headless=true -Xmx1024M -Dfile.encoding=windows-1252 -Duser.country=US -Duser.language=en -Duser.variant 
java_command: com.android.dx.command.Main --dex --num-threads=4 --output C:\Users\Murlli Maraati\Desktop\FMR\steller16-12-2015-6pm\StellarFMR\app\build\intermediates\pre-dexed\debug\com.google.android.gms-play-services-auth-8.3.0_dee55e05af105950f0bc8391fc82a110a521e095.jar C:\Users\Murlli Maraati\Desktop\FMR\steller16-12-2015-6pm\StellarFMR\app\build\intermediates\exploded-aar\com.google.android.gms\play-services-auth\8.3.0\jars\classes.jar
java_class_path (initial): D:\Azahar\sdk\build-tools\23.0.1\lib\dx.jar
Launcher Type: SUN_STANDARD

Environment Variables:
PATH=C:\ProgramData\Oracle\Java\javapath;C:\WINDOWS\system32;C:\WINDOWS;C:\WINDOWS\System32\Wbem;C:\WINDOWS\System32\WindowsPowerShell\v1.0\;C:\Program Files (x86)\Skype\Phone\;C:\Program Files (x86)\Windows Kits\8.1\Windows Performance Toolkit\;C:\Program Files (x86)\Microsoft SDKs\TypeScript\1.0\;C:\Program Files\Microsoft SQL Server\110\Tools\Binn\
USERNAME=Murlli Maraati
OS=Windows_NT
PROCESSOR_IDENTIFIER=Intel64 Family 6 Model 42 Stepping 7, GenuineIntel



---------------  S Y S T E M  ---------------

OS: Windows 10.0 , 64 bit Build 10240 (10.0.10240.16384)

CPU:total 4 (2 cores per cpu, 2 threads per core) family 6 model 42 stepping 7, cmov, cx8, fxsr, mmx, sse, sse2, sse3, ssse3, sse4.1, sse4.2, popcnt, avx, aes, clmul, ht, tsc, tscinvbit

Memory: 4k page, physical 4175724k(452528k free), swap 16758636k(6424k free)

vm_info: Java HotSpot(TM) 64-Bit Server VM (25.60-b23) for windows-amd64 JRE (1.8.0_60-b27), built on Aug  4 2015 11:06:27 by "java_re" with MS VC++ 10.0 (VS2010)

time: Tue Jan 05 18:57:24 2016
elapsed time: 13 seconds (0d 0h 0m 13s)

