#
# There is insufficient memory for the Java Runtime Environment to continue.
# Native memory allocation (malloc) failed to allocate 532976 bytes for Chunk::new
# Possible reasons:
#   The system is out of physical RAM or swap space
#   In 32 bit mode, the process size limit was hit
# Possible solutions:
#   Reduce memory load on the system
#   Increase physical memory or swap space
#   Check if swap backing store is full
#   Use 64 bit Java on a 64 bit OS
#   Decrease Java heap size (-Xmx/-Xms)
#   Decrease number of Java threads
#   Decrease Java thread stack sizes (-Xss)
#   Set larger code cache with -XX:ReservedCodeCacheSize=
# This output file may be truncated or incomplete.
#
#  Out of Memory Error (allocation.cpp:390), pid=204, tid=3864
#
# JRE version: Java(TM) SE Runtime Environment (8.0_60-b27) (build 1.8.0_60-b27)
# Java VM: Java HotSpot(TM) 64-Bit Server VM (25.60-b23 mixed mode windows-amd64 compressed oops)
# Failed to write core dump. Minidumps are not enabled by default on client versions of Windows
#

---------------  T H R E A D  ---------------

Current thread (0x0000000014f0c000):  JavaThread "C2 CompilerThread0" daemon [_thread_in_native, id=3864, stack(0x0000000016560000,0x0000000016660000)]

Stack: [0x0000000016560000,0x0000000016660000]
[error occurred during error reporting (printing stack bounds), id 0xc0000005]

Native frames: (J=compiled Java code, j=interpreted, Vv=VM code, C=native code)


Current CompileTask:
C2:   6625 1339       4       com.android.dx.ssa.back.FirstFitLocalCombiningAllocator$1::visitNonMoveInsn (6 bytes)


---------------  P R O C E S S  ---------------

Java Threads: ( => current thread )
  0x0000000016aba000 JavaThread "pool-1-thread-4" [_thread_blocked, id=16236, stack(0x0000000017260000,0x0000000017360000)]
  0x0000000016abf000 JavaThread "pool-1-thread-3" [_thread_blocked, id=10632, stack(0x0000000017160000,0x0000000017260000)]
  0x0000000016abe800 JavaThread "pool-1-thread-2" [_thread_blocked, id=6456, stack(0x0000000017060000,0x0000000017160000)]
  0x0000000016ab5000 JavaThread "pool-2-thread-1" [_thread_blocked, id=6492, stack(0x0000000016f60000,0x0000000017060000)]
  0x0000000016ab4800 JavaThread "pool-1-thread-1" [_thread_blocked, id=10512, stack(0x0000000016e60000,0x0000000016f60000)]
  0x0000000014f6d000 JavaThread "Service Thread" daemon [_thread_blocked, id=5180, stack(0x0000000016c60000,0x0000000016d60000)]
  0x0000000014f68800 JavaThread "C1 CompilerThread2" daemon [_thread_blocked, id=14760, stack(0x0000000016760000,0x0000000016860000)]
  0x0000000014f0f800 JavaThread "C2 CompilerThread1" daemon [_thread_in_native, id=14616, stack(0x0000000016660000,0x0000000016760000)]
=>0x0000000014f0c000 JavaThread "C2 CompilerThread0" daemon [_thread_in_native, id=3864, stack(0x0000000016560000,0x0000000016660000)]
  0x0000000014f0a800 JavaThread "Attach Listener" daemon [_thread_blocked, id=3952, stack(0x0000000016460000,0x0000000016560000)]
  0x0000000014f09800 JavaThread "Signal Dispatcher" daemon [_thread_blocked, id=11160, stack(0x0000000016360000,0x0000000016460000)]
  0x00000000027b0800 JavaThread "Finalizer" daemon [_thread_blocked, id=12196, stack(0x0000000016180000,0x0000000016280000)]
  0x00000000027ad000 JavaThread "Reference Handler" daemon [_thread_blocked, id=14260, stack(0x0000000016080000,0x0000000016180000)]
  0x000000000283d800 JavaThread "main" [_thread_blocked, id=3008, stack(0x0000000002570000,0x0000000002670000)]

Other Threads:
  0x0000000014ed7800 VMThread [stack: 0x0000000015f80000,0x0000000016080000] [id=8648]
  0x000000001686b800 WatcherThread [stack: 0x0000000016d60000,0x0000000016e60000] [id=9676]

VM state:not at safepoint (normal execution)

VM Mutex/Monitor currently owned by a thread: None

Heap:
 PSYoungGen      total 35328K, used 5598K [0x00000000eab00000, 0x00000000ed000000, 0x0000000100000000)
  eden space 32768K, 9% used [0x00000000eab00000,0x00000000eadffb90,0x00000000ecb00000)
  from space 2560K, 98% used [0x00000000ecd80000,0x00000000ecff8038,0x00000000ed000000)
  to   space 2560K, 0% used [0x00000000ecb00000,0x00000000ecb00000,0x00000000ecd80000)
 ParOldGen       total 44032K, used 4473K [0x00000000c0000000, 0x00000000c2b00000, 0x00000000eab00000)
  object space 44032K, 10% used [0x00000000c0000000,0x00000000c045e518,0x00000000c2b00000)
 Metaspace       used 5965K, capacity 6960K, committed 7040K, reserved 1056768K
  class space    used 588K, capacity 616K, committed 640K, reserved 1048576K

Card table byte_map: [0x0000000011c00000,0x0000000011e10000] byte_map_base: 0x0000000011600000

Marking Bits: (ParMarkBitMap*) 0x0000000070e7a5b0
 Begin Bits: [0x0000000012370000, 0x0000000013370000)
 End Bits:   [0x0000000013370000, 0x0000000014370000)

Polling page: 0x0000000000e30000

CodeCache: size=245760Kb used=5477Kb max_used=5477Kb free=240282Kb
 bounds [0x0000000002840000, 0x0000000002db0000, 0x0000000011840000]
 total_blobs=1615 nmethods=1346 adapters=182
 compilation: enabled

Compilation events (10 events):
Event: 6.578 Thread 0x0000000014f68800 1346       3       com.android.dx.cf.code.LocalVariableList$Item::getLocalItem (12 bytes)
Event: 6.579 Thread 0x0000000014f68800 nmethod 1346 0x0000000002d86390 code [0x0000000002d86500, 0x0000000002d86870]
Event: 6.579 Thread 0x0000000014f68800 1347       3       com.android.dx.rop.code.LocalItem::make (20 bytes)
Event: 6.579 Thread 0x0000000014f68800 nmethod 1347 0x0000000002d8c2d0 code [0x0000000002d8c440, 0x0000000002d8c730]
Event: 6.579 Thread 0x0000000014f68800 1348       3       com.android.dx.rop.code.LocalItem::<init> (15 bytes)
Event: 6.579 Thread 0x0000000014f68800 nmethod 1348 0x0000000002d84c50 code [0x0000000002d84da0, 0x0000000002d84f70]
Event: 6.585 Thread 0x0000000014f68800 1349       3       com.android.dx.cf.direct.StdAttributeFactory::code (613 bytes)
Event: 6.590 Thread 0x0000000014f0c000 nmethod 1341 0x0000000002d8b350 code [0x0000000002d8b4c0, 0x0000000002d8bb18]
Event: 6.590 Thread 0x0000000014f0c000 1339       4       com.android.dx.ssa.back.FirstFitLocalCombiningAllocator$1::visitNonMoveInsn (6 bytes)
Event: 6.594 Thread 0x0000000014f68800 nmethod 1349 0x0000000002d93410 code [0x0000000002d93d80, 0x0000000002d9a998]

GC Heap History (4 events):
Event: 5.920 GC heap before
{Heap before GC invocations=1 (full 0):
 PSYoungGen      total 18944K, used 16384K [0x00000000eab00000, 0x00000000ec000000, 0x0000000100000000)
  eden space 16384K, 100% used [0x00000000eab00000,0x00000000ebb00000,0x00000000ebb00000)
  from space 2560K, 0% used [0x00000000ebd80000,0x00000000ebd80000,0x00000000ec000000)
  to   space 2560K, 0% used [0x00000000ebb00000,0x00000000ebb00000,0x00000000ebd80000)
 ParOldGen       total 44032K, used 0K [0x00000000c0000000, 0x00000000c2b00000, 0x00000000eab00000)
  object space 44032K, 0% used [0x00000000c0000000,0x00000000c0000000,0x00000000c2b00000)
 Metaspace       used 5722K, capacity 6768K, committed 7040K, reserved 1056768K
  class space    used 586K, capacity 616K, committed 640K, reserved 1048576K
Event: 6.102 GC heap after
Heap after GC invocations=1 (full 0):
 PSYoungGen      total 18944K, used 2551K [0x00000000eab00000, 0x00000000ed000000, 0x0000000100000000)
  eden space 16384K, 0% used [0x00000000eab00000,0x00000000eab00000,0x00000000ebb00000)
  from space 2560K, 99% used [0x00000000ebb00000,0x00000000ebd7dc78,0x00000000ebd80000)
  to   space 2560K, 0% used [0x00000000ecd80000,0x00000000ecd80000,0x00000000ed000000)
 ParOldGen       total 44032K, used 1770K [0x00000000c0000000, 0x00000000c2b00000, 0x00000000eab00000)
  object space 44032K, 4% used [0x00000000c0000000,0x00000000c01ba800,0x00000000c2b00000)
 Metaspace       used 5722K, capacity 6768K, committed 7040K, reserved 1056768K
  class space    used 586K, capacity 616K, committed 640K, reserved 1048576K
}
Event: 6.458 GC heap before
{Heap before GC invocations=2 (full 0):
 PSYoungGen      total 18944K, used 18935K [0x00000000eab00000, 0x00000000ed000000, 0x0000000100000000)
  eden space 16384K, 100% used [0x00000000eab00000,0x00000000ebb00000,0x00000000ebb00000)
  from space 2560K, 99% used [0x00000000ebb00000,0x00000000ebd7dc78,0x00000000ebd80000)
  to   space 2560K, 0% used [0x00000000ecd80000,0x00000000ecd80000,0x00000000ed000000)
 ParOldGen       total 44032K, used 1770K [0x00000000c0000000, 0x00000000c2b00000, 0x00000000eab00000)
  object space 44032K, 4% used [0x00000000c0000000,0x00000000c01ba800,0x00000000c2b00000)
 Metaspace       used 5959K, capacity 6960K, committed 7040K, reserved 1056768K
  class space    used 588K, capacity 616K, committed 640K, reserved 1048576K
Event: 6.540 GC heap after
Heap after GC invocations=2 (full 0):
 PSYoungGen      total 35328K, used 2528K [0x00000000eab00000, 0x00000000ed000000, 0x0000000100000000)
  eden space 32768K, 0% used [0x00000000eab00000,0x00000000eab00000,0x00000000ecb00000)
  from space 2560K, 98% used [0x00000000ecd80000,0x00000000ecff8038,0x00000000ed000000)
  to   space 2560K, 0% used [0x00000000ecb00000,0x00000000ecb00000,0x00000000ecd80000)
 ParOldGen       total 44032K, used 4473K [0x00000000c0000000, 0x00000000c2b00000, 0x00000000eab00000)
  object space 44032K, 10% used [0x00000000c0000000,0x00000000c045e518,0x00000000c2b00000)
 Metaspace       used 5959K, capacity 6960K, committed 7040K, reserved 1056768K
  class space    used 588K, capacity 616K, committed 640K, reserved 1048576K
}

Deoptimization events (10 events):
Event: 5.679 Thread 0x0000000016abe800 Uncommon trap: reason=unstable_if action=reinterpret pc=0x0000000002b84eb0 method=com.android.dx.rop.code.RegisterSpec.equals(ILcom/android/dx/rop/type/TypeBearer;Lcom/android/dx/rop/code/LocalItem;)Z @ 24
Event: 5.699 Thread 0x0000000016ab4800 Uncommon trap: reason=unstable_if action=reinterpret pc=0x0000000002bb253c method=com.android.dx.rop.code.RegisterSpec.hashCodeOf(ILcom/android/dx/rop/type/TypeBearer;Lcom/android/dx/rop/code/LocalItem;)I @ 1
Event: 5.700 Thread 0x0000000016ab4800 Uncommon trap: reason=null_assert action=make_not_entrant pc=0x0000000002a57ec4 method=com.android.dx.rop.code.RegisterSpec$ForComparison.equals(Ljava/lang/Object;)Z @ 27
Event: 6.251 Thread 0x0000000016ab4800 Uncommon trap: reason=class_check action=maybe_recompile pc=0x0000000002bc9810 method=com.android.dx.ssa.NormalSsaInsn.accept(Lcom/android/dx/ssa/SsaInsn$Visitor;)V @ 9
Event: 6.251 Thread 0x0000000016ab4800 Uncommon trap: reason=class_check action=maybe_recompile pc=0x0000000002bec764 method=com.android.dx.ssa.NormalSsaInsn.accept(Lcom/android/dx/ssa/SsaInsn$Visitor;)V @ 9
Event: 6.251 Thread 0x0000000016ab4800 Uncommon trap: reason=class_check action=maybe_recompile pc=0x0000000002bec764 method=com.android.dx.ssa.NormalSsaInsn.accept(Lcom/android/dx/ssa/SsaInsn$Visitor;)V @ 9
Event: 6.251 Thread 0x0000000016ab4800 Uncommon trap: reason=class_check action=maybe_recompile pc=0x0000000002bec764 method=com.android.dx.ssa.NormalSsaInsn.accept(Lcom/android/dx/ssa/SsaInsn$Visitor;)V @ 9
Event: 6.252 Thread 0x0000000016ab4800 Uncommon trap: reason=class_check action=maybe_recompile pc=0x0000000002bc9810 method=com.android.dx.ssa.NormalSsaInsn.accept(Lcom/android/dx/ssa/SsaInsn$Visitor;)V @ 9
Event: 6.320 Thread 0x0000000016abe800 Uncommon trap: reason=unstable_if action=reinterpret pc=0x0000000002b821dc method=com.android.dx.rop.cst.Constant.compareTo(Lcom/android/dx/rop/cst/Constant;)I @ 12
Event: 6.414 Thread 0x000000000283d800 Uncommon trap: reason=unstable_if action=reinterpret pc=0x0000000002c1f780 method=java.lang.String.<init>([CII)V @ 18

Internal exceptions (2 events):
Event: 0.117 Thread 0x000000000283d800 Exception <a 'java/lang/NoSuchMethodError': Method sun.misc.Unsafe.defineClass(Ljava/lang/String;[BII)Ljava/lang/Class; name or signature does not match> (0x00000000eab0d478) thrown at [C:\re\workspace\8-2-build-windows-amd64-cygwin\jdk8u60\4407\hotspot\sruóéK”¾?
Event: 0.117 Thread 0x000000000283d800 Exception <a 'java/lang/NoSuchMethodError': Method sun.misc.Unsafe.prefetchRead(Ljava/lang/Object;J)V name or signature does not match> (0x00000000eab0d760) thrown at [C:\re\workspace\8-2-build-windows-amd64-cygwin\jdk8u60\4407\hotspot\src\share\vm\prims\j

Events (10 events):
Event: 6.252 Thread 0x0000000016ab4800 DEOPT PACKING pc=0x0000000002bc9810 sp=0x0000000016f5e7b0
Event: 6.252 Thread 0x0000000016ab4800 DEOPT UNPACKING pc=0x000000000288582a sp=0x0000000016f5e710 mode 2
Event: 6.320 Thread 0x0000000016abe800 Uncommon trap: trap_request=0xffffff65 fr.pc=0x0000000002b821dc
Event: 6.320 Thread 0x0000000016abe800 DEOPT PACKING pc=0x0000000002b821dc sp=0x000000001715e5b0
Event: 6.320 Thread 0x0000000016abe800 DEOPT UNPACKING pc=0x000000000288582a sp=0x000000001715e550 mode 2
Event: 6.414 Thread 0x000000000283d800 Uncommon trap: trap_request=0xffffff65 fr.pc=0x0000000002c1f780
Event: 6.414 Thread 0x000000000283d800 DEOPT PACKING pc=0x0000000002c1f780 sp=0x000000000266e560
Event: 6.414 Thread 0x000000000283d800 DEOPT UNPACKING pc=0x000000000288582a sp=0x000000000266e490 mode 2
Event: 6.456 Executing VM operation: ParallelGCFailedAllocation
Event: 6.540 Executing VM operation: ParallelGCFailedAllocation done


Dynamic libraries:
0x00007ff705cc0000 - 0x00007ff705cf7000 	C:\Program Files\Java\jdk1.8.0_60\bin\java.exe
0x00007ffe033e0000 - 0x00007ffe035a1000 	C:\WINDOWS\SYSTEM32\ntdll.dll
0x00007ffe019a0000 - 0x00007ffe01a4d000 	C:\WINDOWS\system32\KERNEL32.DLL
0x00007ffdfff00000 - 0x00007ffe000dd000 	C:\WINDOWS\system32\KERNELBASE.dll
0x00007ffe01a50000 - 0x00007ffe01af6000 	C:\WINDOWS\system32\ADVAPI32.dll
0x00007ffe01880000 - 0x00007ffe0191d000 	C:\WINDOWS\system32\msvcrt.dll
0x00007ffe014a0000 - 0x00007ffe014fb000 	C:\WINDOWS\system32\sechost.dll
0x00007ffe03160000 - 0x00007ffe03286000 	C:\WINDOWS\system32\RPCRT4.dll
0x00007ffe03290000 - 0x00007ffe033de000 	C:\WINDOWS\system32\USER32.dll
0x00007ffe01310000 - 0x00007ffe01496000 	C:\WINDOWS\system32\GDI32.dll
0x00007ffdfa000000 - 0x00007ffdfa274000 	C:\WINDOWS\WinSxS\amd64_microsoft.windows.common-controls_6595b64144ccf1df_6.0.10240.16384_none_f41f7b285750ef43\COMCTL32.dll
0x00007ffe00ad0000 - 0x00007ffe00b06000 	C:\WINDOWS\system32\IMM32.DLL
0x00007ffe011b0000 - 0x00007ffe0130c000 	C:\WINDOWS\system32\MSCTF.dll
0x00000000701f0000 - 0x00000000702c2000 	C:\Program Files\Java\jdk1.8.0_60\jre\bin\msvcr100.dll
0x0000000070670000 - 0x0000000070ef9000 	C:\Program Files\Java\jdk1.8.0_60\jre\bin\server\jvm.dll
0x00007ffe016d0000 - 0x00007ffe016d8000 	C:\WINDOWS\system32\PSAPI.DLL
0x00007ffdfab40000 - 0x00007ffdfab49000 	C:\WINDOWS\SYSTEM32\WSOCK32.dll
0x00007ffe00c60000 - 0x00007ffe00cc9000 	C:\WINDOWS\system32\WS2_32.dll
0x00007ffe00ab0000 - 0x00007ffe00ab8000 	C:\WINDOWS\system32\NSI.dll
0x00007ffdfe0a0000 - 0x00007ffdfe0c3000 	C:\WINDOWS\SYSTEM32\WINMM.dll
0x00007ffdfce00000 - 0x00007ffdfce0a000 	C:\WINDOWS\SYSTEM32\VERSION.dll
0x00007ffdfbbe0000 - 0x00007ffdfbc0c000 	C:\WINDOWS\SYSTEM32\WINMMBASE.dll
0x00007ffdffeb0000 - 0x00007ffdffef4000 	C:\WINDOWS\system32\cfgmgr32.dll
0x00007ffdfe780000 - 0x00007ffdfe7a7000 	C:\WINDOWS\SYSTEM32\DEVOBJ.dll
0x0000000070660000 - 0x000000007066f000 	C:\Program Files\Java\jdk1.8.0_60\jre\bin\verify.dll
0x0000000070630000 - 0x0000000070659000 	C:\Program Files\Java\jdk1.8.0_60\jre\bin\java.dll
0x0000000070610000 - 0x0000000070626000 	C:\Program Files\Java\jdk1.8.0_60\jre\bin\zip.dll
0x00007ffe01b70000 - 0x00007ffe03092000 	C:\WINDOWS\system32\SHELL32.dll
0x00007ffe000e0000 - 0x00007ffe00708000 	C:\WINDOWS\system32\windows.storage.dll
0x00007ffe00e80000 - 0x00007ffe010fc000 	C:\WINDOWS\system32\combase.dll
0x00007ffe016e0000 - 0x00007ffe01731000 	C:\WINDOWS\system32\shlwapi.dll
0x00007ffdffe10000 - 0x00007ffdffe1f000 	C:\WINDOWS\system32\kernel.appcore.dll
0x00007ffe009f0000 - 0x00007ffe00aa3000 	C:\WINDOWS\system32\shcore.dll
0x00007ffdffe60000 - 0x00007ffdffeaa000 	C:\WINDOWS\system32\powrprof.dll
0x00007ffdffe20000 - 0x00007ffdffe33000 	C:\WINDOWS\system32\profapi.dll

VM Arguments:
jvm_args: -Djava.awt.headless=true -Xmx1024M -Dfile.encoding=windows-1252 -Duser.country=US -Duser.language=en -Duser.variant 
java_command: com.android.dx.command.Main --dex --num-threads=4 --output C:\Users\Murlli Maraati\Desktop\FMR\steller16-12-2015-6pm\StellarFMR\app\build\intermediates\pre-dexed\debug\com.google.android.gms-play-services-drive-8.3.0_dd2ba78b64e190ef90d4f16e5a0ec50e2ad63b92.jar C:\Users\Murlli Maraati\Desktop\FMR\steller16-12-2015-6pm\StellarFMR\app\build\intermediates\exploded-aar\com.google.android.gms\play-services-drive\8.3.0\jars\classes.jar
java_class_path (initial): D:\Azahar\sdk\build-tools\23.0.1\lib\dx.jar
Launcher Type: SUN_STANDARD

Environment Variables:
PATH=C:\ProgramData\Oracle\Java\javapath;C:\WINDOWS\system32;C:\WINDOWS;C:\WINDOWS\System32\Wbem;C:\WINDOWS\System32\WindowsPowerShell\v1.0\;C:\Program Files (x86)\Skype\Phone\;C:\Program Files (x86)\Windows Kits\8.1\Windows Performance Toolkit\;C:\Program Files (x86)\Microsoft SDKs\TypeScript\1.0\;C:\Program Files\Microsoft SQL Server\110\Tools\Binn\
USERNAME=Murlli Maraati
OS=Windows_NT
PROCESSOR_IDENTIFIER=Intel64 Family 6 Model 42 Stepping 7, GenuineIntel



---------------  S Y S T E M  ---------------

OS: Windows 10.0 , 64 bit Build 10240 (10.0.10240.16384)

CPU:total 4 (2 cores per cpu, 2 threads per core) family 6 model 42 stepping 7, cmov, cx8, fxsr, mmx, sse, sse2, sse3, ssse3, sse4.1, sse4.2, popcnt, avx, aes, clmul, ht, tsc, tscinvbit

Memory: 4k page, physical 4175724k(322792k free), swap 16758636k(5244k free)

vm_info: Java HotSpot(TM) 64-Bit Server VM (25.60-b23) for windows-amd64 JRE (1.8.0_60-b27), built on Aug  4 2015 11:06:27 by "java_re" with MS VC++ 10.0 (VS2010)

time: Tue Jan 05 01:40:30 2016
elapsed time: 6 seconds (0d 0h 0m 6s)

