#
# There is insufficient memory for the Java Runtime Environment to continue.
# Native memory allocation (malloc) failed to allocate 1952016 bytes for Chunk::new
# Possible reasons:
#   The system is out of physical RAM or swap space
#   In 32 bit mode, the process size limit was hit
# Possible solutions:
#   Reduce memory load on the system
#   Increase physical memory or swap space
#   Check if swap backing store is full
#   Use 64 bit Java on a 64 bit OS
#   Decrease Java heap size (-Xmx/-Xms)
#   Decrease number of Java threads
#   Decrease Java thread stack sizes (-Xss)
#   Set larger code cache with -XX:ReservedCodeCacheSize=
# This output file may be truncated or incomplete.
#
#  Out of Memory Error (allocation.cpp:390), pid=4848, tid=14376
#
# JRE version: Java(TM) SE Runtime Environment (8.0_60-b27) (build 1.8.0_60-b27)
# Java VM: Java HotSpot(TM) 64-Bit Server VM (25.60-b23 mixed mode windows-amd64 compressed oops)
# Failed to write core dump. Minidumps are not enabled by default on client versions of Windows
#

---------------  T H R E A D  ---------------

Current thread (0x0000000014aef800):  JavaThread "C2 CompilerThread1" daemon [_thread_in_native, id=14376, stack(0x0000000016240000,0x0000000016340000)]

Stack: [0x0000000016240000,0x0000000016340000]
[error occurred during error reporting (printing stack bounds), id 0xc0000005]

Native frames: (J=compiled Java code, j=interpreted, Vv=VM code, C=native code)


Current CompileTask:
C2:  10141 1756       4       com.android.dx.cf.code.Simulator$SimVisitor::visitConstant (332 bytes)


---------------  P R O C E S S  ---------------

Java Threads: ( => current thread )
  0x00000000166a0800 JavaThread "pool-1-thread-4" [_thread_blocked, id=12404, stack(0x0000000016e40000,0x0000000016f40000)]
  0x000000001669f800 JavaThread "pool-1-thread-3" [_thread_blocked, id=14044, stack(0x0000000016d40000,0x0000000016e40000)]
  0x000000001669c800 JavaThread "pool-1-thread-2" [_thread_blocked, id=10948, stack(0x0000000016c40000,0x0000000016d40000)]
  0x0000000016699800 JavaThread "pool-2-thread-1" [_thread_blocked, id=14084, stack(0x0000000016b40000,0x0000000016c40000)]
  0x000000001668c800 JavaThread "pool-1-thread-1" [_thread_blocked, id=15488, stack(0x0000000016a40000,0x0000000016b40000)]
  0x0000000016444000 JavaThread "Service Thread" daemon [_thread_blocked, id=9500, stack(0x0000000016840000,0x0000000016940000)]
  0x0000000014b48800 JavaThread "C1 CompilerThread2" daemon [_thread_blocked, id=12928, stack(0x0000000016340000,0x0000000016440000)]
=>0x0000000014aef800 JavaThread "C2 CompilerThread1" daemon [_thread_in_native, id=14376, stack(0x0000000016240000,0x0000000016340000)]
  0x0000000014aec000 JavaThread "C2 CompilerThread0" daemon [_thread_in_native, id=1952, stack(0x0000000016140000,0x0000000016240000)]
  0x0000000014aea800 JavaThread "Attach Listener" daemon [_thread_blocked, id=3964, stack(0x0000000016040000,0x0000000016140000)]
  0x0000000014ae9000 JavaThread "Signal Dispatcher" daemon [_thread_blocked, id=11380, stack(0x0000000015f40000,0x0000000016040000)]
  0x0000000002411000 JavaThread "Finalizer" daemon [_thread_blocked, id=6576, stack(0x0000000015d60000,0x0000000015e60000)]
  0x0000000014ab8800 JavaThread "Reference Handler" daemon [_thread_blocked, id=11000, stack(0x0000000015c60000,0x0000000015d60000)]
  0x00000000022cd800 JavaThread "main" [_thread_blocked, id=7524, stack(0x0000000002150000,0x0000000002250000)]

Other Threads:
  0x0000000014ab6800 VMThread [stack: 0x0000000015b60000,0x0000000015c60000] [id=15812]
  0x0000000016458000 WatcherThread [stack: 0x0000000016940000,0x0000000016a40000] [id=11560]

VM state:not at safepoint (normal execution)

VM Mutex/Monitor currently owned by a thread: None

Heap:
 PSYoungGen      total 35328K, used 9285K [0x00000000eab00000, 0x00000000efb00000, 0x0000000100000000)
  eden space 32768K, 20% used [0x00000000eab00000,0x00000000eb191760,0x00000000ecb00000)
  from space 2560K, 100% used [0x00000000ecb00000,0x00000000ecd80000,0x00000000ecd80000)
  to   space 8192K, 0% used [0x00000000ef300000,0x00000000ef300000,0x00000000efb00000)
 ParOldGen       total 44032K, used 15008K [0x00000000c0000000, 0x00000000c2b00000, 0x00000000eab00000)
  object space 44032K, 34% used [0x00000000c0000000,0x00000000c0ea8148,0x00000000c2b00000)
 Metaspace       used 6156K, capacity 7088K, committed 7296K, reserved 1056768K
  class space    used 590K, capacity 616K, committed 640K, reserved 1048576K

Card table byte_map: [0x00000000117e0000,0x00000000119f0000] byte_map_base: 0x00000000111e0000

Marking Bits: (ParMarkBitMap*) 0x0000000070e7a5b0
 Begin Bits: [0x0000000011f50000, 0x0000000012f50000)
 End Bits:   [0x0000000012f50000, 0x0000000013f50000)

Polling page: 0x0000000002250000

CodeCache: size=245760Kb used=8008Kb max_used=8008Kb free=237752Kb
 bounds [0x0000000002420000, 0x0000000002c00000, 0x0000000011420000]
 total_blobs=2036 nmethods=1766 adapters=182
 compilation: enabled

Compilation events (10 events):
Event: 10.102 Thread 0x0000000014b48800 1793       3       com.android.dx.rop.code.Rops::opInvokeInterface (17 bytes)
Event: 10.103 Thread 0x0000000014b48800 nmethod 1793 0x0000000002be3890 code [0x0000000002be3a20, 0x0000000002be3d38]
Event: 10.116 Thread 0x0000000014b48800 1795       3       java.util.ArrayList$SubList::set (40 bytes)
Event: 10.117 Thread 0x0000000014b48800 nmethod 1795 0x0000000002be1550 code [0x0000000002be1720, 0x0000000002be1d68]
Event: 10.121 Thread 0x0000000014b48800 1796       3       com.android.dx.rop.cst.CstFloat::getType (4 bytes)
Event: 10.121 Thread 0x0000000014b48800 nmethod 1796 0x0000000002be3550 code [0x0000000002be36a0, 0x0000000002be37f0]
Event: 10.126 Thread 0x0000000014b48800 1797       3       java.util.concurrent.FutureTask::set (36 bytes)
Event: 10.126 Thread 0x0000000014b48800 nmethod 1797 0x0000000002be1110 code [0x0000000002be1280, 0x0000000002be14a8]
Event: 10.133 Thread 0x0000000014b48800 1798       3       java.util.concurrent.locks.ReentrantLock$NonfairSync::lock (25 bytes)
Event: 10.134 Thread 0x0000000014b48800 nmethod 1798 0x0000000002be0490 code [0x0000000002be0660, 0x0000000002be0e98]

GC Heap History (10 events):
Event: 3.076 GC heap before
{Heap before GC invocations=1 (full 0):
 PSYoungGen      total 18944K, used 16384K [0x00000000eab00000, 0x00000000ec000000, 0x0000000100000000)
  eden space 16384K, 100% used [0x00000000eab00000,0x00000000ebb00000,0x00000000ebb00000)
  from space 2560K, 0% used [0x00000000ebd80000,0x00000000ebd80000,0x00000000ec000000)
  to   space 2560K, 0% used [0x00000000ebb00000,0x00000000ebb00000,0x00000000ebd80000)
 ParOldGen       total 44032K, used 0K [0x00000000c0000000, 0x00000000c2b00000, 0x00000000eab00000)
  object space 44032K, 0% used [0x00000000c0000000,0x00000000c0000000,0x00000000c2b00000)
 Metaspace       used 5696K, capacity 6768K, committed 7040K, reserved 1056768K
  class space    used 590K, capacity 616K, committed 640K, reserved 1048576K
Event: 3.083 GC heap after
Heap after GC invocations=1 (full 0):
 PSYoungGen      total 18944K, used 2538K [0x00000000eab00000, 0x00000000ec000000, 0x0000000100000000)
  eden space 16384K, 0% used [0x00000000eab00000,0x00000000eab00000,0x00000000ebb00000)
  from space 2560K, 99% used [0x00000000ebb00000,0x00000000ebd7aa90,0x00000000ebd80000)
  to   space 2560K, 0% used [0x00000000ebd80000,0x00000000ebd80000,0x00000000ec000000)
 ParOldGen       total 44032K, used 1816K [0x00000000c0000000, 0x00000000c2b00000, 0x00000000eab00000)
  object space 44032K, 4% used [0x00000000c0000000,0x00000000c01c62c0,0x00000000c2b00000)
 Metaspace       used 5696K, capacity 6768K, committed 7040K, reserved 1056768K
  class space    used 590K, capacity 616K, committed 640K, reserved 1048576K
}
Event: 3.658 GC heap before
{Heap before GC invocations=2 (full 0):
 PSYoungGen      total 18944K, used 18922K [0x00000000eab00000, 0x00000000ec000000, 0x0000000100000000)
  eden space 16384K, 100% used [0x00000000eab00000,0x00000000ebb00000,0x00000000ebb00000)
  from space 2560K, 99% used [0x00000000ebb00000,0x00000000ebd7aa90,0x00000000ebd80000)
  to   space 2560K, 0% used [0x00000000ebd80000,0x00000000ebd80000,0x00000000ec000000)
 ParOldGen       total 44032K, used 1816K [0x00000000c0000000, 0x00000000c2b00000, 0x00000000eab00000)
  object space 44032K, 4% used [0x00000000c0000000,0x00000000c01c62c0,0x00000000c2b00000)
 Metaspace       used 5946K, capacity 6960K, committed 7040K, reserved 1056768K
  class space    used 590K, capacity 616K, committed 640K, reserved 1048576K
Event: 3.997 GC heap after
Heap after GC invocations=2 (full 0):
 PSYoungGen      total 18944K, used 2551K [0x00000000eab00000, 0x00000000ed000000, 0x0000000100000000)
  eden space 16384K, 0% used [0x00000000eab00000,0x00000000eab00000,0x00000000ebb00000)
  from space 2560K, 99% used [0x00000000ebd80000,0x00000000ebffdc70,0x00000000ec000000)
  to   space 2560K, 0% used [0x00000000ebb00000,0x00000000ebb00000,0x00000000ebd80000)
 ParOldGen       total 44032K, used 3912K [0x00000000c0000000, 0x00000000c2b00000, 0x00000000eab00000)
  object space 44032K, 8% used [0x00000000c0000000,0x00000000c03d22c0,0x00000000c2b00000)
 Metaspace       used 5946K, capacity 6960K, committed 7040K, reserved 1056768K
  class space    used 590K, capacity 616K, committed 640K, reserved 1048576K
}
Event: 6.869 GC heap before
{Heap before GC invocations=3 (full 0):
 PSYoungGen      total 18944K, used 18935K [0x00000000eab00000, 0x00000000ed000000, 0x0000000100000000)
  eden space 16384K, 100% used [0x00000000eab00000,0x00000000ebb00000,0x00000000ebb00000)
  from space 2560K, 99% used [0x00000000ebd80000,0x00000000ebffdc70,0x00000000ec000000)
  to   space 2560K, 0% used [0x00000000ebb00000,0x00000000ebb00000,0x00000000ebd80000)
 ParOldGen       total 44032K, used 3912K [0x00000000c0000000, 0x00000000c2b00000, 0x00000000eab00000)
  object space 44032K, 8% used [0x00000000c0000000,0x00000000c03d22c0,0x00000000c2b00000)
 Metaspace       used 5995K, capacity 7024K, committed 7296K, reserved 1056768K
  class space    used 590K, capacity 616K, committed 640K, reserved 1048576K
Event: 6.898 GC heap after
Heap after GC invocations=3 (full 0):
 PSYoungGen      total 18944K, used 2544K [0x00000000eab00000, 0x00000000ed000000, 0x0000000100000000)
  eden space 16384K, 0% used [0x00000000eab00000,0x00000000eab00000,0x00000000ebb00000)
  from space 2560K, 99% used [0x00000000ebb00000,0x00000000ebd7c020,0x00000000ebd80000)
  to   space 2560K, 0% used [0x00000000ecd80000,0x00000000ecd80000,0x00000000ed000000)
 ParOldGen       total 44032K, used 6649K [0x00000000c0000000, 0x00000000c2b00000, 0x00000000eab00000)
  object space 44032K, 15% used [0x00000000c0000000,0x00000000c067e690,0x00000000c2b00000)
 Metaspace       used 5995K, capacity 7024K, committed 7296K, reserved 1056768K
  class space    used 590K, capacity 616K, committed 640K, reserved 1048576K
}
Event: 8.850 GC heap before
{Heap before GC invocations=4 (full 0):
 PSYoungGen      total 18944K, used 18928K [0x00000000eab00000, 0x00000000ed000000, 0x0000000100000000)
  eden space 16384K, 100% used [0x00000000eab00000,0x00000000ebb00000,0x00000000ebb00000)
  from space 2560K, 99% used [0x00000000ebb00000,0x00000000ebd7c020,0x00000000ebd80000)
  to   space 2560K, 0% used [0x00000000ecd80000,0x00000000ecd80000,0x00000000ed000000)
 ParOldGen       total 44032K, used 6649K [0x00000000c0000000, 0x00000000c2b00000, 0x00000000eab00000)
  object space 44032K, 15% used [0x00000000c0000000,0x00000000c067e690,0x00000000c2b00000)
 Metaspace       used 6108K, capacity 7088K, committed 7296K, reserved 1056768K
  class space    used 590K, capacity 616K, committed 640K, reserved 1048576K
Event: 8.959 GC heap after
Heap after GC invocations=4 (full 0):
 PSYoungGen      total 35328K, used 2560K [0x00000000eab00000, 0x00000000ed000000, 0x0000000100000000)
  eden space 32768K, 0% used [0x00000000eab00000,0x00000000eab00000,0x00000000ecb00000)
  from space 2560K, 100% used [0x00000000ecd80000,0x00000000ed000000,0x00000000ed000000)
  to   space 2560K, 0% used [0x00000000ecb00000,0x00000000ecb00000,0x00000000ecd80000)
 ParOldGen       total 44032K, used 9478K [0x00000000c0000000, 0x00000000c2b00000, 0x00000000eab00000)
  object space 44032K, 21% used [0x00000000c0000000,0x00000000c09418d0,0x00000000c2b00000)
 Metaspace       used 6108K, capacity 7088K, committed 7296K, reserved 1056768K
  class space    used 590K, capacity 616K, committed 640K, reserved 1048576K
}
Event: 9.983 GC heap before
{Heap before GC invocations=5 (full 0):
 PSYoungGen      total 35328K, used 35328K [0x00000000eab00000, 0x00000000ed000000, 0x0000000100000000)
  eden space 32768K, 100% used [0x00000000eab00000,0x00000000ecb00000,0x00000000ecb00000)
  from space 2560K, 100% used [0x00000000ecd80000,0x00000000ed000000,0x00000000ed000000)
  to   space 2560K, 0% used [0x00000000ecb00000,0x00000000ecb00000,0x00000000ecd80000)
 ParOldGen       total 44032K, used 9478K [0x00000000c0000000, 0x00000000c2b00000, 0x00000000eab00000)
  object space 44032K, 21% used [0x00000000c0000000,0x00000000c09418d0,0x00000000c2b00000)
 Metaspace       used 6153K, capacity 7088K, committed 7296K, reserved 1056768K
  class space    used 590K, capacity 616K, committed 640K, reserved 1048576K
Event: 10.085 GC heap after
Heap after GC invocations=5 (full 0):
 PSYoungGen      total 35328K, used 2560K [0x00000000eab00000, 0x00000000efb00000, 0x0000000100000000)
  eden space 32768K, 0% used [0x00000000eab00000,0x00000000eab00000,0x00000000ecb00000)
  from space 2560K, 100% used [0x00000000ecb00000,0x00000000ecd80000,0x00000000ecd80000)
  to   space 8192K, 0% used [0x00000000ef300000,0x00000000ef300000,0x00000000efb00000)
 ParOldGen       total 44032K, used 15008K [0x00000000c0000000, 0x00000000c2b00000, 0x00000000eab00000)
  object space 44032K, 34% used [0x00000000c0000000,0x00000000c0ea8148,0x00000000c2b00000)
 Metaspace       used 6153K, capacity 7088K, committed 7296K, reserved 1056768K
  class space    used 590K, capacity 616K, committed 640K, reserved 1048576K
}

Deoptimization events (10 events):
Event: 7.907 Thread 0x000000001668c800 Uncommon trap: reason=unstable_if action=reinterpret pc=0x00000000028a4cbc method=com.android.dx.util.IntList.binarysearch(I)I @ 105
Event: 7.919 Thread 0x000000001669f800 Uncommon trap: reason=bimorphic action=maybe_recompile pc=0x00000000026ad3ec method=java.util.HashMap.getNode(ILjava/lang/Object;)Ljava/util/HashMap$Node; @ 126
Event: 7.919 Thread 0x000000001669f800 Uncommon trap: reason=bimorphic action=maybe_recompile pc=0x00000000026d1a44 method=java.util.HashMap.getNode(ILjava/lang/Object;)Ljava/util/HashMap$Node; @ 126
Event: 7.937 Thread 0x000000001669c800 Uncommon trap: reason=null_check action=make_not_entrant pc=0x000000000273e260 method=com.android.dx.rop.type.Type.equals(Ljava/lang/Object;)Z @ 8
Event: 9.363 Thread 0x00000000166a0800 Uncommon trap: reason=bimorphic action=maybe_recompile pc=0x0000000002a5ab8c method=com.android.dx.ssa.LiteralOpUpgrader.tryReplacingWithConstant(Lcom/android/dx/ssa/NormalSsaInsn;)Z @ 62
Event: 9.364 Thread 0x00000000166a0800 Uncommon trap: reason=unstable_if action=reinterpret pc=0x0000000002b5714c method=com.android.dx.dex.code.RopToDop.dopFor(Lcom/android/dx/rop/code/Insn;)Lcom/android/dx/dex/code/Dop; @ 747
Event: 9.587 Thread 0x00000000022cd800 Uncommon trap: reason=unstable_if action=reinterpret pc=0x0000000002662b8c method=java.lang.String.<init>([CII)V @ 18
Event: 9.785 Thread 0x00000000022cd800 Uncommon trap: reason=unstable_if action=reinterpret pc=0x00000000025f2c9c method=java.lang.String.<init>([CII)V @ 18
Event: 9.805 Thread 0x00000000022cd800 Uncommon trap: reason=unstable_if action=reinterpret pc=0x0000000002b66b5c method=com.android.dx.cf.code.Ropper.isSynchronized()Z @ 12
Event: 9.825 Thread 0x00000000022cd800 Uncommon trap: reason=bimorphic action=maybe_recompile pc=0x0000000002a5ab8c method=com.android.dx.ssa.LiteralOpUpgrader.tryReplacingWithConstant(Lcom/android/dx/ssa/NormalSsaInsn;)Z @ 62

Internal exceptions (3 events):
Event: 0.055 Thread 0x00000000022cd800 Exception <a 'java/lang/NoSuchMethodError': Method sun.misc.Unsafe.defineClass(Ljava/lang/String;[BII)Ljava/lang/Class; name or signature does not match> (0x00000000eab0d480) thrown at [C:\re\workspace\8-2-build-windows-amd64-cygwin\jdk8u60\4407\hotspot\srÇÍ~x¬?
Event: 0.055 Thread 0x00000000022cd800 Exception <a 'java/lang/NoSuchMethodError': Method sun.misc.Unsafe.prefetchRead(Ljava/lang/Object;J)V name or signature does not match> (0x00000000eab0d768) thrown at [C:\re\workspace\8-2-build-windows-amd64-cygwin\jdk8u60\4407\hotspot\src\share\vm\prims\jMý¼Há¿@
Event: 7.937 Thread 0x000000001669c800 Implicit null exception at 0x000000000273e162 to 0x000000000273e252

Events (10 events):
Event: 9.785 Thread 0x00000000022cd800 DEOPT PACKING pc=0x00000000025f2c9c sp=0x000000000224e900
Event: 9.785 Thread 0x00000000022cd800 DEOPT UNPACKING pc=0x000000000246582a sp=0x000000000224e8c8 mode 2
Event: 9.805 Thread 0x00000000022cd800 Uncommon trap: trap_request=0xffffff65 fr.pc=0x0000000002b66b5c
Event: 9.805 Thread 0x00000000022cd800 DEOPT PACKING pc=0x0000000002b66b5c sp=0x000000000224e5a0
Event: 9.805 Thread 0x00000000022cd800 DEOPT UNPACKING pc=0x000000000246582a sp=0x000000000224e518 mode 2
Event: 9.825 Thread 0x00000000022cd800 Uncommon trap: trap_request=0xffffffc6 fr.pc=0x0000000002a5ab8c
Event: 9.825 Thread 0x00000000022cd800 DEOPT PACKING pc=0x0000000002a5ab8c sp=0x000000000224e480
Event: 9.825 Thread 0x00000000022cd800 DEOPT UNPACKING pc=0x000000000246582a sp=0x000000000224e368 mode 2
Event: 9.983 Executing VM operation: ParallelGCFailedAllocation
Event: 10.085 Executing VM operation: ParallelGCFailedAllocation done


Dynamic libraries:
0x00007ff7f22e0000 - 0x00007ff7f2317000 	C:\Program Files\Java\jdk1.8.0_60\bin\java.exe
0x00007ffe033e0000 - 0x00007ffe035a1000 	C:\WINDOWS\SYSTEM32\ntdll.dll
0x00007ffe019a0000 - 0x00007ffe01a4d000 	C:\WINDOWS\system32\KERNEL32.DLL
0x00007ffdfff00000 - 0x00007ffe000dd000 	C:\WINDOWS\system32\KERNELBASE.dll
0x00007ffe01a50000 - 0x00007ffe01af6000 	C:\WINDOWS\system32\ADVAPI32.dll
0x00007ffe01880000 - 0x00007ffe0191d000 	C:\WINDOWS\system32\msvcrt.dll
0x00007ffe014a0000 - 0x00007ffe014fb000 	C:\WINDOWS\system32\sechost.dll
0x00007ffe03160000 - 0x00007ffe03286000 	C:\WINDOWS\system32\RPCRT4.dll
0x00007ffe03290000 - 0x00007ffe033de000 	C:\WINDOWS\system32\USER32.dll
0x00007ffe01310000 - 0x00007ffe01496000 	C:\WINDOWS\system32\GDI32.dll
0x00007ffdfa000000 - 0x00007ffdfa274000 	C:\WINDOWS\WinSxS\amd64_microsoft.windows.common-controls_6595b64144ccf1df_6.0.10240.16384_none_f41f7b285750ef43\COMCTL32.dll
0x00007ffe00ad0000 - 0x00007ffe00b06000 	C:\WINDOWS\system32\IMM32.DLL
0x00007ffe011b0000 - 0x00007ffe0130c000 	C:\WINDOWS\system32\MSCTF.dll
0x00000000701f0000 - 0x00000000702c2000 	C:\Program Files\Java\jdk1.8.0_60\jre\bin\msvcr100.dll
0x0000000070670000 - 0x0000000070ef9000 	C:\Program Files\Java\jdk1.8.0_60\jre\bin\server\jvm.dll
0x00007ffe016d0000 - 0x00007ffe016d8000 	C:\WINDOWS\system32\PSAPI.DLL
0x00007ffdf9b00000 - 0x00007ffdf9b09000 	C:\WINDOWS\SYSTEM32\WSOCK32.dll
0x00007ffe00c60000 - 0x00007ffe00cc9000 	C:\WINDOWS\system32\WS2_32.dll
0x00007ffe00ab0000 - 0x00007ffe00ab8000 	C:\WINDOWS\system32\NSI.dll
0x00007ffdfe0a0000 - 0x00007ffdfe0c3000 	C:\WINDOWS\SYSTEM32\WINMM.dll
0x00007ffdfce00000 - 0x00007ffdfce0a000 	C:\WINDOWS\SYSTEM32\VERSION.dll
0x00007ffdfbbe0000 - 0x00007ffdfbc0c000 	C:\WINDOWS\SYSTEM32\WINMMBASE.dll
0x00007ffdffeb0000 - 0x00007ffdffef4000 	C:\WINDOWS\system32\cfgmgr32.dll
0x00007ffdfe780000 - 0x00007ffdfe7a7000 	C:\WINDOWS\SYSTEM32\DEVOBJ.dll
0x0000000070660000 - 0x000000007066f000 	C:\Program Files\Java\jdk1.8.0_60\jre\bin\verify.dll
0x0000000070630000 - 0x0000000070659000 	C:\Program Files\Java\jdk1.8.0_60\jre\bin\java.dll
0x0000000070610000 - 0x0000000070626000 	C:\Program Files\Java\jdk1.8.0_60\jre\bin\zip.dll
0x00007ffe01b70000 - 0x00007ffe03092000 	C:\WINDOWS\system32\SHELL32.dll
0x00007ffe000e0000 - 0x00007ffe00708000 	C:\WINDOWS\system32\windows.storage.dll
0x00007ffe00e80000 - 0x00007ffe010fc000 	C:\WINDOWS\system32\combase.dll
0x00007ffe016e0000 - 0x00007ffe01731000 	C:\WINDOWS\system32\shlwapi.dll
0x00007ffdffe10000 - 0x00007ffdffe1f000 	C:\WINDOWS\system32\kernel.appcore.dll
0x00007ffe009f0000 - 0x00007ffe00aa3000 	C:\WINDOWS\system32\shcore.dll
0x00007ffdffe60000 - 0x00007ffdffeaa000 	C:\WINDOWS\system32\powrprof.dll
0x00007ffdffe20000 - 0x00007ffdffe33000 	C:\WINDOWS\system32\profapi.dll

VM Arguments:
jvm_args: -Djava.awt.headless=true -Xmx1024M -Dfile.encoding=windows-1252 -Duser.country=US -Duser.language=en -Duser.variant 
java_command: com.android.dx.command.Main --dex --num-threads=4 --output C:\Users\Murlli Maraati\Desktop\FMR\steller16-12-2015-6pm\StellarFMR\app\build\intermediates\pre-dexed\debug\com.google.android.gms-play-services-location-8.3.0_1776df31d4d905e7ced55e78e1a780768d697988.jar C:\Users\Murlli Maraati\Desktop\FMR\steller16-12-2015-6pm\StellarFMR\app\build\intermediates\exploded-aar\com.google.android.gms\play-services-location\8.3.0\jars\classes.jar
java_class_path (initial): D:\Azahar\sdk\build-tools\23.0.1\lib\dx.jar
Launcher Type: SUN_STANDARD

Environment Variables:
PATH=C:\ProgramData\Oracle\Java\javapath;C:\WINDOWS\system32;C:\WINDOWS;C:\WINDOWS\System32\Wbem;C:\WINDOWS\System32\WindowsPowerShell\v1.0\;C:\Program Files (x86)\Skype\Phone\;C:\Program Files (x86)\Windows Kits\8.1\Windows Performance Toolkit\;C:\Program Files (x86)\Microsoft SDKs\TypeScript\1.0\;C:\Program Files\Microsoft SQL Server\110\Tools\Binn\
USERNAME=Murlli Maraati
OS=Windows_NT
PROCESSOR_IDENTIFIER=Intel64 Family 6 Model 42 Stepping 7, GenuineIntel



---------------  S Y S T E M  ---------------

OS: Windows 10.0 , 64 bit Build 10240 (10.0.10240.16384)

CPU:total 4 (2 cores per cpu, 2 threads per core) family 6 model 42 stepping 7, cmov, cx8, fxsr, mmx, sse, sse2, sse3, ssse3, sse4.1, sse4.2, popcnt, avx, aes, clmul, ht, tsc, tscinvbit

Memory: 4k page, physical 4175724k(222276k free), swap 16758636k(7520k free)

vm_info: Java HotSpot(TM) 64-Bit Server VM (25.60-b23) for windows-amd64 JRE (1.8.0_60-b27), built on Aug  4 2015 11:06:27 by "java_re" with MS VC++ 10.0 (VS2010)

time: Tue Jan 05 19:07:10 2016
elapsed time: 10 seconds (0d 0h 0m 10s)

