#
# There is insufficient memory for the Java Runtime Environment to continue.
# Native memory allocation (malloc) failed to allocate 1114656 bytes for Chunk::new
# Possible reasons:
#   The system is out of physical RAM or swap space
#   In 32 bit mode, the process size limit was hit
# Possible solutions:
#   Reduce memory load on the system
#   Increase physical memory or swap space
#   Check if swap backing store is full
#   Use 64 bit Java on a 64 bit OS
#   Decrease Java heap size (-Xmx/-Xms)
#   Decrease number of Java threads
#   Decrease Java thread stack sizes (-Xss)
#   Set larger code cache with -XX:ReservedCodeCacheSize=
# This output file may be truncated or incomplete.
#
#  Out of Memory Error (allocation.cpp:390), pid=8896, tid=13848
#
# JRE version: Java(TM) SE Runtime Environment (8.0_60-b27) (build 1.8.0_60-b27)
# Java VM: Java HotSpot(TM) 64-Bit Server VM (25.60-b23 mixed mode windows-amd64 compressed oops)
# Failed to write core dump. Minidumps are not enabled by default on client versions of Windows
#

---------------  T H R E A D  ---------------

Current thread (0x000000001509c000):  JavaThread "C2 CompilerThread0" daemon [_thread_in_native, id=13848, stack(0x0000000016700000,0x0000000016800000)]

Stack: [0x0000000016700000,0x0000000016800000]
[error occurred during error reporting (printing stack bounds), id 0xc0000005]

Native frames: (J=compiled Java code, j=interpreted, Vv=VM code, C=native code)


Current CompileTask:
C2:   8993 1384       4       com.android.dx.ssa.SsaRenamer$BlockRenamer::process (191 bytes)


---------------  P R O C E S S  ---------------

Java Threads: ( => current thread )
  0x0000000016d30000 JavaThread "pool-1-thread-4" [_thread_blocked, id=12084, stack(0x0000000017400000,0x0000000017500000)]
  0x0000000016d25800 JavaThread "pool-1-thread-3" [_thread_blocked_trans, id=3452, stack(0x0000000017300000,0x0000000017400000)]
  0x0000000016d2b800 JavaThread "pool-1-thread-2" [_thread_blocked, id=15016, stack(0x0000000017200000,0x0000000017300000)]
  0x0000000016d27000 JavaThread "pool-2-thread-1" [_thread_blocked, id=3624, stack(0x0000000017100000,0x0000000017200000)]
  0x0000000016cbb000 JavaThread "pool-1-thread-1" [_thread_blocked, id=8416, stack(0x0000000017000000,0x0000000017100000)]
  0x00000000150f7000 JavaThread "Service Thread" daemon [_thread_blocked, id=14860, stack(0x0000000016e00000,0x0000000016f00000)]
  0x00000000150a3000 JavaThread "C1 CompilerThread2" daemon [_thread_blocked, id=5332, stack(0x0000000016900000,0x0000000016a00000)]
  0x00000000150a0000 JavaThread "C2 CompilerThread1" daemon [_thread_in_native, id=13340, stack(0x0000000016800000,0x0000000016900000)]
=>0x000000001509c000 JavaThread "C2 CompilerThread0" daemon [_thread_in_native, id=13848, stack(0x0000000016700000,0x0000000016800000)]
  0x000000001509a800 JavaThread "Attach Listener" daemon [_thread_blocked, id=14156, stack(0x0000000016600000,0x0000000016700000)]
  0x0000000015099000 JavaThread "Signal Dispatcher" daemon [_thread_blocked, id=6260, stack(0x0000000016500000,0x0000000016600000)]
  0x00000000029c6800 JavaThread "Finalizer" daemon [_thread_blocked, id=9400, stack(0x0000000016320000,0x0000000016420000)]
  0x0000000015068800 JavaThread "Reference Handler" daemon [_thread_blocked, id=14308, stack(0x0000000016220000,0x0000000016320000)]
  0x00000000028cd800 JavaThread "main" [_thread_blocked, id=11256, stack(0x0000000002710000,0x0000000002810000)]

Other Threads:
  0x0000000015066800 VMThread [stack: 0x0000000016120000,0x0000000016220000] [id=15852]
  0x00000000150bb000 WatcherThread [stack: 0x0000000016f00000,0x0000000017000000] [id=8312]

VM state:not at safepoint (normal execution)

VM Mutex/Monitor currently owned by a thread: None

Heap:
 PSYoungGen      total 18944K, used 6074K [0x00000000eab00000, 0x00000000ed000000, 0x0000000100000000)
  eden space 16384K, 21% used [0x00000000eab00000,0x00000000eae72958,0x00000000ebb00000)
  from space 2560K, 99% used [0x00000000ebb00000,0x00000000ebd7c038,0x00000000ebd80000)
  to   space 2560K, 0% used [0x00000000ecd80000,0x00000000ecd80000,0x00000000ed000000)
 ParOldGen       total 44032K, used 6508K [0x00000000c0000000, 0x00000000c2b00000, 0x00000000eab00000)
  object space 44032K, 14% used [0x00000000c0000000,0x00000000c065b288,0x00000000c2b00000)
 Metaspace       used 6041K, capacity 7024K, committed 7296K, reserved 1056768K
  class space    used 595K, capacity 616K, committed 640K, reserved 1048576K

Card table byte_map: [0x0000000011d90000,0x0000000011fa0000] byte_map_base: 0x0000000011790000

Marking Bits: (ParMarkBitMap*) 0x0000000070e7a5b0
 Begin Bits: [0x0000000012500000, 0x0000000013500000)
 End Bits:   [0x0000000013500000, 0x0000000014500000)

Polling page: 0x0000000000ad0000

CodeCache: size=245760Kb used=5904Kb max_used=5917Kb free=239855Kb
 bounds [0x00000000029d0000, 0x0000000002fa0000, 0x00000000119d0000]
 total_blobs=1729 nmethods=1460 adapters=182
 compilation: enabled

Compilation events (10 events):
Event: 8.950 Thread 0x00000000150a0000 1467   !   4       com.android.dx.rop.code.BasicBlock::<init> (273 bytes)
Event: 8.950 Thread 0x00000000150a3000 nmethod 1470 0x0000000002f92d10 code [0x0000000002f92ea0, 0x0000000002f93298]
Event: 8.951 Thread 0x00000000150a3000 1471       3       java.util.concurrent.locks.AbstractQueuedSynchronizer$ConditionObject::signal (33 bytes)
Event: 8.951 Thread 0x00000000150a3000 nmethod 1471 0x0000000002f926d0 code [0x0000000002f92860, 0x0000000002f92bc8]
Event: 8.951 Thread 0x00000000150a3000 1472       3       java.util.concurrent.locks.ReentrantLock$Sync::isHeldExclusively (16 bytes)
Event: 8.951 Thread 0x00000000150a3000 nmethod 1472 0x0000000002f92290 code [0x0000000002f92400, 0x0000000002f92670]
Event: 8.962 Thread 0x00000000150a0000 nmethod 1467 0x0000000002f999d0 code [0x0000000002f99b40, 0x0000000002f9a198]
Event: 8.962 Thread 0x00000000150a0000 1433       4       com.android.dx.rop.cst.CstBaseMethodRef::compareTo0 (29 bytes)
Event: 8.974 Thread 0x00000000150a0000 nmethod 1433 0x0000000002f98610 code [0x0000000002f987a0, 0x0000000002f98f38]
Event: 8.974 Thread 0x00000000150a0000 1390       4       com.android.dx.ssa.SCCP::simulateStmt (481 bytes)

GC Heap History (6 events):
Event: 7.199 GC heap before
{Heap before GC invocations=1 (full 0):
 PSYoungGen      total 18944K, used 16384K [0x00000000eab00000, 0x00000000ec000000, 0x0000000100000000)
  eden space 16384K, 100% used [0x00000000eab00000,0x00000000ebb00000,0x00000000ebb00000)
  from space 2560K, 0% used [0x00000000ebd80000,0x00000000ebd80000,0x00000000ec000000)
  to   space 2560K, 0% used [0x00000000ebb00000,0x00000000ebb00000,0x00000000ebd80000)
 ParOldGen       total 44032K, used 0K [0x00000000c0000000, 0x00000000c2b00000, 0x00000000eab00000)
  object space 44032K, 0% used [0x00000000c0000000,0x00000000c0000000,0x00000000c2b00000)
 Metaspace       used 5673K, capacity 6768K, committed 7040K, reserved 1056768K
  class space    used 586K, capacity 616K, committed 640K, reserved 1048576K
Event: 7.209 GC heap after
Heap after GC invocations=1 (full 0):
 PSYoungGen      total 18944K, used 2551K [0x00000000eab00000, 0x00000000ec000000, 0x0000000100000000)
  eden space 16384K, 0% used [0x00000000eab00000,0x00000000eab00000,0x00000000ebb00000)
  from space 2560K, 99% used [0x00000000ebb00000,0x00000000ebd7dc78,0x00000000ebd80000)
  to   space 2560K, 0% used [0x00000000ebd80000,0x00000000ebd80000,0x00000000ec000000)
 ParOldGen       total 44032K, used 1777K [0x00000000c0000000, 0x00000000c2b00000, 0x00000000eab00000)
  object space 44032K, 4% used [0x00000000c0000000,0x00000000c01bc5e8,0x00000000c2b00000)
 Metaspace       used 5673K, capacity 6768K, committed 7040K, reserved 1056768K
  class space    used 586K, capacity 616K, committed 640K, reserved 1048576K
}
Event: 7.869 GC heap before
{Heap before GC invocations=2 (full 0):
 PSYoungGen      total 18944K, used 18935K [0x00000000eab00000, 0x00000000ec000000, 0x0000000100000000)
  eden space 16384K, 100% used [0x00000000eab00000,0x00000000ebb00000,0x00000000ebb00000)
  from space 2560K, 99% used [0x00000000ebb00000,0x00000000ebd7dc78,0x00000000ebd80000)
  to   space 2560K, 0% used [0x00000000ebd80000,0x00000000ebd80000,0x00000000ec000000)
 ParOldGen       total 44032K, used 1777K [0x00000000c0000000, 0x00000000c2b00000, 0x00000000eab00000)
  object space 44032K, 4% used [0x00000000c0000000,0x00000000c01bc5e8,0x00000000c2b00000)
 Metaspace       used 5925K, capacity 6960K, committed 7040K, reserved 1056768K
  class space    used 591K, capacity 616K, committed 640K, reserved 1048576K
Event: 7.882 GC heap after
Heap after GC invocations=2 (full 0):
 PSYoungGen      total 18944K, used 2528K [0x00000000eab00000, 0x00000000ec000000, 0x0000000100000000)
  eden space 16384K, 0% used [0x00000000eab00000,0x00000000eab00000,0x00000000ebb00000)
  from space 2560K, 98% used [0x00000000ebd80000,0x00000000ebff8018,0x00000000ec000000)
  to   space 2560K, 0% used [0x00000000ebb00000,0x00000000ebb00000,0x00000000ebd80000)
 ParOldGen       total 44032K, used 4250K [0x00000000c0000000, 0x00000000c2b00000, 0x00000000eab00000)
  object space 44032K, 9% used [0x00000000c0000000,0x00000000c0426890,0x00000000c2b00000)
 Metaspace       used 5925K, capacity 6960K, committed 7040K, reserved 1056768K
  class space    used 591K, capacity 616K, committed 640K, reserved 1048576K
}
Event: 8.725 GC heap before
{Heap before GC invocations=3 (full 0):
 PSYoungGen      total 18944K, used 18912K [0x00000000eab00000, 0x00000000ec000000, 0x0000000100000000)
  eden space 16384K, 100% used [0x00000000eab00000,0x00000000ebb00000,0x00000000ebb00000)
  from space 2560K, 98% used [0x00000000ebd80000,0x00000000ebff8018,0x00000000ec000000)
  to   space 2560K, 0% used [0x00000000ebb00000,0x00000000ebb00000,0x00000000ebd80000)
 ParOldGen       total 44032K, used 4250K [0x00000000c0000000, 0x00000000c2b00000, 0x00000000eab00000)
  object space 44032K, 9% used [0x00000000c0000000,0x00000000c0426890,0x00000000c2b00000)
 Metaspace       used 6037K, capacity 7024K, committed 7296K, reserved 1056768K
  class space    used 595K, capacity 616K, committed 640K, reserved 1048576K
Event: 8.900 GC heap after
Heap after GC invocations=3 (full 0):
 PSYoungGen      total 18944K, used 2544K [0x00000000eab00000, 0x00000000ed000000, 0x0000000100000000)
  eden space 16384K, 0% used [0x00000000eab00000,0x00000000eab00000,0x00000000ebb00000)
  from space 2560K, 99% used [0x00000000ebb00000,0x00000000ebd7c038,0x00000000ebd80000)
  to   space 2560K, 0% used [0x00000000ecd80000,0x00000000ecd80000,0x00000000ed000000)
 ParOldGen       total 44032K, used 6508K [0x00000000c0000000, 0x00000000c2b00000, 0x00000000eab00000)
  object space 44032K, 14% used [0x00000000c0000000,0x00000000c065b288,0x00000000c2b00000)
 Metaspace       used 6037K, capacity 7024K, committed 7296K, reserved 1056768K
  class space    used 595K, capacity 616K, committed 640K, reserved 1048576K
}

Deoptimization events (10 events):
Event: 7.326 Thread 0x0000000016cbb000 Uncommon trap: reason=unstable_if action=reinterpret pc=0x0000000002c13134 method=java.util.BitSet.ensureCapacity(I)V @ 6
Event: 7.329 Thread 0x0000000016cbb000 Uncommon trap: reason=unstable_if action=reinterpret pc=0x0000000002cdca9c method=com.android.dx.rop.cst.Constant.compareTo(Lcom/android/dx/rop/cst/Constant;)I @ 12
Event: 7.374 Thread 0x0000000016d25800 Uncommon trap: reason=unstable_if action=reinterpret pc=0x0000000002cf4d90 method=com.android.dx.rop.code.RegisterSpec.equals(ILcom/android/dx/rop/type/TypeBearer;Lcom/android/dx/rop/code/LocalItem;)Z @ 42
Event: 7.728 Thread 0x0000000016d25800 Uncommon trap: reason=bimorphic action=maybe_recompile pc=0x0000000002e6b380 method=java.util.HashMap.putVal(ILjava/lang/Object;Ljava/lang/Object;ZZ)Ljava/lang/Object; @ 91
Event: 7.728 Thread 0x0000000016d25800 Uncommon trap: reason=bimorphic action=maybe_recompile pc=0x0000000002e6b380 method=java.util.HashMap.putVal(ILjava/lang/Object;Ljava/lang/Object;ZZ)Ljava/lang/Object; @ 91
Event: 7.728 Thread 0x0000000016d25800 Uncommon trap: reason=bimorphic action=maybe_recompile pc=0x0000000002e6b380 method=java.util.HashMap.putVal(ILjava/lang/Object;Ljava/lang/Object;ZZ)Ljava/lang/Object; @ 91
Event: 7.728 Thread 0x0000000016d25800 Uncommon trap: reason=bimorphic action=maybe_recompile pc=0x0000000002e6b380 method=java.util.HashMap.putVal(ILjava/lang/Object;Ljava/lang/Object;ZZ)Ljava/lang/Object; @ 91
Event: 7.908 Thread 0x0000000016d2b800 Uncommon trap: reason=unstable_if action=reinterpret pc=0x0000000002e1b97c method=com.android.dx.util.IntList.binarysearch(I)I @ 105
Event: 7.943 Thread 0x0000000016cbb000 Uncommon trap: reason=bimorphic action=maybe_recompile pc=0x0000000002ca8478 method=java.util.HashMap.getNode(ILjava/lang/Object;)Ljava/util/HashMap$Node; @ 126
Event: 8.912 Thread 0x0000000016cbb000 Uncommon trap: reason=unstable_if action=reinterpret pc=0x0000000002f79410 method=com.android.dx.rop.code.RegisterSpecSet.localItemToSpec(Lcom/android/dx/rop/code/LocalItem;)Lcom/android/dx/rop/code/RegisterSpec; @ 35

Internal exceptions (2 events):
Event: 0.465 Thread 0x00000000028cd800 Exception <a 'java/lang/NoSuchMethodError': Method sun.misc.Unsafe.defineClass(Ljava/lang/String;[BII)Ljava/lang/Class; name or signature does not match> (0x00000000eab0d220) thrown at [C:\re\workspace\8-2-build-windows-amd64-cygwin\jdk8u60\4407\hotspot\sr«ÖK‡VÈÝ?
Event: 0.465 Thread 0x00000000028cd800 Exception <a 'java/lang/NoSuchMethodError': Method sun.misc.Unsafe.prefetchRead(Ljava/lang/Object;J)V name or signature does not match> (0x00000000eab0d508) thrown at [C:\re\workspace\8-2-build-windows-amd64-cygwin\jdk8u60\4407\hotspot\src\share\vm\prims\j

Events (10 events):
Event: 7.943 Thread 0x0000000016cbb000 DEOPT UNPACKING pc=0x0000000002a1582a sp=0x00000000170fe450 mode 2
Event: 7.980 loading class com/android/dx/cf/code/SwitchList
Event: 7.980 loading class com/android/dx/cf/code/SwitchList done
Event: 8.717 loading class com/android/dx/cf/attrib/AttRuntimeVisibleAnnotations
Event: 8.717 loading class com/android/dx/cf/attrib/AttRuntimeVisibleAnnotations done
Event: 8.725 Executing VM operation: ParallelGCFailedAllocation
Event: 8.900 Executing VM operation: ParallelGCFailedAllocation done
Event: 8.912 Thread 0x0000000016cbb000 Uncommon trap: trap_request=0xffffff65 fr.pc=0x0000000002f79410
Event: 8.912 Thread 0x0000000016cbb000 DEOPT PACKING pc=0x0000000002f79410 sp=0x00000000170fe600
Event: 8.912 Thread 0x0000000016cbb000 DEOPT UNPACKING pc=0x0000000002a1582a sp=0x00000000170fe558 mode 2


Dynamic libraries:
0x00007ff705cc0000 - 0x00007ff705cf7000 	C:\Program Files\Java\jdk1.8.0_60\bin\java.exe
0x00007ffe033e0000 - 0x00007ffe035a1000 	C:\WINDOWS\SYSTEM32\ntdll.dll
0x00007ffe019a0000 - 0x00007ffe01a4d000 	C:\WINDOWS\system32\KERNEL32.DLL
0x00007ffdfff00000 - 0x00007ffe000dd000 	C:\WINDOWS\system32\KERNELBASE.dll
0x00007ffe01a50000 - 0x00007ffe01af6000 	C:\WINDOWS\system32\ADVAPI32.dll
0x00007ffe01880000 - 0x00007ffe0191d000 	C:\WINDOWS\system32\msvcrt.dll
0x00007ffe014a0000 - 0x00007ffe014fb000 	C:\WINDOWS\system32\sechost.dll
0x00007ffe03160000 - 0x00007ffe03286000 	C:\WINDOWS\system32\RPCRT4.dll
0x00007ffe03290000 - 0x00007ffe033de000 	C:\WINDOWS\system32\USER32.dll
0x00007ffe01310000 - 0x00007ffe01496000 	C:\WINDOWS\system32\GDI32.dll
0x00007ffdfa000000 - 0x00007ffdfa274000 	C:\WINDOWS\WinSxS\amd64_microsoft.windows.common-controls_6595b64144ccf1df_6.0.10240.16384_none_f41f7b285750ef43\COMCTL32.dll
0x00007ffe00ad0000 - 0x00007ffe00b06000 	C:\WINDOWS\system32\IMM32.DLL
0x00007ffe011b0000 - 0x00007ffe0130c000 	C:\WINDOWS\system32\MSCTF.dll
0x00000000701f0000 - 0x00000000702c2000 	C:\Program Files\Java\jdk1.8.0_60\jre\bin\msvcr100.dll
0x0000000070670000 - 0x0000000070ef9000 	C:\Program Files\Java\jdk1.8.0_60\jre\bin\server\jvm.dll
0x00007ffe016d0000 - 0x00007ffe016d8000 	C:\WINDOWS\system32\PSAPI.DLL
0x00007ffdfab40000 - 0x00007ffdfab49000 	C:\WINDOWS\SYSTEM32\WSOCK32.dll
0x00007ffe00c60000 - 0x00007ffe00cc9000 	C:\WINDOWS\system32\WS2_32.dll
0x00007ffe00ab0000 - 0x00007ffe00ab8000 	C:\WINDOWS\system32\NSI.dll
0x00007ffdfe0a0000 - 0x00007ffdfe0c3000 	C:\WINDOWS\SYSTEM32\WINMM.dll
0x00007ffdfce00000 - 0x00007ffdfce0a000 	C:\WINDOWS\SYSTEM32\VERSION.dll
0x00007ffdfbbe0000 - 0x00007ffdfbc0c000 	C:\WINDOWS\SYSTEM32\WINMMBASE.dll
0x00007ffdffeb0000 - 0x00007ffdffef4000 	C:\WINDOWS\system32\cfgmgr32.dll
0x00007ffdfe780000 - 0x00007ffdfe7a7000 	C:\WINDOWS\SYSTEM32\DEVOBJ.dll
0x0000000070660000 - 0x000000007066f000 	C:\Program Files\Java\jdk1.8.0_60\jre\bin\verify.dll
0x0000000070630000 - 0x0000000070659000 	C:\Program Files\Java\jdk1.8.0_60\jre\bin\java.dll
0x0000000070610000 - 0x0000000070626000 	C:\Program Files\Java\jdk1.8.0_60\jre\bin\zip.dll
0x00007ffe01b70000 - 0x00007ffe03092000 	C:\WINDOWS\system32\SHELL32.dll
0x00007ffe000e0000 - 0x00007ffe00708000 	C:\WINDOWS\system32\windows.storage.dll
0x00007ffe00e80000 - 0x00007ffe010fc000 	C:\WINDOWS\system32\combase.dll
0x00007ffe016e0000 - 0x00007ffe01731000 	C:\WINDOWS\system32\shlwapi.dll
0x00007ffdffe10000 - 0x00007ffdffe1f000 	C:\WINDOWS\system32\kernel.appcore.dll
0x00007ffe009f0000 - 0x00007ffe00aa3000 	C:\WINDOWS\system32\shcore.dll
0x00007ffdffe60000 - 0x00007ffdffeaa000 	C:\WINDOWS\system32\powrprof.dll
0x00007ffdffe20000 - 0x00007ffdffe33000 	C:\WINDOWS\system32\profapi.dll

VM Arguments:
jvm_args: -Djava.awt.headless=true -Xmx1024M -Dfile.encoding=windows-1252 -Duser.country=US -Duser.language=en -Duser.variant 
java_command: com.android.dx.command.Main --dex --num-threads=4 --output C:\Users\Murlli Maraati\Desktop\FMR\steller16-12-2015-6pm\StellarFMR\app\build\intermediates\pre-dexed\debug\com.android.support-support-v4-23.1.1_2e82a0cfb6ef87bc2da71d6f4690254db57eb1ae.jar C:\Users\Murlli Maraati\Desktop\FMR\steller16-12-2015-6pm\StellarFMR\app\build\intermediates\exploded-aar\com.android.support\support-v4\23.1.1\jars\classes.jar
java_class_path (initial): D:\Azahar\sdk\build-tools\23.0.1\lib\dx.jar
Launcher Type: SUN_STANDARD

Environment Variables:
PATH=C:\ProgramData\Oracle\Java\javapath;C:\WINDOWS\system32;C:\WINDOWS;C:\WINDOWS\System32\Wbem;C:\WINDOWS\System32\WindowsPowerShell\v1.0\;C:\Program Files (x86)\Skype\Phone\;C:\Program Files (x86)\Windows Kits\8.1\Windows Performance Toolkit\;C:\Program Files (x86)\Microsoft SDKs\TypeScript\1.0\;C:\Program Files\Microsoft SQL Server\110\Tools\Binn\
USERNAME=Murlli Maraati
OS=Windows_NT
PROCESSOR_IDENTIFIER=Intel64 Family 6 Model 42 Stepping 7, GenuineIntel



---------------  S Y S T E M  ---------------

OS: Windows 10.0 , 64 bit Build 10240 (10.0.10240.16384)

CPU:total 4 (2 cores per cpu, 2 threads per core) family 6 model 42 stepping 7, cmov, cx8, fxsr, mmx, sse, sse2, sse3, ssse3, sse4.1, sse4.2, popcnt, avx, aes, clmul, ht, tsc, tscinvbit

Memory: 4k page, physical 4175724k(324340k free), swap 16758636k(7376k free)

vm_info: Java HotSpot(TM) 64-Bit Server VM (25.60-b23) for windows-amd64 JRE (1.8.0_60-b27), built on Aug  4 2015 11:06:27 by "java_re" with MS VC++ 10.0 (VS2010)

time: Tue Jan 05 01:39:34 2016
elapsed time: 8 seconds (0d 0h 0m 8s)

